2024-01-28 09:19:46.414 [info] Log level: Info
2024-01-28 09:19:46.414 [info] Validating found git in: "git"
2024-01-28 09:19:46.414 [info] Using git "2.34.1" from "git"
2024-01-28 09:19:46.414 [info] > git rev-parse --show-toplevel [35ms]
2024-01-28 09:19:46.414 [info] > git rev-parse --git-dir --git-common-dir [2ms]
2024-01-28 09:19:46.414 [info] Open repository: /home/s6chinwe
2024-01-28 09:19:46.414 [info] > git config --get commit.template [7ms]
2024-01-28 09:19:46.414 [info] > git rev-parse --show-toplevel [4ms]
2024-01-28 09:19:46.414 [info] No remotes found in the git config file.
2024-01-28 09:19:46.414 [info] > git for-each-ref --format=%(refname)%00%(upstream:short)%00%(objectname)%00%(upstream:track)%00%(upstream:remotename)%00%(upstream:remoteref) refs/heads/s6chinwe refs/remotes/s6chinwe [2ms]
2024-01-28 09:19:46.414 [info] > git rev-parse --git-dir --git-common-dir [1ms]
2024-01-28 09:19:46.414 [info] Open repository: /home/s6chinwe/Espresso_/S6-PROJECTS
2024-01-28 09:19:46.414 [info] > git config --get commit.template [8ms]
2024-01-28 09:19:46.414 [info] > git rev-parse --show-toplevel [4ms]
2024-01-28 09:19:46.414 [info] > git for-each-ref --format=%(refname)%00%(upstream:short)%00%(objectname)%00%(upstream:track)%00%(upstream:remotename)%00%(upstream:remoteref) refs/heads/main refs/remotes/main [29ms]
2024-01-28 09:19:46.414 [info] > git rev-parse --show-toplevel [7ms]
2024-01-28 09:19:46.414 [info] > git rev-parse --show-toplevel [9ms]
2024-01-28 09:19:46.414 [info] > git status -z -uall [17ms]
2024-01-28 09:19:46.414 [info] > git rev-parse --show-toplevel [7ms]
2024-01-28 09:19:46.434 [info] > git rev-parse --show-toplevel [9ms]
2024-01-28 09:19:46.507 [info] > git config --get commit.template [75ms]
2024-01-28 09:19:46.699 [info] > git for-each-ref --format=%(refname)%00%(upstream:short)%00%(objectname)%00%(upstream:track)%00%(upstream:remotename)%00%(upstream:remoteref) refs/heads/main refs/remotes/main [193ms]
2024-01-28 09:19:46.723 [info] > git status -z -uall [12ms]
2024-01-28 09:19:48.428 [info] > git status -z -uall [2179ms]
2024-01-28 09:19:48.479 [info] No remotes found in the git config file.
2024-01-28 09:19:48.584 [info] > git config --get commit.template [114ms]
2024-01-28 09:19:48.714 [info] > git for-each-ref --format=%(refname)%00%(upstream:short)%00%(objectname)%00%(upstream:track)%00%(upstream:remotename)%00%(upstream:remoteref) refs/heads/s6chinwe refs/remotes/s6chinwe [236ms]
2024-01-28 09:19:50.529 [info] > git status -z -uall [1807ms]
2024-01-28 09:20:37.242 [info] > git fetch [20ms]
2024-01-28 09:20:37.253 [info] > git config --get commit.template [12ms]
2024-01-28 09:20:37.254 [info] > git config --get commit.template [3ms]
2024-01-28 09:20:37.260 [info] No remotes found in the git config file.
2024-01-28 09:20:37.266 [info] No remotes found in the git config file.
2024-01-28 09:20:37.267 [info] > git for-each-ref --format=%(refname)%00%(upstream:short)%00%(objectname)%00%(upstream:track)%00%(upstream:remotename)%00%(upstream:remoteref) refs/heads/s6chinwe refs/remotes/s6chinwe [8ms]
2024-01-28 09:20:37.269 [info] > git for-each-ref --format=%(refname)%00%(upstream:short)%00%(objectname)%00%(upstream:track)%00%(upstream:remotename)%00%(upstream:remoteref) refs/heads/s6chinwe refs/remotes/s6chinwe [3ms]
2024-01-28 09:20:37.377 [info] > git fetch [149ms]
2024-01-28 09:20:37.395 [info] > git config --get commit.template [8ms]
2024-01-28 09:20:37.396 [info] > git for-each-ref --format=%(refname)%00%(upstream:short)%00%(objectname)%00%(upstream:track)%00%(upstream:remotename)%00%(upstream:remoteref) refs/heads/main refs/remotes/main [3ms]
2024-01-28 09:20:37.410 [info] > git status -z -uall [7ms]
2024-01-28 09:20:38.321 [info] > git check-ignore -v -z --stdin [13ms]
2024-01-28 09:20:38.323 [info] > git check-ignore -v -z --stdin [4ms]
2024-01-28 09:20:38.640 [info] > git config --get commit.template [8ms]
2024-01-28 09:20:38.641 [info] > git for-each-ref --format=%(refname)%00%(upstream:short)%00%(objectname)%00%(upstream:track)%00%(upstream:remotename)%00%(upstream:remoteref) refs/heads/main refs/remotes/main [3ms]
2024-01-28 09:20:38.653 [info] > git status -z -uall [6ms]
2024-01-28 09:20:39.069 [info] > git status -z -uall [1794ms]
2024-01-28 09:20:42.278 [info] No remotes found in the git config file.
2024-01-28 09:20:42.285 [info] > git config --get commit.template [8ms]
2024-01-28 09:20:42.286 [info] > git for-each-ref --format=%(refname)%00%(upstream:short)%00%(objectname)%00%(upstream:track)%00%(upstream:remotename)%00%(upstream:remoteref) refs/heads/s6chinwe refs/remotes/s6chinwe [1ms]
2024-01-28 09:20:44.002 [info] > git status -z -uall [1710ms]
2024-01-28 09:20:49.027 [info] No remotes found in the git config file.
2024-01-28 09:20:49.034 [info] > git config --get commit.template [9ms]
2024-01-28 09:20:49.035 [info] > git for-each-ref --format=%(refname)%00%(upstream:short)%00%(objectname)%00%(upstream:track)%00%(upstream:remotename)%00%(upstream:remoteref) refs/heads/s6chinwe refs/remotes/s6chinwe [2ms]
2024-01-28 09:20:50.766 [info] > git status -z -uall [1725ms]
2024-01-28 09:20:55.804 [info] No remotes found in the git config file.
2024-01-28 09:20:55.805 [info] > git config --get commit.template [11ms]
2024-01-28 09:20:55.805 [info] > git for-each-ref --format=%(refname)%00%(upstream:short)%00%(objectname)%00%(upstream:track)%00%(upstream:remotename)%00%(upstream:remoteref) refs/heads/s6chinwe refs/remotes/s6chinwe [2ms]
2024-01-28 09:20:56.157 [info] > git show --textconv :Espresso_/postgresql-ha/values.yaml [12ms]
2024-01-28 09:20:56.159 [info] > git ls-files --stage -- /home/s6chinwe/Espresso_/postgresql-ha/values.yaml [4ms]
2024-01-28 09:20:57.520 [info] > git status -z -uall [1709ms]
2024-01-28 09:21:02.556 [info] No remotes found in the git config file.
2024-01-28 09:21:02.557 [info] > git config --get commit.template [11ms]
2024-01-28 09:21:02.558 [info] > git for-each-ref --format=%(refname)%00%(upstream:short)%00%(objectname)%00%(upstream:track)%00%(upstream:remotename)%00%(upstream:remoteref) refs/heads/s6chinwe refs/remotes/s6chinwe [2ms]
2024-01-28 09:21:04.389 [info] > git status -z -uall [1825ms]
2024-01-28 09:21:09.423 [info] No remotes found in the git config file.
2024-01-28 09:21:09.425 [info] > git config --get commit.template [8ms]
2024-01-28 09:21:09.425 [info] > git for-each-ref --format=%(refname)%00%(upstream:short)%00%(objectname)%00%(upstream:track)%00%(upstream:remotename)%00%(upstream:remoteref) refs/heads/s6chinwe refs/remotes/s6chinwe [2ms]
2024-01-28 09:21:11.173 [info] > git status -z -uall [1741ms]
2024-01-28 09:21:16.211 [info] No remotes found in the git config file.
2024-01-28 09:21:16.212 [info] > git config --get commit.template [8ms]
2024-01-28 09:21:16.213 [info] > git for-each-ref --format=%(refname)%00%(upstream:short)%00%(objectname)%00%(upstream:track)%00%(upstream:remotename)%00%(upstream:remoteref) refs/heads/s6chinwe refs/remotes/s6chinwe [3ms]
2024-01-28 09:21:17.993 [info] > git status -z -uall [1774ms]
2024-01-28 09:21:23.022 [info] No remotes found in the git config file.
2024-01-28 09:21:23.023 [info] > git config --get commit.template [7ms]
2024-01-28 09:21:23.024 [info] > git for-each-ref --format=%(refname)%00%(upstream:short)%00%(objectname)%00%(upstream:track)%00%(upstream:remotename)%00%(upstream:remoteref) refs/heads/s6chinwe refs/remotes/s6chinwe [2ms]
2024-01-28 09:21:24.755 [info] > git status -z -uall [1723ms]
2024-01-28 09:21:29.794 [info] No remotes found in the git config file.
2024-01-28 09:21:29.795 [info] > git config --get commit.template [9ms]
2024-01-28 09:21:29.795 [info] > git for-each-ref --format=%(refname)%00%(upstream:short)%00%(objectname)%00%(upstream:track)%00%(upstream:remotename)%00%(upstream:remoteref) refs/heads/s6chinwe refs/remotes/s6chinwe [2ms]
2024-01-28 09:21:31.479 [info] > git status -z -uall [1677ms]
2024-01-28 09:21:36.511 [info] No remotes found in the git config file.
2024-01-28 09:21:36.513 [info] > git config --get commit.template [8ms]
2024-01-28 09:21:36.513 [info] > git for-each-ref --format=%(refname)%00%(upstream:short)%00%(objectname)%00%(upstream:track)%00%(upstream:remotename)%00%(upstream:remoteref) refs/heads/s6chinwe refs/remotes/s6chinwe [2ms]
2024-01-28 09:21:38.183 [info] > git status -z -uall [1664ms]
2024-01-28 09:21:43.216 [info] No remotes found in the git config file.
2024-01-28 09:21:43.217 [info] > git config --get commit.template [9ms]
2024-01-28 09:21:43.218 [info] > git for-each-ref --format=%(refname)%00%(upstream:short)%00%(objectname)%00%(upstream:track)%00%(upstream:remotename)%00%(upstream:remoteref) refs/heads/s6chinwe refs/remotes/s6chinwe [2ms]
2024-01-28 09:21:45.010 [info] > git status -z -uall [1785ms]
2024-01-28 09:22:00.062 [info] No remotes found in the git config file.
2024-01-28 09:22:00.063 [info] > git config --get commit.template [9ms]
2024-01-28 09:22:00.064 [info] > git for-each-ref --format=%(refname)%00%(upstream:short)%00%(objectname)%00%(upstream:track)%00%(upstream:remotename)%00%(upstream:remoteref) refs/heads/s6chinwe refs/remotes/s6chinwe [2ms]
2024-01-28 09:22:01.859 [info] > git status -z -uall [1787ms]
2024-01-28 09:22:06.906 [info] No remotes found in the git config file.
2024-01-28 09:22:06.907 [info] > git config --get commit.template [20ms]
2024-01-28 09:22:06.907 [info] > git for-each-ref --format=%(refname)%00%(upstream:short)%00%(objectname)%00%(upstream:track)%00%(upstream:remotename)%00%(upstream:remoteref) refs/heads/s6chinwe refs/remotes/s6chinwe [2ms]
2024-01-28 09:22:08.766 [info] > git status -z -uall [1849ms]
2024-01-28 09:22:13.799 [info] No remotes found in the git config file.
2024-01-28 09:22:13.800 [info] > git config --get commit.template [8ms]
2024-01-28 09:22:13.801 [info] > git for-each-ref --format=%(refname)%00%(upstream:short)%00%(objectname)%00%(upstream:track)%00%(upstream:remotename)%00%(upstream:remoteref) refs/heads/s6chinwe refs/remotes/s6chinwe [2ms]
2024-01-28 09:22:15.593 [info] > git status -z -uall [1786ms]
2024-01-28 09:22:20.624 [info] No remotes found in the git config file.
2024-01-28 09:22:20.625 [info] > git config --get commit.template [8ms]
2024-01-28 09:22:20.626 [info] > git for-each-ref --format=%(refname)%00%(upstream:short)%00%(objectname)%00%(upstream:track)%00%(upstream:remotename)%00%(upstream:remoteref) refs/heads/s6chinwe refs/remotes/s6chinwe [2ms]
2024-01-28 09:22:22.444 [info] > git status -z -uall [1811ms]
2024-01-28 09:22:27.474 [info] No remotes found in the git config file.
2024-01-28 09:22:27.476 [info] > git config --get commit.template [7ms]
2024-01-28 09:22:27.476 [info] > git for-each-ref --format=%(refname)%00%(upstream:short)%00%(objectname)%00%(upstream:track)%00%(upstream:remotename)%00%(upstream:remoteref) refs/heads/s6chinwe refs/remotes/s6chinwe [2ms]
2024-01-28 09:22:29.225 [info] > git status -z -uall [1743ms]
2024-01-28 09:22:34.259 [info] No remotes found in the git config file.
2024-01-28 09:22:34.261 [info] > git config --get commit.template [11ms]
2024-01-28 09:22:34.261 [info] > git for-each-ref --format=%(refname)%00%(upstream:short)%00%(objectname)%00%(upstream:track)%00%(upstream:remotename)%00%(upstream:remoteref) refs/heads/s6chinwe refs/remotes/s6chinwe [2ms]
2024-01-28 09:22:36.021 [info] > git status -z -uall [1753ms]
2024-01-28 09:22:41.054 [info] No remotes found in the git config file.
2024-01-28 09:22:41.054 [info] > git config --get commit.template [8ms]
2024-01-28 09:22:41.056 [info] > git for-each-ref --format=%(refname)%00%(upstream:short)%00%(objectname)%00%(upstream:track)%00%(upstream:remotename)%00%(upstream:remoteref) refs/heads/s6chinwe refs/remotes/s6chinwe [2ms]
2024-01-28 09:22:42.844 [info] > git status -z -uall [1781ms]
2024-01-28 09:22:47.877 [info] No remotes found in the git config file.
2024-01-28 09:22:47.878 [info] > git config --get commit.template [8ms]
2024-01-28 09:22:47.879 [info] > git for-each-ref --format=%(refname)%00%(upstream:short)%00%(objectname)%00%(upstream:track)%00%(upstream:remotename)%00%(upstream:remoteref) refs/heads/s6chinwe refs/remotes/s6chinwe [2ms]
2024-01-28 09:22:49.662 [info] > git status -z -uall [1777ms]
2024-01-28 09:22:54.697 [info] No remotes found in the git config file.
2024-01-28 09:22:54.699 [info] > git config --get commit.template [7ms]
2024-01-28 09:22:54.699 [info] > git for-each-ref --format=%(refname)%00%(upstream:short)%00%(objectname)%00%(upstream:track)%00%(upstream:remotename)%00%(upstream:remoteref) refs/heads/s6chinwe refs/remotes/s6chinwe [2ms]
2024-01-28 09:22:56.402 [info] > git status -z -uall [1696ms]
2024-01-28 09:23:01.435 [info] No remotes found in the git config file.
2024-01-28 09:23:01.436 [info] > git config --get commit.template [12ms]
2024-01-28 09:23:01.437 [info] > git for-each-ref --format=%(refname)%00%(upstream:short)%00%(objectname)%00%(upstream:track)%00%(upstream:remotename)%00%(upstream:remoteref) refs/heads/s6chinwe refs/remotes/s6chinwe [2ms]
2024-01-28 09:23:03.235 [info] > git status -z -uall [1792ms]
2024-01-28 09:23:08.267 [info] No remotes found in the git config file.
2024-01-28 09:23:08.268 [info] > git config --get commit.template [8ms]
2024-01-28 09:23:08.268 [info] > git for-each-ref --format=%(refname)%00%(upstream:short)%00%(objectname)%00%(upstream:track)%00%(upstream:remotename)%00%(upstream:remoteref) refs/heads/s6chinwe refs/remotes/s6chinwe [1ms]
2024-01-28 09:23:10.034 [info] > git status -z -uall [1760ms]
2024-01-28 09:23:15.066 [info] No remotes found in the git config file.
2024-01-28 09:23:15.067 [info] > git config --get commit.template [8ms]
2024-01-28 09:23:15.068 [info] > git for-each-ref --format=%(refname)%00%(upstream:short)%00%(objectname)%00%(upstream:track)%00%(upstream:remotename)%00%(upstream:remoteref) refs/heads/s6chinwe refs/remotes/s6chinwe [3ms]
2024-01-28 09:23:16.785 [info] > git status -z -uall [1709ms]
2024-01-28 09:23:21.814 [info] No remotes found in the git config file.
2024-01-28 09:23:21.816 [info] > git config --get commit.template [9ms]
2024-01-28 09:23:21.817 [info] > git for-each-ref --format=%(refname)%00%(upstream:short)%00%(objectname)%00%(upstream:track)%00%(upstream:remotename)%00%(upstream:remoteref) refs/heads/s6chinwe refs/remotes/s6chinwe [3ms]
2024-01-28 09:23:23.514 [info] > git status -z -uall [1690ms]
2024-01-28 09:23:28.544 [info] No remotes found in the git config file.
2024-01-28 09:23:28.545 [info] > git config --get commit.template [8ms]
2024-01-28 09:23:28.546 [info] > git for-each-ref --format=%(refname)%00%(upstream:short)%00%(objectname)%00%(upstream:track)%00%(upstream:remotename)%00%(upstream:remoteref) refs/heads/s6chinwe refs/remotes/s6chinwe [2ms]
2024-01-28 09:23:30.396 [info] > git status -z -uall [1844ms]
2024-01-28 09:23:35.425 [info] No remotes found in the git config file.
2024-01-28 09:23:35.427 [info] > git config --get commit.template [8ms]
2024-01-28 09:23:35.427 [info] > git for-each-ref --format=%(refname)%00%(upstream:short)%00%(objectname)%00%(upstream:track)%00%(upstream:remotename)%00%(upstream:remoteref) refs/heads/s6chinwe refs/remotes/s6chinwe [2ms]
2024-01-28 09:23:37.143 [info] > git status -z -uall [1710ms]
2024-01-28 09:23:37.577 [info] > git fetch [143ms]
2024-01-28 09:23:37.592 [info] > git config --get commit.template [8ms]
2024-01-28 09:23:37.593 [info] > git for-each-ref --format=%(refname)%00%(upstream:short)%00%(objectname)%00%(upstream:track)%00%(upstream:remotename)%00%(upstream:remoteref) refs/heads/main refs/remotes/main [2ms]
2024-01-28 09:23:37.611 [info] > git status -z -uall [5ms]
2024-01-28 09:23:38.822 [info] > git config --get commit.template [7ms]
2024-01-28 09:23:38.823 [info] > git for-each-ref --format=%(refname)%00%(upstream:short)%00%(objectname)%00%(upstream:track)%00%(upstream:remotename)%00%(upstream:remoteref) refs/heads/main refs/remotes/main [2ms]
2024-01-28 09:23:38.840 [info] > git status -z -uall [7ms]
2024-01-28 09:23:39.100 [info] > git fetch [8ms]
2024-01-28 09:23:39.115 [info] No remotes found in the git config file.
2024-01-28 09:23:39.115 [info] > git config --get commit.template [7ms]
2024-01-28 09:23:39.116 [info] > git for-each-ref --format=%(refname)%00%(upstream:short)%00%(objectname)%00%(upstream:track)%00%(upstream:remotename)%00%(upstream:remoteref) refs/heads/s6chinwe refs/remotes/s6chinwe [1ms]
2024-01-28 09:23:40.787 [info] > git status -z -uall [1665ms]
2024-01-28 09:23:42.174 [info] No remotes found in the git config file.
2024-01-28 09:23:42.175 [info] > git config --get commit.template [8ms]
2024-01-28 09:23:42.175 [info] > git for-each-ref --format=%(refname)%00%(upstream:short)%00%(objectname)%00%(upstream:track)%00%(upstream:remotename)%00%(upstream:remoteref) refs/heads/s6chinwe refs/remotes/s6chinwe [2ms]
2024-01-28 09:23:43.827 [info] > git status -z -uall [1645ms]
2024-01-28 09:23:48.859 [info] No remotes found in the git config file.
2024-01-28 09:23:48.860 [info] > git config --get commit.template [12ms]
2024-01-28 09:23:48.860 [info] > git for-each-ref --format=%(refname)%00%(upstream:short)%00%(objectname)%00%(upstream:track)%00%(upstream:remotename)%00%(upstream:remoteref) refs/heads/s6chinwe refs/remotes/s6chinwe [1ms]
2024-01-28 09:23:50.505 [info] > git status -z -uall [1639ms]
2024-01-28 09:23:55.534 [info] No remotes found in the git config file.
2024-01-28 09:23:55.536 [info] > git config --get commit.template [9ms]
2024-01-28 09:23:55.536 [info] > git for-each-ref --format=%(refname)%00%(upstream:short)%00%(objectname)%00%(upstream:track)%00%(upstream:remotename)%00%(upstream:remoteref) refs/heads/s6chinwe refs/remotes/s6chinwe [3ms]
2024-01-28 09:23:57.213 [info] > git status -z -uall [1671ms]
2024-01-28 09:24:02.239 [info] > git config --get commit.template [2ms]
2024-01-28 09:24:02.246 [info] No remotes found in the git config file.
2024-01-28 09:24:02.248 [info] > git for-each-ref --format=%(refname)%00%(upstream:short)%00%(objectname)%00%(upstream:track)%00%(upstream:remotename)%00%(upstream:remoteref) refs/heads/s6chinwe refs/remotes/s6chinwe [1ms]
2024-01-28 09:24:03.964 [info] > git status -z -uall [1710ms]
2024-01-28 09:24:08.994 [info] No remotes found in the git config file.
2024-01-28 09:24:08.995 [info] > git config --get commit.template [9ms]
2024-01-28 09:24:08.995 [info] > git for-each-ref --format=%(refname)%00%(upstream:short)%00%(objectname)%00%(upstream:track)%00%(upstream:remotename)%00%(upstream:remoteref) refs/heads/s6chinwe refs/remotes/s6chinwe [2ms]
2024-01-28 09:24:10.813 [info] > git status -z -uall [1810ms]
2024-01-28 09:24:15.844 [info] No remotes found in the git config file.
2024-01-28 09:24:15.844 [info] > git config --get commit.template [8ms]
2024-01-28 09:24:15.845 [info] > git for-each-ref --format=%(refname)%00%(upstream:short)%00%(objectname)%00%(upstream:track)%00%(upstream:remotename)%00%(upstream:remoteref) refs/heads/s6chinwe refs/remotes/s6chinwe [2ms]
2024-01-28 09:24:17.566 [info] > git status -z -uall [1715ms]
2024-01-28 09:24:22.597 [info] No remotes found in the git config file.
2024-01-28 09:24:22.598 [info] > git config --get commit.template [9ms]
2024-01-28 09:24:22.599 [info] > git for-each-ref --format=%(refname)%00%(upstream:short)%00%(objectname)%00%(upstream:track)%00%(upstream:remotename)%00%(upstream:remoteref) refs/heads/s6chinwe refs/remotes/s6chinwe [2ms]
2024-01-28 09:24:24.407 [info] > git status -z -uall [1801ms]
2024-01-28 09:24:29.438 [info] No remotes found in the git config file.
2024-01-28 09:24:29.439 [info] > git config --get commit.template [7ms]
2024-01-28 09:24:29.440 [info] > git for-each-ref --format=%(refname)%00%(upstream:short)%00%(objectname)%00%(upstream:track)%00%(upstream:remotename)%00%(upstream:remoteref) refs/heads/s6chinwe refs/remotes/s6chinwe [2ms]
2024-01-28 09:24:31.249 [info] > git status -z -uall [1801ms]
2024-01-28 09:24:36.280 [info] No remotes found in the git config file.
2024-01-28 09:24:36.281 [info] > git config --get commit.template [9ms]
2024-01-28 09:24:36.281 [info] > git for-each-ref --format=%(refname)%00%(upstream:short)%00%(objectname)%00%(upstream:track)%00%(upstream:remotename)%00%(upstream:remoteref) refs/heads/s6chinwe refs/remotes/s6chinwe [1ms]
2024-01-28 09:24:38.123 [info] > git status -z -uall [1834ms]
2024-01-28 09:24:43.157 [info] No remotes found in the git config file.
2024-01-28 09:24:43.159 [info] > git config --get commit.template [9ms]
2024-01-28 09:24:43.160 [info] > git for-each-ref --format=%(refname)%00%(upstream:short)%00%(objectname)%00%(upstream:track)%00%(upstream:remotename)%00%(upstream:remoteref) refs/heads/s6chinwe refs/remotes/s6chinwe [2ms]
2024-01-28 09:24:44.979 [info] > git status -z -uall [1813ms]
2024-01-28 09:24:50.015 [info] No remotes found in the git config file.
2024-01-28 09:24:50.016 [info] > git config --get commit.template [9ms]
2024-01-28 09:24:50.017 [info] > git for-each-ref --format=%(refname)%00%(upstream:short)%00%(objectname)%00%(upstream:track)%00%(upstream:remotename)%00%(upstream:remoteref) refs/heads/s6chinwe refs/remotes/s6chinwe [2ms]
2024-01-28 09:24:51.892 [info] > git status -z -uall [1869ms]
2024-01-28 09:24:56.922 [info] No remotes found in the git config file.
2024-01-28 09:24:56.923 [info] > git config --get commit.template [8ms]
2024-01-28 09:24:56.924 [info] > git for-each-ref --format=%(refname)%00%(upstream:short)%00%(objectname)%00%(upstream:track)%00%(upstream:remotename)%00%(upstream:remoteref) refs/heads/s6chinwe refs/remotes/s6chinwe [2ms]
2024-01-28 09:24:58.727 [info] > git status -z -uall [1797ms]
2024-01-28 09:25:03.759 [info] No remotes found in the git config file.
2024-01-28 09:25:03.760 [info] > git config --get commit.template [7ms]
2024-01-28 09:25:03.761 [info] > git for-each-ref --format=%(refname)%00%(upstream:short)%00%(objectname)%00%(upstream:track)%00%(upstream:remotename)%00%(upstream:remoteref) refs/heads/s6chinwe refs/remotes/s6chinwe [2ms]
2024-01-28 09:25:05.534 [info] > git status -z -uall [1766ms]
2024-01-28 09:25:10.565 [info] No remotes found in the git config file.
2024-01-28 09:25:10.566 [info] > git config --get commit.template [8ms]
2024-01-28 09:25:10.567 [info] > git for-each-ref --format=%(refname)%00%(upstream:short)%00%(objectname)%00%(upstream:track)%00%(upstream:remotename)%00%(upstream:remoteref) refs/heads/s6chinwe refs/remotes/s6chinwe [2ms]
2024-01-28 09:25:12.419 [info] > git status -z -uall [1845ms]
2024-01-28 09:25:17.454 [info] No remotes found in the git config file.
2024-01-28 09:25:17.455 [info] > git config --get commit.template [8ms]
2024-01-28 09:25:17.456 [info] > git for-each-ref --format=%(refname)%00%(upstream:short)%00%(objectname)%00%(upstream:track)%00%(upstream:remotename)%00%(upstream:remoteref) refs/heads/s6chinwe refs/remotes/s6chinwe [2ms]
2024-01-28 09:25:19.349 [info] > git status -z -uall [1887ms]
2024-01-28 09:25:24.384 [info] No remotes found in the git config file.
2024-01-28 09:25:24.385 [info] > git config --get commit.template [9ms]
2024-01-28 09:25:24.386 [info] > git for-each-ref --format=%(refname)%00%(upstream:short)%00%(objectname)%00%(upstream:track)%00%(upstream:remotename)%00%(upstream:remoteref) refs/heads/s6chinwe refs/remotes/s6chinwe [2ms]
2024-01-28 09:25:26.190 [info] > git status -z -uall [1796ms]
2024-01-28 09:25:31.220 [info] No remotes found in the git config file.
2024-01-28 09:25:31.222 [info] > git config --get commit.template [8ms]
2024-01-28 09:25:31.222 [info] > git for-each-ref --format=%(refname)%00%(upstream:short)%00%(objectname)%00%(upstream:track)%00%(upstream:remotename)%00%(upstream:remoteref) refs/heads/s6chinwe refs/remotes/s6chinwe [2ms]
2024-01-28 09:25:32.992 [info] > git status -z -uall [1763ms]
2024-01-28 09:25:38.029 [info] No remotes found in the git config file.
2024-01-28 09:25:38.030 [info] > git config --get commit.template [7ms]
2024-01-28 09:25:38.031 [info] > git for-each-ref --format=%(refname)%00%(upstream:short)%00%(objectname)%00%(upstream:track)%00%(upstream:remotename)%00%(upstream:remoteref) refs/heads/s6chinwe refs/remotes/s6chinwe [2ms]
2024-01-28 09:25:39.802 [info] > git status -z -uall [1765ms]
2024-01-28 09:25:44.840 [info] No remotes found in the git config file.
2024-01-28 09:25:44.841 [info] > git config --get commit.template [8ms]
2024-01-28 09:25:44.842 [info] > git for-each-ref --format=%(refname)%00%(upstream:short)%00%(objectname)%00%(upstream:track)%00%(upstream:remotename)%00%(upstream:remoteref) refs/heads/s6chinwe refs/remotes/s6chinwe [2ms]
2024-01-28 09:25:46.617 [info] > git status -z -uall [1769ms]
2024-01-28 09:25:51.647 [info] No remotes found in the git config file.
2024-01-28 09:25:51.647 [info] > git config --get commit.template [7ms]
2024-01-28 09:25:51.648 [info] > git for-each-ref --format=%(refname)%00%(upstream:short)%00%(objectname)%00%(upstream:track)%00%(upstream:remotename)%00%(upstream:remoteref) refs/heads/s6chinwe refs/remotes/s6chinwe [2ms]
2024-01-28 09:25:53.386 [info] > git status -z -uall [1733ms]
2024-01-28 09:25:58.416 [info] No remotes found in the git config file.
2024-01-28 09:25:58.418 [info] > git config --get commit.template [8ms]
2024-01-28 09:25:58.418 [info] > git for-each-ref --format=%(refname)%00%(upstream:short)%00%(objectname)%00%(upstream:track)%00%(upstream:remotename)%00%(upstream:remoteref) refs/heads/s6chinwe refs/remotes/s6chinwe [2ms]
2024-01-28 09:26:00.096 [info] > git status -z -uall [1671ms]
2024-01-28 09:26:05.129 [info] No remotes found in the git config file.
2024-01-28 09:26:05.129 [info] > git config --get commit.template [9ms]
2024-01-28 09:26:05.130 [info] > git for-each-ref --format=%(refname)%00%(upstream:short)%00%(objectname)%00%(upstream:track)%00%(upstream:remotename)%00%(upstream:remoteref) refs/heads/s6chinwe refs/remotes/s6chinwe [2ms]
2024-01-28 09:26:06.953 [info] > git status -z -uall [1816ms]
2024-01-28 09:26:11.983 [info] No remotes found in the git config file.
2024-01-28 09:26:11.984 [info] > git config --get commit.template [7ms]
2024-01-28 09:26:11.985 [info] > git for-each-ref --format=%(refname)%00%(upstream:short)%00%(objectname)%00%(upstream:track)%00%(upstream:remotename)%00%(upstream:remoteref) refs/heads/s6chinwe refs/remotes/s6chinwe [2ms]
2024-01-28 09:26:13.702 [info] > git status -z -uall [1711ms]
2024-01-28 09:26:18.726 [info] No remotes found in the git config file.
2024-01-28 09:26:18.735 [info] > git config --get commit.template [9ms]
2024-01-28 09:26:18.736 [info] > git for-each-ref --format=%(refname)%00%(upstream:short)%00%(objectname)%00%(upstream:track)%00%(upstream:remotename)%00%(upstream:remoteref) refs/heads/s6chinwe refs/remotes/s6chinwe [3ms]
2024-01-28 09:26:20.509 [info] > git status -z -uall [1766ms]
2024-01-28 09:26:25.545 [info] No remotes found in the git config file.
2024-01-28 09:26:25.546 [info] > git config --get commit.template [10ms]
2024-01-28 09:26:25.546 [info] > git for-each-ref --format=%(refname)%00%(upstream:short)%00%(objectname)%00%(upstream:track)%00%(upstream:remotename)%00%(upstream:remoteref) refs/heads/s6chinwe refs/remotes/s6chinwe [2ms]
2024-01-28 09:26:27.384 [info] > git status -z -uall [1830ms]
2024-01-28 09:26:32.419 [info] No remotes found in the git config file.
2024-01-28 09:26:32.421 [info] > git config --get commit.template [10ms]
2024-01-28 09:26:32.421 [info] > git for-each-ref --format=%(refname)%00%(upstream:short)%00%(objectname)%00%(upstream:track)%00%(upstream:remotename)%00%(upstream:remoteref) refs/heads/s6chinwe refs/remotes/s6chinwe [2ms]
2024-01-28 09:26:34.257 [info] > git status -z -uall [1826ms]
2024-01-28 09:26:37.770 [info] > git fetch [139ms]
2024-01-28 09:26:37.788 [info] > git config --get commit.template [8ms]
2024-01-28 09:26:37.789 [info] > git for-each-ref --format=%(refname)%00%(upstream:short)%00%(objectname)%00%(upstream:track)%00%(upstream:remotename)%00%(upstream:remoteref) refs/heads/main refs/remotes/main [1ms]
2024-01-28 09:26:37.801 [info] > git status -z -uall [5ms]
2024-01-28 09:26:39.014 [info] > git config --get commit.template [7ms]
2024-01-28 09:26:39.015 [info] > git for-each-ref --format=%(refname)%00%(upstream:short)%00%(objectname)%00%(upstream:track)%00%(upstream:remotename)%00%(upstream:remoteref) refs/heads/main refs/remotes/main [2ms]
2024-01-28 09:26:39.026 [info] > git status -z -uall [5ms]
2024-01-28 09:26:39.296 [info] No remotes found in the git config file.
2024-01-28 09:26:39.297 [info] > git config --get commit.template [9ms]
2024-01-28 09:26:39.297 [info] > git for-each-ref --format=%(refname)%00%(upstream:short)%00%(objectname)%00%(upstream:track)%00%(upstream:remotename)%00%(upstream:remoteref) refs/heads/s6chinwe refs/remotes/s6chinwe [1ms]
2024-01-28 09:26:41.048 [info] > git status -z -uall [1744ms]
2024-01-28 09:26:41.075 [info] > git fetch [5ms]
2024-01-28 09:26:41.089 [info] No remotes found in the git config file.
2024-01-28 09:26:41.090 [info] > git config --get commit.template [8ms]
2024-01-28 09:26:41.091 [info] > git for-each-ref --format=%(refname)%00%(upstream:short)%00%(objectname)%00%(upstream:track)%00%(upstream:remotename)%00%(upstream:remoteref) refs/heads/s6chinwe refs/remotes/s6chinwe [2ms]
2024-01-28 09:26:42.845 [info] > git status -z -uall [1748ms]
2024-01-28 09:26:46.087 [info] No remotes found in the git config file.
2024-01-28 09:26:46.088 [info] > git config --get commit.template [9ms]
2024-01-28 09:26:46.089 [info] > git for-each-ref --format=%(refname)%00%(upstream:short)%00%(objectname)%00%(upstream:track)%00%(upstream:remotename)%00%(upstream:remoteref) refs/heads/s6chinwe refs/remotes/s6chinwe [2ms]
2024-01-28 09:26:47.916 [info] > git status -z -uall [1819ms]
2024-01-28 09:26:52.945 [info] No remotes found in the git config file.
2024-01-28 09:26:52.946 [info] > git config --get commit.template [8ms]
2024-01-28 09:26:52.947 [info] > git for-each-ref --format=%(refname)%00%(upstream:short)%00%(objectname)%00%(upstream:track)%00%(upstream:remotename)%00%(upstream:remoteref) refs/heads/s6chinwe refs/remotes/s6chinwe [3ms]
2024-01-28 09:26:54.678 [info] > git status -z -uall [1725ms]
2024-01-28 09:31:50.832 [info] > git fetch [12ms]
2024-01-28 09:31:50.842 [info] > git config --get commit.template [12ms]
2024-01-28 09:31:50.849 [info] No remotes found in the git config file.
2024-01-28 09:31:50.849 [info] > git config --get commit.template [8ms]
2024-01-28 09:31:50.850 [info] > git for-each-ref --format=%(refname)%00%(upstream:short)%00%(objectname)%00%(upstream:track)%00%(upstream:remotename)%00%(upstream:remoteref) refs/heads/s6chinwe refs/remotes/s6chinwe [2ms]
2024-01-28 09:31:50.857 [info] No remotes found in the git config file.
2024-01-28 09:31:50.859 [info] > git for-each-ref --format=%(refname)%00%(upstream:short)%00%(objectname)%00%(upstream:track)%00%(upstream:remotename)%00%(upstream:remoteref) refs/heads/s6chinwe refs/remotes/s6chinwe [2ms]
2024-01-28 09:31:50.970 [info] > git fetch [161ms]
2024-01-28 09:31:50.983 [info] > git config --get commit.template [2ms]
2024-01-28 09:31:50.992 [info] > git for-each-ref --format=%(refname)%00%(upstream:short)%00%(objectname)%00%(upstream:track)%00%(upstream:remotename)%00%(upstream:remoteref) refs/heads/main refs/remotes/main [2ms]
2024-01-28 09:31:51.006 [info] > git status -z -uall [4ms]
2024-01-28 09:31:52.227 [info] > git config --get commit.template [8ms]
2024-01-28 09:31:52.229 [info] > git for-each-ref --format=%(refname)%00%(upstream:short)%00%(objectname)%00%(upstream:track)%00%(upstream:remotename)%00%(upstream:remoteref) refs/heads/main refs/remotes/main [3ms]
2024-01-28 09:31:52.241 [info] > git status -z -uall [5ms]
2024-01-28 09:31:52.562 [info] > git status -z -uall [1697ms]
2024-01-28 09:31:55.867 [info] No remotes found in the git config file.
2024-01-28 09:31:55.869 [info] > git config --get commit.template [8ms]
2024-01-28 09:31:55.870 [info] > git for-each-ref --format=%(refname)%00%(upstream:short)%00%(objectname)%00%(upstream:track)%00%(upstream:remotename)%00%(upstream:remoteref) refs/heads/s6chinwe refs/remotes/s6chinwe [3ms]
2024-01-28 09:31:57.536 [info] > git status -z -uall [1660ms]
2024-01-28 09:32:02.562 [info] No remotes found in the git config file.
2024-01-28 09:32:02.564 [info] > git config --get commit.template [8ms]
2024-01-28 09:32:02.564 [info] > git for-each-ref --format=%(refname)%00%(upstream:short)%00%(objectname)%00%(upstream:track)%00%(upstream:remotename)%00%(upstream:remoteref) refs/heads/s6chinwe refs/remotes/s6chinwe [2ms]
2024-01-28 09:32:04.336 [info] > git status -z -uall [1766ms]
2024-01-28 09:32:09.365 [info] No remotes found in the git config file.
2024-01-28 09:32:09.366 [info] > git config --get commit.template [9ms]
2024-01-28 09:32:09.367 [info] > git for-each-ref --format=%(refname)%00%(upstream:short)%00%(objectname)%00%(upstream:track)%00%(upstream:remotename)%00%(upstream:remoteref) refs/heads/s6chinwe refs/remotes/s6chinwe [1ms]
2024-01-28 09:32:11.125 [info] > git status -z -uall [1749ms]
2024-01-28 09:32:16.157 [info] No remotes found in the git config file.
2024-01-28 09:32:16.158 [info] > git config --get commit.template [9ms]
2024-01-28 09:32:16.159 [info] > git for-each-ref --format=%(refname)%00%(upstream:short)%00%(objectname)%00%(upstream:track)%00%(upstream:remotename)%00%(upstream:remoteref) refs/heads/s6chinwe refs/remotes/s6chinwe [2ms]
2024-01-28 09:32:17.869 [info] > git status -z -uall [1704ms]
2024-01-28 09:33:33.122 [info] No remotes found in the git config file.
2024-01-28 09:33:33.129 [info] > git config --get commit.template [8ms]
2024-01-28 09:33:33.130 [info] > git for-each-ref --format=%(refname)%00%(upstream:short)%00%(objectname)%00%(upstream:track)%00%(upstream:remotename)%00%(upstream:remoteref) refs/heads/s6chinwe refs/remotes/s6chinwe [2ms]
2024-01-28 09:33:34.890 [info] > git status -z -uall [1754ms]
2024-01-28 09:33:39.917 [info] No remotes found in the git config file.
2024-01-28 09:33:39.925 [info] > git config --get commit.template [9ms]
2024-01-28 09:33:39.926 [info] > git for-each-ref --format=%(refname)%00%(upstream:short)%00%(objectname)%00%(upstream:track)%00%(upstream:remotename)%00%(upstream:remoteref) refs/heads/s6chinwe refs/remotes/s6chinwe [2ms]
2024-01-28 09:33:40.265 [info] > git status -z -uall [333ms]
2024-01-28 09:33:45.296 [info] No remotes found in the git config file.
2024-01-28 09:33:45.297 [info] > git config --get commit.template [8ms]
2024-01-28 09:33:45.298 [info] > git for-each-ref --format=%(refname)%00%(upstream:short)%00%(objectname)%00%(upstream:track)%00%(upstream:remotename)%00%(upstream:remoteref) refs/heads/s6chinwe refs/remotes/s6chinwe [2ms]
2024-01-28 09:33:45.444 [info] > git status -z -uall [139ms]
2024-01-28 09:33:50.472 [info] No remotes found in the git config file.
2024-01-28 09:33:50.473 [info] > git config --get commit.template [8ms]
2024-01-28 09:33:50.474 [info] > git for-each-ref --format=%(refname)%00%(upstream:short)%00%(objectname)%00%(upstream:track)%00%(upstream:remotename)%00%(upstream:remoteref) refs/heads/s6chinwe refs/remotes/s6chinwe [3ms]
2024-01-28 09:33:50.628 [info] > git status -z -uall [148ms]
2024-01-28 09:33:55.657 [info] No remotes found in the git config file.
2024-01-28 09:33:55.658 [info] > git config --get commit.template [9ms]
2024-01-28 09:33:55.659 [info] > git for-each-ref --format=%(refname)%00%(upstream:short)%00%(objectname)%00%(upstream:track)%00%(upstream:remotename)%00%(upstream:remoteref) refs/heads/s6chinwe refs/remotes/s6chinwe [3ms]
2024-01-28 09:33:55.797 [info] > git status -z -uall [132ms]
