2024-01-25 09:12:22.281 [info] Extension host with pid 1304308 started
2024-01-25 09:12:22.321 [info] Lock '/home/s6chinwe/.vscode-server/data/User/workspaceStorage/265f34e7d57f32cf8761dd18fd195d9d/vscode.lock': Lock acquired.
2024-01-25 09:12:22.473 [info] ExtensionService#_doActivateExtension vscode.git-base, startup: false, activationEvent: '*', root cause: vscode.git
2024-01-25 09:12:22.849 [info] ExtensionService#_doActivateExtension vscode.git, startup: false, activationEvent: '*'
2024-01-25 09:12:22.849 [info] ExtensionService#_doActivateExtension vscode.github, startup: false, activationEvent: '*'
2024-01-25 09:12:23.821 [info] Eager extensions activated
2024-01-25 09:12:23.821 [info] ExtensionService#_doActivateExtension vscode.debug-auto-launch, startup: false, activationEvent: 'onStartupFinished'
2024-01-25 09:12:23.821 [info] ExtensionService#_doActivateExtension vscode.merge-conflict, startup: false, activationEvent: 'onStartupFinished'
2024-01-25 09:12:24.039 [warning] [Decorations] CAPPING events from decorations provider vscode.git 367
2024-01-25 09:12:24.253 [warning] [Decorations] CAPPING events from decorations provider vscode.git 367
2024-01-25 09:12:41.023 [warning] [Decorations] CAPPING events from decorations provider vscode.git 367
2024-01-25 09:12:42.390 [warning] [Decorations] CAPPING events from decorations provider vscode.git 367
2024-01-25 09:12:57.208 [warning] [Decorations] CAPPING events from decorations provider vscode.git 2712
2024-01-25 09:13:05.980 [warning] [Decorations] CAPPING events from decorations provider vscode.git 2714
2024-01-25 09:13:11.991 [warning] [Decorations] CAPPING events from decorations provider vscode.git 2714
2024-01-25 09:13:18.000 [warning] [Decorations] CAPPING events from decorations provider vscode.git 2714
2024-01-25 09:13:26.971 [warning] [Decorations] CAPPING events from decorations provider vscode.git 2714
2024-01-25 09:13:32.989 [warning] [Decorations] CAPPING events from decorations provider vscode.git 2714
2024-01-25 09:13:38.949 [warning] [Decorations] CAPPING events from decorations provider vscode.git 2714
2024-01-25 09:13:44.884 [warning] [Decorations] CAPPING events from decorations provider vscode.git 2714
2024-01-25 09:13:50.853 [warning] [Decorations] CAPPING events from decorations provider vscode.git 2714
2024-01-25 09:13:56.865 [warning] [Decorations] CAPPING events from decorations provider vscode.git 2714
2024-01-25 09:14:02.895 [warning] [Decorations] CAPPING events from decorations provider vscode.git 2714
2024-01-25 09:14:08.897 [warning] [Decorations] CAPPING events from decorations provider vscode.git 2714
2024-01-25 09:14:14.851 [warning] [Decorations] CAPPING events from decorations provider vscode.git 2714
2024-01-25 09:14:20.825 [warning] [Decorations] CAPPING events from decorations provider vscode.git 2714
2024-01-25 09:14:26.783 [warning] [Decorations] CAPPING events from decorations provider vscode.git 2714
2024-01-25 09:20:08.372 [warning] [Decorations] CAPPING events from decorations provider vscode.git 367
2024-01-25 09:20:09.147 [warning] [Decorations] CAPPING events from decorations provider vscode.git 2714
2024-01-25 09:20:09.817 [warning] [Decorations] CAPPING events from decorations provider vscode.git 367
2024-01-25 09:20:14.140 [warning] [Decorations] CAPPING events from decorations provider vscode.git 2714
2024-01-25 09:20:20.146 [warning] [Decorations] CAPPING events from decorations provider vscode.git 2714
2024-01-25 09:20:26.082 [warning] [Decorations] CAPPING events from decorations provider vscode.git 2714
2024-01-25 09:20:32.026 [warning] [Decorations] CAPPING events from decorations provider vscode.git 2714
2024-01-25 09:20:38.002 [warning] [Decorations] CAPPING events from decorations provider vscode.git 2714
2024-01-25 09:20:44.014 [warning] [Decorations] CAPPING events from decorations provider vscode.git 2714
2024-01-25 09:20:50.005 [warning] [Decorations] CAPPING events from decorations provider vscode.git 2714
2024-01-25 09:20:56.053 [warning] [Decorations] CAPPING events from decorations provider vscode.git 2714
2024-01-25 09:21:01.997 [warning] [Decorations] CAPPING events from decorations provider vscode.git 2714
2024-01-25 09:21:07.964 [warning] [Decorations] CAPPING events from decorations provider vscode.git 2714
2024-01-25 09:21:13.879 [warning] [Decorations] CAPPING events from decorations provider vscode.git 2714
2024-01-25 09:21:19.873 [warning] [Decorations] CAPPING events from decorations provider vscode.git 2714
2024-01-25 09:21:25.891 [warning] [Decorations] CAPPING events from decorations provider vscode.git 2714
2024-01-25 09:21:31.863 [warning] [Decorations] CAPPING events from decorations provider vscode.git 2714
2024-01-25 09:21:37.835 [warning] [Decorations] CAPPING events from decorations provider vscode.git 2714
2024-01-25 09:21:43.886 [warning] [Decorations] CAPPING events from decorations provider vscode.git 2714
2024-01-25 09:21:49.891 [warning] [Decorations] CAPPING events from decorations provider vscode.git 2714
2024-01-25 09:21:55.867 [warning] [Decorations] CAPPING events from decorations provider vscode.git 2714
2024-01-25 09:22:01.873 [warning] [Decorations] CAPPING events from decorations provider vscode.git 2714
2024-01-25 09:22:07.851 [warning] [Decorations] CAPPING events from decorations provider vscode.git 2714
2024-01-25 09:22:11.735 [info] ExtensionService#_doActivateExtension vscode.emmet, startup: false, activationEvent: 'onLanguage'
2024-01-25 09:22:13.826 [warning] [Decorations] CAPPING events from decorations provider vscode.git 2714
2024-01-25 09:22:19.798 [warning] [Decorations] CAPPING events from decorations provider vscode.git 2714
2024-01-25 09:22:25.741 [warning] [Decorations] CAPPING events from decorations provider vscode.git 2714
2024-01-25 09:22:31.692 [warning] [Decorations] CAPPING events from decorations provider vscode.git 2714
2024-01-25 09:22:37.738 [warning] [Decorations] CAPPING events from decorations provider vscode.git 2714
2024-01-25 09:22:43.709 [warning] [Decorations] CAPPING events from decorations provider vscode.git 2714
2024-01-25 09:23:42.720 [warning] [Decorations] CAPPING events from decorations provider vscode.git 367
2024-01-25 09:23:43.551 [warning] [Decorations] CAPPING events from decorations provider vscode.git 2714
2024-01-25 09:23:44.242 [warning] [Decorations] CAPPING events from decorations provider vscode.git 367
2024-01-25 09:23:48.469 [warning] [Decorations] CAPPING events from decorations provider vscode.git 2714
2024-01-25 09:23:54.404 [warning] [Decorations] CAPPING events from decorations provider vscode.git 2714
2024-01-25 09:24:00.402 [warning] [Decorations] CAPPING events from decorations provider vscode.git 2714
2024-01-25 09:24:06.451 [warning] [Decorations] CAPPING events from decorations provider vscode.git 2714
2024-01-25 09:24:12.448 [warning] [Decorations] CAPPING events from decorations provider vscode.git 2714
2024-01-25 09:24:18.478 [warning] [Decorations] CAPPING events from decorations provider vscode.git 2714
2024-01-25 09:24:24.442 [warning] [Decorations] CAPPING events from decorations provider vscode.git 2714
2024-01-25 09:24:30.381 [warning] [Decorations] CAPPING events from decorations provider vscode.git 2715
2024-01-25 09:25:01.964 [warning] [Decorations] CAPPING events from decorations provider vscode.git 2715
2024-01-25 09:25:07.914 [warning] [Decorations] CAPPING events from decorations provider vscode.git 2715
2024-01-25 09:25:13.922 [warning] [Decorations] CAPPING events from decorations provider vscode.git 2715
2024-01-25 09:25:19.911 [warning] [Decorations] CAPPING events from decorations provider vscode.git 2715
2024-01-25 09:25:26.016 [warning] [Decorations] CAPPING events from decorations provider vscode.git 2715
2024-01-25 09:25:32.082 [warning] [Decorations] CAPPING events from decorations provider vscode.git 2715
2024-01-25 09:25:38.124 [warning] [Decorations] CAPPING events from decorations provider vscode.git 2715
2024-01-25 09:25:44.135 [warning] [Decorations] CAPPING events from decorations provider vscode.git 2715
2024-01-25 09:25:50.166 [warning] [Decorations] CAPPING events from decorations provider vscode.git 2715
2024-01-25 09:25:56.185 [warning] [Decorations] CAPPING events from decorations provider vscode.git 2715
2024-01-25 09:26:02.230 [warning] [Decorations] CAPPING events from decorations provider vscode.git 2715
2024-01-25 09:26:08.184 [warning] [Decorations] CAPPING events from decorations provider vscode.git 2715
2024-01-25 09:26:14.203 [warning] [Decorations] CAPPING events from decorations provider vscode.git 2715
2024-01-25 09:26:20.148 [warning] [Decorations] CAPPING events from decorations provider vscode.git 2715
2024-01-25 09:26:26.133 [warning] [Decorations] CAPPING events from decorations provider vscode.git 2715
2024-01-25 09:26:32.142 [warning] [Decorations] CAPPING events from decorations provider vscode.git 2716
2024-01-25 09:26:38.198 [warning] [Decorations] CAPPING events from decorations provider vscode.git 2716
2024-01-25 09:26:42.946 [warning] [Decorations] CAPPING events from decorations provider vscode.git 367
2024-01-25 09:26:44.194 [warning] [Decorations] CAPPING events from decorations provider vscode.git 367
2024-01-25 09:26:44.237 [warning] [Decorations] CAPPING events from decorations provider vscode.git 2716
2024-01-25 09:26:45.416 [warning] [Decorations] CAPPING events from decorations provider vscode.git 2716
2024-01-25 09:26:50.244 [warning] [Decorations] CAPPING events from decorations provider vscode.git 2716
2024-01-25 09:26:56.232 [warning] [Decorations] CAPPING events from decorations provider vscode.git 2716
2024-01-25 09:27:02.281 [warning] [Decorations] CAPPING events from decorations provider vscode.git 2716
2024-01-25 09:27:08.259 [warning] [Decorations] CAPPING events from decorations provider vscode.git 2716
2024-01-25 09:27:19.108 [warning] [Decorations] CAPPING events from decorations provider vscode.git 2716
2024-01-25 09:27:25.125 [warning] [Decorations] CAPPING events from decorations provider vscode.git 2716
2024-01-25 09:27:31.127 [warning] [Decorations] CAPPING events from decorations provider vscode.git 2716
2024-01-25 09:27:37.168 [warning] [Decorations] CAPPING events from decorations provider vscode.git 2716
2024-01-25 09:27:43.210 [warning] [Decorations] CAPPING events from decorations provider vscode.git 2716
2024-01-25 09:27:49.233 [warning] [Decorations] CAPPING events from decorations provider vscode.git 2716
2024-01-25 09:27:55.307 [warning] [Decorations] CAPPING events from decorations provider vscode.git 2716
2024-01-25 09:28:01.354 [warning] [Decorations] CAPPING events from decorations provider vscode.git 2716
2024-01-25 09:28:07.423 [warning] [Decorations] CAPPING events from decorations provider vscode.git 2716
2024-01-25 09:28:13.505 [warning] [Decorations] CAPPING events from decorations provider vscode.git 2716
2024-01-25 09:28:19.560 [warning] [Decorations] CAPPING events from decorations provider vscode.git 2716
2024-01-25 09:28:25.581 [warning] [Decorations] CAPPING events from decorations provider vscode.git 2716
2024-01-25 09:28:31.577 [warning] [Decorations] CAPPING events from decorations provider vscode.git 2716
2024-01-25 09:28:37.574 [warning] [Decorations] CAPPING events from decorations provider vscode.git 2716
2024-01-25 09:28:43.591 [warning] [Decorations] CAPPING events from decorations provider vscode.git 2716
2024-01-25 09:28:49.562 [warning] [Decorations] CAPPING events from decorations provider vscode.git 2716
2024-01-25 09:28:55.627 [warning] [Decorations] CAPPING events from decorations provider vscode.git 2716
2024-01-25 09:29:01.677 [warning] [Decorations] CAPPING events from decorations provider vscode.git 2716
2024-01-25 09:29:07.686 [warning] [Decorations] CAPPING events from decorations provider vscode.git 2716
2024-01-25 09:29:13.671 [warning] [Decorations] CAPPING events from decorations provider vscode.git 2716
2024-01-25 09:29:19.690 [warning] [Decorations] CAPPING events from decorations provider vscode.git 2716
2024-01-25 09:29:25.686 [warning] [Decorations] CAPPING events from decorations provider vscode.git 2716
2024-01-25 09:29:31.699 [warning] [Decorations] CAPPING events from decorations provider vscode.git 2716
2024-01-25 09:29:37.748 [warning] [Decorations] CAPPING events from decorations provider vscode.git 2716
2024-01-25 09:29:43.184 [warning] [Decorations] CAPPING events from decorations provider vscode.git 367
2024-01-25 09:29:43.769 [warning] [Decorations] CAPPING events from decorations provider vscode.git 2716
2024-01-25 09:29:44.534 [warning] [Decorations] CAPPING events from decorations provider vscode.git 367
2024-01-25 09:29:46.459 [warning] [Decorations] CAPPING events from decorations provider vscode.git 2716
2024-01-25 09:29:49.790 [warning] [Decorations] CAPPING events from decorations provider vscode.git 2716
2024-01-25 09:29:55.801 [warning] [Decorations] CAPPING events from decorations provider vscode.git 2716
2024-01-25 09:30:01.783 [warning] [Decorations] CAPPING events from decorations provider vscode.git 2717
2024-01-25 09:30:07.765 [warning] [Decorations] CAPPING events from decorations provider vscode.git 2718
2024-01-25 09:30:13.741 [warning] [Decorations] CAPPING events from decorations provider vscode.git 2718
2024-01-25 09:30:24.819 [warning] [Decorations] CAPPING events from decorations provider vscode.git 2718
2024-01-25 09:30:30.800 [warning] [Decorations] CAPPING events from decorations provider vscode.git 2718
2024-01-25 09:30:36.749 [warning] [Decorations] CAPPING events from decorations provider vscode.git 2718
2024-01-25 09:30:42.782 [warning] [Decorations] CAPPING events from decorations provider vscode.git 2718
2024-01-25 09:30:48.748 [warning] [Decorations] CAPPING events from decorations provider vscode.git 2718
2024-01-25 09:30:54.748 [warning] [Decorations] CAPPING events from decorations provider vscode.git 2718
2024-01-25 09:31:00.751 [warning] [Decorations] CAPPING events from decorations provider vscode.git 2719
2024-01-25 09:31:06.819 [warning] [Decorations] CAPPING events from decorations provider vscode.git 2719
2024-01-25 09:31:12.771 [warning] [Decorations] CAPPING events from decorations provider vscode.git 2719
2024-01-25 09:31:18.781 [warning] [Decorations] CAPPING events from decorations provider vscode.git 2719
2024-01-25 09:31:24.842 [warning] [Decorations] CAPPING events from decorations provider vscode.git 2719
2024-01-25 09:31:30.870 [warning] [Decorations] CAPPING events from decorations provider vscode.git 2719
2024-01-25 09:31:36.889 [warning] [Decorations] CAPPING events from decorations provider vscode.git 2719
2024-01-25 09:31:42.933 [warning] [Decorations] CAPPING events from decorations provider vscode.git 2719
2024-01-25 09:31:48.987 [warning] [Decorations] CAPPING events from decorations provider vscode.git 2719
2024-01-25 09:31:54.978 [warning] [Decorations] CAPPING events from decorations provider vscode.git 2719
2024-01-25 09:32:00.997 [warning] [Decorations] CAPPING events from decorations provider vscode.git 2719
2024-01-25 09:32:06.978 [warning] [Decorations] CAPPING events from decorations provider vscode.git 2719
2024-01-25 09:32:12.975 [warning] [Decorations] CAPPING events from decorations provider vscode.git 2719
2024-01-25 09:34:45.751 [warning] [Decorations] CAPPING events from decorations provider vscode.git 367
2024-01-25 09:34:46.590 [warning] [Decorations] CAPPING events from decorations provider vscode.git 2719
2024-01-25 09:34:47.325 [warning] [Decorations] CAPPING events from decorations provider vscode.git 367
2024-01-25 09:34:51.606 [warning] [Decorations] CAPPING events from decorations provider vscode.git 2719
2024-01-25 09:34:57.634 [warning] [Decorations] CAPPING events from decorations provider vscode.git 2719
2024-01-25 09:35:03.656 [warning] [Decorations] CAPPING events from decorations provider vscode.git 2719
2024-01-25 09:35:09.672 [warning] [Decorations] CAPPING events from decorations provider vscode.git 2719
2024-01-25 09:35:15.684 [warning] [Decorations] CAPPING events from decorations provider vscode.git 2719
2024-01-25 09:35:21.699 [warning] [Decorations] CAPPING events from decorations provider vscode.git 2719
2024-01-25 09:35:27.649 [warning] [Decorations] CAPPING events from decorations provider vscode.git 2719
2024-01-25 09:35:33.617 [warning] [Decorations] CAPPING events from decorations provider vscode.git 2719
2024-01-25 09:35:39.606 [warning] [Decorations] CAPPING events from decorations provider vscode.git 2719
2024-01-25 09:35:45.614 [warning] [Decorations] CAPPING events from decorations provider vscode.git 2719
2024-01-25 09:35:51.657 [warning] [Decorations] CAPPING events from decorations provider vscode.git 2719
2024-01-25 09:35:57.756 [warning] [Decorations] CAPPING events from decorations provider vscode.git 2719
2024-01-25 09:36:03.776 [warning] [Decorations] CAPPING events from decorations provider vscode.git 2719
2024-01-25 09:36:09.728 [warning] [Decorations] CAPPING events from decorations provider vscode.git 2719
2024-01-25 09:36:15.678 [warning] [Decorations] CAPPING events from decorations provider vscode.git 2719
2024-01-25 09:36:21.732 [warning] [Decorations] CAPPING events from decorations provider vscode.git 2719
2024-01-25 09:36:27.672 [warning] [Decorations] CAPPING events from decorations provider vscode.git 2719
2024-01-25 09:36:33.616 [warning] [Decorations] CAPPING events from decorations provider vscode.git 2719
2024-01-25 09:37:23.345 [warning] [Decorations] CAPPING events from decorations provider vscode.git 2719
2024-01-25 09:37:29.327 [warning] [Decorations] CAPPING events from decorations provider vscode.git 2719
2024-01-25 09:37:35.228 [warning] [Decorations] CAPPING events from decorations provider vscode.git 2719
2024-01-25 09:37:41.250 [warning] [Decorations] CAPPING events from decorations provider vscode.git 2719
2024-01-25 09:37:45.978 [warning] [Decorations] CAPPING events from decorations provider vscode.git 367
2024-01-25 09:37:47.282 [warning] [Decorations] CAPPING events from decorations provider vscode.git 2719
2024-01-25 09:37:47.334 [warning] [Decorations] CAPPING events from decorations provider vscode.git 367
2024-01-25 09:37:48.905 [warning] [Decorations] CAPPING events from decorations provider vscode.git 2719
2024-01-25 09:37:53.297 [warning] [Decorations] CAPPING events from decorations provider vscode.git 2719
2024-01-25 09:37:59.312 [warning] [Decorations] CAPPING events from decorations provider vscode.git 2719
2024-01-25 09:38:05.352 [warning] [Decorations] CAPPING events from decorations provider vscode.git 2721
2024-01-25 09:38:11.397 [warning] [Decorations] CAPPING events from decorations provider vscode.git 2721
2024-01-25 09:38:23.505 [warning] [Decorations] CAPPING events from decorations provider vscode.git 2721
2024-01-25 09:38:29.528 [warning] [Decorations] CAPPING events from decorations provider vscode.git 2721
2024-01-25 09:38:35.527 [warning] [Decorations] CAPPING events from decorations provider vscode.git 2721
2024-01-25 09:38:41.544 [warning] [Decorations] CAPPING events from decorations provider vscode.git 2721
2024-01-25 09:38:47.562 [warning] [Decorations] CAPPING events from decorations provider vscode.git 2721
2024-01-25 09:38:53.564 [warning] [Decorations] CAPPING events from decorations provider vscode.git 2721
2024-01-25 09:38:59.572 [warning] [Decorations] CAPPING events from decorations provider vscode.git 2721
2024-01-25 09:39:05.583 [warning] [Decorations] CAPPING events from decorations provider vscode.git 2721
2024-01-25 09:39:11.600 [warning] [Decorations] CAPPING events from decorations provider vscode.git 2721
2024-01-25 09:39:17.593 [warning] [Decorations] CAPPING events from decorations provider vscode.git 2721
2024-01-25 09:39:23.617 [warning] [Decorations] CAPPING events from decorations provider vscode.git 2721
2024-01-25 09:39:29.663 [warning] [Decorations] CAPPING events from decorations provider vscode.git 2721
2024-01-25 09:39:35.643 [warning] [Decorations] CAPPING events from decorations provider vscode.git 2721
2024-01-25 09:39:41.657 [warning] [Decorations] CAPPING events from decorations provider vscode.git 2721
2024-01-25 09:39:47.655 [warning] [Decorations] CAPPING events from decorations provider vscode.git 2721
2024-01-25 09:39:53.665 [warning] [Decorations] CAPPING events from decorations provider vscode.git 2721
2024-01-25 09:39:59.657 [warning] [Decorations] CAPPING events from decorations provider vscode.git 2721
2024-01-25 09:40:05.680 [warning] [Decorations] CAPPING events from decorations provider vscode.git 2721
2024-01-25 09:40:11.704 [warning] [Decorations] CAPPING events from decorations provider vscode.git 2721
2024-01-25 09:40:17.681 [warning] [Decorations] CAPPING events from decorations provider vscode.git 2721
2024-01-25 09:40:23.693 [warning] [Decorations] CAPPING events from decorations provider vscode.git 2721
2024-01-25 09:40:29.715 [warning] [Decorations] CAPPING events from decorations provider vscode.git 2721
2024-01-25 09:40:35.689 [warning] [Decorations] CAPPING events from decorations provider vscode.git 2721
2024-01-25 09:40:41.694 [warning] [Decorations] CAPPING events from decorations provider vscode.git 2721
2024-01-25 09:40:46.219 [warning] [Decorations] CAPPING events from decorations provider vscode.git 367
2024-01-25 09:40:47.469 [warning] [Decorations] CAPPING events from decorations provider vscode.git 367
2024-01-25 09:40:47.748 [warning] [Decorations] CAPPING events from decorations provider vscode.git 2721
2024-01-25 09:40:49.915 [warning] [Decorations] CAPPING events from decorations provider vscode.git 2721
2024-01-25 09:40:53.704 [warning] [Decorations] CAPPING events from decorations provider vscode.git 2721
2024-01-25 09:40:59.726 [warning] [Decorations] CAPPING events from decorations provider vscode.git 2721
2024-01-25 09:41:05.755 [warning] [Decorations] CAPPING events from decorations provider vscode.git 2721
2024-01-25 09:41:11.821 [warning] [Decorations] CAPPING events from decorations provider vscode.git 2721
2024-01-25 09:41:17.847 [warning] [Decorations] CAPPING events from decorations provider vscode.git 2721
2024-01-25 09:41:23.872 [warning] [Decorations] CAPPING events from decorations provider vscode.git 2721
2024-01-25 09:41:29.812 [warning] [Decorations] CAPPING events from decorations provider vscode.git 2721
2024-01-25 09:41:35.748 [warning] [Decorations] CAPPING events from decorations provider vscode.git 2721
2024-01-25 09:41:41.726 [warning] [Decorations] CAPPING events from decorations provider vscode.git 2723
2024-01-25 09:41:47.741 [warning] [Decorations] CAPPING events from decorations provider vscode.git 2723
2024-01-25 09:41:53.729 [warning] [Decorations] CAPPING events from decorations provider vscode.git 2723
2024-01-25 09:42:01.211 [warning] [Decorations] CAPPING events from decorations provider vscode.git 2723
2024-01-25 09:42:07.161 [warning] [Decorations] CAPPING events from decorations provider vscode.git 2723
2024-01-25 09:42:13.102 [warning] [Decorations] CAPPING events from decorations provider vscode.git 2723
2024-01-25 09:42:19.014 [warning] [Decorations] CAPPING events from decorations provider vscode.git 2723
2024-01-25 09:42:24.958 [warning] [Decorations] CAPPING events from decorations provider vscode.git 2723
2024-01-25 09:42:30.907 [warning] [Decorations] CAPPING events from decorations provider vscode.git 2723
2024-01-25 09:42:36.849 [warning] [Decorations] CAPPING events from decorations provider vscode.git 2723
2024-01-25 09:42:42.829 [warning] [Decorations] CAPPING events from decorations provider vscode.git 2723
2024-01-25 09:42:48.864 [warning] [Decorations] CAPPING events from decorations provider vscode.git 2723
2024-01-25 09:42:54.797 [warning] [Decorations] CAPPING events from decorations provider vscode.git 2723
2024-01-25 09:43:00.765 [warning] [Decorations] CAPPING events from decorations provider vscode.git 2723
2024-01-25 09:43:06.815 [warning] [Decorations] CAPPING events from decorations provider vscode.git 2723
2024-01-25 09:43:12.842 [warning] [Decorations] CAPPING events from decorations provider vscode.git 2723
2024-01-25 09:43:18.852 [warning] [Decorations] CAPPING events from decorations provider vscode.git 2723
2024-01-25 09:43:24.822 [warning] [Decorations] CAPPING events from decorations provider vscode.git 2723
2024-01-25 09:43:30.772 [warning] [Decorations] CAPPING events from decorations provider vscode.git 2723
2024-01-25 09:43:36.710 [warning] [Decorations] CAPPING events from decorations provider vscode.git 2723
2024-01-25 09:43:42.642 [warning] [Decorations] CAPPING events from decorations provider vscode.git 2723
2024-01-25 09:43:46.422 [warning] [Decorations] CAPPING events from decorations provider vscode.git 367
2024-01-25 09:43:47.662 [warning] [Decorations] CAPPING events from decorations provider vscode.git 367
2024-01-25 09:43:48.579 [warning] [Decorations] CAPPING events from decorations provider vscode.git 2723
2024-01-25 09:43:50.866 [warning] [Decorations] CAPPING events from decorations provider vscode.git 2723
2024-01-25 09:43:54.492 [warning] [Decorations] CAPPING events from decorations provider vscode.git 2723
2024-01-25 09:44:00.502 [warning] [Decorations] CAPPING events from decorations provider vscode.git 2723
2024-01-25 09:44:06.459 [warning] [Decorations] CAPPING events from decorations provider vscode.git 2723
2024-01-25 09:44:12.398 [warning] [Decorations] CAPPING events from decorations provider vscode.git 2723
2024-01-25 09:44:18.321 [warning] [Decorations] CAPPING events from decorations provider vscode.git 2723
2024-01-25 09:44:24.324 [warning] [Decorations] CAPPING events from decorations provider vscode.git 2723
2024-01-25 09:48:04.742 [warning] [Decorations] CAPPING events from decorations provider vscode.git 367
2024-01-25 09:48:05.616 [warning] [Decorations] CAPPING events from decorations provider vscode.git 2725
2024-01-25 09:48:06.370 [warning] [Decorations] CAPPING events from decorations provider vscode.git 367
2024-01-25 09:48:10.617 [warning] [Decorations] CAPPING events from decorations provider vscode.git 2725
2024-01-25 09:48:16.652 [warning] [Decorations] CAPPING events from decorations provider vscode.git 2725
2024-01-25 09:48:22.683 [warning] [Decorations] CAPPING events from decorations provider vscode.git 2725
2024-01-25 09:48:28.704 [warning] [Decorations] CAPPING events from decorations provider vscode.git 2725
2024-01-25 09:48:34.727 [warning] [Decorations] CAPPING events from decorations provider vscode.git 2725
2024-01-25 09:48:40.763 [warning] [Decorations] CAPPING events from decorations provider vscode.git 2725
2024-01-25 09:48:46.773 [warning] [Decorations] CAPPING events from decorations provider vscode.git 2725
2024-01-25 09:48:52.795 [warning] [Decorations] CAPPING events from decorations provider vscode.git 2725
2024-01-25 09:48:58.854 [warning] [Decorations] CAPPING events from decorations provider vscode.git 2725
2024-01-25 09:49:04.865 [warning] [Decorations] CAPPING events from decorations provider vscode.git 2725
2024-01-25 09:49:10.887 [warning] [Decorations] CAPPING events from decorations provider vscode.git 2725
2024-01-25 09:49:16.899 [warning] [Decorations] CAPPING events from decorations provider vscode.git 2725
2024-01-25 09:49:22.982 [warning] [Decorations] CAPPING events from decorations provider vscode.git 2725
2024-01-25 09:49:28.987 [warning] [Decorations] CAPPING events from decorations provider vscode.git 2725
2024-01-25 09:49:35.001 [warning] [Decorations] CAPPING events from decorations provider vscode.git 2725
2024-01-25 09:49:41.027 [warning] [Decorations] CAPPING events from decorations provider vscode.git 2725
2024-01-25 09:49:47.041 [warning] [Decorations] CAPPING events from decorations provider vscode.git 2725
2024-01-25 09:49:52.998 [warning] [Decorations] CAPPING events from decorations provider vscode.git 2725
2024-01-25 09:49:59.019 [warning] [Decorations] CAPPING events from decorations provider vscode.git 2725
2024-01-25 09:50:04.989 [warning] [Decorations] CAPPING events from decorations provider vscode.git 2725
2024-01-25 09:50:11.047 [warning] [Decorations] CAPPING events from decorations provider vscode.git 2725
2024-01-25 09:50:20.291 [warning] [Decorations] CAPPING events from decorations provider vscode.git 2725
2024-01-25 09:50:26.322 [warning] [Decorations] CAPPING events from decorations provider vscode.git 2725
2024-01-25 09:50:32.410 [warning] [Decorations] CAPPING events from decorations provider vscode.git 2725
2024-01-25 09:50:38.494 [warning] [Decorations] CAPPING events from decorations provider vscode.git 2725
2024-01-25 09:50:44.520 [warning] [Decorations] CAPPING events from decorations provider vscode.git 2725
2024-01-25 09:50:50.474 [warning] [Decorations] CAPPING events from decorations provider vscode.git 2725
2024-01-25 09:50:56.438 [warning] [Decorations] CAPPING events from decorations provider vscode.git 2725
2024-01-25 09:51:02.388 [warning] [Decorations] CAPPING events from decorations provider vscode.git 2725
2024-01-25 09:51:04.994 [warning] [Decorations] CAPPING events from decorations provider vscode.git 367
2024-01-25 09:51:06.233 [warning] [Decorations] CAPPING events from decorations provider vscode.git 367
2024-01-25 09:51:06.659 [warning] [Decorations] CAPPING events from decorations provider vscode.git 2725
2024-01-25 09:51:08.400 [warning] [Decorations] CAPPING events from decorations provider vscode.git 2725
2024-01-25 09:51:14.350 [warning] [Decorations] CAPPING events from decorations provider vscode.git 2725
2024-01-25 09:51:20.338 [warning] [Decorations] CAPPING events from decorations provider vscode.git 2725
2024-01-25 09:51:26.339 [warning] [Decorations] CAPPING events from decorations provider vscode.git 2725
2024-01-25 09:51:32.338 [warning] [Decorations] CAPPING events from decorations provider vscode.git 2725
2024-01-25 09:51:38.392 [warning] [Decorations] CAPPING events from decorations provider vscode.git 2725
2024-01-25 09:51:44.357 [warning] [Decorations] CAPPING events from decorations provider vscode.git 2725
2024-01-25 09:51:50.393 [warning] [Decorations] CAPPING events from decorations provider vscode.git 2725
2024-01-25 09:51:56.417 [warning] [Decorations] CAPPING events from decorations provider vscode.git 2725
2024-01-25 09:52:02.456 [warning] [Decorations] CAPPING events from decorations provider vscode.git 2725
2024-01-25 09:52:08.492 [warning] [Decorations] CAPPING events from decorations provider vscode.git 2725
2024-01-25 09:52:14.464 [warning] [Decorations] CAPPING events from decorations provider vscode.git 2725
2024-01-25 09:52:20.475 [warning] [Decorations] CAPPING events from decorations provider vscode.git 2725
2024-01-25 09:52:26.515 [warning] [Decorations] CAPPING events from decorations provider vscode.git 2725
2024-01-25 09:52:32.512 [warning] [Decorations] CAPPING events from decorations provider vscode.git 2725
2024-01-25 09:52:38.475 [warning] [Decorations] CAPPING events from decorations provider vscode.git 2725
2024-01-25 09:52:44.476 [warning] [Decorations] CAPPING events from decorations provider vscode.git 2725
2024-01-25 09:52:50.482 [warning] [Decorations] CAPPING events from decorations provider vscode.git 2725
2024-01-25 09:52:56.492 [warning] [Decorations] CAPPING events from decorations provider vscode.git 2725
2024-01-25 10:00:43.353 [info] ExtensionService#_doActivateExtension vscode.npm, startup: false, activationEvent: 'onTerminalQuickFixRequest:ms-vscode.npm-command'
2024-01-25 10:06:05.367 [warning] [Decorations] CAPPING events from decorations provider vscode.git 367
2024-01-25 10:06:06.242 [warning] [Decorations] CAPPING events from decorations provider vscode.git 2725
2024-01-25 10:06:07.948 [warning] [Decorations] CAPPING events from decorations provider vscode.git 367
2024-01-25 10:06:11.217 [warning] [Decorations] CAPPING events from decorations provider vscode.git 2725
2024-01-25 10:06:17.335 [warning] [Decorations] CAPPING events from decorations provider vscode.git 2725
2024-01-25 10:06:23.291 [warning] [Decorations] CAPPING events from decorations provider vscode.git 2725
2024-01-25 10:06:29.339 [warning] [Decorations] CAPPING events from decorations provider vscode.git 2725
2024-01-25 10:06:35.348 [warning] [Decorations] CAPPING events from decorations provider vscode.git 2725
2024-01-25 10:06:41.318 [warning] [Decorations] CAPPING events from decorations provider vscode.git 2725
2024-01-25 10:06:47.301 [warning] [Decorations] CAPPING events from decorations provider vscode.git 2725
2024-01-25 10:08:22.044 [warning] [Decorations] CAPPING events from decorations provider vscode.git 2725
2024-01-25 10:08:28.037 [warning] [Decorations] CAPPING events from decorations provider vscode.git 2725
2024-01-25 10:08:33.992 [warning] [Decorations] CAPPING events from decorations provider vscode.git 2725
2024-01-25 10:08:39.939 [warning] [Decorations] CAPPING events from decorations provider vscode.git 2725
2024-01-25 10:08:45.879 [warning] [Decorations] CAPPING events from decorations provider vscode.git 2725
2024-01-25 10:08:51.868 [warning] [Decorations] CAPPING events from decorations provider vscode.git 2725
2024-01-25 10:08:57.847 [warning] [Decorations] CAPPING events from decorations provider vscode.git 2725
2024-01-25 10:09:03.808 [warning] [Decorations] CAPPING events from decorations provider vscode.git 2725
2024-01-25 10:09:05.577 [warning] [Decorations] CAPPING events from decorations provider vscode.git 367
2024-01-25 10:09:07.077 [warning] [Decorations] CAPPING events from decorations provider vscode.git 367
2024-01-25 10:09:07.310 [warning] [Decorations] CAPPING events from decorations provider vscode.git 2725
2024-01-25 10:09:08.926 [warning] [Decorations] CAPPING events from decorations provider vscode.git 2725
2024-01-25 10:09:15.277 [warning] [Decorations] CAPPING events from decorations provider vscode.git 2725
2024-01-25 10:09:20.398 [warning] [Decorations] CAPPING events from decorations provider vscode.git 2725
2024-01-25 10:09:25.514 [warning] [Decorations] CAPPING events from decorations provider vscode.git 2725
2024-01-25 10:09:30.650 [warning] [Decorations] CAPPING events from decorations provider vscode.git 2725
2024-01-25 10:09:35.779 [warning] [Decorations] CAPPING events from decorations provider vscode.git 2725
2024-01-25 10:09:40.904 [warning] [Decorations] CAPPING events from decorations provider vscode.git 2725
2024-01-25 10:09:46.020 [warning] [Decorations] CAPPING events from decorations provider vscode.git 2725
2024-01-25 10:09:51.143 [warning] [Decorations] CAPPING events from decorations provider vscode.git 2697
2024-01-25 10:09:56.270 [warning] [Decorations] CAPPING events from decorations provider vscode.git 2697
2024-01-25 10:10:01.391 [warning] [Decorations] CAPPING events from decorations provider vscode.git 2697
2024-01-25 10:10:06.537 [warning] [Decorations] CAPPING events from decorations provider vscode.git 2697
2024-01-25 10:10:11.666 [warning] [Decorations] CAPPING events from decorations provider vscode.git 2697
2024-01-25 10:10:16.777 [warning] [Decorations] CAPPING events from decorations provider vscode.git 2697
2024-01-25 10:10:21.902 [warning] [Decorations] CAPPING events from decorations provider vscode.git 2697
2024-01-25 10:10:27.027 [warning] [Decorations] CAPPING events from decorations provider vscode.git 2697
2024-01-25 10:10:32.155 [warning] [Decorations] CAPPING events from decorations provider vscode.git 2697
2024-01-25 10:10:37.272 [warning] [Decorations] CAPPING events from decorations provider vscode.git 2697
2024-01-25 10:10:56.050 [warning] [Decorations] CAPPING events from decorations provider vscode.git 2697
2024-01-25 10:11:01.175 [warning] [Decorations] CAPPING events from decorations provider vscode.git 2697
2024-01-25 10:11:06.309 [warning] [Decorations] CAPPING events from decorations provider vscode.git 2697
2024-01-25 10:11:11.447 [warning] [Decorations] CAPPING events from decorations provider vscode.git 2698
2024-01-25 10:11:16.569 [warning] [Decorations] CAPPING events from decorations provider vscode.git 2698
2024-01-25 10:11:21.692 [warning] [Decorations] CAPPING events from decorations provider vscode.git 2698
2024-01-25 10:11:26.819 [warning] [Decorations] CAPPING events from decorations provider vscode.git 2698
2024-01-25 10:11:31.942 [warning] [Decorations] CAPPING events from decorations provider vscode.git 2698
2024-01-25 10:11:37.079 [warning] [Decorations] CAPPING events from decorations provider vscode.git 2698
2024-01-25 10:11:42.199 [warning] [Decorations] CAPPING events from decorations provider vscode.git 2698
2024-01-25 10:11:47.335 [warning] [Decorations] CAPPING events from decorations provider vscode.git 2698
2024-01-25 10:11:52.457 [warning] [Decorations] CAPPING events from decorations provider vscode.git 2698
2024-01-25 10:11:57.605 [warning] [Decorations] CAPPING events from decorations provider vscode.git 2698
2024-01-25 10:12:02.743 [warning] [Decorations] CAPPING events from decorations provider vscode.git 2698
2024-01-25 10:12:05.857 [warning] [Decorations] CAPPING events from decorations provider vscode.git 367
2024-01-25 10:12:07.471 [warning] [Decorations] CAPPING events from decorations provider vscode.git 367
2024-01-25 10:12:07.520 [warning] [Decorations] CAPPING events from decorations provider vscode.git 2698
2024-01-25 10:12:08.202 [warning] [Decorations] CAPPING events from decorations provider vscode.git 2698
2024-01-25 10:12:13.360 [warning] [Decorations] CAPPING events from decorations provider vscode.git 2698
2024-01-25 10:12:18.531 [warning] [Decorations] CAPPING events from decorations provider vscode.git 2698
2024-01-25 10:12:23.680 [warning] [Decorations] CAPPING events from decorations provider vscode.git 2698
2024-01-25 10:12:28.815 [warning] [Decorations] CAPPING events from decorations provider vscode.git 2698
2024-01-25 10:12:33.930 [warning] [Decorations] CAPPING events from decorations provider vscode.git 2698
2024-01-25 10:12:39.048 [warning] [Decorations] CAPPING events from decorations provider vscode.git 2698
2024-01-25 10:12:44.164 [warning] [Decorations] CAPPING events from decorations provider vscode.git 2698
2024-01-25 10:12:49.314 [warning] [Decorations] CAPPING events from decorations provider vscode.git 2698
2024-01-25 10:12:54.448 [warning] [Decorations] CAPPING events from decorations provider vscode.git 2698
2024-01-25 10:12:59.580 [warning] [Decorations] CAPPING events from decorations provider vscode.git 2698
2024-01-25 10:13:04.705 [warning] [Decorations] CAPPING events from decorations provider vscode.git 2698
2024-01-25 10:13:09.831 [warning] [Decorations] CAPPING events from decorations provider vscode.git 2698
2024-01-25 10:13:15.565 [warning] [Decorations] CAPPING events from decorations provider vscode.git 2698
2024-01-25 10:16:02.959 [warning] [Decorations] CAPPING events from decorations provider vscode.git 367
2024-01-25 10:16:04.353 [warning] [Decorations] CAPPING events from decorations provider vscode.git 367
2024-01-25 10:19:03.174 [warning] [Decorations] CAPPING events from decorations provider vscode.git 367
2024-01-25 10:19:04.412 [warning] [Decorations] CAPPING events from decorations provider vscode.git 367
2024-01-25 10:22:03.406 [warning] [Decorations] CAPPING events from decorations provider vscode.git 367
2024-01-25 10:22:04.727 [warning] [Decorations] CAPPING events from decorations provider vscode.git 367
2024-01-25 10:22:26.984 [warning] [Decorations] CAPPING events from decorations provider vscode.git 403
2024-01-25 10:31:45.777 [warning] [Decorations] CAPPING events from decorations provider vscode.git 403
2024-01-25 10:37:59.557 [warning] [Decorations] CAPPING events from decorations provider vscode.git 403
2024-01-25 10:49:26.076 [warning] [Decorations] CAPPING events from decorations provider vscode.git 367
2024-01-25 10:51:27.009 [warning] [Decorations] CAPPING events from decorations provider vscode.git 367
2024-01-25 11:10:36.416 [info] Extension host terminating: received terminate message from renderer
2024-01-25 11:10:36.417 [info] Lock '/home/s6chinwe/.vscode-server/data/User/workspaceStorage/265f34e7d57f32cf8761dd18fd195d9d/vscode.lock': Marking the lockfile as scheduled to be released in 6000 ms.
2024-01-25 11:10:36.470 [error] Canceled: Canceled
	at new g (/home/s6chinwe/.vscode-server/bin/8b3775030ed1a69b13e4f4c628c612102e30a681/out/vs/workbench/api/node/extensionHostProcess.js:141:110274)
	at u.U (/home/s6chinwe/.vscode-server/bin/8b3775030ed1a69b13e4f4c628c612102e30a681/out/vs/workbench/api/node/extensionHostProcess.js:150:10866)
	at P.<computed>.j.charCodeAt.P.<computed> (/home/s6chinwe/.vscode-server/bin/8b3775030ed1a69b13e4f4c628c612102e30a681/out/vs/workbench/api/node/extensionHostProcess.js:150:8317)
	at d.g (/home/s6chinwe/.vscode-server/bin/8b3775030ed1a69b13e4f4c628c612102e30a681/out/vs/workbench/api/node/extensionHostProcess.js:141:139555)
	at d.executeCommand (/home/s6chinwe/.vscode-server/bin/8b3775030ed1a69b13e4f4c628c612102e30a681/out/vs/workbench/api/node/extensionHostProcess.js:141:138993)
	at b.registerCommand.description (/home/s6chinwe/.vscode-server/bin/8b3775030ed1a69b13e4f4c628c612102e30a681/out/vs/workbench/api/node/extensionHostProcess.js:141:138317)
	at d.h (/home/s6chinwe/.vscode-server/bin/8b3775030ed1a69b13e4f4c628c612102e30a681/out/vs/workbench/api/node/extensionHostProcess.js:141:140094)
	at d.g (/home/s6chinwe/.vscode-server/bin/8b3775030ed1a69b13e4f4c628c612102e30a681/out/vs/workbench/api/node/extensionHostProcess.js:141:139086)
	at d.executeCommand (/home/s6chinwe/.vscode-server/bin/8b3775030ed1a69b13e4f4c628c612102e30a681/out/vs/workbench/api/node/extensionHostProcess.js:141:138993)
	at Object.executeCommand (/home/s6chinwe/.vscode-server/bin/8b3775030ed1a69b13e4f4c628c612102e30a681/out/vs/workbench/api/node/extensionHostProcess.js:158:21333)
	at f.I [as value] (/home/s6chinwe/.vscode-server/bin/8b3775030ed1a69b13e4f4c628c612102e30a681/extensions/git/dist/main.js:2:924696)
	at n.y (/home/s6chinwe/.vscode-server/bin/8b3775030ed1a69b13e4f4c628c612102e30a681/out/vs/workbench/api/node/extensionHostProcess.js:80:1902)
	at n.z (/home/s6chinwe/.vscode-server/bin/8b3775030ed1a69b13e4f4c628c612102e30a681/out/vs/workbench/api/node/extensionHostProcess.js:80:1972)
	at n.fire (/home/s6chinwe/.vscode-server/bin/8b3775030ed1a69b13e4f4c628c612102e30a681/out/vs/workbench/api/node/extensionHostProcess.js:80:2188)
	at Object.m [as dispose] (/home/s6chinwe/.vscode-server/bin/8b3775030ed1a69b13e4f4c628c612102e30a681/extensions/git/dist/main.js:2:940613)
	at /home/s6chinwe/.vscode-server/bin/8b3775030ed1a69b13e4f4c628c612102e30a681/extensions/git/dist/main.js:2:945566
	at Array.forEach (<anonymous>)
	at p.dispose (/home/s6chinwe/.vscode-server/bin/8b3775030ed1a69b13e4f4c628c612102e30a681/extensions/git/dist/main.js:2:945552)
	at l.<anonymous> (/home/s6chinwe/.vscode-server/bin/8b3775030ed1a69b13e4f4c628c612102e30a681/out/vs/workbench/api/node/extensionHostProcess.js:137:3620)
	at l.dispose (/home/s6chinwe/.vscode-server/bin/8b3775030ed1a69b13e4f4c628c612102e30a681/out/vs/workbench/api/node/extensionHostProcess.js:137:3717)
	at l.<anonymous> (/home/s6chinwe/.vscode-server/bin/8b3775030ed1a69b13e4f4c628c612102e30a681/extensions/git/dist/main.js:2:926708)
	at l.dispose (/home/s6chinwe/.vscode-server/bin/8b3775030ed1a69b13e4f4c628c612102e30a681/out/vs/workbench/api/node/extensionHostProcess.js:137:3717)
	at s (/home/s6chinwe/.vscode-server/bin/8b3775030ed1a69b13e4f4c628c612102e30a681/out/vs/workbench/api/node/extensionHostProcess.js:30:754)
	at f.cb (/home/s6chinwe/.vscode-server/bin/8b3775030ed1a69b13e4f4c628c612102e30a681/out/vs/workbench/api/node/extensionHostProcess.js:154:9873)
	at /home/s6chinwe/.vscode-server/bin/8b3775030ed1a69b13e4f4c628c612102e30a681/out/vs/workbench/api/node/extensionHostProcess.js:154:7808
	at Array.map (<anonymous>)
	at f.Y (/home/s6chinwe/.vscode-server/bin/8b3775030ed1a69b13e4f4c628c612102e30a681/out/vs/workbench/api/node/extensionHostProcess.js:154:7795)
	at f.terminate (/home/s6chinwe/.vscode-server/bin/8b3775030ed1a69b13e4f4c628c612102e30a681/out/vs/workbench/api/node/extensionHostProcess.js:154:8068)
	at s.terminate (/home/s6chinwe/.vscode-server/bin/8b3775030ed1a69b13e4f4c628c612102e30a681/out/vs/workbench/api/node/extensionHostProcess.js:158:1513)
	at a (/home/s6chinwe/.vscode-server/bin/8b3775030ed1a69b13e4f4c628c612102e30a681/out/vs/workbench/api/node/extensionHostProcess.js:171:9802)
	at f.value (/home/s6chinwe/.vscode-server/bin/8b3775030ed1a69b13e4f4c628c612102e30a681/out/vs/workbench/api/node/extensionHostProcess.js:171:7849)
	at n.y (/home/s6chinwe/.vscode-server/bin/8b3775030ed1a69b13e4f4c628c612102e30a681/out/vs/workbench/api/node/extensionHostProcess.js:80:1902)
	at n.fire (/home/s6chinwe/.vscode-server/bin/8b3775030ed1a69b13e4f4c628c612102e30a681/out/vs/workbench/api/node/extensionHostProcess.js:80:2119)
	at o.fire (/home/s6chinwe/.vscode-server/bin/8b3775030ed1a69b13e4f4c628c612102e30a681/out/vs/workbench/api/node/extensionHostProcess.js:103:14039)
	at d.z (/home/s6chinwe/.vscode-server/bin/8b3775030ed1a69b13e4f4c628c612102e30a681/out/vs/workbench/api/node/extensionHostProcess.js:103:17104)
	at f.value (/home/s6chinwe/.vscode-server/bin/8b3775030ed1a69b13e4f4c628c612102e30a681/out/vs/workbench/api/node/extensionHostProcess.js:103:15556)
	at n.y (/home/s6chinwe/.vscode-server/bin/8b3775030ed1a69b13e4f4c628c612102e30a681/out/vs/workbench/api/node/extensionHostProcess.js:80:1902)
	at n.fire (/home/s6chinwe/.vscode-server/bin/8b3775030ed1a69b13e4f4c628c612102e30a681/out/vs/workbench/api/node/extensionHostProcess.js:80:2119)
	at f.acceptChunk (/home/s6chinwe/.vscode-server/bin/8b3775030ed1a69b13e4f4c628c612102e30a681/out/vs/workbench/api/node/extensionHostProcess.js:103:11813)
	at f.value (/home/s6chinwe/.vscode-server/bin/8b3775030ed1a69b13e4f4c628c612102e30a681/out/vs/workbench/api/node/extensionHostProcess.js:103:11100)
	at n.y (/home/s6chinwe/.vscode-server/bin/8b3775030ed1a69b13e4f4c628c612102e30a681/out/vs/workbench/api/node/extensionHostProcess.js:80:1902)
	at n.fire (/home/s6chinwe/.vscode-server/bin/8b3775030ed1a69b13e4f4c628c612102e30a681/out/vs/workbench/api/node/extensionHostProcess.js:80:2119)
	at n.z (/home/s6chinwe/.vscode-server/bin/8b3775030ed1a69b13e4f4c628c612102e30a681/out/vs/workbench/api/node/extensionHostProcess.js:168:19507) setContext undefined
2024-01-25 11:10:36.470 [error] Canceled: Canceled
	at new g (/home/s6chinwe/.vscode-server/bin/8b3775030ed1a69b13e4f4c628c612102e30a681/out/vs/workbench/api/node/extensionHostProcess.js:141:110274)
	at u.U (/home/s6chinwe/.vscode-server/bin/8b3775030ed1a69b13e4f4c628c612102e30a681/out/vs/workbench/api/node/extensionHostProcess.js:150:10866)
	at P.<computed>.j.charCodeAt.P.<computed> (/home/s6chinwe/.vscode-server/bin/8b3775030ed1a69b13e4f4c628c612102e30a681/out/vs/workbench/api/node/extensionHostProcess.js:150:8317)
	at d.g (/home/s6chinwe/.vscode-server/bin/8b3775030ed1a69b13e4f4c628c612102e30a681/out/vs/workbench/api/node/extensionHostProcess.js:141:139555)
	at d.executeCommand (/home/s6chinwe/.vscode-server/bin/8b3775030ed1a69b13e4f4c628c612102e30a681/out/vs/workbench/api/node/extensionHostProcess.js:141:138993)
	at b.registerCommand.description (/home/s6chinwe/.vscode-server/bin/8b3775030ed1a69b13e4f4c628c612102e30a681/out/vs/workbench/api/node/extensionHostProcess.js:141:138317)
	at d.h (/home/s6chinwe/.vscode-server/bin/8b3775030ed1a69b13e4f4c628c612102e30a681/out/vs/workbench/api/node/extensionHostProcess.js:141:140094)
	at d.g (/home/s6chinwe/.vscode-server/bin/8b3775030ed1a69b13e4f4c628c612102e30a681/out/vs/workbench/api/node/extensionHostProcess.js:141:139086)
	at d.executeCommand (/home/s6chinwe/.vscode-server/bin/8b3775030ed1a69b13e4f4c628c612102e30a681/out/vs/workbench/api/node/extensionHostProcess.js:141:138993)
	at Object.executeCommand (/home/s6chinwe/.vscode-server/bin/8b3775030ed1a69b13e4f4c628c612102e30a681/out/vs/workbench/api/node/extensionHostProcess.js:158:21333)
	at set b [as b] (/home/s6chinwe/.vscode-server/bin/8b3775030ed1a69b13e4f4c628c612102e30a681/extensions/github/dist/extension.js:2:322364)
	at /home/s6chinwe/.vscode-server/bin/8b3775030ed1a69b13e4f4c628c612102e30a681/extensions/github/dist/extension.js:2:323005
	at f.value (/home/s6chinwe/.vscode-server/bin/8b3775030ed1a69b13e4f4c628c612102e30a681/extensions/git/dist/main.js:2:1016450)
	at n.y (/home/s6chinwe/.vscode-server/bin/8b3775030ed1a69b13e4f4c628c612102e30a681/out/vs/workbench/api/node/extensionHostProcess.js:80:1902)
	at n.z (/home/s6chinwe/.vscode-server/bin/8b3775030ed1a69b13e4f4c628c612102e30a681/out/vs/workbench/api/node/extensionHostProcess.js:80:1972)
	at n.fire (/home/s6chinwe/.vscode-server/bin/8b3775030ed1a69b13e4f4c628c612102e30a681/out/vs/workbench/api/node/extensionHostProcess.js:80:2188)
	at Object.m [as dispose] (/home/s6chinwe/.vscode-server/bin/8b3775030ed1a69b13e4f4c628c612102e30a681/extensions/git/dist/main.js:2:940613)
	at /home/s6chinwe/.vscode-server/bin/8b3775030ed1a69b13e4f4c628c612102e30a681/extensions/git/dist/main.js:2:945566
	at Array.forEach (<anonymous>)
	at p.dispose (/home/s6chinwe/.vscode-server/bin/8b3775030ed1a69b13e4f4c628c612102e30a681/extensions/git/dist/main.js:2:945552)
	at l.<anonymous> (/home/s6chinwe/.vscode-server/bin/8b3775030ed1a69b13e4f4c628c612102e30a681/out/vs/workbench/api/node/extensionHostProcess.js:137:3620)
	at l.dispose (/home/s6chinwe/.vscode-server/bin/8b3775030ed1a69b13e4f4c628c612102e30a681/out/vs/workbench/api/node/extensionHostProcess.js:137:3717)
	at l.<anonymous> (/home/s6chinwe/.vscode-server/bin/8b3775030ed1a69b13e4f4c628c612102e30a681/extensions/git/dist/main.js:2:926708)
	at l.dispose (/home/s6chinwe/.vscode-server/bin/8b3775030ed1a69b13e4f4c628c612102e30a681/out/vs/workbench/api/node/extensionHostProcess.js:137:3717)
	at s (/home/s6chinwe/.vscode-server/bin/8b3775030ed1a69b13e4f4c628c612102e30a681/out/vs/workbench/api/node/extensionHostProcess.js:30:754)
	at f.cb (/home/s6chinwe/.vscode-server/bin/8b3775030ed1a69b13e4f4c628c612102e30a681/out/vs/workbench/api/node/extensionHostProcess.js:154:9873)
	at /home/s6chinwe/.vscode-server/bin/8b3775030ed1a69b13e4f4c628c612102e30a681/out/vs/workbench/api/node/extensionHostProcess.js:154:7808
	at Array.map (<anonymous>)
	at f.Y (/home/s6chinwe/.vscode-server/bin/8b3775030ed1a69b13e4f4c628c612102e30a681/out/vs/workbench/api/node/extensionHostProcess.js:154:7795)
	at f.terminate (/home/s6chinwe/.vscode-server/bin/8b3775030ed1a69b13e4f4c628c612102e30a681/out/vs/workbench/api/node/extensionHostProcess.js:154:8068)
	at s.terminate (/home/s6chinwe/.vscode-server/bin/8b3775030ed1a69b13e4f4c628c612102e30a681/out/vs/workbench/api/node/extensionHostProcess.js:158:1513)
	at a (/home/s6chinwe/.vscode-server/bin/8b3775030ed1a69b13e4f4c628c612102e30a681/out/vs/workbench/api/node/extensionHostProcess.js:171:9802)
	at f.value (/home/s6chinwe/.vscode-server/bin/8b3775030ed1a69b13e4f4c628c612102e30a681/out/vs/workbench/api/node/extensionHostProcess.js:171:7849)
	at n.y (/home/s6chinwe/.vscode-server/bin/8b3775030ed1a69b13e4f4c628c612102e30a681/out/vs/workbench/api/node/extensionHostProcess.js:80:1902)
	at n.fire (/home/s6chinwe/.vscode-server/bin/8b3775030ed1a69b13e4f4c628c612102e30a681/out/vs/workbench/api/node/extensionHostProcess.js:80:2119)
	at o.fire (/home/s6chinwe/.vscode-server/bin/8b3775030ed1a69b13e4f4c628c612102e30a681/out/vs/workbench/api/node/extensionHostProcess.js:103:14039)
	at d.z (/home/s6chinwe/.vscode-server/bin/8b3775030ed1a69b13e4f4c628c612102e30a681/out/vs/workbench/api/node/extensionHostProcess.js:103:17104)
	at f.value (/home/s6chinwe/.vscode-server/bin/8b3775030ed1a69b13e4f4c628c612102e30a681/out/vs/workbench/api/node/extensionHostProcess.js:103:15556)
	at n.y (/home/s6chinwe/.vscode-server/bin/8b3775030ed1a69b13e4f4c628c612102e30a681/out/vs/workbench/api/node/extensionHostProcess.js:80:1902)
	at n.fire (/home/s6chinwe/.vscode-server/bin/8b3775030ed1a69b13e4f4c628c612102e30a681/out/vs/workbench/api/node/extensionHostProcess.js:80:2119)
	at f.acceptChunk (/home/s6chinwe/.vscode-server/bin/8b3775030ed1a69b13e4f4c628c612102e30a681/out/vs/workbench/api/node/extensionHostProcess.js:103:11813)
	at f.value (/home/s6chinwe/.vscode-server/bin/8b3775030ed1a69b13e4f4c628c612102e30a681/out/vs/workbench/api/node/extensionHostProcess.js:103:11100)
	at n.y (/home/s6chinwe/.vscode-server/bin/8b3775030ed1a69b13e4f4c628c612102e30a681/out/vs/workbench/api/node/extensionHostProcess.js:80:1902)
	at n.fire (/home/s6chinwe/.vscode-server/bin/8b3775030ed1a69b13e4f4c628c612102e30a681/out/vs/workbench/api/node/extensionHostProcess.js:80:2119)
	at n.z (/home/s6chinwe/.vscode-server/bin/8b3775030ed1a69b13e4f4c628c612102e30a681/out/vs/workbench/api/node/extensionHostProcess.js:168:19507) setContext undefined
2024-01-25 11:10:36.471 [info] Extension host with pid 1304308 exiting with code 0
