2024-02-02 09:27:26.010 [info] Extension host with pid 192414 started
2024-02-02 09:27:29.067 [info] ExtensionService#_doActivateExtension vscode.git-base, startup: true, activationEvent: '*', root cause: vscode.git
2024-02-02 09:27:29.689 [info] ExtensionService#_doActivateExtension vscode.git, startup: true, activationEvent: '*'
2024-02-02 09:27:29.689 [info] ExtensionService#_doActivateExtension vscode.github, startup: true, activationEvent: '*'
2024-02-02 09:27:29.956 [info] Eager extensions activated
2024-02-02 09:27:29.956 [info] ExtensionService#_doActivateExtension vscode.debug-auto-launch, startup: false, activationEvent: 'onStartupFinished'
2024-02-02 09:27:29.956 [info] ExtensionService#_doActivateExtension vscode.merge-conflict, startup: false, activationEvent: 'onStartupFinished'
2024-02-02 10:01:52.226 [info] ExtensionService#_doActivateExtension vscode.npm, startup: false, activationEvent: 'onTerminalQuickFixRequest:ms-vscode.npm-command'
2024-02-02 17:31:17.528 [info] Extension host terminating: renderer disconnected for too long (2)
2024-02-02 17:31:17.541 [info] Extension host with pid 192414 exiting with code 0
2024-02-02 17:46:54.107 [info] Extension host with pid 313319 started
2024-02-02 17:46:54.490 [info] ExtensionService#_doActivateExtension vscode.npm, startup: false, activationEvent: 'onTerminalQuickFixRequest:ms-vscode.npm-command'
2024-02-02 17:46:55.153 [info] ExtensionService#_doActivateExtension vscode.git-base, startup: true, activationEvent: '*', root cause: vscode.git
2024-02-02 17:46:55.230 [info] ExtensionService#_doActivateExtension vscode.git, startup: true, activationEvent: '*'
2024-02-02 17:46:55.230 [info] ExtensionService#_doActivateExtension vscode.github, startup: true, activationEvent: '*'
2024-02-02 17:46:55.471 [info] Eager extensions activated
2024-02-02 17:46:55.472 [info] ExtensionService#_doActivateExtension vscode.debug-auto-launch, startup: false, activationEvent: 'onStartupFinished'
2024-02-02 17:46:55.472 [info] ExtensionService#_doActivateExtension vscode.merge-conflict, startup: false, activationEvent: 'onStartupFinished'
2024-02-03 01:33:46.780 [error] Error: read ECONNRESET
	at TCP.onStreamRead (node:internal/stream_base_commons:217:20)
2024-02-03 04:33:56.732 [info] Extension host terminating: renderer disconnected for too long (1)
2024-02-03 04:33:56.746 [info] Extension host with pid 313319 exiting with code 0
