2024-02-10 00:44:15.704 [info] Log level: Info
2024-02-10 00:44:15.704 [info] Validating found git in: "git"
2024-02-10 00:44:15.704 [info] Using git "2.34.1" from "git"
2024-02-10 00:44:15.704 [info] > git rev-parse --show-toplevel [25ms]
2024-02-10 00:44:15.704 [info] fatal: not a git repository (or any of the parent directories): .git
2024-02-10 00:44:15.704 [info] > git rev-parse --show-toplevel [1ms]
2024-02-10 00:44:15.704 [info] fatal: not a git repository (or any of the parent directories): .git
2024-02-10 00:44:16.536 [info] > git rev-parse --show-toplevel [2ms]
2024-02-10 00:44:16.536 [info] fatal: not a git repository (or any of the parent directories): .git
2024-02-10 00:44:16.770 [info] > git rev-parse --show-toplevel [1ms]
2024-02-10 00:44:16.770 [info] fatal: not a git repository (or any of the parent directories): .git
2024-02-10 00:44:16.784 [info] > git rev-parse --show-toplevel [1ms]
2024-02-10 00:44:16.784 [info] fatal: not a git repository (or any of the parent directories): .git
2024-02-10 00:44:16.791 [info] > git rev-parse --show-toplevel [1ms]
2024-02-10 00:44:16.791 [info] fatal: not a git repository (or any of the parent directories): .git
2024-02-10 00:48:29.620 [info] > git rev-parse --show-toplevel [1ms]
2024-02-10 00:48:29.620 [info] fatal: not a git repository (or any of the parent directories): .git
2024-02-10 00:49:56.851 [info] > git rev-parse --show-toplevel [1ms]
2024-02-10 00:49:56.851 [info] fatal: not a git repository (or any of the parent directories): .git
2024-02-10 00:58:11.096 [info] > git rev-parse --show-toplevel [1ms]
2024-02-10 00:58:11.096 [info] fatal: not a git repository (or any of the parent directories): .git
2024-02-10 01:02:57.167 [info] > git rev-parse --show-toplevel [2ms]
2024-02-10 01:02:57.167 [info] fatal: not a git repository (or any of the parent directories): .git
2024-02-10 01:05:28.596 [info] > git rev-parse --show-toplevel [1ms]
2024-02-10 01:05:28.596 [info] fatal: not a git repository (or any of the parent directories): .git
2024-02-10 01:06:36.758 [info] > git rev-parse --show-toplevel [1ms]
2024-02-10 01:06:36.758 [info] fatal: not a git repository (or any of the parent directories): .git
2024-02-10 01:07:48.605 [info] > git rev-parse --show-toplevel [1ms]
2024-02-10 01:07:48.605 [info] fatal: not a git repository (or any of the parent directories): .git
2024-02-10 01:09:25.570 [info] > git rev-parse --show-toplevel [1ms]
2024-02-10 01:09:25.570 [info] fatal: not a git repository (or any of the parent directories): .git
2024-02-10 01:19:09.725 [info] > git rev-parse --show-toplevel [1ms]
2024-02-10 01:19:09.725 [info] fatal: not a git repository (or any of the parent directories): .git
2024-02-10 01:24:56.883 [info] > git rev-parse --show-toplevel [1ms]
2024-02-10 01:24:56.883 [info] fatal: not a git repository (or any of the parent directories): .git
2024-02-10 01:25:00.005 [info] > git rev-parse --show-toplevel [1ms]
2024-02-10 01:25:00.005 [info] fatal: not a git repository (or any of the parent directories): .git
2024-02-10 01:25:00.012 [info] > git rev-parse --show-toplevel [1ms]
2024-02-10 01:25:00.012 [info] fatal: not a git repository (or any of the parent directories): .git
2024-02-10 01:30:48.919 [info] > git rev-parse --show-toplevel [1ms]
2024-02-10 01:30:48.919 [info] fatal: not a git repository (or any of the parent directories): .git
