2024-02-02 09:27:26.654 [info] Log level: Info
2024-02-02 09:27:26.654 [info] Validating found git in: "git"
2024-02-02 09:27:26.655 [info] Using git "2.34.1" from "git"
2024-02-02 09:27:26.655 [info] > git rev-parse --show-toplevel [40ms]
2024-02-02 09:27:26.655 [info] > git rev-parse --git-dir --git-common-dir [4ms]
2024-02-02 09:27:26.655 [info] Open repository: /home/s6chinwe
2024-02-02 09:27:26.655 [info] > git config --get commit.template [9ms]
2024-02-02 09:27:26.655 [info] > git for-each-ref --format=%(refname)%00%(upstream:short)%00%(objectname)%00%(upstream:track)%00%(upstream:remotename)%00%(upstream:remoteref) refs/heads/s6chinwe refs/remotes/s6chinwe [3ms]
2024-02-02 09:27:26.655 [info] > git rev-parse --show-toplevel [31ms]
2024-02-02 09:27:26.655 [info] > git rev-parse --git-dir --git-common-dir [3ms]
2024-02-02 09:27:26.655 [info] Open repository: /home/s6chinwe/Espresso_/S6-PROJECTS
2024-02-02 09:27:26.655 [info] > git rev-parse --show-toplevel [2ms]
2024-02-02 09:27:26.655 [info] > git config --get commit.template [9ms]
2024-02-02 09:27:26.655 [info] > git rev-parse --show-toplevel [7ms]
2024-02-02 09:27:26.655 [info] > git rev-parse --show-toplevel [1ms]
2024-02-02 09:27:26.655 [info] > git rev-parse --show-toplevel [2ms]
2024-02-02 09:27:26.655 [info] > git rev-parse --show-toplevel [1ms]
2024-02-02 09:27:26.655 [info] > git for-each-ref --format=%(refname)%00%(upstream:short)%00%(objectname)%00%(upstream:track)%00%(upstream:remotename)%00%(upstream:remoteref) refs/heads/main refs/remotes/main [97ms]
2024-02-02 09:27:26.655 [info] > git status -z -uall [63ms]
2024-02-02 09:27:26.655 [info] > git config --get commit.template [8ms]
2024-02-02 09:27:26.655 [info] > git for-each-ref --format=%(refname)%00%(upstream:short)%00%(objectname)%00%(upstream:track)%00%(upstream:remotename)%00%(upstream:remoteref) refs/heads/main refs/remotes/main [2ms]
2024-02-02 09:27:26.655 [info] > git status -z -uall [7ms]
2024-02-02 09:27:35.218 [info] > git status -z -uall [8941ms]
2024-02-02 09:27:35.248 [info] > git config --get commit.template [8ms]
2024-02-02 09:27:35.249 [info] > git for-each-ref --format=%(refname)%00%(upstream:short)%00%(objectname)%00%(upstream:track)%00%(upstream:remotename)%00%(upstream:remoteref) refs/heads/s6chinwe refs/remotes/s6chinwe [2ms]
2024-02-02 09:27:37.099 [info] > git status -z -uall [1843ms]
2024-02-02 10:47:16.070 [info] > git config --get commit.template [9ms]
2024-02-02 10:47:16.071 [info] > git for-each-ref --format=%(refname)%00%(upstream:short)%00%(objectname)%00%(upstream:track)%00%(upstream:remotename)%00%(upstream:remoteref) refs/heads/s6chinwe refs/remotes/s6chinwe [5ms]
2024-02-02 10:47:16.255 [info] > git fetch [219ms]
2024-02-02 10:47:16.256 [info] From https://github.com/DEL-ORG/s6chinwe-projects
 * branch            s6chinwe   -> FETCH_HEAD
2024-02-02 10:47:16.266 [info] > git status -z -uall [186ms] (cancelled)
2024-02-02 10:47:16.268 [info] > git config --get commit.template [2ms]
2024-02-02 10:47:16.276 [info] > git for-each-ref --format=%(refname)%00%(upstream:short)%00%(objectname)%00%(upstream:track)%00%(upstream:remotename)%00%(upstream:remoteref) refs/heads/s6chinwe refs/remotes/s6chinwe [2ms]
2024-02-02 10:47:16.337 [info] > git fetch [293ms]
2024-02-02 10:47:16.355 [info] > git config --get commit.template [9ms]
2024-02-02 10:47:16.356 [info] > git for-each-ref --format=%(refname)%00%(upstream:short)%00%(objectname)%00%(upstream:track)%00%(upstream:remotename)%00%(upstream:remoteref) refs/heads/main refs/remotes/main [3ms]
2024-02-02 10:47:16.372 [info] > git status -z -uall [6ms]
2024-02-02 10:47:17.626 [info] > git config --get commit.template [16ms]
2024-02-02 10:47:17.628 [info] > git for-each-ref --format=%(refname)%00%(upstream:short)%00%(objectname)%00%(upstream:track)%00%(upstream:remotename)%00%(upstream:remoteref) refs/heads/main refs/remotes/main [4ms]
2024-02-02 10:47:17.645 [info] > git status -z -uall [9ms]
2024-02-02 10:47:18.198 [info] > git status -z -uall [1914ms]
2024-02-02 10:47:21.279 [info] > git config --get commit.template [8ms]
2024-02-02 10:47:21.280 [info] > git for-each-ref --format=%(refname)%00%(upstream:short)%00%(objectname)%00%(upstream:track)%00%(upstream:remotename)%00%(upstream:remoteref) refs/heads/s6chinwe refs/remotes/s6chinwe [3ms]
2024-02-02 10:47:23.137 [info] > git status -z -uall [1850ms]
2024-02-02 10:47:28.162 [info] > git config --get commit.template [8ms]
2024-02-02 10:47:28.163 [info] > git for-each-ref --format=%(refname)%00%(upstream:short)%00%(objectname)%00%(upstream:track)%00%(upstream:remotename)%00%(upstream:remoteref) refs/heads/s6chinwe refs/remotes/s6chinwe [2ms]
2024-02-02 10:47:30.006 [info] > git status -z -uall [1837ms]
2024-02-02 10:47:31.425 [info] > git check-ignore -v -z --stdin [5ms]
2024-02-02 10:47:35.026 [info] > git config --get commit.template [7ms]
2024-02-02 10:47:35.028 [info] > git for-each-ref --format=%(refname)%00%(upstream:short)%00%(objectname)%00%(upstream:track)%00%(upstream:remotename)%00%(upstream:remoteref) refs/heads/s6chinwe refs/remotes/s6chinwe [2ms]
2024-02-02 10:47:36.842 [info] > git status -z -uall [1807ms]
2024-02-02 10:47:41.864 [info] > git config --get commit.template [7ms]
2024-02-02 10:47:41.865 [info] > git for-each-ref --format=%(refname)%00%(upstream:short)%00%(objectname)%00%(upstream:track)%00%(upstream:remotename)%00%(upstream:remoteref) refs/heads/s6chinwe refs/remotes/s6chinwe [2ms]
2024-02-02 10:47:42.030 [info] > git check-ignore -v -z --stdin [11ms]
2024-02-02 10:47:42.031 [info] > git check-ignore -v -z --stdin [3ms]
2024-02-02 10:47:43.698 [info] > git status -z -uall [1828ms]
2024-02-02 10:47:45.466 [info] > git check-ignore -v -z --stdin [3ms]
2024-02-02 10:47:48.724 [info] > git config --get commit.template [9ms]
2024-02-02 10:47:48.725 [info] > git for-each-ref --format=%(refname)%00%(upstream:short)%00%(objectname)%00%(upstream:track)%00%(upstream:remotename)%00%(upstream:remoteref) refs/heads/s6chinwe refs/remotes/s6chinwe [2ms]
2024-02-02 10:47:50.634 [info] > git status -z -uall [1902ms]
2024-02-02 10:47:55.656 [info] > git config --get commit.template [6ms]
2024-02-02 10:47:55.657 [info] > git for-each-ref --format=%(refname)%00%(upstream:short)%00%(objectname)%00%(upstream:track)%00%(upstream:remotename)%00%(upstream:remoteref) refs/heads/s6chinwe refs/remotes/s6chinwe [1ms]
2024-02-02 10:47:57.472 [info] > git status -z -uall [1809ms]
2024-02-02 10:48:01.349 [info] > git check-ignore -v -z --stdin [4ms]
2024-02-02 10:48:02.492 [info] > git config --get commit.template [7ms]
2024-02-02 10:48:02.493 [info] > git for-each-ref --format=%(refname)%00%(upstream:short)%00%(objectname)%00%(upstream:track)%00%(upstream:remotename)%00%(upstream:remoteref) refs/heads/s6chinwe refs/remotes/s6chinwe [2ms]
2024-02-02 10:48:04.329 [info] > git status -z -uall [1825ms]
2024-02-02 10:48:07.679 [info] > git show --textconv :Espresso_/espress-shop-review/templates/hpa2.yaml [9ms]
2024-02-02 10:48:07.681 [info] > git ls-files --stage -- /home/s6chinwe/Espresso_/espress-shop-review/templates/hpa2.yaml [4ms]
2024-02-02 10:48:07.690 [info] > git cat-file -s 89f16bba7639e2878fe4e97868b2d00ae57becf8 [1ms]
2024-02-02 10:48:09.350 [info] > git config --get commit.template [7ms]
2024-02-02 10:48:09.351 [info] > git for-each-ref --format=%(refname)%00%(upstream:short)%00%(objectname)%00%(upstream:track)%00%(upstream:remotename)%00%(upstream:remoteref) refs/heads/s6chinwe refs/remotes/s6chinwe [2ms]
2024-02-02 10:48:11.174 [info] > git status -z -uall [1817ms]
2024-02-02 10:48:13.890 [info] > git show --textconv :Espresso_/espress-shop-review/templates/hpa.yaml [7ms]
2024-02-02 10:48:13.892 [info] > git ls-files --stage -- /home/s6chinwe/Espresso_/espress-shop-review/templates/hpa.yaml [2ms]
2024-02-02 10:48:13.901 [info] > git cat-file -s 3d76b9566cdf6ad94e39c8ce62601a949aa914c2 [2ms]
2024-02-02 10:48:16.200 [info] > git config --get commit.template [8ms]
2024-02-02 10:48:16.201 [info] > git for-each-ref --format=%(refname)%00%(upstream:short)%00%(objectname)%00%(upstream:track)%00%(upstream:remotename)%00%(upstream:remoteref) refs/heads/s6chinwe refs/remotes/s6chinwe [2ms]
2024-02-02 10:48:18.050 [info] > git status -z -uall [1842ms]
2024-02-02 10:48:23.072 [info] > git config --get commit.template [7ms]
2024-02-02 10:48:23.072 [info] > git for-each-ref --format=%(refname)%00%(upstream:short)%00%(objectname)%00%(upstream:track)%00%(upstream:remotename)%00%(upstream:remoteref) refs/heads/s6chinwe refs/remotes/s6chinwe [1ms]
2024-02-02 10:48:24.907 [info] > git status -z -uall [1825ms]
2024-02-02 10:48:29.929 [info] > git config --get commit.template [7ms]
2024-02-02 10:48:29.931 [info] > git for-each-ref --format=%(refname)%00%(upstream:short)%00%(objectname)%00%(upstream:track)%00%(upstream:remotename)%00%(upstream:remoteref) refs/heads/s6chinwe refs/remotes/s6chinwe [3ms]
2024-02-02 10:48:31.732 [info] > git status -z -uall [1794ms]
2024-02-02 10:48:36.754 [info] > git config --get commit.template [7ms]
2024-02-02 10:48:36.755 [info] > git for-each-ref --format=%(refname)%00%(upstream:short)%00%(objectname)%00%(upstream:track)%00%(upstream:remotename)%00%(upstream:remoteref) refs/heads/s6chinwe refs/remotes/s6chinwe [2ms]
2024-02-02 10:48:38.564 [info] > git status -z -uall [1799ms]
2024-02-02 10:48:43.584 [info] > git config --get commit.template [8ms]
2024-02-02 10:48:43.585 [info] > git for-each-ref --format=%(refname)%00%(upstream:short)%00%(objectname)%00%(upstream:track)%00%(upstream:remotename)%00%(upstream:remoteref) refs/heads/s6chinwe refs/remotes/s6chinwe [2ms]
2024-02-02 10:48:45.404 [info] > git status -z -uall [1812ms]
2024-02-02 10:48:50.427 [info] > git config --get commit.template [8ms]
2024-02-02 10:48:50.432 [info] > git for-each-ref --format=%(refname)%00%(upstream:short)%00%(objectname)%00%(upstream:track)%00%(upstream:remotename)%00%(upstream:remoteref) refs/heads/s6chinwe refs/remotes/s6chinwe [1ms]
2024-02-02 10:48:52.299 [info] > git status -z -uall [1859ms]
2024-02-02 10:48:57.321 [info] > git config --get commit.template [7ms]
2024-02-02 10:48:57.321 [info] > git for-each-ref --format=%(refname)%00%(upstream:short)%00%(objectname)%00%(upstream:track)%00%(upstream:remotename)%00%(upstream:remoteref) refs/heads/s6chinwe refs/remotes/s6chinwe [1ms]
2024-02-02 10:48:59.104 [info] > git status -z -uall [1773ms]
2024-02-02 10:49:04.127 [info] > git config --get commit.template [9ms]
2024-02-02 10:49:04.128 [info] > git for-each-ref --format=%(refname)%00%(upstream:short)%00%(objectname)%00%(upstream:track)%00%(upstream:remotename)%00%(upstream:remoteref) refs/heads/s6chinwe refs/remotes/s6chinwe [2ms]
2024-02-02 10:49:05.968 [info] > git status -z -uall [1834ms]
2024-02-02 10:49:10.989 [info] > git config --get commit.template [8ms]
2024-02-02 10:49:10.990 [info] > git for-each-ref --format=%(refname)%00%(upstream:short)%00%(objectname)%00%(upstream:track)%00%(upstream:remotename)%00%(upstream:remoteref) refs/heads/s6chinwe refs/remotes/s6chinwe [1ms]
2024-02-02 10:49:12.818 [info] > git status -z -uall [1821ms]
2024-02-02 10:49:17.838 [info] > git config --get commit.template [6ms]
2024-02-02 10:49:17.839 [info] > git for-each-ref --format=%(refname)%00%(upstream:short)%00%(objectname)%00%(upstream:track)%00%(upstream:remotename)%00%(upstream:remoteref) refs/heads/s6chinwe refs/remotes/s6chinwe [1ms]
2024-02-02 10:49:19.670 [info] > git status -z -uall [1823ms]
2024-02-02 10:49:24.692 [info] > git config --get commit.template [10ms]
2024-02-02 10:49:24.693 [info] > git for-each-ref --format=%(refname)%00%(upstream:short)%00%(objectname)%00%(upstream:track)%00%(upstream:remotename)%00%(upstream:remoteref) refs/heads/s6chinwe refs/remotes/s6chinwe [2ms]
2024-02-02 10:49:26.551 [info] > git status -z -uall [1851ms]
2024-02-02 10:49:31.570 [info] > git config --get commit.template [6ms]
2024-02-02 10:49:31.570 [info] > git for-each-ref --format=%(refname)%00%(upstream:short)%00%(objectname)%00%(upstream:track)%00%(upstream:remotename)%00%(upstream:remoteref) refs/heads/s6chinwe refs/remotes/s6chinwe [1ms]
2024-02-02 10:49:33.404 [info] > git status -z -uall [1828ms]
2024-02-02 10:49:38.432 [info] > git config --get commit.template [12ms]
2024-02-02 10:49:38.433 [info] > git for-each-ref --format=%(refname)%00%(upstream:short)%00%(objectname)%00%(upstream:track)%00%(upstream:remotename)%00%(upstream:remoteref) refs/heads/s6chinwe refs/remotes/s6chinwe [2ms]
2024-02-02 10:49:40.262 [info] > git status -z -uall [1822ms]
2024-02-02 10:49:45.284 [info] > git config --get commit.template [9ms]
2024-02-02 10:49:45.285 [info] > git for-each-ref --format=%(refname)%00%(upstream:short)%00%(objectname)%00%(upstream:track)%00%(upstream:remotename)%00%(upstream:remoteref) refs/heads/s6chinwe refs/remotes/s6chinwe [2ms]
2024-02-02 10:49:47.112 [info] > git status -z -uall [1819ms]
2024-02-02 10:49:52.135 [info] > git config --get commit.template [8ms]
2024-02-02 10:49:52.136 [info] > git for-each-ref --format=%(refname)%00%(upstream:short)%00%(objectname)%00%(upstream:track)%00%(upstream:remotename)%00%(upstream:remoteref) refs/heads/s6chinwe refs/remotes/s6chinwe [2ms]
2024-02-02 10:49:53.996 [info] > git status -z -uall [1851ms]
2024-02-02 10:49:59.019 [info] > git for-each-ref --format=%(refname)%00%(upstream:short)%00%(objectname)%00%(upstream:track)%00%(upstream:remotename)%00%(upstream:remoteref) refs/heads/s6chinwe refs/remotes/s6chinwe [4ms]
2024-02-02 10:49:59.020 [info] > git config --get commit.template [12ms]
2024-02-02 10:50:00.891 [info] > git status -z -uall [1862ms]
2024-02-02 10:50:05.913 [info] > git config --get commit.template [8ms]
2024-02-02 10:50:05.914 [info] > git for-each-ref --format=%(refname)%00%(upstream:short)%00%(objectname)%00%(upstream:track)%00%(upstream:remotename)%00%(upstream:remoteref) refs/heads/s6chinwe refs/remotes/s6chinwe [1ms]
2024-02-02 10:50:07.741 [info] > git status -z -uall [1821ms]
2024-02-02 10:50:12.762 [info] > git config --get commit.template [7ms]
2024-02-02 10:50:12.763 [info] > git for-each-ref --format=%(refname)%00%(upstream:short)%00%(objectname)%00%(upstream:track)%00%(upstream:remotename)%00%(upstream:remoteref) refs/heads/s6chinwe refs/remotes/s6chinwe [1ms]
2024-02-02 10:50:14.590 [info] > git status -z -uall [1821ms]
2024-02-02 10:50:16.541 [info] > git fetch [145ms]
2024-02-02 10:50:16.560 [info] > git config --get commit.template [8ms]
2024-02-02 10:50:16.560 [info] > git for-each-ref --format=%(refname)%00%(upstream:short)%00%(objectname)%00%(upstream:track)%00%(upstream:remotename)%00%(upstream:remoteref) refs/heads/main refs/remotes/main [2ms]
2024-02-02 10:50:16.576 [info] > git status -z -uall [6ms]
2024-02-02 10:50:17.790 [info] > git config --get commit.template [9ms]
2024-02-02 10:50:17.791 [info] > git for-each-ref --format=%(refname)%00%(upstream:short)%00%(objectname)%00%(upstream:track)%00%(upstream:remotename)%00%(upstream:remoteref) refs/heads/main refs/remotes/main [2ms]
2024-02-02 10:50:17.805 [info] > git status -z -uall [5ms]
2024-02-02 10:50:18.356 [info] > git fetch [146ms]
2024-02-02 10:50:18.357 [info] From https://github.com/DEL-ORG/s6chinwe-projects
 * branch            s6chinwe   -> FETCH_HEAD
2024-02-02 10:50:18.375 [info] > git config --get commit.template [9ms]
2024-02-02 10:50:18.375 [info] > git for-each-ref --format=%(refname)%00%(upstream:short)%00%(objectname)%00%(upstream:track)%00%(upstream:remotename)%00%(upstream:remoteref) refs/heads/s6chinwe refs/remotes/s6chinwe [1ms]
2024-02-02 10:50:19.843 [info] > git ls-files --stage -- /home/s6chinwe/Espresso_/espress-shop-review/templates/hpa.yaml [3ms]
2024-02-02 10:50:19.854 [info] > git cat-file -s 3d76b9566cdf6ad94e39c8ce62601a949aa914c2 [2ms]
2024-02-02 10:50:19.929 [info] > git show --textconv :Espresso_/espress-shop-review/templates/hpa.yaml [5ms]
2024-02-02 10:50:20.284 [info] > git status -z -uall [1899ms]
2024-02-02 10:50:20.306 [info] > git config --get commit.template [9ms]
2024-02-02 10:50:20.307 [info] > git for-each-ref --format=%(refname)%00%(upstream:short)%00%(objectname)%00%(upstream:track)%00%(upstream:remotename)%00%(upstream:remoteref) refs/heads/s6chinwe refs/remotes/s6chinwe [2ms]
2024-02-02 10:50:22.165 [info] > git status -z -uall [1850ms]
2024-02-02 10:50:27.188 [info] > git config --get commit.template [8ms]
2024-02-02 10:50:27.188 [info] > git for-each-ref --format=%(refname)%00%(upstream:short)%00%(objectname)%00%(upstream:track)%00%(upstream:remotename)%00%(upstream:remoteref) refs/heads/s6chinwe refs/remotes/s6chinwe [2ms]
2024-02-02 10:50:29.034 [info] > git status -z -uall [1839ms]
2024-02-02 10:50:34.055 [info] > git config --get commit.template [8ms]
2024-02-02 10:50:34.055 [info] > git for-each-ref --format=%(refname)%00%(upstream:short)%00%(objectname)%00%(upstream:track)%00%(upstream:remotename)%00%(upstream:remoteref) refs/heads/s6chinwe refs/remotes/s6chinwe [1ms]
2024-02-02 10:50:35.852 [info] > git status -z -uall [1790ms]
2024-02-02 10:50:40.874 [info] > git config --get commit.template [8ms]
2024-02-02 10:50:40.875 [info] > git for-each-ref --format=%(refname)%00%(upstream:short)%00%(objectname)%00%(upstream:track)%00%(upstream:remotename)%00%(upstream:remoteref) refs/heads/s6chinwe refs/remotes/s6chinwe [2ms]
2024-02-02 10:50:42.692 [info] > git status -z -uall [1811ms]
2024-02-02 10:50:47.716 [info] > git for-each-ref --format=%(refname)%00%(upstream:short)%00%(objectname)%00%(upstream:track)%00%(upstream:remotename)%00%(upstream:remoteref) refs/heads/s6chinwe refs/remotes/s6chinwe [2ms]
2024-02-02 10:50:47.716 [info] > git config --get commit.template [9ms]
2024-02-02 10:50:49.552 [info] > git status -z -uall [1830ms]
2024-02-02 10:50:54.573 [info] > git config --get commit.template [7ms]
2024-02-02 10:50:54.574 [info] > git for-each-ref --format=%(refname)%00%(upstream:short)%00%(objectname)%00%(upstream:track)%00%(upstream:remotename)%00%(upstream:remoteref) refs/heads/s6chinwe refs/remotes/s6chinwe [2ms]
2024-02-02 10:50:56.372 [info] > git status -z -uall [1788ms]
2024-02-02 10:51:01.397 [info] > git config --get commit.template [10ms]
2024-02-02 10:51:01.398 [info] > git for-each-ref --format=%(refname)%00%(upstream:short)%00%(objectname)%00%(upstream:track)%00%(upstream:remotename)%00%(upstream:remoteref) refs/heads/s6chinwe refs/remotes/s6chinwe [2ms]
2024-02-02 10:51:03.260 [info] > git status -z -uall [1855ms]
2024-02-02 10:51:08.281 [info] > git config --get commit.template [7ms]
2024-02-02 10:51:08.282 [info] > git for-each-ref --format=%(refname)%00%(upstream:short)%00%(objectname)%00%(upstream:track)%00%(upstream:remotename)%00%(upstream:remoteref) refs/heads/s6chinwe refs/remotes/s6chinwe [2ms]
2024-02-02 10:51:10.080 [info] > git status -z -uall [1791ms]
2024-02-02 10:51:15.099 [info] > git config --get commit.template [7ms]
2024-02-02 10:51:15.099 [info] > git for-each-ref --format=%(refname)%00%(upstream:short)%00%(objectname)%00%(upstream:track)%00%(upstream:remotename)%00%(upstream:remoteref) refs/heads/s6chinwe refs/remotes/s6chinwe [1ms]
2024-02-02 10:51:16.844 [info] > git status -z -uall [1739ms]
2024-02-02 10:51:21.866 [info] > git config --get commit.template [7ms]
2024-02-02 10:51:21.866 [info] > git for-each-ref --format=%(refname)%00%(upstream:short)%00%(objectname)%00%(upstream:track)%00%(upstream:remotename)%00%(upstream:remoteref) refs/heads/s6chinwe refs/remotes/s6chinwe [1ms]
2024-02-02 10:51:23.682 [info] > git status -z -uall [1810ms]
2024-02-02 10:51:28.703 [info] > git config --get commit.template [9ms]
2024-02-02 10:51:28.703 [info] > git for-each-ref --format=%(refname)%00%(upstream:short)%00%(objectname)%00%(upstream:track)%00%(upstream:remotename)%00%(upstream:remoteref) refs/heads/s6chinwe refs/remotes/s6chinwe [1ms]
2024-02-02 10:51:30.418 [info] > git status -z -uall [1709ms]
2024-02-02 10:51:35.440 [info] > git config --get commit.template [8ms]
2024-02-02 10:51:35.441 [info] > git for-each-ref --format=%(refname)%00%(upstream:short)%00%(objectname)%00%(upstream:track)%00%(upstream:remotename)%00%(upstream:remoteref) refs/heads/s6chinwe refs/remotes/s6chinwe [2ms]
2024-02-02 10:51:37.107 [info] > git status -z -uall [1661ms]
2024-02-02 10:51:42.134 [info] > git config --get commit.template [9ms]
2024-02-02 10:51:42.135 [info] > git for-each-ref --format=%(refname)%00%(upstream:short)%00%(objectname)%00%(upstream:track)%00%(upstream:remotename)%00%(upstream:remoteref) refs/heads/s6chinwe refs/remotes/s6chinwe [3ms]
2024-02-02 10:51:43.867 [info] > git status -z -uall [1725ms]
2024-02-02 10:51:48.887 [info] > git for-each-ref --format=%(refname)%00%(upstream:short)%00%(objectname)%00%(upstream:track)%00%(upstream:remotename)%00%(upstream:remoteref) refs/heads/s6chinwe refs/remotes/s6chinwe [2ms]
2024-02-02 10:51:48.888 [info] > git config --get commit.template [8ms]
2024-02-02 10:51:50.638 [info] > git status -z -uall [1743ms]
2024-02-02 10:51:55.660 [info] > git config --get commit.template [7ms]
2024-02-02 10:51:55.660 [info] > git for-each-ref --format=%(refname)%00%(upstream:short)%00%(objectname)%00%(upstream:track)%00%(upstream:remotename)%00%(upstream:remoteref) refs/heads/s6chinwe refs/remotes/s6chinwe [2ms]
2024-02-02 10:51:57.340 [info] > git status -z -uall [1674ms]
2024-02-02 10:52:02.362 [info] > git config --get commit.template [7ms]
2024-02-02 10:52:02.363 [info] > git for-each-ref --format=%(refname)%00%(upstream:short)%00%(objectname)%00%(upstream:track)%00%(upstream:remotename)%00%(upstream:remoteref) refs/heads/s6chinwe refs/remotes/s6chinwe [2ms]
2024-02-02 10:52:04.113 [info] > git status -z -uall [1744ms]
2024-02-02 10:52:09.133 [info] > git config --get commit.template [7ms]
2024-02-02 10:52:09.133 [info] > git for-each-ref --format=%(refname)%00%(upstream:short)%00%(objectname)%00%(upstream:track)%00%(upstream:remotename)%00%(upstream:remoteref) refs/heads/s6chinwe refs/remotes/s6chinwe [1ms]
2024-02-02 10:52:10.928 [info] > git status -z -uall [1789ms]
2024-02-02 10:52:15.953 [info] > git config --get commit.template [7ms]
2024-02-02 10:52:15.954 [info] > git for-each-ref --format=%(refname)%00%(upstream:short)%00%(objectname)%00%(upstream:track)%00%(upstream:remotename)%00%(upstream:remoteref) refs/heads/s6chinwe refs/remotes/s6chinwe [2ms]
2024-02-02 10:52:17.747 [info] > git status -z -uall [1783ms]
2024-02-02 10:52:22.766 [info] > git config --get commit.template [6ms]
2024-02-02 10:52:22.766 [info] > git for-each-ref --format=%(refname)%00%(upstream:short)%00%(objectname)%00%(upstream:track)%00%(upstream:remotename)%00%(upstream:remoteref) refs/heads/s6chinwe refs/remotes/s6chinwe [1ms]
2024-02-02 10:52:24.513 [info] > git status -z -uall [1740ms]
2024-02-02 10:52:29.534 [info] > git config --get commit.template [7ms]
2024-02-02 10:52:29.534 [info] > git for-each-ref --format=%(refname)%00%(upstream:short)%00%(objectname)%00%(upstream:track)%00%(upstream:remotename)%00%(upstream:remoteref) refs/heads/s6chinwe refs/remotes/s6chinwe [2ms]
2024-02-02 10:52:31.234 [info] > git status -z -uall [1692ms]
2024-02-02 10:52:36.253 [info] > git config --get commit.template [7ms]
2024-02-02 10:52:36.254 [info] > git for-each-ref --format=%(refname)%00%(upstream:short)%00%(objectname)%00%(upstream:track)%00%(upstream:remotename)%00%(upstream:remoteref) refs/heads/s6chinwe refs/remotes/s6chinwe [2ms]
2024-02-02 10:52:37.925 [info] > git status -z -uall [1666ms]
2024-02-02 10:52:42.945 [info] > git config --get commit.template [7ms]
2024-02-02 10:52:42.945 [info] > git for-each-ref --format=%(refname)%00%(upstream:short)%00%(objectname)%00%(upstream:track)%00%(upstream:remotename)%00%(upstream:remoteref) refs/heads/s6chinwe refs/remotes/s6chinwe [1ms]
2024-02-02 10:52:44.640 [info] > git status -z -uall [1689ms]
2024-02-02 10:52:49.659 [info] > git config --get commit.template [7ms]
2024-02-02 10:52:49.660 [info] > git for-each-ref --format=%(refname)%00%(upstream:short)%00%(objectname)%00%(upstream:track)%00%(upstream:remotename)%00%(upstream:remoteref) refs/heads/s6chinwe refs/remotes/s6chinwe [1ms]
2024-02-02 10:52:51.370 [info] > git status -z -uall [1703ms]
2024-02-02 10:52:56.389 [info] > git config --get commit.template [6ms]
2024-02-02 10:52:56.390 [info] > git for-each-ref --format=%(refname)%00%(upstream:short)%00%(objectname)%00%(upstream:track)%00%(upstream:remotename)%00%(upstream:remoteref) refs/heads/s6chinwe refs/remotes/s6chinwe [1ms]
2024-02-02 10:52:58.082 [info] > git status -z -uall [1686ms]
2024-02-02 10:53:03.104 [info] > git config --get commit.template [7ms]
2024-02-02 10:53:03.104 [info] > git for-each-ref --format=%(refname)%00%(upstream:short)%00%(objectname)%00%(upstream:track)%00%(upstream:remotename)%00%(upstream:remoteref) refs/heads/s6chinwe refs/remotes/s6chinwe [2ms]
2024-02-02 10:53:04.930 [info] > git status -z -uall [1819ms]
2024-02-02 10:53:09.953 [info] > git config --get commit.template [9ms]
2024-02-02 10:53:09.953 [info] > git for-each-ref --format=%(refname)%00%(upstream:short)%00%(objectname)%00%(upstream:track)%00%(upstream:remotename)%00%(upstream:remoteref) refs/heads/s6chinwe refs/remotes/s6chinwe [2ms]
2024-02-02 10:53:11.737 [info] > git status -z -uall [1777ms]
2024-02-02 10:53:16.759 [info] > git fetch [162ms]
2024-02-02 10:53:16.761 [info] > git config --get commit.template [10ms]
2024-02-02 10:53:16.767 [info] > git for-each-ref --format=%(refname)%00%(upstream:short)%00%(objectname)%00%(upstream:track)%00%(upstream:remotename)%00%(upstream:remoteref) refs/heads/s6chinwe refs/remotes/s6chinwe [9ms]
2024-02-02 10:53:16.774 [info] > git config --get commit.template [6ms]
2024-02-02 10:53:16.785 [info] > git for-each-ref --format=%(refname)%00%(upstream:short)%00%(objectname)%00%(upstream:track)%00%(upstream:remotename)%00%(upstream:remoteref) refs/heads/main refs/remotes/main [4ms]
2024-02-02 10:53:16.800 [info] > git status -z -uall [5ms]
2024-02-02 10:53:18.013 [info] > git config --get commit.template [9ms]
2024-02-02 10:53:18.015 [info] > git for-each-ref --format=%(refname)%00%(upstream:short)%00%(objectname)%00%(upstream:track)%00%(upstream:remotename)%00%(upstream:remoteref) refs/heads/main refs/remotes/main [4ms]
2024-02-02 10:53:18.026 [info] > git status -z -uall [4ms]
2024-02-02 10:53:18.570 [info] > git status -z -uall [1797ms]
2024-02-02 10:53:20.436 [info] > git fetch [140ms]
2024-02-02 10:53:20.436 [info] From https://github.com/DEL-ORG/s6chinwe-projects
 * branch            s6chinwe   -> FETCH_HEAD
2024-02-02 10:53:20.450 [info] > git config --get commit.template [7ms]
2024-02-02 10:53:20.451 [info] > git for-each-ref --format=%(refname)%00%(upstream:short)%00%(objectname)%00%(upstream:track)%00%(upstream:remotename)%00%(upstream:remoteref) refs/heads/s6chinwe refs/remotes/s6chinwe [1ms]
2024-02-02 10:53:21.942 [info] > git ls-files --stage -- /home/s6chinwe/Espresso_/espress-shop-review/templates/hpa.yaml [4ms]
2024-02-02 10:53:21.953 [info] > git cat-file -s 3d76b9566cdf6ad94e39c8ce62601a949aa914c2 [2ms]
2024-02-02 10:53:22.024 [info] > git show --textconv :Espresso_/espress-shop-review/templates/hpa.yaml [4ms]
2024-02-02 10:53:22.204 [info] > git status -z -uall [1746ms]
2024-02-02 10:53:23.590 [info] > git config --get commit.template [7ms]
2024-02-02 10:53:23.590 [info] > git for-each-ref --format=%(refname)%00%(upstream:short)%00%(objectname)%00%(upstream:track)%00%(upstream:remotename)%00%(upstream:remoteref) refs/heads/s6chinwe refs/remotes/s6chinwe [1ms]
2024-02-02 10:53:25.422 [info] > git status -z -uall [1823ms]
2024-02-02 10:53:30.443 [info] > git config --get commit.template [7ms]
2024-02-02 10:53:30.443 [info] > git for-each-ref --format=%(refname)%00%(upstream:short)%00%(objectname)%00%(upstream:track)%00%(upstream:remotename)%00%(upstream:remoteref) refs/heads/s6chinwe refs/remotes/s6chinwe [1ms]
2024-02-02 10:53:32.208 [info] > git status -z -uall [1759ms]
2024-02-02 10:53:37.229 [info] > git config --get commit.template [6ms]
2024-02-02 10:53:37.230 [info] > git for-each-ref --format=%(refname)%00%(upstream:short)%00%(objectname)%00%(upstream:track)%00%(upstream:remotename)%00%(upstream:remoteref) refs/heads/s6chinwe refs/remotes/s6chinwe [1ms]
2024-02-02 10:53:39.035 [info] > git status -z -uall [1799ms]
2024-02-02 10:53:44.058 [info] > git config --get commit.template [8ms]
2024-02-02 10:53:44.061 [info] > git for-each-ref --format=%(refname)%00%(upstream:short)%00%(objectname)%00%(upstream:track)%00%(upstream:remotename)%00%(upstream:remoteref) refs/heads/s6chinwe refs/remotes/s6chinwe [3ms]
2024-02-02 10:53:45.887 [info] > git status -z -uall [1819ms]
2024-02-02 10:53:47.650 [info] > git show --textconv :Espresso_/espress-shop-review/templates/hpa2.yaml [6ms]
2024-02-02 10:53:47.654 [info] > git ls-files --stage -- /home/s6chinwe/Espresso_/espress-shop-review/templates/hpa2.yaml [4ms]
2024-02-02 10:53:47.664 [info] > git cat-file -s 89f16bba7639e2878fe4e97868b2d00ae57becf8 [2ms]
2024-02-02 10:53:50.907 [info] > git config --get commit.template [8ms]
2024-02-02 10:53:50.907 [info] > git for-each-ref --format=%(refname)%00%(upstream:short)%00%(objectname)%00%(upstream:track)%00%(upstream:remotename)%00%(upstream:remoteref) refs/heads/s6chinwe refs/remotes/s6chinwe [1ms]
2024-02-02 10:53:52.681 [info] > git status -z -uall [1768ms]
2024-02-02 10:53:57.703 [info] > git config --get commit.template [9ms]
2024-02-02 10:53:57.703 [info] > git for-each-ref --format=%(refname)%00%(upstream:short)%00%(objectname)%00%(upstream:track)%00%(upstream:remotename)%00%(upstream:remoteref) refs/heads/s6chinwe refs/remotes/s6chinwe [1ms]
2024-02-02 10:53:59.451 [info] > git status -z -uall [1742ms]
2024-02-02 10:54:04.474 [info] > git config --get commit.template [8ms]
2024-02-02 10:54:04.475 [info] > git for-each-ref --format=%(refname)%00%(upstream:short)%00%(objectname)%00%(upstream:track)%00%(upstream:remotename)%00%(upstream:remoteref) refs/heads/s6chinwe refs/remotes/s6chinwe [2ms]
2024-02-02 10:54:06.297 [info] > git status -z -uall [1816ms]
2024-02-02 10:54:09.141 [info] > git check-ignore -v -z --stdin [3ms]
2024-02-02 10:54:11.313 [info] > git config --get commit.template [1ms]
2024-02-02 10:54:11.323 [info] > git for-each-ref --format=%(refname)%00%(upstream:short)%00%(objectname)%00%(upstream:track)%00%(upstream:remotename)%00%(upstream:remoteref) refs/heads/s6chinwe refs/remotes/s6chinwe [2ms]
2024-02-02 10:54:12.447 [info] > git check-ignore -v -z --stdin [3ms]
2024-02-02 10:54:13.170 [info] > git status -z -uall [1840ms]
2024-02-02 10:54:18.191 [info] > git config --get commit.template [8ms]
2024-02-02 10:54:18.192 [info] > git for-each-ref --format=%(refname)%00%(upstream:short)%00%(objectname)%00%(upstream:track)%00%(upstream:remotename)%00%(upstream:remoteref) refs/heads/s6chinwe refs/remotes/s6chinwe [2ms]
2024-02-02 10:54:20.063 [info] > git status -z -uall [1865ms]
2024-02-02 10:54:20.097 [info] > git show --textconv :Espresso_/espresso-product/templates/hpa.yaml [10ms]
2024-02-02 10:54:20.099 [info] > git ls-files --stage -- /home/s6chinwe/Espresso_/espresso-product/templates/hpa.yaml [3ms]
2024-02-02 10:54:20.107 [info] > git cat-file -s 536970d0b521eb59a6820dcb897d56e904d79703 [2ms]
2024-02-02 10:54:25.084 [info] > git config --get commit.template [7ms]
2024-02-02 10:54:25.084 [info] > git for-each-ref --format=%(refname)%00%(upstream:short)%00%(objectname)%00%(upstream:track)%00%(upstream:remotename)%00%(upstream:remoteref) refs/heads/s6chinwe refs/remotes/s6chinwe [1ms]
2024-02-02 10:54:26.905 [info] > git status -z -uall [1814ms]
2024-02-02 10:54:31.927 [info] > git config --get commit.template [7ms]
2024-02-02 10:54:31.928 [info] > git for-each-ref --format=%(refname)%00%(upstream:short)%00%(objectname)%00%(upstream:track)%00%(upstream:remotename)%00%(upstream:remoteref) refs/heads/s6chinwe refs/remotes/s6chinwe [2ms]
2024-02-02 10:54:33.772 [info] > git status -z -uall [1836ms]
2024-02-02 10:54:38.792 [info] > git config --get commit.template [8ms]
2024-02-02 10:54:38.793 [info] > git for-each-ref --format=%(refname)%00%(upstream:short)%00%(objectname)%00%(upstream:track)%00%(upstream:remotename)%00%(upstream:remoteref) refs/heads/s6chinwe refs/remotes/s6chinwe [2ms]
2024-02-02 10:54:40.622 [info] > git status -z -uall [1822ms]
2024-02-02 10:54:45.644 [info] > git config --get commit.template [9ms]
2024-02-02 10:54:45.644 [info] > git for-each-ref --format=%(refname)%00%(upstream:short)%00%(objectname)%00%(upstream:track)%00%(upstream:remotename)%00%(upstream:remoteref) refs/heads/s6chinwe refs/remotes/s6chinwe [1ms]
2024-02-02 10:54:47.477 [info] > git status -z -uall [1826ms]
2024-02-02 10:54:52.500 [info] > git config --get commit.template [8ms]
2024-02-02 10:54:52.501 [info] > git for-each-ref --format=%(refname)%00%(upstream:short)%00%(objectname)%00%(upstream:track)%00%(upstream:remotename)%00%(upstream:remoteref) refs/heads/s6chinwe refs/remotes/s6chinwe [2ms]
2024-02-02 10:54:54.311 [info] > git status -z -uall [1804ms]
2024-02-02 10:54:59.333 [info] > git config --get commit.template [8ms]
2024-02-02 10:54:59.333 [info] > git for-each-ref --format=%(refname)%00%(upstream:short)%00%(objectname)%00%(upstream:track)%00%(upstream:remotename)%00%(upstream:remoteref) refs/heads/s6chinwe refs/remotes/s6chinwe [1ms]
2024-02-02 10:55:01.163 [info] > git status -z -uall [1824ms]
2024-02-02 10:55:06.184 [info] > git config --get commit.template [8ms]
2024-02-02 10:55:06.185 [info] > git for-each-ref --format=%(refname)%00%(upstream:short)%00%(objectname)%00%(upstream:track)%00%(upstream:remotename)%00%(upstream:remoteref) refs/heads/s6chinwe refs/remotes/s6chinwe [2ms]
2024-02-02 10:55:07.993 [info] > git status -z -uall [1802ms]
2024-02-02 10:55:13.016 [info] > git config --get commit.template [9ms]
2024-02-02 10:55:13.016 [info] > git for-each-ref --format=%(refname)%00%(upstream:short)%00%(objectname)%00%(upstream:track)%00%(upstream:remotename)%00%(upstream:remoteref) refs/heads/s6chinwe refs/remotes/s6chinwe [2ms]
2024-02-02 10:55:14.807 [info] > git status -z -uall [1779ms]
2024-02-02 10:55:19.827 [info] > git config --get commit.template [8ms]
2024-02-02 10:55:19.827 [info] > git for-each-ref --format=%(refname)%00%(upstream:short)%00%(objectname)%00%(upstream:track)%00%(upstream:remotename)%00%(upstream:remoteref) refs/heads/s6chinwe refs/remotes/s6chinwe [1ms]
2024-02-02 10:55:21.675 [info] > git status -z -uall [1840ms]
2024-02-02 10:55:26.695 [info] > git config --get commit.template [7ms]
2024-02-02 10:55:26.695 [info] > git for-each-ref --format=%(refname)%00%(upstream:short)%00%(objectname)%00%(upstream:track)%00%(upstream:remotename)%00%(upstream:remoteref) refs/heads/s6chinwe refs/remotes/s6chinwe [2ms]
2024-02-02 10:55:28.526 [info] > git status -z -uall [1821ms]
2024-02-02 10:55:33.547 [info] > git config --get commit.template [8ms]
2024-02-02 10:55:33.548 [info] > git for-each-ref --format=%(refname)%00%(upstream:short)%00%(objectname)%00%(upstream:track)%00%(upstream:remotename)%00%(upstream:remoteref) refs/heads/s6chinwe refs/remotes/s6chinwe [2ms]
2024-02-02 10:55:35.392 [info] > git status -z -uall [1837ms]
2024-02-02 10:55:40.419 [info] > git config --get commit.template [12ms]
2024-02-02 10:55:40.420 [info] > git for-each-ref --format=%(refname)%00%(upstream:short)%00%(objectname)%00%(upstream:track)%00%(upstream:remotename)%00%(upstream:remoteref) refs/heads/s6chinwe refs/remotes/s6chinwe [5ms]
2024-02-02 10:55:42.299 [info] > git status -z -uall [1869ms]
2024-02-02 10:55:47.323 [info] > git config --get commit.template [10ms]
2024-02-02 10:55:47.324 [info] > git for-each-ref --format=%(refname)%00%(upstream:short)%00%(objectname)%00%(upstream:track)%00%(upstream:remotename)%00%(upstream:remoteref) refs/heads/s6chinwe refs/remotes/s6chinwe [3ms]
2024-02-02 10:55:49.182 [info] > git status -z -uall [1851ms]
2024-02-02 10:55:54.205 [info] > git config --get commit.template [7ms]
2024-02-02 10:55:54.205 [info] > git for-each-ref --format=%(refname)%00%(upstream:short)%00%(objectname)%00%(upstream:track)%00%(upstream:remotename)%00%(upstream:remoteref) refs/heads/s6chinwe refs/remotes/s6chinwe [2ms]
2024-02-02 10:55:56.009 [info] > git status -z -uall [1796ms]
2024-02-02 10:56:01.030 [info] > git config --get commit.template [7ms]
2024-02-02 10:56:01.030 [info] > git for-each-ref --format=%(refname)%00%(upstream:short)%00%(objectname)%00%(upstream:track)%00%(upstream:remotename)%00%(upstream:remoteref) refs/heads/s6chinwe refs/remotes/s6chinwe [1ms]
2024-02-02 10:56:02.836 [info] > git status -z -uall [1800ms]
2024-02-02 10:56:07.856 [info] > git config --get commit.template [8ms]
2024-02-02 10:56:07.857 [info] > git for-each-ref --format=%(refname)%00%(upstream:short)%00%(objectname)%00%(upstream:track)%00%(upstream:remotename)%00%(upstream:remoteref) refs/heads/s6chinwe refs/remotes/s6chinwe [2ms]
2024-02-02 10:56:09.679 [info] > git status -z -uall [1816ms]
2024-02-02 10:56:14.704 [info] > git config --get commit.template [9ms]
2024-02-02 10:56:14.704 [info] > git for-each-ref --format=%(refname)%00%(upstream:short)%00%(objectname)%00%(upstream:track)%00%(upstream:remotename)%00%(upstream:remoteref) refs/heads/s6chinwe refs/remotes/s6chinwe [1ms]
2024-02-02 10:56:16.550 [info] > git status -z -uall [1840ms]
2024-02-02 10:56:16.965 [info] > git fetch [147ms]
2024-02-02 10:56:16.981 [info] > git config --get commit.template [8ms]
2024-02-02 10:56:16.982 [info] > git for-each-ref --format=%(refname)%00%(upstream:short)%00%(objectname)%00%(upstream:track)%00%(upstream:remotename)%00%(upstream:remoteref) refs/heads/main refs/remotes/main [2ms]
2024-02-02 10:56:16.996 [info] > git status -z -uall [7ms]
2024-02-02 10:56:18.209 [info] > git config --get commit.template [7ms]
2024-02-02 10:56:18.210 [info] > git for-each-ref --format=%(refname)%00%(upstream:short)%00%(objectname)%00%(upstream:track)%00%(upstream:remotename)%00%(upstream:remoteref) refs/heads/main refs/remotes/main [2ms]
2024-02-02 10:56:18.221 [info] > git status -z -uall [5ms]
2024-02-02 10:56:19.418 [info] > git show --textconv :Espresso_/espresso-web/templates/hpa.yaml [8ms]
2024-02-02 10:56:19.421 [info] > git ls-files --stage -- /home/s6chinwe/Espresso_/espresso-web/templates/hpa.yaml [4ms]
2024-02-02 10:56:19.429 [info] > git cat-file -s 1335444c5ff7830ef08754e9f0646f39cbd30207 [2ms]
2024-02-02 10:56:21.572 [info] > git config --get commit.template [7ms]
2024-02-02 10:56:21.574 [info] > git for-each-ref --format=%(refname)%00%(upstream:short)%00%(objectname)%00%(upstream:track)%00%(upstream:remotename)%00%(upstream:remoteref) refs/heads/s6chinwe refs/remotes/s6chinwe [2ms]
2024-02-02 10:56:23.409 [info] > git status -z -uall [1829ms]
2024-02-02 10:56:23.591 [info] > git fetch [170ms]
2024-02-02 10:56:23.591 [info] From https://github.com/DEL-ORG/s6chinwe-projects
 * branch            s6chinwe   -> FETCH_HEAD
2024-02-02 10:56:23.606 [info] > git config --get commit.template [7ms]
2024-02-02 10:56:23.607 [info] > git for-each-ref --format=%(refname)%00%(upstream:short)%00%(objectname)%00%(upstream:track)%00%(upstream:remotename)%00%(upstream:remoteref) refs/heads/s6chinwe refs/remotes/s6chinwe [2ms]
2024-02-02 10:56:24.976 [info] > git ls-files --stage -- /home/s6chinwe/Espresso_/espresso-web/templates/hpa.yaml [3ms]
2024-02-02 10:56:24.987 [info] > git cat-file -s 1335444c5ff7830ef08754e9f0646f39cbd30207 [2ms]
2024-02-02 10:56:25.061 [info] > git show --textconv :Espresso_/espresso-web/templates/hpa.yaml [5ms]
2024-02-02 10:56:25.488 [info] > git status -z -uall [1874ms]
2024-02-02 10:56:28.442 [info] > git for-each-ref --format=%(refname)%00%(upstream:short)%00%(objectname)%00%(upstream:track)%00%(upstream:remotename)%00%(upstream:remoteref) refs/heads/s6chinwe refs/remotes/s6chinwe [1ms]
2024-02-02 10:56:28.442 [info] > git config --get commit.template [12ms]
2024-02-02 10:56:30.276 [info] > git status -z -uall [1827ms]
2024-02-02 10:57:48.591 [info] > git config --get commit.template [7ms]
2024-02-02 10:57:48.592 [info] > git for-each-ref --format=%(refname)%00%(upstream:short)%00%(objectname)%00%(upstream:track)%00%(upstream:remotename)%00%(upstream:remoteref) refs/heads/s6chinwe refs/remotes/s6chinwe [1ms]
2024-02-02 10:57:50.386 [info] > git status -z -uall [1787ms]
2024-02-02 10:57:51.277 [info] > git show --textconv :Espresso_/espresso-product/values.yaml [7ms]
2024-02-02 10:57:51.279 [info] > git ls-files --stage -- /home/s6chinwe/Espresso_/espresso-product/values.yaml [3ms]
2024-02-02 10:57:51.286 [info] > git cat-file -s b514d224e3231373d9cf2d29ee9b8dad944f1dc4 [1ms]
2024-02-02 10:57:55.408 [info] > git config --get commit.template [9ms]
2024-02-02 10:57:55.409 [info] > git for-each-ref --format=%(refname)%00%(upstream:short)%00%(objectname)%00%(upstream:track)%00%(upstream:remotename)%00%(upstream:remoteref) refs/heads/s6chinwe refs/remotes/s6chinwe [2ms]
2024-02-02 10:57:57.210 [info] > git status -z -uall [1794ms]
2024-02-02 10:58:02.230 [info] > git config --get commit.template [7ms]
2024-02-02 10:58:02.230 [info] > git for-each-ref --format=%(refname)%00%(upstream:short)%00%(objectname)%00%(upstream:track)%00%(upstream:remotename)%00%(upstream:remoteref) refs/heads/s6chinwe refs/remotes/s6chinwe [1ms]
2024-02-02 10:58:04.042 [info] > git status -z -uall [1806ms]
2024-02-02 10:58:09.065 [info] > git config --get commit.template [8ms]
2024-02-02 10:58:09.065 [info] > git for-each-ref --format=%(refname)%00%(upstream:short)%00%(objectname)%00%(upstream:track)%00%(upstream:remotename)%00%(upstream:remoteref) refs/heads/s6chinwe refs/remotes/s6chinwe [1ms]
2024-02-02 10:58:10.924 [info] > git status -z -uall [1852ms]
2024-02-02 10:58:15.944 [info] > git config --get commit.template [7ms]
2024-02-02 10:58:15.945 [info] > git for-each-ref --format=%(refname)%00%(upstream:short)%00%(objectname)%00%(upstream:track)%00%(upstream:remotename)%00%(upstream:remoteref) refs/heads/s6chinwe refs/remotes/s6chinwe [1ms]
2024-02-02 10:58:17.804 [info] > git status -z -uall [1850ms]
2024-02-02 10:58:22.823 [info] > git config --get commit.template [7ms]
2024-02-02 10:58:22.825 [info] > git for-each-ref --format=%(refname)%00%(upstream:short)%00%(objectname)%00%(upstream:track)%00%(upstream:remotename)%00%(upstream:remoteref) refs/heads/s6chinwe refs/remotes/s6chinwe [3ms]
2024-02-02 10:58:24.714 [info] > git status -z -uall [1881ms]
2024-02-02 10:58:29.735 [info] > git config --get commit.template [8ms]
2024-02-02 10:58:29.735 [info] > git for-each-ref --format=%(refname)%00%(upstream:short)%00%(objectname)%00%(upstream:track)%00%(upstream:remotename)%00%(upstream:remoteref) refs/heads/s6chinwe refs/remotes/s6chinwe [1ms]
2024-02-02 10:58:31.626 [info] > git status -z -uall [1882ms]
2024-02-02 10:58:36.649 [info] > git config --get commit.template [7ms]
2024-02-02 10:58:36.649 [info] > git for-each-ref --format=%(refname)%00%(upstream:short)%00%(objectname)%00%(upstream:track)%00%(upstream:remotename)%00%(upstream:remoteref) refs/heads/s6chinwe refs/remotes/s6chinwe [1ms]
2024-02-02 10:58:36.942 [info] > git status -z -uall [284ms]
2024-02-02 10:58:41.961 [info] > git config --get commit.template [8ms]
2024-02-02 10:58:41.962 [info] > git for-each-ref --format=%(refname)%00%(upstream:short)%00%(objectname)%00%(upstream:track)%00%(upstream:remotename)%00%(upstream:remoteref) refs/heads/s6chinwe refs/remotes/s6chinwe [2ms]
2024-02-02 10:58:42.045 [info] > git status -z -uall [77ms]
2024-02-02 10:58:47.067 [info] > git config --get commit.template [8ms]
2024-02-02 10:58:47.067 [info] > git for-each-ref --format=%(refname)%00%(upstream:short)%00%(objectname)%00%(upstream:track)%00%(upstream:remotename)%00%(upstream:remoteref) refs/heads/s6chinwe refs/remotes/s6chinwe [1ms]
2024-02-02 10:58:47.159 [info] > git status -z -uall [85ms]
2024-02-02 10:58:52.181 [info] > git config --get commit.template [8ms]
2024-02-02 10:58:52.181 [info] > git for-each-ref --format=%(refname)%00%(upstream:short)%00%(objectname)%00%(upstream:track)%00%(upstream:remotename)%00%(upstream:remoteref) refs/heads/s6chinwe refs/remotes/s6chinwe [1ms]
2024-02-02 10:58:52.273 [info] > git status -z -uall [86ms]
2024-02-02 10:58:57.293 [info] > git config --get commit.template [8ms]
2024-02-02 10:58:57.294 [info] > git for-each-ref --format=%(refname)%00%(upstream:short)%00%(objectname)%00%(upstream:track)%00%(upstream:remotename)%00%(upstream:remoteref) refs/heads/s6chinwe refs/remotes/s6chinwe [2ms]
2024-02-02 10:58:57.378 [info] > git status -z -uall [78ms]
2024-02-02 10:59:02.398 [info] > git config --get commit.template [7ms]
2024-02-02 10:59:02.398 [info] > git for-each-ref --format=%(refname)%00%(upstream:short)%00%(objectname)%00%(upstream:track)%00%(upstream:remotename)%00%(upstream:remoteref) refs/heads/s6chinwe refs/remotes/s6chinwe [1ms]
2024-02-02 10:59:02.454 [info] > git status -z -uall [50ms]
2024-02-02 10:59:07.476 [info] > git config --get commit.template [8ms]
2024-02-02 10:59:07.477 [info] > git for-each-ref --format=%(refname)%00%(upstream:short)%00%(objectname)%00%(upstream:track)%00%(upstream:remotename)%00%(upstream:remoteref) refs/heads/s6chinwe refs/remotes/s6chinwe [2ms]
2024-02-02 10:59:07.539 [info] > git status -z -uall [55ms]
2024-02-02 10:59:12.560 [info] > git config --get commit.template [7ms]
2024-02-02 10:59:12.560 [info] > git for-each-ref --format=%(refname)%00%(upstream:short)%00%(objectname)%00%(upstream:track)%00%(upstream:remotename)%00%(upstream:remoteref) refs/heads/s6chinwe refs/remotes/s6chinwe [1ms]
2024-02-02 10:59:12.616 [info] > git status -z -uall [50ms]
2024-02-02 10:59:17.158 [info] > git fetch [141ms]
2024-02-02 10:59:17.178 [info] > git config --get commit.template [8ms]
2024-02-02 10:59:17.179 [info] > git for-each-ref --format=%(refname)%00%(upstream:short)%00%(objectname)%00%(upstream:track)%00%(upstream:remotename)%00%(upstream:remoteref) refs/heads/main refs/remotes/main [2ms]
2024-02-02 10:59:17.194 [info] > git status -z -uall [7ms]
2024-02-02 10:59:17.636 [info] > git config --get commit.template [8ms]
2024-02-02 10:59:17.637 [info] > git for-each-ref --format=%(refname)%00%(upstream:short)%00%(objectname)%00%(upstream:track)%00%(upstream:remotename)%00%(upstream:remoteref) refs/heads/s6chinwe refs/remotes/s6chinwe [2ms]
2024-02-02 10:59:17.698 [info] > git status -z -uall [55ms]
2024-02-02 10:59:18.405 [info] > git config --get commit.template [8ms]
2024-02-02 10:59:18.406 [info] > git for-each-ref --format=%(refname)%00%(upstream:short)%00%(objectname)%00%(upstream:track)%00%(upstream:remotename)%00%(upstream:remoteref) refs/heads/main refs/remotes/main [2ms]
2024-02-02 10:59:18.419 [info] > git status -z -uall [6ms]
2024-02-02 10:59:22.719 [info] > git config --get commit.template [8ms]
2024-02-02 10:59:22.720 [info] > git for-each-ref --format=%(refname)%00%(upstream:short)%00%(objectname)%00%(upstream:track)%00%(upstream:remotename)%00%(upstream:remoteref) refs/heads/s6chinwe refs/remotes/s6chinwe [2ms]
2024-02-02 10:59:22.784 [info] > git status -z -uall [57ms]
2024-02-02 10:59:25.645 [info] > git fetch [144ms]
2024-02-02 10:59:25.645 [info] From https://github.com/DEL-ORG/s6chinwe-projects
 * branch            s6chinwe   -> FETCH_HEAD
2024-02-02 10:59:25.660 [info] > git config --get commit.template [7ms]
2024-02-02 10:59:25.660 [info] > git for-each-ref --format=%(refname)%00%(upstream:short)%00%(objectname)%00%(upstream:track)%00%(upstream:remotename)%00%(upstream:remoteref) refs/heads/s6chinwe refs/remotes/s6chinwe [1ms]
2024-02-02 10:59:25.718 [info] > git status -z -uall [52ms]
2024-02-02 10:59:27.805 [info] > git config --get commit.template [7ms]
2024-02-02 10:59:27.805 [info] > git for-each-ref --format=%(refname)%00%(upstream:short)%00%(objectname)%00%(upstream:track)%00%(upstream:remotename)%00%(upstream:remoteref) refs/heads/s6chinwe refs/remotes/s6chinwe [2ms]
2024-02-02 10:59:27.865 [info] > git status -z -uall [54ms]
2024-02-02 10:59:32.882 [info] > git config --get commit.template [7ms]
2024-02-02 10:59:32.883 [info] > git for-each-ref --format=%(refname)%00%(upstream:short)%00%(objectname)%00%(upstream:track)%00%(upstream:remotename)%00%(upstream:remoteref) refs/heads/s6chinwe refs/remotes/s6chinwe [1ms]
2024-02-02 10:59:32.936 [info] > git status -z -uall [48ms]
2024-02-02 10:59:37.956 [info] > git config --get commit.template [8ms]
2024-02-02 10:59:37.957 [info] > git for-each-ref --format=%(refname)%00%(upstream:short)%00%(objectname)%00%(upstream:track)%00%(upstream:remotename)%00%(upstream:remoteref) refs/heads/s6chinwe refs/remotes/s6chinwe [2ms]
2024-02-02 10:59:38.017 [info] > git status -z -uall [53ms]
2024-02-02 10:59:43.041 [info] > git config --get commit.template [8ms]
2024-02-02 10:59:43.042 [info] > git for-each-ref --format=%(refname)%00%(upstream:short)%00%(objectname)%00%(upstream:track)%00%(upstream:remotename)%00%(upstream:remoteref) refs/heads/s6chinwe refs/remotes/s6chinwe [2ms]
2024-02-02 10:59:43.105 [info] > git status -z -uall [57ms]
2024-02-02 10:59:48.128 [info] > git config --get commit.template [9ms]
2024-02-02 10:59:48.129 [info] > git for-each-ref --format=%(refname)%00%(upstream:short)%00%(objectname)%00%(upstream:track)%00%(upstream:remotename)%00%(upstream:remoteref) refs/heads/s6chinwe refs/remotes/s6chinwe [3ms]
2024-02-02 10:59:48.197 [info] > git status -z -uall [60ms]
2024-02-02 10:59:53.216 [info] > git config --get commit.template [7ms]
2024-02-02 10:59:53.217 [info] > git for-each-ref --format=%(refname)%00%(upstream:short)%00%(objectname)%00%(upstream:track)%00%(upstream:remotename)%00%(upstream:remoteref) refs/heads/s6chinwe refs/remotes/s6chinwe [2ms]
2024-02-02 10:59:53.280 [info] > git status -z -uall [57ms]
2024-02-02 10:59:58.308 [info] > git for-each-ref --format=%(refname)%00%(upstream:short)%00%(objectname)%00%(upstream:track)%00%(upstream:remotename)%00%(upstream:remoteref) refs/heads/s6chinwe refs/remotes/s6chinwe [3ms]
2024-02-02 10:59:58.308 [info] > git config --get commit.template [13ms]
2024-02-02 10:59:58.376 [info] > git status -z -uall [59ms]
2024-02-02 11:00:10.872 [info] > git config --get commit.template [8ms]
2024-02-02 11:00:10.873 [info] > git for-each-ref --format=%(refname)%00%(upstream:short)%00%(objectname)%00%(upstream:track)%00%(upstream:remotename)%00%(upstream:remoteref) refs/heads/s6chinwe refs/remotes/s6chinwe [2ms]
2024-02-02 11:00:10.936 [info] > git status -z -uall [57ms]
2024-02-02 11:00:15.959 [info] > git config --get commit.template [10ms]
2024-02-02 11:00:15.960 [info] > git for-each-ref --format=%(refname)%00%(upstream:short)%00%(objectname)%00%(upstream:track)%00%(upstream:remotename)%00%(upstream:remoteref) refs/heads/s6chinwe refs/remotes/s6chinwe [2ms]
2024-02-02 11:00:16.020 [info] > git status -z -uall [53ms]
2024-02-02 11:00:21.041 [info] > git config --get commit.template [9ms]
2024-02-02 11:00:21.042 [info] > git for-each-ref --format=%(refname)%00%(upstream:short)%00%(objectname)%00%(upstream:track)%00%(upstream:remotename)%00%(upstream:remoteref) refs/heads/s6chinwe refs/remotes/s6chinwe [2ms]
2024-02-02 11:00:21.108 [info] > git status -z -uall [59ms]
2024-02-02 11:00:26.123 [info] > git config --get commit.template [3ms]
2024-02-02 11:00:26.133 [info] > git for-each-ref --format=%(refname)%00%(upstream:short)%00%(objectname)%00%(upstream:track)%00%(upstream:remotename)%00%(upstream:remoteref) refs/heads/s6chinwe refs/remotes/s6chinwe [2ms]
2024-02-02 11:00:26.191 [info] > git status -z -uall [52ms]
2024-02-02 11:00:31.210 [info] > git config --get commit.template [7ms]
2024-02-02 11:00:31.210 [info] > git for-each-ref --format=%(refname)%00%(upstream:short)%00%(objectname)%00%(upstream:track)%00%(upstream:remotename)%00%(upstream:remoteref) refs/heads/s6chinwe refs/remotes/s6chinwe [1ms]
2024-02-02 11:00:31.271 [info] > git status -z -uall [53ms]
2024-02-02 11:00:36.290 [info] > git config --get commit.template [7ms]
2024-02-02 11:00:36.291 [info] > git for-each-ref --format=%(refname)%00%(upstream:short)%00%(objectname)%00%(upstream:track)%00%(upstream:remotename)%00%(upstream:remoteref) refs/heads/s6chinwe refs/remotes/s6chinwe [2ms]
2024-02-02 11:00:36.353 [info] > git status -z -uall [55ms]
2024-02-02 11:00:41.375 [info] > git config --get commit.template [7ms]
2024-02-02 11:00:41.375 [info] > git for-each-ref --format=%(refname)%00%(upstream:short)%00%(objectname)%00%(upstream:track)%00%(upstream:remotename)%00%(upstream:remoteref) refs/heads/s6chinwe refs/remotes/s6chinwe [1ms]
2024-02-02 11:00:41.440 [info] > git status -z -uall [58ms]
2024-02-02 11:00:46.462 [info] > git config --get commit.template [8ms]
2024-02-02 11:00:46.462 [info] > git for-each-ref --format=%(refname)%00%(upstream:short)%00%(objectname)%00%(upstream:track)%00%(upstream:remotename)%00%(upstream:remoteref) refs/heads/s6chinwe refs/remotes/s6chinwe [1ms]
2024-02-02 11:00:46.525 [info] > git status -z -uall [57ms]
2024-02-02 11:00:51.547 [info] > git config --get commit.template [7ms]
2024-02-02 11:00:51.548 [info] > git for-each-ref --format=%(refname)%00%(upstream:short)%00%(objectname)%00%(upstream:track)%00%(upstream:remotename)%00%(upstream:remoteref) refs/heads/s6chinwe refs/remotes/s6chinwe [2ms]
2024-02-02 11:00:51.605 [info] > git status -z -uall [52ms]
2024-02-02 11:01:53.422 [info] > git config --get commit.template [10ms]
2024-02-02 11:01:53.423 [info] > git for-each-ref --format=%(refname)%00%(upstream:short)%00%(objectname)%00%(upstream:track)%00%(upstream:remotename)%00%(upstream:remoteref) refs/heads/s6chinwe refs/remotes/s6chinwe [2ms]
2024-02-02 11:01:53.481 [info] > git status -z -uall [52ms]
2024-02-02 11:02:05.310 [info] > git config --get commit.template [8ms]
2024-02-02 11:02:05.311 [info] > git for-each-ref --format=%(refname)%00%(upstream:short)%00%(objectname)%00%(upstream:track)%00%(upstream:remotename)%00%(upstream:remoteref) refs/heads/s6chinwe refs/remotes/s6chinwe [2ms]
2024-02-02 11:02:05.376 [info] > git status -z -uall [58ms]
2024-02-02 11:02:10.402 [info] > git config --get commit.template [11ms]
2024-02-02 11:02:10.403 [info] > git for-each-ref --format=%(refname)%00%(upstream:short)%00%(objectname)%00%(upstream:track)%00%(upstream:remotename)%00%(upstream:remoteref) refs/heads/s6chinwe refs/remotes/s6chinwe [2ms]
2024-02-02 11:02:10.471 [info] > git status -z -uall [56ms]
2024-02-02 11:02:11.537 [info] > git show --textconv :Espresso_/espresso-product/templates/hpa.yaml [9ms]
2024-02-02 11:02:11.540 [info] > git ls-files --stage -- /home/s6chinwe/Espresso_/espresso-product/templates/hpa.yaml [5ms]
2024-02-02 11:02:11.549 [info] > git cat-file -s 63d44d4ce8ac0cd15d98c46283ea551b8fd20357 [2ms]
2024-02-02 11:02:15.492 [info] > git config --get commit.template [8ms]
2024-02-02 11:02:15.493 [info] > git for-each-ref --format=%(refname)%00%(upstream:short)%00%(objectname)%00%(upstream:track)%00%(upstream:remotename)%00%(upstream:remoteref) refs/heads/s6chinwe refs/remotes/s6chinwe [2ms]
2024-02-02 11:02:15.550 [info] > git status -z -uall [51ms]
2024-02-02 11:02:17.366 [info] > git fetch [151ms]
2024-02-02 11:02:17.378 [info] > git config --get commit.template [2ms]
2024-02-02 11:02:17.387 [info] > git for-each-ref --format=%(refname)%00%(upstream:short)%00%(objectname)%00%(upstream:track)%00%(upstream:remotename)%00%(upstream:remoteref) refs/heads/main refs/remotes/main [3ms]
2024-02-02 11:02:17.402 [info] > git status -z -uall [6ms]
2024-02-02 11:02:18.613 [info] > git config --get commit.template [8ms]
2024-02-02 11:02:18.614 [info] > git for-each-ref --format=%(refname)%00%(upstream:short)%00%(objectname)%00%(upstream:track)%00%(upstream:remotename)%00%(upstream:remoteref) refs/heads/main refs/remotes/main [3ms]
2024-02-02 11:02:18.626 [info] > git status -z -uall [5ms]
2024-02-02 11:02:20.980 [info] > git config --get commit.template [8ms]
2024-02-02 11:02:20.980 [info] > git for-each-ref --format=%(refname)%00%(upstream:short)%00%(objectname)%00%(upstream:track)%00%(upstream:remotename)%00%(upstream:remoteref) refs/heads/s6chinwe refs/remotes/s6chinwe [1ms]
2024-02-02 11:02:21.054 [info] > git status -z -uall [67ms]
