2024-01-25 15:21:19.934 [info] Extension host with pid 1360653 started
2024-01-25 15:21:19.955 [info] Lock '/home/s6chinwe/.vscode-server/data/User/workspaceStorage/d70c7ea3b8057b23e5a16c462a3e7102/vscode.lock': Lock acquired.
2024-01-25 15:21:20.101 [info] ExtensionService#_doActivateExtension vscode.emmet, startup: false, activationEvent: 'onLanguage'
2024-01-25 15:21:20.102 [info] ExtensionService#_doActivateExtension vscode.git-base, startup: false, activationEvent: '*', root cause: vscode.git
2024-01-25 15:21:20.241 [info] ExtensionService#_doActivateExtension vscode.git, startup: false, activationEvent: '*'
2024-01-25 15:21:20.241 [info] ExtensionService#_doActivateExtension vscode.github, startup: false, activationEvent: '*'
2024-01-25 15:21:20.642 [info] Eager extensions activated
2024-01-25 15:21:20.643 [info] ExtensionService#_doActivateExtension vscode.debug-auto-launch, startup: false, activationEvent: 'onStartupFinished'
2024-01-25 15:21:20.644 [info] ExtensionService#_doActivateExtension vscode.merge-conflict, startup: false, activationEvent: 'onStartupFinished'
2024-01-25 15:21:20.934 [warning] [Decorations] CAPPING events from decorations provider vscode.git 367
2024-01-25 15:21:21.250 [warning] [Decorations] CAPPING events from decorations provider vscode.git 367
2024-01-25 15:22:02.525 [warning] [Decorations] CAPPING events from decorations provider vscode.git 367
2024-01-25 15:22:03.738 [warning] [Decorations] CAPPING events from decorations provider vscode.git 367
2024-01-25 15:25:02.754 [warning] [Decorations] CAPPING events from decorations provider vscode.git 367
2024-01-25 15:25:03.983 [warning] [Decorations] CAPPING events from decorations provider vscode.git 367
2024-01-25 15:29:10.606 [warning] [Decorations] CAPPING events from decorations provider vscode.git 367
2024-01-25 15:29:11.842 [warning] [Decorations] CAPPING events from decorations provider vscode.git 367
2024-01-25 15:32:48.291 [warning] [Decorations] CAPPING events from decorations provider vscode.git 367
2024-01-25 15:32:49.569 [warning] [Decorations] CAPPING events from decorations provider vscode.git 367
2024-01-25 15:35:48.513 [warning] [Decorations] CAPPING events from decorations provider vscode.git 367
2024-01-25 15:35:49.740 [warning] [Decorations] CAPPING events from decorations provider vscode.git 367
2024-01-25 15:38:48.745 [warning] [Decorations] CAPPING events from decorations provider vscode.git 367
2024-01-25 15:38:49.971 [warning] [Decorations] CAPPING events from decorations provider vscode.git 367
2024-01-25 15:41:48.967 [warning] [Decorations] CAPPING events from decorations provider vscode.git 367
2024-01-25 15:41:50.261 [warning] [Decorations] CAPPING events from decorations provider vscode.git 367
2024-01-25 15:44:49.225 [warning] [Decorations] CAPPING events from decorations provider vscode.git 367
2024-01-25 15:44:50.458 [warning] [Decorations] CAPPING events from decorations provider vscode.git 367
2024-01-25 15:53:14.214 [warning] [Decorations] CAPPING events from decorations provider vscode.git 367
2024-01-25 15:53:15.420 [warning] [Decorations] CAPPING events from decorations provider vscode.git 367
2024-01-25 15:57:53.465 [warning] [Decorations] CAPPING events from decorations provider vscode.git 367
2024-01-25 15:57:54.645 [warning] [Decorations] CAPPING events from decorations provider vscode.git 367
2024-01-25 16:06:14.210 [warning] [Decorations] CAPPING events from decorations provider vscode.git 367
2024-01-25 16:06:15.445 [warning] [Decorations] CAPPING events from decorations provider vscode.git 367
2024-01-25 16:09:14.428 [warning] [Decorations] CAPPING events from decorations provider vscode.git 367
2024-01-25 16:09:15.655 [warning] [Decorations] CAPPING events from decorations provider vscode.git 367
2024-01-25 16:17:07.197 [warning] [Decorations] CAPPING events from decorations provider vscode.git 367
2024-01-25 16:17:08.539 [warning] [Decorations] CAPPING events from decorations provider vscode.git 367
2024-01-25 16:20:07.682 [warning] [Decorations] CAPPING events from decorations provider vscode.git 367
2024-01-25 16:20:08.908 [warning] [Decorations] CAPPING events from decorations provider vscode.git 367
2024-01-25 16:23:07.927 [warning] [Decorations] CAPPING events from decorations provider vscode.git 367
2024-01-25 16:23:09.205 [warning] [Decorations] CAPPING events from decorations provider vscode.git 367
2024-01-25 16:26:08.144 [warning] [Decorations] CAPPING events from decorations provider vscode.git 367
2024-01-25 16:26:09.368 [warning] [Decorations] CAPPING events from decorations provider vscode.git 367
2024-01-25 16:29:08.378 [warning] [Decorations] CAPPING events from decorations provider vscode.git 367
2024-01-25 16:29:09.609 [warning] [Decorations] CAPPING events from decorations provider vscode.git 367
2024-01-25 16:32:08.607 [warning] [Decorations] CAPPING events from decorations provider vscode.git 367
2024-01-25 16:32:09.879 [warning] [Decorations] CAPPING events from decorations provider vscode.git 367
2024-01-25 16:35:08.839 [warning] [Decorations] CAPPING events from decorations provider vscode.git 367
2024-01-25 16:35:10.068 [warning] [Decorations] CAPPING events from decorations provider vscode.git 367
2024-01-25 16:38:09.088 [warning] [Decorations] CAPPING events from decorations provider vscode.git 367
2024-01-25 16:38:10.329 [warning] [Decorations] CAPPING events from decorations provider vscode.git 367
2024-01-25 16:41:09.308 [warning] [Decorations] CAPPING events from decorations provider vscode.git 367
2024-01-25 16:41:10.534 [warning] [Decorations] CAPPING events from decorations provider vscode.git 367
2024-01-25 16:44:09.516 [warning] [Decorations] CAPPING events from decorations provider vscode.git 367
2024-01-25 16:44:10.764 [warning] [Decorations] CAPPING events from decorations provider vscode.git 367
2024-01-25 18:26:02.864 [warning] [Decorations] CAPPING events from decorations provider vscode.git 367
2024-01-25 18:26:04.145 [warning] [Decorations] CAPPING events from decorations provider vscode.git 367
2024-01-25 18:29:03.091 [warning] [Decorations] CAPPING events from decorations provider vscode.git 367
2024-01-25 18:29:04.331 [warning] [Decorations] CAPPING events from decorations provider vscode.git 367
2024-01-25 18:32:03.299 [warning] [Decorations] CAPPING events from decorations provider vscode.git 367
2024-01-25 18:32:04.523 [warning] [Decorations] CAPPING events from decorations provider vscode.git 367
2024-01-25 18:35:03.527 [warning] [Decorations] CAPPING events from decorations provider vscode.git 367
2024-01-25 18:35:40.884 [warning] [Decorations] CAPPING events from decorations provider vscode.git 367
2024-01-25 18:38:03.761 [warning] [Decorations] CAPPING events from decorations provider vscode.git 367
2024-01-25 18:38:04.994 [warning] [Decorations] CAPPING events from decorations provider vscode.git 367
2024-01-25 18:40:27.219 [warning] [Decorations] CAPPING events from decorations provider vscode.git 367
2024-01-25 18:40:32.270 [warning] [Decorations] CAPPING events from decorations provider vscode.git 367
2024-01-25 18:41:04.068 [warning] [Decorations] CAPPING events from decorations provider vscode.git 367
2024-01-25 18:41:05.310 [warning] [Decorations] CAPPING events from decorations provider vscode.git 367
2024-01-25 18:44:04.348 [warning] [Decorations] CAPPING events from decorations provider vscode.git 367
2024-01-25 18:44:05.604 [warning] [Decorations] CAPPING events from decorations provider vscode.git 367
2024-01-25 18:47:04.607 [warning] [Decorations] CAPPING events from decorations provider vscode.git 367
2024-01-25 18:47:05.836 [warning] [Decorations] CAPPING events from decorations provider vscode.git 367
2024-01-25 18:50:04.850 [warning] [Decorations] CAPPING events from decorations provider vscode.git 367
2024-01-25 18:50:06.204 [warning] [Decorations] CAPPING events from decorations provider vscode.git 367
2024-01-25 18:52:04.466 [warning] [Decorations] CAPPING events from decorations provider vscode.git 251
2024-01-25 18:52:11.318 [warning] [Decorations] CAPPING events from decorations provider vscode.git 251
2024-01-25 18:52:18.108 [warning] [Decorations] CAPPING events from decorations provider vscode.git 251
2024-01-25 18:52:24.843 [warning] [Decorations] CAPPING events from decorations provider vscode.git 251
2024-01-25 18:52:31.624 [warning] [Decorations] CAPPING events from decorations provider vscode.git 251
2024-01-25 18:52:38.436 [warning] [Decorations] CAPPING events from decorations provider vscode.git 251
2024-01-25 18:52:45.207 [warning] [Decorations] CAPPING events from decorations provider vscode.git 251
2024-01-25 18:52:52.045 [warning] [Decorations] CAPPING events from decorations provider vscode.git 251
2024-01-25 18:52:58.902 [warning] [Decorations] CAPPING events from decorations provider vscode.git 251
2024-01-25 18:53:05.076 [warning] [Decorations] CAPPING events from decorations provider vscode.git 367
2024-01-25 18:53:05.823 [warning] [Decorations] CAPPING events from decorations provider vscode.git 251
2024-01-25 18:53:06.307 [warning] [Decorations] CAPPING events from decorations provider vscode.git 367
2024-01-25 18:53:12.755 [warning] [Decorations] CAPPING events from decorations provider vscode.git 251
2024-01-25 18:53:14.643 [warning] [Decorations] CAPPING events from decorations provider vscode.git 251
2024-01-25 18:53:19.690 [warning] [Decorations] CAPPING events from decorations provider vscode.git 251
2024-01-25 18:53:26.617 [warning] [Decorations] CAPPING events from decorations provider vscode.git 251
2024-01-25 18:53:33.533 [warning] [Decorations] CAPPING events from decorations provider vscode.git 251
2024-01-25 18:53:40.391 [warning] [Decorations] CAPPING events from decorations provider vscode.git 251
2024-01-25 18:53:47.372 [warning] [Decorations] CAPPING events from decorations provider vscode.git 251
2024-01-25 18:53:54.642 [warning] [Decorations] CAPPING events from decorations provider vscode.git 251
2024-01-25 18:54:01.492 [warning] [Decorations] CAPPING events from decorations provider vscode.git 251
2024-01-25 18:54:08.377 [warning] [Decorations] CAPPING events from decorations provider vscode.git 251
2024-01-25 18:54:15.270 [warning] [Decorations] CAPPING events from decorations provider vscode.git 251
2024-01-25 18:54:22.120 [warning] [Decorations] CAPPING events from decorations provider vscode.git 251
2024-01-25 18:54:29.204 [warning] [Decorations] CAPPING events from decorations provider vscode.git 251
2024-01-25 18:54:36.044 [warning] [Decorations] CAPPING events from decorations provider vscode.git 251
2024-01-25 18:54:42.961 [warning] [Decorations] CAPPING events from decorations provider vscode.git 251
2024-01-25 18:54:49.853 [warning] [Decorations] CAPPING events from decorations provider vscode.git 251
2024-01-25 18:54:56.784 [warning] [Decorations] CAPPING events from decorations provider vscode.git 251
2024-01-25 18:55:03.871 [warning] [Decorations] CAPPING events from decorations provider vscode.git 251
2024-01-25 18:55:10.732 [warning] [Decorations] CAPPING events from decorations provider vscode.git 252
2024-01-25 18:55:17.685 [warning] [Decorations] CAPPING events from decorations provider vscode.git 252
2024-01-25 18:55:24.707 [warning] [Decorations] CAPPING events from decorations provider vscode.git 252
2024-01-25 18:55:31.773 [warning] [Decorations] CAPPING events from decorations provider vscode.git 252
2024-01-25 18:55:38.613 [warning] [Decorations] CAPPING events from decorations provider vscode.git 252
2024-01-25 18:55:45.432 [warning] [Decorations] CAPPING events from decorations provider vscode.git 252
2024-01-25 18:55:52.276 [warning] [Decorations] CAPPING events from decorations provider vscode.git 252
2024-01-25 18:55:59.205 [warning] [Decorations] CAPPING events from decorations provider vscode.git 252
2024-01-25 18:56:05.461 [warning] [Decorations] CAPPING events from decorations provider vscode.git 367
2024-01-25 18:56:06.559 [warning] [Decorations] CAPPING events from decorations provider vscode.git 252
2024-01-25 18:56:06.759 [warning] [Decorations] CAPPING events from decorations provider vscode.git 367
2024-01-25 18:56:13.398 [warning] [Decorations] CAPPING events from decorations provider vscode.git 252
2024-01-25 18:56:16.608 [warning] [Decorations] CAPPING events from decorations provider vscode.git 252
2024-01-25 18:56:20.282 [warning] [Decorations] CAPPING events from decorations provider vscode.git 252
2024-01-25 18:56:27.239 [warning] [Decorations] CAPPING events from decorations provider vscode.git 252
2024-01-25 18:56:34.126 [warning] [Decorations] CAPPING events from decorations provider vscode.git 252
2024-01-25 18:56:40.959 [warning] [Decorations] CAPPING events from decorations provider vscode.git 252
2024-01-25 18:56:47.759 [warning] [Decorations] CAPPING events from decorations provider vscode.git 252
2024-01-25 18:56:54.566 [warning] [Decorations] CAPPING events from decorations provider vscode.git 252
2024-01-25 18:57:01.528 [warning] [Decorations] CAPPING events from decorations provider vscode.git 253
2024-01-25 18:57:08.315 [warning] [Decorations] CAPPING events from decorations provider vscode.git 253
2024-01-25 18:57:15.082 [warning] [Decorations] CAPPING events from decorations provider vscode.git 253
2024-01-25 18:57:21.880 [warning] [Decorations] CAPPING events from decorations provider vscode.git 253
2024-01-25 18:57:28.925 [warning] [Decorations] CAPPING events from decorations provider vscode.git 253
2024-01-25 18:57:35.766 [warning] [Decorations] CAPPING events from decorations provider vscode.git 253
2024-01-25 18:57:42.718 [warning] [Decorations] CAPPING events from decorations provider vscode.git 253
2024-01-25 18:57:49.633 [warning] [Decorations] CAPPING events from decorations provider vscode.git 253
2024-01-25 18:57:56.539 [warning] [Decorations] CAPPING events from decorations provider vscode.git 253
2024-01-25 18:58:03.347 [warning] [Decorations] CAPPING events from decorations provider vscode.git 253
2024-01-25 18:58:10.199 [warning] [Decorations] CAPPING events from decorations provider vscode.git 253
2024-01-25 18:58:17.039 [warning] [Decorations] CAPPING events from decorations provider vscode.git 253
2024-01-25 18:58:23.932 [warning] [Decorations] CAPPING events from decorations provider vscode.git 254
2024-01-25 18:58:30.794 [warning] [Decorations] CAPPING events from decorations provider vscode.git 254
2024-01-25 18:58:37.643 [warning] [Decorations] CAPPING events from decorations provider vscode.git 254
2024-01-25 18:58:44.483 [warning] [Decorations] CAPPING events from decorations provider vscode.git 254
2024-01-25 18:58:51.382 [warning] [Decorations] CAPPING events from decorations provider vscode.git 254
2024-01-25 18:58:58.299 [warning] [Decorations] CAPPING events from decorations provider vscode.git 254
2024-01-25 18:59:05.138 [warning] [Decorations] CAPPING events from decorations provider vscode.git 254
2024-01-25 18:59:05.677 [warning] [Decorations] CAPPING events from decorations provider vscode.git 367
2024-01-25 18:59:06.902 [warning] [Decorations] CAPPING events from decorations provider vscode.git 367
2024-01-25 18:59:12.006 [warning] [Decorations] CAPPING events from decorations provider vscode.git 254
2024-01-25 18:59:18.447 [warning] [Decorations] CAPPING events from decorations provider vscode.git 254
2024-01-25 18:59:20.344 [warning] [Decorations] CAPPING events from decorations provider vscode.git 254
2024-01-25 18:59:27.161 [warning] [Decorations] CAPPING events from decorations provider vscode.git 254
2024-01-25 18:59:33.967 [warning] [Decorations] CAPPING events from decorations provider vscode.git 254
2024-01-25 18:59:40.811 [warning] [Decorations] CAPPING events from decorations provider vscode.git 254
2024-01-25 18:59:47.681 [warning] [Decorations] CAPPING events from decorations provider vscode.git 254
2024-01-25 18:59:54.479 [warning] [Decorations] CAPPING events from decorations provider vscode.git 254
2024-01-25 19:00:01.256 [warning] [Decorations] CAPPING events from decorations provider vscode.git 254
2024-01-25 19:00:08.089 [warning] [Decorations] CAPPING events from decorations provider vscode.git 254
2024-01-25 19:00:15.059 [warning] [Decorations] CAPPING events from decorations provider vscode.git 254
2024-01-25 19:00:21.889 [warning] [Decorations] CAPPING events from decorations provider vscode.git 254
2024-01-25 19:00:28.820 [warning] [Decorations] CAPPING events from decorations provider vscode.git 254
2024-01-25 19:00:35.709 [warning] [Decorations] CAPPING events from decorations provider vscode.git 254
2024-01-25 19:00:42.695 [warning] [Decorations] CAPPING events from decorations provider vscode.git 254
2024-01-25 19:00:49.557 [warning] [Decorations] CAPPING events from decorations provider vscode.git 254
2024-01-25 19:00:56.441 [warning] [Decorations] CAPPING events from decorations provider vscode.git 254
2024-01-25 19:01:03.280 [warning] [Decorations] CAPPING events from decorations provider vscode.git 254
2024-01-25 19:01:10.084 [warning] [Decorations] CAPPING events from decorations provider vscode.git 254
2024-01-25 19:01:16.896 [warning] [Decorations] CAPPING events from decorations provider vscode.git 254
2024-01-25 19:01:23.780 [warning] [Decorations] CAPPING events from decorations provider vscode.git 254
2024-01-25 19:01:30.655 [warning] [Decorations] CAPPING events from decorations provider vscode.git 254
2024-01-25 19:01:37.521 [warning] [Decorations] CAPPING events from decorations provider vscode.git 254
2024-01-25 19:01:44.384 [warning] [Decorations] CAPPING events from decorations provider vscode.git 254
2024-01-25 19:01:51.308 [warning] [Decorations] CAPPING events from decorations provider vscode.git 254
2024-01-25 19:01:58.171 [warning] [Decorations] CAPPING events from decorations provider vscode.git 254
2024-01-25 19:02:05.061 [warning] [Decorations] CAPPING events from decorations provider vscode.git 254
2024-01-25 19:02:05.891 [warning] [Decorations] CAPPING events from decorations provider vscode.git 367
2024-01-25 19:02:07.116 [warning] [Decorations] CAPPING events from decorations provider vscode.git 367
2024-01-25 19:02:11.948 [warning] [Decorations] CAPPING events from decorations provider vscode.git 254
2024-01-25 19:02:18.843 [warning] [Decorations] CAPPING events from decorations provider vscode.git 254
2024-01-25 19:02:20.800 [warning] [Decorations] CAPPING events from decorations provider vscode.git 254
2024-01-25 19:02:25.745 [warning] [Decorations] CAPPING events from decorations provider vscode.git 254
2024-01-25 19:02:32.565 [warning] [Decorations] CAPPING events from decorations provider vscode.git 254
2024-01-25 19:02:39.433 [warning] [Decorations] CAPPING events from decorations provider vscode.git 254
2024-01-25 19:02:46.309 [warning] [Decorations] CAPPING events from decorations provider vscode.git 254
2024-01-25 19:02:53.223 [warning] [Decorations] CAPPING events from decorations provider vscode.git 254
2024-01-25 19:03:00.081 [warning] [Decorations] CAPPING events from decorations provider vscode.git 254
2024-01-25 19:03:07.012 [warning] [Decorations] CAPPING events from decorations provider vscode.git 254
2024-01-25 19:03:13.845 [warning] [Decorations] CAPPING events from decorations provider vscode.git 254
2024-01-25 19:03:20.756 [warning] [Decorations] CAPPING events from decorations provider vscode.git 254
2024-01-25 19:03:27.652 [warning] [Decorations] CAPPING events from decorations provider vscode.git 254
2024-01-25 19:03:34.640 [warning] [Decorations] CAPPING events from decorations provider vscode.git 254
2024-01-25 19:03:41.525 [warning] [Decorations] CAPPING events from decorations provider vscode.git 254
2024-01-25 19:03:48.548 [warning] [Decorations] CAPPING events from decorations provider vscode.git 254
2024-01-25 19:03:55.497 [warning] [Decorations] CAPPING events from decorations provider vscode.git 254
2024-01-25 19:04:02.412 [warning] [Decorations] CAPPING events from decorations provider vscode.git 254
2024-01-25 19:04:09.281 [warning] [Decorations] CAPPING events from decorations provider vscode.git 254
2024-01-25 19:04:16.155 [warning] [Decorations] CAPPING events from decorations provider vscode.git 254
2024-01-25 19:04:23.112 [warning] [Decorations] CAPPING events from decorations provider vscode.git 254
2024-01-25 19:04:30.067 [warning] [Decorations] CAPPING events from decorations provider vscode.git 254
2024-01-25 19:04:36.926 [warning] [Decorations] CAPPING events from decorations provider vscode.git 254
2024-01-25 19:04:43.759 [warning] [Decorations] CAPPING events from decorations provider vscode.git 254
2024-01-25 19:04:50.600 [warning] [Decorations] CAPPING events from decorations provider vscode.git 254
2024-01-25 19:04:57.567 [warning] [Decorations] CAPPING events from decorations provider vscode.git 254
2024-01-25 19:05:04.534 [warning] [Decorations] CAPPING events from decorations provider vscode.git 254
2024-01-25 19:05:06.116 [warning] [Decorations] CAPPING events from decorations provider vscode.git 367
2024-01-25 19:05:07.350 [warning] [Decorations] CAPPING events from decorations provider vscode.git 367
2024-01-25 19:05:11.422 [warning] [Decorations] CAPPING events from decorations provider vscode.git 254
2024-01-25 19:05:18.338 [warning] [Decorations] CAPPING events from decorations provider vscode.git 254
2024-01-25 19:05:22.660 [warning] [Decorations] CAPPING events from decorations provider vscode.git 254
2024-01-25 19:05:25.297 [warning] [Decorations] CAPPING events from decorations provider vscode.git 254
2024-01-25 19:05:32.167 [warning] [Decorations] CAPPING events from decorations provider vscode.git 254
2024-01-25 19:05:39.056 [warning] [Decorations] CAPPING events from decorations provider vscode.git 254
2024-01-25 19:05:45.958 [warning] [Decorations] CAPPING events from decorations provider vscode.git 254
2024-01-25 19:05:52.767 [warning] [Decorations] CAPPING events from decorations provider vscode.git 254
2024-01-25 19:05:59.661 [warning] [Decorations] CAPPING events from decorations provider vscode.git 254
2024-01-25 19:06:06.520 [warning] [Decorations] CAPPING events from decorations provider vscode.git 254
2024-01-25 19:06:13.304 [warning] [Decorations] CAPPING events from decorations provider vscode.git 254
2024-01-25 19:06:20.121 [warning] [Decorations] CAPPING events from decorations provider vscode.git 254
2024-01-25 19:06:27.041 [warning] [Decorations] CAPPING events from decorations provider vscode.git 254
2024-01-25 19:06:33.897 [warning] [Decorations] CAPPING events from decorations provider vscode.git 254
2024-01-25 19:06:40.752 [warning] [Decorations] CAPPING events from decorations provider vscode.git 254
2024-01-25 19:06:47.580 [warning] [Decorations] CAPPING events from decorations provider vscode.git 254
2024-01-25 19:06:54.475 [warning] [Decorations] CAPPING events from decorations provider vscode.git 254
2024-01-25 19:07:01.420 [warning] [Decorations] CAPPING events from decorations provider vscode.git 254
2024-01-25 19:07:08.282 [warning] [Decorations] CAPPING events from decorations provider vscode.git 254
2024-01-25 19:07:15.164 [warning] [Decorations] CAPPING events from decorations provider vscode.git 254
2024-01-25 19:07:22.018 [warning] [Decorations] CAPPING events from decorations provider vscode.git 254
2024-01-25 19:07:28.896 [warning] [Decorations] CAPPING events from decorations provider vscode.git 254
2024-01-25 19:07:35.800 [warning] [Decorations] CAPPING events from decorations provider vscode.git 254
2024-01-25 19:08:26.680 [warning] [Decorations] CAPPING events from decorations provider vscode.git 367
2024-01-25 19:08:27.907 [warning] [Decorations] CAPPING events from decorations provider vscode.git 367
2024-01-25 19:08:28.466 [warning] [Decorations] CAPPING events from decorations provider vscode.git 254
2024-01-25 19:08:33.449 [warning] [Decorations] CAPPING events from decorations provider vscode.git 254
2024-01-25 19:08:40.272 [warning] [Decorations] CAPPING events from decorations provider vscode.git 254
2024-01-25 19:08:47.049 [warning] [Decorations] CAPPING events from decorations provider vscode.git 254
2024-01-25 19:10:18.406 [warning] [Decorations] CAPPING events from decorations provider vscode.git 255
2024-01-25 19:10:25.459 [warning] [Decorations] CAPPING events from decorations provider vscode.git 255
2024-01-25 19:10:32.329 [warning] [Decorations] CAPPING events from decorations provider vscode.git 255
2024-01-25 19:10:39.174 [warning] [Decorations] CAPPING events from decorations provider vscode.git 255
2024-01-25 19:10:45.997 [warning] [Decorations] CAPPING events from decorations provider vscode.git 255
2024-01-25 19:10:52.804 [warning] [Decorations] CAPPING events from decorations provider vscode.git 255
2024-01-25 19:10:59.541 [warning] [Decorations] CAPPING events from decorations provider vscode.git 255
2024-01-25 19:11:06.482 [warning] [Decorations] CAPPING events from decorations provider vscode.git 255
2024-01-25 19:11:36.704 [warning] [Decorations] CAPPING events from decorations provider vscode.git 367
2024-01-25 19:11:37.959 [warning] [Decorations] CAPPING events from decorations provider vscode.git 367
2024-01-25 19:11:38.438 [warning] [Decorations] CAPPING events from decorations provider vscode.git 255
2024-01-25 19:11:48.186 [warning] [Decorations] CAPPING events from decorations provider vscode.git 255
2024-01-25 19:12:39.765 [warning] [Decorations] CAPPING events from decorations provider vscode.git 255
2024-01-25 19:12:46.658 [warning] [Decorations] CAPPING events from decorations provider vscode.git 255
2024-01-25 19:13:02.483 [warning] [Decorations] CAPPING events from decorations provider vscode.git 255
2024-01-25 19:13:09.427 [warning] [Decorations] CAPPING events from decorations provider vscode.git 255
2024-01-25 19:13:16.302 [warning] [Decorations] CAPPING events from decorations provider vscode.git 255
2024-01-25 19:13:23.228 [warning] [Decorations] CAPPING events from decorations provider vscode.git 255
2024-01-25 19:13:30.069 [warning] [Decorations] CAPPING events from decorations provider vscode.git 255
2024-01-25 19:13:36.907 [warning] [Decorations] CAPPING events from decorations provider vscode.git 255
2024-01-25 19:13:43.730 [warning] [Decorations] CAPPING events from decorations provider vscode.git 255
2024-01-25 19:13:50.578 [warning] [Decorations] CAPPING events from decorations provider vscode.git 255
2024-01-25 19:13:57.518 [warning] [Decorations] CAPPING events from decorations provider vscode.git 255
2024-01-25 19:14:04.370 [warning] [Decorations] CAPPING events from decorations provider vscode.git 255
2024-01-25 19:14:11.231 [warning] [Decorations] CAPPING events from decorations provider vscode.git 255
2024-01-25 19:14:18.016 [warning] [Decorations] CAPPING events from decorations provider vscode.git 255
2024-01-25 19:14:24.842 [warning] [Decorations] CAPPING events from decorations provider vscode.git 255
2024-01-25 19:14:31.725 [warning] [Decorations] CAPPING events from decorations provider vscode.git 255
2024-01-25 19:14:36.959 [warning] [Decorations] CAPPING events from decorations provider vscode.git 367
2024-01-25 19:14:38.191 [warning] [Decorations] CAPPING events from decorations provider vscode.git 367
2024-01-25 19:14:38.625 [warning] [Decorations] CAPPING events from decorations provider vscode.git 255
2024-01-25 19:14:40.519 [warning] [Decorations] CAPPING events from decorations provider vscode.git 255
2024-01-25 19:14:45.449 [warning] [Decorations] CAPPING events from decorations provider vscode.git 255
2024-01-25 19:14:52.362 [warning] [Decorations] CAPPING events from decorations provider vscode.git 255
2024-01-25 19:14:59.183 [warning] [Decorations] CAPPING events from decorations provider vscode.git 255
2024-01-25 19:15:06.056 [warning] [Decorations] CAPPING events from decorations provider vscode.git 256
2024-01-25 19:15:12.995 [warning] [Decorations] CAPPING events from decorations provider vscode.git 256
2024-01-25 19:15:19.925 [warning] [Decorations] CAPPING events from decorations provider vscode.git 256
2024-01-25 19:15:26.774 [warning] [Decorations] CAPPING events from decorations provider vscode.git 256
2024-01-25 19:15:33.702 [warning] [Decorations] CAPPING events from decorations provider vscode.git 256
2024-01-25 19:15:47.347 [warning] [Decorations] CAPPING events from decorations provider vscode.git 256
2024-01-25 19:15:54.185 [warning] [Decorations] CAPPING events from decorations provider vscode.git 256
2024-01-25 19:16:01.068 [warning] [Decorations] CAPPING events from decorations provider vscode.git 256
2024-01-25 19:16:07.960 [warning] [Decorations] CAPPING events from decorations provider vscode.git 256
2024-01-25 19:16:14.957 [warning] [Decorations] CAPPING events from decorations provider vscode.git 256
2024-01-25 19:16:21.760 [warning] [Decorations] CAPPING events from decorations provider vscode.git 256
2024-01-25 19:16:28.850 [warning] [Decorations] CAPPING events from decorations provider vscode.git 256
2024-01-25 19:16:35.885 [warning] [Decorations] CAPPING events from decorations provider vscode.git 256
2024-01-25 19:16:42.735 [warning] [Decorations] CAPPING events from decorations provider vscode.git 256
2024-01-25 19:16:49.695 [warning] [Decorations] CAPPING events from decorations provider vscode.git 256
2024-01-25 19:16:56.504 [warning] [Decorations] CAPPING events from decorations provider vscode.git 258
2024-01-25 19:17:03.381 [warning] [Decorations] CAPPING events from decorations provider vscode.git 258
2024-01-25 19:17:10.345 [warning] [Decorations] CAPPING events from decorations provider vscode.git 258
2024-01-25 19:17:17.261 [warning] [Decorations] CAPPING events from decorations provider vscode.git 258
2024-01-25 19:17:24.081 [warning] [Decorations] CAPPING events from decorations provider vscode.git 258
2024-01-25 19:17:30.948 [warning] [Decorations] CAPPING events from decorations provider vscode.git 258
2024-01-25 19:17:37.220 [warning] [Decorations] CAPPING events from decorations provider vscode.git 367
2024-01-25 19:17:37.856 [warning] [Decorations] CAPPING events from decorations provider vscode.git 258
2024-01-25 19:17:38.453 [warning] [Decorations] CAPPING events from decorations provider vscode.git 367
2024-01-25 19:17:42.349 [warning] [Decorations] CAPPING events from decorations provider vscode.git 258
2024-01-25 19:17:44.772 [warning] [Decorations] CAPPING events from decorations provider vscode.git 258
2024-01-25 19:17:51.689 [warning] [Decorations] CAPPING events from decorations provider vscode.git 258
2024-01-25 19:17:58.579 [warning] [Decorations] CAPPING events from decorations provider vscode.git 258
2024-01-25 19:18:05.459 [warning] [Decorations] CAPPING events from decorations provider vscode.git 258
2024-01-25 19:18:12.430 [warning] [Decorations] CAPPING events from decorations provider vscode.git 258
2024-01-25 19:18:19.315 [warning] [Decorations] CAPPING events from decorations provider vscode.git 258
2024-01-25 19:18:26.281 [warning] [Decorations] CAPPING events from decorations provider vscode.git 258
2024-01-25 19:18:33.397 [warning] [Decorations] CAPPING events from decorations provider vscode.git 258
2024-01-25 19:18:40.406 [warning] [Decorations] CAPPING events from decorations provider vscode.git 258
2024-01-25 19:18:47.489 [warning] [Decorations] CAPPING events from decorations provider vscode.git 258
2024-01-25 19:19:49.451 [warning] [Decorations] CAPPING events from decorations provider vscode.git 258
2024-01-25 19:19:56.571 [warning] [Decorations] CAPPING events from decorations provider vscode.git 258
2024-01-25 19:20:03.496 [warning] [Decorations] CAPPING events from decorations provider vscode.git 258
2024-01-25 19:20:10.431 [warning] [Decorations] CAPPING events from decorations provider vscode.git 269
2024-01-25 19:20:17.401 [warning] [Decorations] CAPPING events from decorations provider vscode.git 269
2024-01-25 19:20:24.325 [warning] [Decorations] CAPPING events from decorations provider vscode.git 269
2024-01-25 19:20:31.429 [warning] [Decorations] CAPPING events from decorations provider vscode.git 269
2024-01-25 19:20:37.523 [warning] [Decorations] CAPPING events from decorations provider vscode.git 367
2024-01-25 19:20:38.560 [warning] [Decorations] CAPPING events from decorations provider vscode.git 269
2024-01-25 19:20:38.800 [warning] [Decorations] CAPPING events from decorations provider vscode.git 367
2024-01-25 19:20:44.372 [warning] [Decorations] CAPPING events from decorations provider vscode.git 269
2024-01-25 19:20:46.290 [warning] [Decorations] CAPPING events from decorations provider vscode.git 269
2024-01-25 19:20:53.284 [warning] [Decorations] CAPPING events from decorations provider vscode.git 269
2024-01-25 19:21:00.291 [warning] [Decorations] CAPPING events from decorations provider vscode.git 269
2024-01-25 19:21:07.327 [warning] [Decorations] CAPPING events from decorations provider vscode.git 269
2024-01-25 19:21:14.335 [warning] [Decorations] CAPPING events from decorations provider vscode.git 269
2024-01-25 19:21:21.424 [warning] [Decorations] CAPPING events from decorations provider vscode.git 269
2024-01-25 19:21:28.283 [warning] [Decorations] CAPPING events from decorations provider vscode.git 269
2024-01-25 19:21:35.249 [warning] [Decorations] CAPPING events from decorations provider vscode.git 269
2024-01-25 19:21:42.458 [warning] [Decorations] CAPPING events from decorations provider vscode.git 258
2024-01-25 19:21:49.391 [warning] [Decorations] CAPPING events from decorations provider vscode.git 257
2024-01-25 19:21:56.541 [warning] [Decorations] CAPPING events from decorations provider vscode.git 257
2024-01-25 19:22:03.522 [warning] [Decorations] CAPPING events from decorations provider vscode.git 257
2024-01-25 19:22:10.467 [warning] [Decorations] CAPPING events from decorations provider vscode.git 268
2024-01-25 19:22:17.658 [warning] [Decorations] CAPPING events from decorations provider vscode.git 268
2024-01-25 19:22:24.587 [warning] [Decorations] CAPPING events from decorations provider vscode.git 268
2024-01-25 19:22:31.529 [warning] [Decorations] CAPPING events from decorations provider vscode.git 268
2024-01-25 19:22:38.416 [warning] [Decorations] CAPPING events from decorations provider vscode.git 268
2024-01-25 19:22:40.549 [warning] [Decorations] CAPPING events from decorations provider vscode.git 367
2024-01-25 19:22:45.417 [warning] [Decorations] CAPPING events from decorations provider vscode.git 268
2024-01-25 19:22:52.301 [warning] [Decorations] CAPPING events from decorations provider vscode.git 268
2024-01-25 19:22:59.163 [warning] [Decorations] CAPPING events from decorations provider vscode.git 268
2024-01-25 19:23:06.274 [warning] [Decorations] CAPPING events from decorations provider vscode.git 268
2024-01-25 19:23:13.268 [warning] [Decorations] CAPPING events from decorations provider vscode.git 268
2024-01-25 19:23:20.360 [warning] [Decorations] CAPPING events from decorations provider vscode.git 268
2024-01-25 19:23:27.554 [warning] [Decorations] CAPPING events from decorations provider vscode.git 268
2024-01-25 19:23:34.635 [warning] [Decorations] CAPPING events from decorations provider vscode.git 268
2024-01-25 19:23:37.804 [warning] [Decorations] CAPPING events from decorations provider vscode.git 367
2024-01-25 19:23:39.043 [warning] [Decorations] CAPPING events from decorations provider vscode.git 367
2024-01-25 19:23:41.755 [warning] [Decorations] CAPPING events from decorations provider vscode.git 268
2024-01-25 19:23:46.444 [warning] [Decorations] CAPPING events from decorations provider vscode.git 268
2024-01-25 19:23:48.814 [warning] [Decorations] CAPPING events from decorations provider vscode.git 268
2024-01-25 19:23:55.876 [warning] [Decorations] CAPPING events from decorations provider vscode.git 268
2024-01-25 19:24:02.797 [warning] [Decorations] CAPPING events from decorations provider vscode.git 268
2024-01-25 19:24:09.917 [warning] [Decorations] CAPPING events from decorations provider vscode.git 268
2024-01-25 19:24:16.947 [warning] [Decorations] CAPPING events from decorations provider vscode.git 268
2024-01-25 19:24:23.937 [warning] [Decorations] CAPPING events from decorations provider vscode.git 268
2024-01-25 19:25:09.237 [warning] [Decorations] CAPPING events from decorations provider vscode.git 268
2024-01-25 19:25:16.111 [warning] [Decorations] CAPPING events from decorations provider vscode.git 268
2024-01-25 19:25:23.286 [warning] [Decorations] CAPPING events from decorations provider vscode.git 268
2024-01-25 19:25:30.252 [warning] [Decorations] CAPPING events from decorations provider vscode.git 268
2024-01-25 19:25:37.382 [warning] [Decorations] CAPPING events from decorations provider vscode.git 268
2024-01-25 19:25:44.265 [warning] [Decorations] CAPPING events from decorations provider vscode.git 268
2024-01-25 19:25:51.346 [warning] [Decorations] CAPPING events from decorations provider vscode.git 268
2024-01-25 19:25:58.272 [warning] [Decorations] CAPPING events from decorations provider vscode.git 268
2024-01-25 19:26:05.292 [warning] [Decorations] CAPPING events from decorations provider vscode.git 268
2024-01-25 19:26:12.375 [warning] [Decorations] CAPPING events from decorations provider vscode.git 268
2024-01-25 19:33:19.504 [warning] [Decorations] CAPPING events from decorations provider vscode.git 367
2024-01-25 19:33:20.739 [warning] [Decorations] CAPPING events from decorations provider vscode.git 367
2024-01-25 19:33:21.236 [warning] [Decorations] CAPPING events from decorations provider vscode.git 268
2024-01-25 19:33:26.198 [warning] [Decorations] CAPPING events from decorations provider vscode.git 268
2024-01-25 19:33:33.039 [warning] [Decorations] CAPPING events from decorations provider vscode.git 268
2024-01-25 19:33:39.971 [warning] [Decorations] CAPPING events from decorations provider vscode.git 268
2024-01-25 19:33:46.858 [warning] [Decorations] CAPPING events from decorations provider vscode.git 268
2024-01-25 19:33:53.695 [warning] [Decorations] CAPPING events from decorations provider vscode.git 268
2024-01-25 19:34:00.495 [warning] [Decorations] CAPPING events from decorations provider vscode.git 268
2024-01-25 19:34:07.388 [warning] [Decorations] CAPPING events from decorations provider vscode.git 268
2024-01-25 19:34:14.383 [warning] [Decorations] CAPPING events from decorations provider vscode.git 268
2024-01-25 19:34:21.277 [warning] [Decorations] CAPPING events from decorations provider vscode.git 268
2024-01-25 19:34:28.180 [warning] [Decorations] CAPPING events from decorations provider vscode.git 268
2024-01-25 19:34:35.856 [warning] [Decorations] CAPPING events from decorations provider vscode.git 268
2024-01-25 19:34:42.770 [warning] [Decorations] CAPPING events from decorations provider vscode.git 268
2024-01-25 19:34:49.671 [warning] [Decorations] CAPPING events from decorations provider vscode.git 268
2024-01-25 19:34:56.545 [warning] [Decorations] CAPPING events from decorations provider vscode.git 268
2024-01-25 19:35:03.441 [warning] [Decorations] CAPPING events from decorations provider vscode.git 268
2024-01-25 19:35:10.459 [warning] [Decorations] CAPPING events from decorations provider vscode.git 268
2024-01-25 19:35:17.359 [warning] [Decorations] CAPPING events from decorations provider vscode.git 268
2024-01-25 19:35:24.218 [warning] [Decorations] CAPPING events from decorations provider vscode.git 268
2024-01-25 19:35:31.096 [warning] [Decorations] CAPPING events from decorations provider vscode.git 268
2024-01-25 19:35:38.017 [warning] [Decorations] CAPPING events from decorations provider vscode.git 268
2024-01-25 19:35:45.173 [warning] [Decorations] CAPPING events from decorations provider vscode.git 268
2024-01-25 19:35:52.208 [warning] [Decorations] CAPPING events from decorations provider vscode.git 268
2024-01-25 19:35:59.112 [warning] [Decorations] CAPPING events from decorations provider vscode.git 268
2024-01-25 19:36:06.118 [warning] [Decorations] CAPPING events from decorations provider vscode.git 268
2024-01-25 19:36:13.258 [warning] [Decorations] CAPPING events from decorations provider vscode.git 268
2024-01-25 19:36:19.820 [warning] [Decorations] CAPPING events from decorations provider vscode.git 367
2024-01-25 19:36:20.379 [warning] [Decorations] CAPPING events from decorations provider vscode.git 268
2024-01-25 19:36:21.146 [warning] [Decorations] CAPPING events from decorations provider vscode.git 367
2024-01-25 19:36:23.249 [warning] [Decorations] CAPPING events from decorations provider vscode.git 268
2024-01-25 19:36:27.307 [warning] [Decorations] CAPPING events from decorations provider vscode.git 268
2024-01-25 19:36:34.532 [warning] [Decorations] CAPPING events from decorations provider vscode.git 268
2024-01-25 19:36:41.847 [warning] [Decorations] CAPPING events from decorations provider vscode.git 268
2024-01-25 19:36:48.959 [warning] [Decorations] CAPPING events from decorations provider vscode.git 268
2024-01-25 19:36:55.839 [warning] [Decorations] CAPPING events from decorations provider vscode.git 268
2024-01-25 19:37:02.915 [warning] [Decorations] CAPPING events from decorations provider vscode.git 268
2024-01-25 19:37:09.769 [warning] [Decorations] CAPPING events from decorations provider vscode.git 268
2024-01-25 19:37:16.881 [warning] [Decorations] CAPPING events from decorations provider vscode.git 268
2024-01-25 19:37:23.988 [warning] [Decorations] CAPPING events from decorations provider vscode.git 268
2024-01-25 19:37:31.215 [warning] [Decorations] CAPPING events from decorations provider vscode.git 268
2024-01-25 19:37:38.284 [warning] [Decorations] CAPPING events from decorations provider vscode.git 268
2024-01-25 19:37:45.274 [warning] [Decorations] CAPPING events from decorations provider vscode.git 268
2024-01-25 19:37:52.452 [warning] [Decorations] CAPPING events from decorations provider vscode.git 268
2024-01-25 19:37:59.416 [warning] [Decorations] CAPPING events from decorations provider vscode.git 268
2024-01-25 19:38:06.325 [warning] [Decorations] CAPPING events from decorations provider vscode.git 268
2024-01-25 19:38:13.476 [warning] [Decorations] CAPPING events from decorations provider vscode.git 268
2024-01-25 19:38:20.483 [warning] [Decorations] CAPPING events from decorations provider vscode.git 268
2024-01-25 19:38:27.399 [warning] [Decorations] CAPPING events from decorations provider vscode.git 268
2024-01-25 19:38:35.390 [warning] [Decorations] CAPPING events from decorations provider vscode.git 268
2024-01-25 19:38:42.379 [warning] [Decorations] CAPPING events from decorations provider vscode.git 268
2024-01-25 19:38:49.466 [warning] [Decorations] CAPPING events from decorations provider vscode.git 268
2024-01-25 19:38:56.648 [warning] [Decorations] CAPPING events from decorations provider vscode.git 268
2024-01-25 19:39:03.633 [warning] [Decorations] CAPPING events from decorations provider vscode.git 268
2024-01-25 19:39:11.018 [warning] [Decorations] CAPPING events from decorations provider vscode.git 268
2024-01-25 19:39:18.017 [warning] [Decorations] CAPPING events from decorations provider vscode.git 268
2024-01-25 19:39:20.122 [warning] [Decorations] CAPPING events from decorations provider vscode.git 367
2024-01-25 19:39:21.379 [warning] [Decorations] CAPPING events from decorations provider vscode.git 367
2024-01-25 19:39:24.940 [warning] [Decorations] CAPPING events from decorations provider vscode.git 268
2024-01-25 19:39:26.902 [warning] [Decorations] CAPPING events from decorations provider vscode.git 268
2024-01-25 19:39:31.799 [warning] [Decorations] CAPPING events from decorations provider vscode.git 268
2024-01-25 19:39:38.789 [warning] [Decorations] CAPPING events from decorations provider vscode.git 268
2024-01-25 19:39:45.763 [warning] [Decorations] CAPPING events from decorations provider vscode.git 268
2024-01-25 19:39:52.714 [warning] [Decorations] CAPPING events from decorations provider vscode.git 268
2024-01-25 19:39:59.776 [warning] [Decorations] CAPPING events from decorations provider vscode.git 268
2024-01-25 19:40:06.632 [warning] [Decorations] CAPPING events from decorations provider vscode.git 268
2024-01-25 19:40:13.459 [warning] [Decorations] CAPPING events from decorations provider vscode.git 268
2024-01-25 19:40:20.387 [warning] [Decorations] CAPPING events from decorations provider vscode.git 268
2024-01-25 19:40:27.202 [warning] [Decorations] CAPPING events from decorations provider vscode.git 268
2024-01-25 19:40:34.215 [warning] [Decorations] CAPPING events from decorations provider vscode.git 268
2024-01-25 19:40:41.238 [warning] [Decorations] CAPPING events from decorations provider vscode.git 268
2024-01-25 19:40:48.159 [warning] [Decorations] CAPPING events from decorations provider vscode.git 268
2024-01-25 19:40:55.141 [warning] [Decorations] CAPPING events from decorations provider vscode.git 268
2024-01-25 19:41:02.091 [warning] [Decorations] CAPPING events from decorations provider vscode.git 268
2024-01-25 19:41:08.873 [warning] [Decorations] CAPPING events from decorations provider vscode.git 268
2024-01-25 19:41:15.740 [warning] [Decorations] CAPPING events from decorations provider vscode.git 268
2024-01-25 19:41:22.758 [warning] [Decorations] CAPPING events from decorations provider vscode.git 268
2024-01-25 19:41:29.944 [warning] [Decorations] CAPPING events from decorations provider vscode.git 268
2024-01-25 19:41:36.812 [warning] [Decorations] CAPPING events from decorations provider vscode.git 268
2024-01-25 19:41:43.805 [warning] [Decorations] CAPPING events from decorations provider vscode.git 268
2024-01-25 19:41:50.682 [warning] [Decorations] CAPPING events from decorations provider vscode.git 268
2024-01-25 19:41:57.820 [warning] [Decorations] CAPPING events from decorations provider vscode.git 268
2024-01-25 19:42:05.955 [warning] [Decorations] CAPPING events from decorations provider vscode.git 268
2024-01-25 19:42:13.084 [warning] [Decorations] CAPPING events from decorations provider vscode.git 268
2024-01-25 19:42:20.137 [warning] [Decorations] CAPPING events from decorations provider vscode.git 268
2024-01-25 19:42:20.399 [warning] [Decorations] CAPPING events from decorations provider vscode.git 367
2024-01-25 19:42:21.656 [warning] [Decorations] CAPPING events from decorations provider vscode.git 367
2024-01-25 19:42:27.120 [warning] [Decorations] CAPPING events from decorations provider vscode.git 268
2024-01-25 19:42:29.225 [warning] [Decorations] CAPPING events from decorations provider vscode.git 268
2024-01-25 19:42:34.062 [warning] [Decorations] CAPPING events from decorations provider vscode.git 268
2024-01-25 19:42:40.957 [warning] [Decorations] CAPPING events from decorations provider vscode.git 268
2024-01-25 19:42:47.992 [warning] [Decorations] CAPPING events from decorations provider vscode.git 268
2024-01-25 19:42:55.066 [warning] [Decorations] CAPPING events from decorations provider vscode.git 268
2024-01-25 19:43:02.004 [warning] [Decorations] CAPPING events from decorations provider vscode.git 268
2024-01-25 19:43:09.076 [warning] [Decorations] CAPPING events from decorations provider vscode.git 268
2024-01-25 19:43:15.982 [warning] [Decorations] CAPPING events from decorations provider vscode.git 268
2024-01-25 19:43:23.139 [warning] [Decorations] CAPPING events from decorations provider vscode.git 268
2024-01-25 19:43:30.120 [warning] [Decorations] CAPPING events from decorations provider vscode.git 268
2024-01-25 19:43:37.455 [warning] [Decorations] CAPPING events from decorations provider vscode.git 268
2024-01-25 19:43:44.229 [warning] [Decorations] CAPPING events from decorations provider vscode.git 268
2024-01-25 19:43:52.312 [warning] [Decorations] CAPPING events from decorations provider vscode.git 268
2024-01-25 19:43:59.383 [warning] [Decorations] CAPPING events from decorations provider vscode.git 268
2024-01-25 19:44:06.289 [warning] [Decorations] CAPPING events from decorations provider vscode.git 268
2024-01-25 19:44:13.262 [warning] [Decorations] CAPPING events from decorations provider vscode.git 268
2024-01-25 19:44:20.224 [warning] [Decorations] CAPPING events from decorations provider vscode.git 268
2024-01-25 19:44:27.335 [warning] [Decorations] CAPPING events from decorations provider vscode.git 268
2024-01-25 19:44:34.264 [warning] [Decorations] CAPPING events from decorations provider vscode.git 268
2024-01-25 19:44:41.377 [warning] [Decorations] CAPPING events from decorations provider vscode.git 268
2024-01-25 19:44:48.177 [warning] [Decorations] CAPPING events from decorations provider vscode.git 268
2024-01-25 19:44:55.158 [warning] [Decorations] CAPPING events from decorations provider vscode.git 269
2024-01-25 19:45:02.312 [warning] [Decorations] CAPPING events from decorations provider vscode.git 269
2024-01-25 19:45:09.150 [warning] [Decorations] CAPPING events from decorations provider vscode.git 269
2024-01-25 19:45:16.212 [warning] [Decorations] CAPPING events from decorations provider vscode.git 269
2024-01-25 19:45:20.638 [warning] [Decorations] CAPPING events from decorations provider vscode.git 367
2024-01-25 19:45:21.892 [warning] [Decorations] CAPPING events from decorations provider vscode.git 367
2024-01-25 19:45:23.333 [warning] [Decorations] CAPPING events from decorations provider vscode.git 269
2024-01-25 19:45:30.615 [warning] [Decorations] CAPPING events from decorations provider vscode.git 269
2024-01-25 19:45:32.621 [warning] [Decorations] CAPPING events from decorations provider vscode.git 269
2024-01-25 19:45:37.740 [warning] [Decorations] CAPPING events from decorations provider vscode.git 269
2024-01-25 19:45:44.720 [warning] [Decorations] CAPPING events from decorations provider vscode.git 269
2024-01-25 19:45:51.571 [warning] [Decorations] CAPPING events from decorations provider vscode.git 269
2024-01-25 19:45:58.747 [warning] [Decorations] CAPPING events from decorations provider vscode.git 269
2024-01-25 19:46:05.575 [warning] [Decorations] CAPPING events from decorations provider vscode.git 269
2024-01-25 19:46:12.607 [warning] [Decorations] CAPPING events from decorations provider vscode.git 269
2024-01-25 19:46:19.578 [warning] [Decorations] CAPPING events from decorations provider vscode.git 269
2024-01-25 19:46:26.693 [warning] [Decorations] CAPPING events from decorations provider vscode.git 269
2024-01-25 19:46:33.722 [warning] [Decorations] CAPPING events from decorations provider vscode.git 269
2024-01-25 19:46:41.155 [warning] [Decorations] CAPPING events from decorations provider vscode.git 269
2024-01-25 19:46:48.128 [warning] [Decorations] CAPPING events from decorations provider vscode.git 269
2024-01-25 19:46:55.054 [warning] [Decorations] CAPPING events from decorations provider vscode.git 269
2024-01-25 19:47:02.037 [warning] [Decorations] CAPPING events from decorations provider vscode.git 269
2024-01-25 19:47:08.107 [warning] [Decorations] CAPPING events from decorations provider vscode.git 367
2024-01-25 19:47:09.591 [warning] [Decorations] CAPPING events from decorations provider vscode.git 273
2024-01-25 19:47:13.169 [warning] [Decorations] CAPPING events from decorations provider vscode.git 367
2024-01-25 19:47:16.650 [warning] [Decorations] CAPPING events from decorations provider vscode.git 273
2024-01-25 19:47:23.690 [warning] [Decorations] CAPPING events from decorations provider vscode.git 273
2024-01-25 19:47:30.727 [warning] [Decorations] CAPPING events from decorations provider vscode.git 273
2024-01-25 19:47:37.843 [warning] [Decorations] CAPPING events from decorations provider vscode.git 273
2024-01-25 19:47:44.880 [warning] [Decorations] CAPPING events from decorations provider vscode.git 273
2024-01-25 19:47:51.895 [warning] [Decorations] CAPPING events from decorations provider vscode.git 273
2024-01-25 19:47:58.960 [warning] [Decorations] CAPPING events from decorations provider vscode.git 273
2024-01-25 19:48:05.981 [warning] [Decorations] CAPPING events from decorations provider vscode.git 273
2024-01-25 19:48:13.096 [warning] [Decorations] CAPPING events from decorations provider vscode.git 273
2024-01-25 19:48:19.980 [warning] [Decorations] CAPPING events from decorations provider vscode.git 273
2024-01-25 19:48:21.876 [warning] [Decorations] CAPPING events from decorations provider vscode.git 367
2024-01-25 19:48:23.113 [warning] [Decorations] CAPPING events from decorations provider vscode.git 367
2024-01-25 19:48:27.183 [warning] [Decorations] CAPPING events from decorations provider vscode.git 273
2024-01-25 19:48:34.255 [warning] [Decorations] CAPPING events from decorations provider vscode.git 273
2024-01-25 19:48:36.222 [warning] [Decorations] CAPPING events from decorations provider vscode.git 273
2024-01-25 19:48:41.372 [warning] [Decorations] CAPPING events from decorations provider vscode.git 273
2024-01-25 19:48:48.820 [warning] [Decorations] CAPPING events from decorations provider vscode.git 273
2024-01-25 19:48:55.943 [warning] [Decorations] CAPPING events from decorations provider vscode.git 273
2024-01-25 19:49:02.874 [warning] [Decorations] CAPPING events from decorations provider vscode.git 273
2024-01-25 19:49:09.813 [warning] [Decorations] CAPPING events from decorations provider vscode.git 273
2024-01-25 19:49:53.798 [warning] [Decorations] CAPPING events from decorations provider vscode.git 273
2024-01-25 19:50:00.729 [warning] [Decorations] CAPPING events from decorations provider vscode.git 273
2024-01-25 19:50:37.099 [warning] [Decorations] CAPPING events from decorations provider vscode.git 273
2024-01-25 19:50:44.124 [warning] [Decorations] CAPPING events from decorations provider vscode.git 273
2024-01-25 19:50:51.073 [warning] [Decorations] CAPPING events from decorations provider vscode.git 273
2024-01-25 19:50:57.966 [warning] [Decorations] CAPPING events from decorations provider vscode.git 272
2024-01-25 19:51:04.976 [warning] [Decorations] CAPPING events from decorations provider vscode.git 273
2024-01-25 19:51:11.996 [warning] [Decorations] CAPPING events from decorations provider vscode.git 273
2024-01-25 19:51:18.966 [warning] [Decorations] CAPPING events from decorations provider vscode.git 273
2024-01-25 19:51:22.092 [warning] [Decorations] CAPPING events from decorations provider vscode.git 367
2024-01-25 19:51:23.362 [warning] [Decorations] CAPPING events from decorations provider vscode.git 367
2024-01-25 19:51:25.998 [warning] [Decorations] CAPPING events from decorations provider vscode.git 273
2024-01-25 19:51:32.854 [warning] [Decorations] CAPPING events from decorations provider vscode.git 273
2024-01-25 19:51:38.171 [warning] [Decorations] CAPPING events from decorations provider vscode.git 273
2024-01-25 19:51:40.081 [warning] [Decorations] CAPPING events from decorations provider vscode.git 273
2024-01-25 19:51:47.036 [warning] [Decorations] CAPPING events from decorations provider vscode.git 273
2024-01-25 19:51:53.886 [warning] [Decorations] CAPPING events from decorations provider vscode.git 273
2024-01-25 19:52:00.839 [warning] [Decorations] CAPPING events from decorations provider vscode.git 272
2024-01-25 19:52:07.775 [warning] [Decorations] CAPPING events from decorations provider vscode.git 272
2024-01-25 19:52:14.678 [warning] [Decorations] CAPPING events from decorations provider vscode.git 272
2024-01-25 19:52:21.748 [warning] [Decorations] CAPPING events from decorations provider vscode.git 272
2024-01-25 19:52:28.678 [warning] [Decorations] CAPPING events from decorations provider vscode.git 273
2024-01-25 19:52:35.675 [warning] [Decorations] CAPPING events from decorations provider vscode.git 273
2024-01-25 19:52:42.572 [warning] [Decorations] CAPPING events from decorations provider vscode.git 273
2024-01-25 19:52:49.565 [warning] [Decorations] CAPPING events from decorations provider vscode.git 273
2024-01-25 19:52:56.535 [warning] [Decorations] CAPPING events from decorations provider vscode.git 273
2024-01-25 19:53:03.643 [warning] [Decorations] CAPPING events from decorations provider vscode.git 273
2024-01-25 19:53:10.538 [warning] [Decorations] CAPPING events from decorations provider vscode.git 273
2024-01-25 19:53:17.684 [warning] [Decorations] CAPPING events from decorations provider vscode.git 273
2024-01-25 19:53:24.606 [warning] [Decorations] CAPPING events from decorations provider vscode.git 273
2024-01-25 19:53:31.617 [warning] [Decorations] CAPPING events from decorations provider vscode.git 273
2024-01-25 19:53:38.565 [warning] [Decorations] CAPPING events from decorations provider vscode.git 273
2024-01-25 19:53:45.611 [warning] [Decorations] CAPPING events from decorations provider vscode.git 273
2024-01-25 19:53:52.549 [warning] [Decorations] CAPPING events from decorations provider vscode.git 273
2024-01-25 19:53:59.443 [warning] [Decorations] CAPPING events from decorations provider vscode.git 273
2024-01-25 19:54:06.470 [warning] [Decorations] CAPPING events from decorations provider vscode.git 273
2024-01-25 19:54:13.461 [warning] [Decorations] CAPPING events from decorations provider vscode.git 273
2024-01-25 19:54:20.434 [warning] [Decorations] CAPPING events from decorations provider vscode.git 273
2024-01-25 19:54:22.375 [warning] [Decorations] CAPPING events from decorations provider vscode.git 367
2024-01-25 19:54:23.606 [warning] [Decorations] CAPPING events from decorations provider vscode.git 367
2024-01-25 19:54:27.424 [warning] [Decorations] CAPPING events from decorations provider vscode.git 273
2024-01-25 19:54:34.443 [warning] [Decorations] CAPPING events from decorations provider vscode.git 273
2024-01-25 19:54:40.089 [warning] [Decorations] CAPPING events from decorations provider vscode.git 273
2024-01-25 19:54:41.984 [warning] [Decorations] CAPPING events from decorations provider vscode.git 273
2024-01-25 19:54:48.960 [warning] [Decorations] CAPPING events from decorations provider vscode.git 273
2024-01-25 19:54:56.122 [warning] [Decorations] CAPPING events from decorations provider vscode.git 273
2024-01-25 19:55:03.091 [warning] [Decorations] CAPPING events from decorations provider vscode.git 273
2024-01-25 19:55:09.991 [warning] [Decorations] CAPPING events from decorations provider vscode.git 273
2024-01-25 19:55:16.901 [warning] [Decorations] CAPPING events from decorations provider vscode.git 273
2024-01-25 19:55:23.840 [warning] [Decorations] CAPPING events from decorations provider vscode.git 273
2024-01-25 19:55:30.828 [warning] [Decorations] CAPPING events from decorations provider vscode.git 273
2024-01-25 19:55:37.980 [warning] [Decorations] CAPPING events from decorations provider vscode.git 273
2024-01-25 19:55:45.142 [warning] [Decorations] CAPPING events from decorations provider vscode.git 273
2024-01-25 19:55:52.149 [warning] [Decorations] CAPPING events from decorations provider vscode.git 273
2024-01-25 19:55:59.120 [warning] [Decorations] CAPPING events from decorations provider vscode.git 273
2024-01-25 19:56:06.361 [warning] [Decorations] CAPPING events from decorations provider vscode.git 273
2024-01-25 19:56:13.270 [warning] [Decorations] CAPPING events from decorations provider vscode.git 273
2024-01-25 19:56:20.194 [warning] [Decorations] CAPPING events from decorations provider vscode.git 273
2024-01-25 19:56:27.196 [warning] [Decorations] CAPPING events from decorations provider vscode.git 274
2024-01-25 19:56:34.044 [warning] [Decorations] CAPPING events from decorations provider vscode.git 274
2024-01-25 19:56:41.083 [warning] [Decorations] CAPPING events from decorations provider vscode.git 274
2024-01-25 19:56:47.961 [warning] [Decorations] CAPPING events from decorations provider vscode.git 274
2024-01-25 19:56:54.859 [warning] [Decorations] CAPPING events from decorations provider vscode.git 275
2024-01-25 19:57:01.814 [warning] [Decorations] CAPPING events from decorations provider vscode.git 275
2024-01-25 19:57:08.820 [warning] [Decorations] CAPPING events from decorations provider vscode.git 275
2024-01-25 19:57:15.884 [warning] [Decorations] CAPPING events from decorations provider vscode.git 275
2024-01-25 19:57:22.680 [warning] [Decorations] CAPPING events from decorations provider vscode.git 367
2024-01-25 19:57:22.965 [warning] [Decorations] CAPPING events from decorations provider vscode.git 275
2024-01-25 19:57:23.939 [warning] [Decorations] CAPPING events from decorations provider vscode.git 367
2024-01-25 19:57:29.894 [warning] [Decorations] CAPPING events from decorations provider vscode.git 275
2024-01-25 19:57:36.917 [warning] [Decorations] CAPPING events from decorations provider vscode.git 275
2024-01-25 19:57:42.314 [warning] [Decorations] CAPPING events from decorations provider vscode.git 275
2024-01-25 19:57:44.302 [warning] [Decorations] CAPPING events from decorations provider vscode.git 275
2024-01-25 19:57:51.203 [warning] [Decorations] CAPPING events from decorations provider vscode.git 275
2024-01-25 19:57:58.265 [warning] [Decorations] CAPPING events from decorations provider vscode.git 275
2024-01-25 19:58:05.149 [warning] [Decorations] CAPPING events from decorations provider vscode.git 275
2024-01-25 19:58:12.058 [warning] [Decorations] CAPPING events from decorations provider vscode.git 275
2024-01-25 19:58:19.039 [warning] [Decorations] CAPPING events from decorations provider vscode.git 275
2024-01-25 19:58:26.008 [warning] [Decorations] CAPPING events from decorations provider vscode.git 275
2024-01-25 19:58:32.868 [warning] [Decorations] CAPPING events from decorations provider vscode.git 275
2024-01-25 19:58:39.922 [warning] [Decorations] CAPPING events from decorations provider vscode.git 277
2024-01-25 19:58:46.830 [warning] [Decorations] CAPPING events from decorations provider vscode.git 277
2024-01-25 19:58:53.947 [warning] [Decorations] CAPPING events from decorations provider vscode.git 277
2024-01-25 19:59:00.925 [warning] [Decorations] CAPPING events from decorations provider vscode.git 277
2024-01-25 19:59:08.010 [warning] [Decorations] CAPPING events from decorations provider vscode.git 277
2024-01-25 19:59:14.917 [warning] [Decorations] CAPPING events from decorations provider vscode.git 277
2024-01-25 19:59:21.795 [warning] [Decorations] CAPPING events from decorations provider vscode.git 277
2024-01-25 19:59:28.916 [warning] [Decorations] CAPPING events from decorations provider vscode.git 277
2024-01-25 19:59:35.923 [warning] [Decorations] CAPPING events from decorations provider vscode.git 277
2024-01-25 19:59:42.952 [warning] [Decorations] CAPPING events from decorations provider vscode.git 277
2024-01-25 19:59:49.958 [warning] [Decorations] CAPPING events from decorations provider vscode.git 277
2024-01-25 19:59:57.060 [warning] [Decorations] CAPPING events from decorations provider vscode.git 277
2024-01-25 20:00:04.028 [warning] [Decorations] CAPPING events from decorations provider vscode.git 277
2024-01-25 20:00:10.929 [warning] [Decorations] CAPPING events from decorations provider vscode.git 277
2024-01-25 20:00:18.000 [warning] [Decorations] CAPPING events from decorations provider vscode.git 277
2024-01-25 20:00:22.902 [warning] [Decorations] CAPPING events from decorations provider vscode.git 367
2024-01-25 20:00:24.236 [warning] [Decorations] CAPPING events from decorations provider vscode.git 367
2024-01-25 20:00:25.186 [warning] [Decorations] CAPPING events from decorations provider vscode.git 277
2024-01-25 20:00:32.020 [warning] [Decorations] CAPPING events from decorations provider vscode.git 277
2024-01-25 20:00:39.050 [warning] [Decorations] CAPPING events from decorations provider vscode.git 277
2024-01-25 20:00:44.211 [warning] [Decorations] CAPPING events from decorations provider vscode.git 277
2024-01-25 20:00:46.254 [warning] [Decorations] CAPPING events from decorations provider vscode.git 277
2024-01-25 20:00:53.297 [warning] [Decorations] CAPPING events from decorations provider vscode.git 277
2024-01-25 20:01:00.267 [warning] [Decorations] CAPPING events from decorations provider vscode.git 277
2024-01-25 20:01:07.354 [warning] [Decorations] CAPPING events from decorations provider vscode.git 277
2024-01-25 20:01:14.305 [warning] [Decorations] CAPPING events from decorations provider vscode.git 277
2024-01-25 20:01:21.364 [warning] [Decorations] CAPPING events from decorations provider vscode.git 279
2024-01-25 20:01:28.361 [warning] [Decorations] CAPPING events from decorations provider vscode.git 279
2024-01-25 20:01:35.503 [warning] [Decorations] CAPPING events from decorations provider vscode.git 280
2024-01-25 20:01:42.565 [warning] [Decorations] CAPPING events from decorations provider vscode.git 280
2024-01-25 20:01:49.555 [warning] [Decorations] CAPPING events from decorations provider vscode.git 280
2024-01-25 20:01:56.700 [warning] [Decorations] CAPPING events from decorations provider vscode.git 280
2024-01-25 20:02:03.744 [warning] [Decorations] CAPPING events from decorations provider vscode.git 280
2024-01-25 20:02:10.913 [warning] [Decorations] CAPPING events from decorations provider vscode.git 280
2024-01-25 20:02:17.783 [warning] [Decorations] CAPPING events from decorations provider vscode.git 280
2024-01-25 20:02:24.875 [warning] [Decorations] CAPPING events from decorations provider vscode.git 280
2024-01-25 20:02:31.857 [warning] [Decorations] CAPPING events from decorations provider vscode.git 280
2024-01-25 20:02:38.780 [warning] [Decorations] CAPPING events from decorations provider vscode.git 282
2024-01-25 20:02:45.721 [warning] [Decorations] CAPPING events from decorations provider vscode.git 282
2024-01-25 20:02:52.817 [warning] [Decorations] CAPPING events from decorations provider vscode.git 282
2024-01-25 20:03:00.192 [warning] [Decorations] CAPPING events from decorations provider vscode.git 282
2024-01-25 20:03:07.114 [warning] [Decorations] CAPPING events from decorations provider vscode.git 282
2024-01-25 20:03:14.213 [warning] [Decorations] CAPPING events from decorations provider vscode.git 282
2024-01-25 20:03:21.215 [warning] [Decorations] CAPPING events from decorations provider vscode.git 282
2024-01-25 20:03:23.146 [warning] [Decorations] CAPPING events from decorations provider vscode.git 367
2024-01-25 20:03:24.387 [warning] [Decorations] CAPPING events from decorations provider vscode.git 367
2024-01-25 20:03:28.167 [warning] [Decorations] CAPPING events from decorations provider vscode.git 282
2024-01-25 20:03:35.449 [warning] [Decorations] CAPPING events from decorations provider vscode.git 282
2024-01-25 20:03:42.504 [warning] [Decorations] CAPPING events from decorations provider vscode.git 282
2024-01-25 20:03:46.400 [warning] [Decorations] CAPPING events from decorations provider vscode.git 282
2024-01-25 20:03:49.623 [warning] [Decorations] CAPPING events from decorations provider vscode.git 282
2024-01-25 20:03:56.737 [warning] [Decorations] CAPPING events from decorations provider vscode.git 283
2024-01-25 20:04:03.928 [warning] [Decorations] CAPPING events from decorations provider vscode.git 283
2024-01-25 20:04:11.066 [warning] [Decorations] CAPPING events from decorations provider vscode.git 283
2024-01-25 20:04:18.167 [warning] [Decorations] CAPPING events from decorations provider vscode.git 283
2024-01-25 20:04:25.104 [warning] [Decorations] CAPPING events from decorations provider vscode.git 283
2024-01-25 20:04:32.084 [warning] [Decorations] CAPPING events from decorations provider vscode.git 283
2024-01-25 20:04:39.077 [warning] [Decorations] CAPPING events from decorations provider vscode.git 283
2024-01-25 20:04:46.030 [warning] [Decorations] CAPPING events from decorations provider vscode.git 283
2024-01-25 20:04:53.015 [warning] [Decorations] CAPPING events from decorations provider vscode.git 283
2024-01-25 20:04:59.915 [warning] [Decorations] CAPPING events from decorations provider vscode.git 283
2024-01-25 20:05:06.894 [warning] [Decorations] CAPPING events from decorations provider vscode.git 283
2024-01-25 20:05:13.888 [warning] [Decorations] CAPPING events from decorations provider vscode.git 283
2024-01-25 20:05:20.958 [warning] [Decorations] CAPPING events from decorations provider vscode.git 283
2024-01-25 20:05:27.909 [warning] [Decorations] CAPPING events from decorations provider vscode.git 283
2024-01-25 20:05:34.825 [warning] [Decorations] CAPPING events from decorations provider vscode.git 283
2024-01-25 20:05:41.698 [warning] [Decorations] CAPPING events from decorations provider vscode.git 283
2024-01-25 20:05:48.800 [warning] [Decorations] CAPPING events from decorations provider vscode.git 282
2024-01-25 20:05:55.691 [warning] [Decorations] CAPPING events from decorations provider vscode.git 282
2024-01-25 20:06:02.605 [warning] [Decorations] CAPPING events from decorations provider vscode.git 282
2024-01-25 20:06:09.581 [warning] [Decorations] CAPPING events from decorations provider vscode.git 282
2024-01-25 20:06:16.636 [warning] [Decorations] CAPPING events from decorations provider vscode.git 282
2024-01-25 20:06:23.435 [warning] [Decorations] CAPPING events from decorations provider vscode.git 367
2024-01-25 20:06:23.691 [warning] [Decorations] CAPPING events from decorations provider vscode.git 282
2024-01-25 20:06:24.725 [warning] [Decorations] CAPPING events from decorations provider vscode.git 367
2024-01-25 20:06:30.934 [warning] [Decorations] CAPPING events from decorations provider vscode.git 282
2024-01-25 20:06:38.110 [warning] [Decorations] CAPPING events from decorations provider vscode.git 282
2024-01-25 20:06:45.035 [warning] [Decorations] CAPPING events from decorations provider vscode.git 282
2024-01-25 20:06:48.497 [warning] [Decorations] CAPPING events from decorations provider vscode.git 282
2024-01-25 20:06:52.095 [warning] [Decorations] CAPPING events from decorations provider vscode.git 282
2024-01-25 20:06:58.936 [warning] [Decorations] CAPPING events from decorations provider vscode.git 282
2024-01-25 20:07:06.274 [warning] [Decorations] CAPPING events from decorations provider vscode.git 282
2024-01-25 20:07:13.256 [warning] [Decorations] CAPPING events from decorations provider vscode.git 282
2024-01-25 20:07:20.183 [warning] [Decorations] CAPPING events from decorations provider vscode.git 282
2024-01-25 20:07:27.232 [warning] [Decorations] CAPPING events from decorations provider vscode.git 282
2024-01-25 20:07:34.127 [warning] [Decorations] CAPPING events from decorations provider vscode.git 282
2024-01-25 20:07:41.000 [warning] [Decorations] CAPPING events from decorations provider vscode.git 282
2024-01-25 20:07:48.109 [warning] [Decorations] CAPPING events from decorations provider vscode.git 282
2024-01-25 20:07:54.983 [warning] [Decorations] CAPPING events from decorations provider vscode.git 282
2024-01-25 20:08:02.208 [warning] [Decorations] CAPPING events from decorations provider vscode.git 282
2024-01-25 20:08:09.048 [warning] [Decorations] CAPPING events from decorations provider vscode.git 282
2024-01-25 20:09:20.843 [warning] [Decorations] CAPPING events from decorations provider vscode.git 282
2024-01-25 20:09:23.664 [warning] [Decorations] CAPPING events from decorations provider vscode.git 367
2024-01-25 20:09:24.928 [warning] [Decorations] CAPPING events from decorations provider vscode.git 367
2024-01-25 20:09:27.848 [warning] [Decorations] CAPPING events from decorations provider vscode.git 282
2024-01-25 20:09:34.786 [warning] [Decorations] CAPPING events from decorations provider vscode.git 282
2024-01-25 20:09:41.642 [warning] [Decorations] CAPPING events from decorations provider vscode.git 282
2024-01-25 20:09:48.771 [warning] [Decorations] CAPPING events from decorations provider vscode.git 282
2024-01-25 20:09:50.683 [warning] [Decorations] CAPPING events from decorations provider vscode.git 282
2024-01-25 20:09:55.743 [warning] [Decorations] CAPPING events from decorations provider vscode.git 282
2024-01-25 20:10:02.726 [warning] [Decorations] CAPPING events from decorations provider vscode.git 282
2024-01-25 20:10:09.584 [warning] [Decorations] CAPPING events from decorations provider vscode.git 282
2024-01-25 20:10:16.487 [warning] [Decorations] CAPPING events from decorations provider vscode.git 282
2024-01-25 20:10:23.551 [warning] [Decorations] CAPPING events from decorations provider vscode.git 282
2024-01-25 20:10:30.647 [warning] [Decorations] CAPPING events from decorations provider vscode.git 282
2024-01-25 20:10:37.437 [warning] [Decorations] CAPPING events from decorations provider vscode.git 282
2024-01-25 20:10:44.327 [warning] [Decorations] CAPPING events from decorations provider vscode.git 282
2024-01-25 20:10:51.183 [warning] [Decorations] CAPPING events from decorations provider vscode.git 282
2024-01-25 20:10:58.131 [warning] [Decorations] CAPPING events from decorations provider vscode.git 282
2024-01-25 20:11:05.128 [warning] [Decorations] CAPPING events from decorations provider vscode.git 282
2024-01-25 20:11:12.025 [warning] [Decorations] CAPPING events from decorations provider vscode.git 282
2024-01-25 20:11:19.019 [warning] [Decorations] CAPPING events from decorations provider vscode.git 282
2024-01-25 20:11:25.974 [warning] [Decorations] CAPPING events from decorations provider vscode.git 282
2024-01-25 20:11:33.011 [warning] [Decorations] CAPPING events from decorations provider vscode.git 282
2024-01-25 20:11:40.028 [warning] [Decorations] CAPPING events from decorations provider vscode.git 282
2024-01-25 20:11:46.898 [warning] [Decorations] CAPPING events from decorations provider vscode.git 282
2024-01-25 20:11:53.959 [warning] [Decorations] CAPPING events from decorations provider vscode.git 282
2024-01-25 20:12:00.978 [warning] [Decorations] CAPPING events from decorations provider vscode.git 282
2024-01-25 20:12:08.070 [warning] [Decorations] CAPPING events from decorations provider vscode.git 282
2024-01-25 20:12:15.073 [warning] [Decorations] CAPPING events from decorations provider vscode.git 282
2024-01-25 20:12:22.131 [warning] [Decorations] CAPPING events from decorations provider vscode.git 283
2024-01-25 20:12:23.891 [warning] [Decorations] CAPPING events from decorations provider vscode.git 367
2024-01-25 20:12:25.128 [warning] [Decorations] CAPPING events from decorations provider vscode.git 367
2024-01-25 20:12:29.147 [warning] [Decorations] CAPPING events from decorations provider vscode.git 283
2024-01-25 20:12:35.955 [warning] [Decorations] CAPPING events from decorations provider vscode.git 283
2024-01-25 20:12:43.053 [warning] [Decorations] CAPPING events from decorations provider vscode.git 283
2024-01-25 20:12:49.992 [warning] [Decorations] CAPPING events from decorations provider vscode.git 283
2024-01-25 20:12:52.629 [warning] [Decorations] CAPPING events from decorations provider vscode.git 283
2024-01-25 20:12:57.047 [warning] [Decorations] CAPPING events from decorations provider vscode.git 283
2024-01-25 20:13:03.950 [warning] [Decorations] CAPPING events from decorations provider vscode.git 283
2024-01-25 20:13:10.975 [warning] [Decorations] CAPPING events from decorations provider vscode.git 283
2024-01-25 20:13:18.110 [warning] [Decorations] CAPPING events from decorations provider vscode.git 284
2024-01-25 20:13:25.046 [warning] [Decorations] CAPPING events from decorations provider vscode.git 284
2024-01-25 20:13:32.019 [warning] [Decorations] CAPPING events from decorations provider vscode.git 284
2024-01-25 20:13:39.040 [warning] [Decorations] CAPPING events from decorations provider vscode.git 284
2024-01-25 20:13:45.892 [warning] [Decorations] CAPPING events from decorations provider vscode.git 284
2024-01-25 20:13:52.901 [warning] [Decorations] CAPPING events from decorations provider vscode.git 284
2024-01-25 20:13:59.864 [warning] [Decorations] CAPPING events from decorations provider vscode.git 284
2024-01-25 20:14:08.058 [warning] [Decorations] CAPPING events from decorations provider vscode.git 284
2024-01-25 20:14:14.874 [warning] [Decorations] CAPPING events from decorations provider vscode.git 284
2024-01-25 20:14:21.876 [warning] [Decorations] CAPPING events from decorations provider vscode.git 284
2024-01-25 20:14:28.882 [warning] [Decorations] CAPPING events from decorations provider vscode.git 284
2024-01-25 20:14:35.995 [warning] [Decorations] CAPPING events from decorations provider vscode.git 284
2024-01-25 20:14:42.871 [warning] [Decorations] CAPPING events from decorations provider vscode.git 284
2024-01-25 20:14:49.752 [warning] [Decorations] CAPPING events from decorations provider vscode.git 284
2024-01-25 20:17:33.219 [warning] [Decorations] CAPPING events from decorations provider vscode.git 367
2024-01-25 20:17:34.501 [warning] [Decorations] CAPPING events from decorations provider vscode.git 367
2024-01-25 20:17:34.963 [warning] [Decorations] CAPPING events from decorations provider vscode.git 284
2024-01-25 20:19:59.752 [warning] [Decorations] CAPPING events from decorations provider vscode.git 284
2024-01-25 20:20:06.949 [warning] [Decorations] CAPPING events from decorations provider vscode.git 284
2024-01-25 20:20:13.969 [warning] [Decorations] CAPPING events from decorations provider vscode.git 284
2024-01-25 20:20:21.136 [warning] [Decorations] CAPPING events from decorations provider vscode.git 284
2024-01-25 20:20:28.054 [warning] [Decorations] CAPPING events from decorations provider vscode.git 284
2024-01-25 20:20:33.509 [warning] [Decorations] CAPPING events from decorations provider vscode.git 367
2024-01-25 20:20:34.763 [warning] [Decorations] CAPPING events from decorations provider vscode.git 367
2024-01-25 20:20:35.273 [warning] [Decorations] CAPPING events from decorations provider vscode.git 284
2024-01-25 20:20:37.399 [warning] [Decorations] CAPPING events from decorations provider vscode.git 284
2024-01-25 20:20:42.274 [warning] [Decorations] CAPPING events from decorations provider vscode.git 284
2024-01-25 20:20:49.323 [warning] [Decorations] CAPPING events from decorations provider vscode.git 284
2024-01-25 20:20:56.285 [warning] [Decorations] CAPPING events from decorations provider vscode.git 284
2024-01-25 20:21:03.286 [warning] [Decorations] CAPPING events from decorations provider vscode.git 284
2024-01-25 20:21:10.223 [warning] [Decorations] CAPPING events from decorations provider vscode.git 284
2024-01-25 20:21:17.268 [warning] [Decorations] CAPPING events from decorations provider vscode.git 284
2024-01-25 20:21:24.256 [warning] [Decorations] CAPPING events from decorations provider vscode.git 284
2024-01-25 20:21:31.142 [warning] [Decorations] CAPPING events from decorations provider vscode.git 284
2024-01-25 20:21:38.289 [warning] [Decorations] CAPPING events from decorations provider vscode.git 284
2024-01-25 20:21:45.263 [warning] [Decorations] CAPPING events from decorations provider vscode.git 284
2024-01-25 20:21:52.382 [warning] [Decorations] CAPPING events from decorations provider vscode.git 284
2024-01-25 20:21:59.211 [warning] [Decorations] CAPPING events from decorations provider vscode.git 284
2024-01-25 20:22:06.273 [warning] [Decorations] CAPPING events from decorations provider vscode.git 284
2024-01-25 20:22:13.148 [warning] [Decorations] CAPPING events from decorations provider vscode.git 284
2024-01-25 20:22:20.068 [warning] [Decorations] CAPPING events from decorations provider vscode.git 284
2024-01-25 20:22:26.996 [warning] [Decorations] CAPPING events from decorations provider vscode.git 284
2024-01-25 20:22:33.904 [warning] [Decorations] CAPPING events from decorations provider vscode.git 284
2024-01-25 20:22:40.955 [warning] [Decorations] CAPPING events from decorations provider vscode.git 284
2024-01-25 20:22:47.986 [warning] [Decorations] CAPPING events from decorations provider vscode.git 284
2024-01-25 20:22:55.066 [warning] [Decorations] CAPPING events from decorations provider vscode.git 284
2024-01-25 20:23:01.937 [warning] [Decorations] CAPPING events from decorations provider vscode.git 284
2024-01-25 20:23:08.976 [warning] [Decorations] CAPPING events from decorations provider vscode.git 284
2024-01-25 20:23:15.844 [warning] [Decorations] CAPPING events from decorations provider vscode.git 284
2024-01-25 20:23:22.919 [warning] [Decorations] CAPPING events from decorations provider vscode.git 284
2024-01-25 20:23:29.746 [warning] [Decorations] CAPPING events from decorations provider vscode.git 284
2024-01-25 20:23:33.726 [warning] [Decorations] CAPPING events from decorations provider vscode.git 367
2024-01-25 20:23:34.973 [warning] [Decorations] CAPPING events from decorations provider vscode.git 367
2024-01-25 20:23:36.629 [warning] [Decorations] CAPPING events from decorations provider vscode.git 284
2024-01-25 20:23:39.528 [warning] [Decorations] CAPPING events from decorations provider vscode.git 284
2024-01-25 20:23:43.534 [warning] [Decorations] CAPPING events from decorations provider vscode.git 284
2024-01-25 20:23:50.544 [warning] [Decorations] CAPPING events from decorations provider vscode.git 284
2024-01-25 20:23:57.531 [warning] [Decorations] CAPPING events from decorations provider vscode.git 284
2024-01-25 20:24:04.449 [warning] [Decorations] CAPPING events from decorations provider vscode.git 284
2024-01-25 20:24:11.312 [warning] [Decorations] CAPPING events from decorations provider vscode.git 284
2024-01-25 20:24:18.404 [warning] [Decorations] CAPPING events from decorations provider vscode.git 284
2024-01-25 20:24:25.602 [warning] [Decorations] CAPPING events from decorations provider vscode.git 284
2024-01-25 20:24:32.692 [warning] [Decorations] CAPPING events from decorations provider vscode.git 284
2024-01-25 20:24:39.586 [warning] [Decorations] CAPPING events from decorations provider vscode.git 284
2024-01-25 20:24:46.670 [warning] [Decorations] CAPPING events from decorations provider vscode.git 284
2024-01-25 20:24:53.579 [warning] [Decorations] CAPPING events from decorations provider vscode.git 284
2024-01-25 20:25:00.720 [warning] [Decorations] CAPPING events from decorations provider vscode.git 284
2024-01-25 20:25:07.582 [warning] [Decorations] CAPPING events from decorations provider vscode.git 284
2024-01-25 20:25:14.516 [warning] [Decorations] CAPPING events from decorations provider vscode.git 284
2024-01-25 20:25:21.465 [warning] [Decorations] CAPPING events from decorations provider vscode.git 284
2024-01-25 20:25:28.493 [warning] [Decorations] CAPPING events from decorations provider vscode.git 284
2024-01-25 20:25:35.575 [warning] [Decorations] CAPPING events from decorations provider vscode.git 284
2024-01-25 20:25:42.472 [warning] [Decorations] CAPPING events from decorations provider vscode.git 284
2024-01-25 20:25:49.355 [warning] [Decorations] CAPPING events from decorations provider vscode.git 284
2024-01-25 20:25:56.301 [warning] [Decorations] CAPPING events from decorations provider vscode.git 284
2024-01-25 20:26:03.404 [warning] [Decorations] CAPPING events from decorations provider vscode.git 284
2024-01-25 20:26:10.278 [warning] [Decorations] CAPPING events from decorations provider vscode.git 284
2024-01-25 20:26:17.295 [warning] [Decorations] CAPPING events from decorations provider vscode.git 284
2024-01-25 20:26:24.396 [warning] [Decorations] CAPPING events from decorations provider vscode.git 284
2024-01-25 20:27:30.570 [warning] [Decorations] CAPPING events from decorations provider vscode.git 367
2024-01-25 20:27:31.842 [warning] [Decorations] CAPPING events from decorations provider vscode.git 367
2024-01-25 20:27:32.600 [warning] [Decorations] CAPPING events from decorations provider vscode.git 284
2024-01-25 20:27:37.294 [warning] [Decorations] CAPPING events from decorations provider vscode.git 284
2024-01-25 20:27:45.088 [warning] [Decorations] CAPPING events from decorations provider vscode.git 284
2024-01-25 20:27:51.951 [warning] [Decorations] CAPPING events from decorations provider vscode.git 284
2024-01-25 20:27:58.931 [warning] [Decorations] CAPPING events from decorations provider vscode.git 284
2024-01-25 20:28:05.878 [warning] [Decorations] CAPPING events from decorations provider vscode.git 284
2024-01-25 20:28:12.806 [warning] [Decorations] CAPPING events from decorations provider vscode.git 284
2024-01-25 20:28:19.783 [warning] [Decorations] CAPPING events from decorations provider vscode.git 284
2024-01-25 20:28:26.764 [warning] [Decorations] CAPPING events from decorations provider vscode.git 284
2024-01-25 20:28:33.862 [warning] [Decorations] CAPPING events from decorations provider vscode.git 284
2024-01-25 20:28:41.694 [warning] [Decorations] CAPPING events from decorations provider vscode.git 284
2024-01-25 20:28:48.739 [warning] [Decorations] CAPPING events from decorations provider vscode.git 284
2024-01-25 20:28:55.513 [warning] [Decorations] CAPPING events from decorations provider vscode.git 284
2024-01-25 20:29:02.404 [warning] [Decorations] CAPPING events from decorations provider vscode.git 284
2024-01-25 20:29:09.386 [warning] [Decorations] CAPPING events from decorations provider vscode.git 284
2024-01-25 20:29:16.375 [warning] [Decorations] CAPPING events from decorations provider vscode.git 284
2024-01-25 20:29:23.307 [warning] [Decorations] CAPPING events from decorations provider vscode.git 284
2024-01-25 20:29:30.396 [warning] [Decorations] CAPPING events from decorations provider vscode.git 284
2024-01-25 20:29:37.315 [warning] [Decorations] CAPPING events from decorations provider vscode.git 284
2024-01-25 20:29:44.351 [warning] [Decorations] CAPPING events from decorations provider vscode.git 284
2024-01-25 20:29:51.201 [warning] [Decorations] CAPPING events from decorations provider vscode.git 284
2024-01-25 20:29:58.216 [warning] [Decorations] CAPPING events from decorations provider vscode.git 284
2024-01-25 20:43:54.153 [warning] [Decorations] CAPPING events from decorations provider vscode.git 367
2024-01-25 20:43:55.395 [warning] [Decorations] CAPPING events from decorations provider vscode.git 367
2024-01-25 20:43:55.998 [warning] [Decorations] CAPPING events from decorations provider vscode.git 284
2024-01-25 20:44:00.759 [warning] [Decorations] CAPPING events from decorations provider vscode.git 284
2024-01-25 20:44:07.671 [warning] [Decorations] CAPPING events from decorations provider vscode.git 284
2024-01-25 20:44:14.577 [warning] [Decorations] CAPPING events from decorations provider vscode.git 284
2024-01-25 20:46:10.410 [warning] [Decorations] CAPPING events from decorations provider vscode.git 284
2024-01-25 20:46:17.296 [warning] [Decorations] CAPPING events from decorations provider vscode.git 284
2024-01-25 20:46:24.025 [warning] [Decorations] CAPPING events from decorations provider vscode.git 284
2024-01-25 20:46:30.781 [warning] [Decorations] CAPPING events from decorations provider vscode.git 284
2024-01-25 20:46:37.586 [warning] [Decorations] CAPPING events from decorations provider vscode.git 284
2024-01-25 20:46:44.391 [warning] [Decorations] CAPPING events from decorations provider vscode.git 284
2024-01-25 20:46:51.248 [warning] [Decorations] CAPPING events from decorations provider vscode.git 284
2024-01-25 20:46:54.371 [warning] [Decorations] CAPPING events from decorations provider vscode.git 367
2024-01-25 20:46:55.599 [warning] [Decorations] CAPPING events from decorations provider vscode.git 367
2024-01-25 20:46:57.864 [warning] [Decorations] CAPPING events from decorations provider vscode.git 284
2024-01-25 20:46:59.661 [warning] [Decorations] CAPPING events from decorations provider vscode.git 284
2024-01-25 20:47:06.519 [warning] [Decorations] CAPPING events from decorations provider vscode.git 284
2024-01-25 20:47:13.373 [warning] [Decorations] CAPPING events from decorations provider vscode.git 284
2024-01-25 20:47:45.706 [warning] [Decorations] CAPPING events from decorations provider vscode.git 284
2024-01-25 20:47:52.587 [warning] [Decorations] CAPPING events from decorations provider vscode.git 284
2024-01-25 20:47:59.467 [warning] [Decorations] CAPPING events from decorations provider vscode.git 284
2024-01-25 20:48:06.317 [warning] [Decorations] CAPPING events from decorations provider vscode.git 284
2024-01-25 20:48:13.159 [warning] [Decorations] CAPPING events from decorations provider vscode.git 284
2024-01-25 20:48:20.125 [warning] [Decorations] CAPPING events from decorations provider vscode.git 284
2024-01-25 20:48:27.939 [warning] [Decorations] CAPPING events from decorations provider vscode.git 284
2024-01-25 20:48:34.871 [warning] [Decorations] CAPPING events from decorations provider vscode.git 284
2024-01-25 20:48:41.772 [warning] [Decorations] CAPPING events from decorations provider vscode.git 284
2024-01-25 20:48:48.674 [warning] [Decorations] CAPPING events from decorations provider vscode.git 284
2024-01-25 20:48:55.535 [warning] [Decorations] CAPPING events from decorations provider vscode.git 284
2024-01-25 20:49:02.439 [warning] [Decorations] CAPPING events from decorations provider vscode.git 284
2024-01-25 20:49:09.381 [warning] [Decorations] CAPPING events from decorations provider vscode.git 284
2024-01-25 20:49:16.278 [warning] [Decorations] CAPPING events from decorations provider vscode.git 284
2024-01-25 20:49:23.166 [warning] [Decorations] CAPPING events from decorations provider vscode.git 284
2024-01-25 20:49:30.169 [warning] [Decorations] CAPPING events from decorations provider vscode.git 284
2024-01-25 20:49:37.082 [warning] [Decorations] CAPPING events from decorations provider vscode.git 284
2024-01-25 20:49:43.962 [warning] [Decorations] CAPPING events from decorations provider vscode.git 284
2024-01-25 20:49:54.370 [warning] [Decorations] CAPPING events from decorations provider vscode.git 284
2024-01-25 20:49:54.615 [warning] [Decorations] CAPPING events from decorations provider vscode.git 367
2024-01-25 20:49:55.855 [warning] [Decorations] CAPPING events from decorations provider vscode.git 367
2024-01-25 20:49:59.824 [warning] [Decorations] CAPPING events from decorations provider vscode.git 284
2024-01-25 20:50:01.752 [warning] [Decorations] CAPPING events from decorations provider vscode.git 284
2024-01-25 20:50:08.659 [warning] [Decorations] CAPPING events from decorations provider vscode.git 284
2024-01-25 20:50:17.344 [warning] [Decorations] CAPPING events from decorations provider vscode.git 284
2024-01-25 20:50:24.522 [warning] [Decorations] CAPPING events from decorations provider vscode.git 284
2024-01-25 20:50:31.574 [warning] [Decorations] CAPPING events from decorations provider vscode.git 284
2024-01-25 20:50:38.472 [warning] [Decorations] CAPPING events from decorations provider vscode.git 284
2024-01-25 20:50:46.625 [warning] [Decorations] CAPPING events from decorations provider vscode.git 284
2024-01-25 20:50:53.558 [warning] [Decorations] CAPPING events from decorations provider vscode.git 284
2024-01-25 20:51:00.464 [warning] [Decorations] CAPPING events from decorations provider vscode.git 284
2024-01-25 20:51:07.350 [warning] [Decorations] CAPPING events from decorations provider vscode.git 284
2024-01-25 20:51:14.228 [warning] [Decorations] CAPPING events from decorations provider vscode.git 284
2024-01-25 20:51:21.118 [warning] [Decorations] CAPPING events from decorations provider vscode.git 284
2024-01-25 20:51:28.011 [warning] [Decorations] CAPPING events from decorations provider vscode.git 284
2024-01-25 20:51:34.850 [warning] [Decorations] CAPPING events from decorations provider vscode.git 284
2024-01-25 20:51:41.896 [warning] [Decorations] CAPPING events from decorations provider vscode.git 284
2024-01-25 20:51:48.872 [warning] [Decorations] CAPPING events from decorations provider vscode.git 284
2024-01-25 20:51:55.789 [warning] [Decorations] CAPPING events from decorations provider vscode.git 284
2024-01-25 20:52:02.667 [warning] [Decorations] CAPPING events from decorations provider vscode.git 284
2024-01-25 20:52:09.506 [warning] [Decorations] CAPPING events from decorations provider vscode.git 284
2024-01-25 20:52:16.382 [warning] [Decorations] CAPPING events from decorations provider vscode.git 284
2024-01-25 20:52:23.340 [warning] [Decorations] CAPPING events from decorations provider vscode.git 285
2024-01-25 20:52:30.286 [warning] [Decorations] CAPPING events from decorations provider vscode.git 285
2024-01-25 20:52:37.103 [warning] [Decorations] CAPPING events from decorations provider vscode.git 285
2024-01-25 20:52:44.467 [warning] [Decorations] CAPPING events from decorations provider vscode.git 285
2024-01-25 20:52:51.314 [warning] [Decorations] CAPPING events from decorations provider vscode.git 285
2024-01-25 20:52:54.845 [warning] [Decorations] CAPPING events from decorations provider vscode.git 367
2024-01-25 20:52:56.102 [warning] [Decorations] CAPPING events from decorations provider vscode.git 367
2024-01-25 20:52:58.198 [warning] [Decorations] CAPPING events from decorations provider vscode.git 285
2024-01-25 20:53:57.116 [warning] [Decorations] CAPPING events from decorations provider vscode.git 285
2024-01-25 20:54:02.264 [warning] [Decorations] CAPPING events from decorations provider vscode.git 285
2024-01-25 20:54:10.132 [warning] [Decorations] CAPPING events from decorations provider vscode.git 285
2024-01-25 20:54:16.878 [warning] [Decorations] CAPPING events from decorations provider vscode.git 285
2024-01-25 20:54:23.787 [warning] [Decorations] CAPPING events from decorations provider vscode.git 285
2024-01-25 20:54:30.589 [warning] [Decorations] CAPPING events from decorations provider vscode.git 285
2024-01-25 20:54:37.289 [warning] [Decorations] CAPPING events from decorations provider vscode.git 285
2024-01-25 20:54:45.080 [warning] [Decorations] CAPPING events from decorations provider vscode.git 285
2024-01-25 20:54:51.834 [warning] [Decorations] CAPPING events from decorations provider vscode.git 285
2024-01-25 20:54:58.595 [warning] [Decorations] CAPPING events from decorations provider vscode.git 285
2024-01-25 20:55:42.262 [warning] [Decorations] CAPPING events from decorations provider vscode.git 285
2024-01-25 20:55:49.187 [warning] [Decorations] CAPPING events from decorations provider vscode.git 285
2024-01-25 20:55:55.098 [warning] [Decorations] CAPPING events from decorations provider vscode.git 367
2024-01-25 20:55:56.027 [warning] [Decorations] CAPPING events from decorations provider vscode.git 285
2024-01-25 20:55:56.330 [warning] [Decorations] CAPPING events from decorations provider vscode.git 367
2024-01-25 20:56:02.865 [warning] [Decorations] CAPPING events from decorations provider vscode.git 285
2024-01-25 20:56:09.749 [warning] [Decorations] CAPPING events from decorations provider vscode.git 285
2024-01-25 20:56:16.619 [warning] [Decorations] CAPPING events from decorations provider vscode.git 285
2024-01-25 20:56:23.433 [warning] [Decorations] CAPPING events from decorations provider vscode.git 285
2024-01-25 20:56:30.279 [warning] [Decorations] CAPPING events from decorations provider vscode.git 285
2024-01-25 20:56:37.117 [warning] [Decorations] CAPPING events from decorations provider vscode.git 285
2024-01-25 20:56:43.970 [warning] [Decorations] CAPPING events from decorations provider vscode.git 285
2024-01-25 20:56:50.825 [warning] [Decorations] CAPPING events from decorations provider vscode.git 285
2024-01-25 20:56:57.608 [warning] [Decorations] CAPPING events from decorations provider vscode.git 285
2024-01-25 20:56:59.582 [warning] [Decorations] CAPPING events from decorations provider vscode.git 285
2024-01-25 20:57:04.619 [warning] [Decorations] CAPPING events from decorations provider vscode.git 285
2024-01-25 20:57:11.569 [warning] [Decorations] CAPPING events from decorations provider vscode.git 285
2024-01-25 20:57:18.432 [warning] [Decorations] CAPPING events from decorations provider vscode.git 285
2024-01-25 20:57:25.268 [warning] [Decorations] CAPPING events from decorations provider vscode.git 285
2024-01-25 20:57:32.325 [warning] [Decorations] CAPPING events from decorations provider vscode.git 285
2024-01-25 20:57:39.196 [warning] [Decorations] CAPPING events from decorations provider vscode.git 285
2024-01-25 21:29:40.141 [info] ExtensionService#_doActivateExtension vscode.npm, startup: false, activationEvent: 'onTerminalQuickFixRequest:ms-vscode.npm-command'
