2024-02-01 15:24:19.932 [info] Log level: Info
2024-02-01 15:24:19.932 [info] Validating found git in: "git"
2024-02-01 15:24:19.932 [info] Using git "2.34.1" from "git"
2024-02-01 15:24:19.932 [info] > git rev-parse --show-toplevel [2ms]
2024-02-01 15:24:19.932 [info] > git rev-parse --git-dir --git-common-dir [1ms]
2024-02-01 15:24:19.932 [info] Open repository: /home/s6chinwe
2024-02-01 15:24:19.932 [info] > git config --get commit.template [10ms]
2024-02-01 15:24:19.932 [info] > git rev-parse --show-toplevel [5ms]
2024-02-01 15:24:19.932 [info] > git for-each-ref --format=%(refname)%00%(upstream:short)%00%(objectname)%00%(upstream:track)%00%(upstream:remotename)%00%(upstream:remoteref) refs/heads/s6chinwe refs/remotes/s6chinwe [2ms]
2024-02-01 15:24:19.932 [info] > git rev-parse --git-dir --git-common-dir [2ms]
2024-02-01 15:24:19.932 [info] Open repository: /home/s6chinwe/Espresso_/S6-PROJECTS
2024-02-01 15:24:19.933 [info] > git config --get commit.template [8ms]
2024-02-01 15:24:19.933 [info] > git rev-parse --show-toplevel [4ms]
2024-02-01 15:24:19.933 [info] > git for-each-ref --format=%(refname)%00%(upstream:short)%00%(objectname)%00%(upstream:track)%00%(upstream:remotename)%00%(upstream:remoteref) refs/heads/main refs/remotes/main [11ms]
2024-02-01 15:24:19.933 [info] > git rev-parse --show-toplevel [3ms]
2024-02-01 15:24:19.933 [info] > git status -z -uall [55ms]
2024-02-01 15:24:19.933 [info] > git rev-parse --show-toplevel [32ms]
2024-02-01 15:24:19.933 [info] > git status -z -uall [7ms]
2024-02-01 15:24:19.933 [info] > git config --get commit.template [23ms]
2024-02-01 15:24:19.933 [info] > git rev-parse --show-toplevel [3ms]
2024-02-01 15:24:19.933 [info] > git config --get commit.template [6ms]
2024-02-01 15:24:19.933 [info] > git rev-parse --show-toplevel [13ms]
2024-02-01 15:24:19.933 [info] > git for-each-ref --format=%(refname)%00%(upstream:short)%00%(objectname)%00%(upstream:track)%00%(upstream:remotename)%00%(upstream:remoteref) refs/heads/s6chinwe refs/remotes/s6chinwe [26ms]
2024-02-01 15:24:19.933 [info] > git for-each-ref --format=%(refname)%00%(upstream:short)%00%(objectname)%00%(upstream:track)%00%(upstream:remotename)%00%(upstream:remoteref) refs/heads/main refs/remotes/main [6ms]
2024-02-01 15:24:19.933 [info] > git status -z -uall [8ms]
2024-02-01 15:24:19.933 [info] > git status -z -uall [80ms]
2024-02-01 15:24:20.672 [info] > git check-ignore -v -z --stdin [9ms]
2024-02-01 15:24:22.225 [info] > git fetch [209ms]
2024-02-01 15:24:22.288 [info] > git fetch [282ms]
2024-02-01 15:24:22.292 [info] From https://github.com/DEL-ORG/s6chinwe-projects
 * branch            s6chinwe   -> FETCH_HEAD
2024-02-01 15:24:22.319 [info] > git config --get commit.template [32ms]
2024-02-01 15:24:22.342 [info] > git config --get commit.template [12ms]
2024-02-01 15:24:22.356 [info] > git for-each-ref --format=%(refname)%00%(upstream:short)%00%(objectname)%00%(upstream:track)%00%(upstream:remotename)%00%(upstream:remoteref) refs/heads/main refs/remotes/main [15ms]
2024-02-01 15:24:22.357 [info] > git for-each-ref --format=%(refname)%00%(upstream:short)%00%(objectname)%00%(upstream:track)%00%(upstream:remotename)%00%(upstream:remoteref) refs/heads/s6chinwe refs/remotes/s6chinwe [3ms]
2024-02-01 15:24:22.397 [info] > git status -z -uall [17ms]
2024-02-01 15:24:22.445 [info] > git status -z -uall [81ms]
2024-02-01 15:24:22.633 [info] > git check-ignore -v -z --stdin [122ms]
2024-02-01 15:24:23.889 [info] > git show --textconv :Espresso_/espresso-web/values.yaml [28ms]
2024-02-01 15:24:23.889 [info] > git show --textconv :Espresso_/espresso-web/templates/deployment.yaml [20ms]
2024-02-01 15:24:23.889 [info] > git ls-files --stage -- /home/s6chinwe/Espresso_/espresso-web/values.yaml [11ms]
2024-02-01 15:24:23.918 [info] > git cat-file -s 8e2f3bbe4d850e3a9a9073403855808e12eaf5ec [21ms]
2024-02-01 15:24:23.919 [info] > git ls-files --stage -- /home/s6chinwe/Espresso_/espresso-web/templates/deployment.yaml [33ms]
2024-02-01 15:24:23.932 [info] > git cat-file -s 2198731b934764e247a9a5a1438732beaf138c71 [4ms]
2024-02-01 15:24:24.853 [info] > git config --get commit.template [8ms]
2024-02-01 15:24:24.853 [info] > git config --get commit.template [2ms]
2024-02-01 15:24:24.868 [info] > git for-each-ref --format=%(refname)%00%(upstream:short)%00%(objectname)%00%(upstream:track)%00%(upstream:remotename)%00%(upstream:remoteref) refs/heads/s6chinwe refs/remotes/s6chinwe [8ms]
2024-02-01 15:24:24.876 [info] > git for-each-ref --format=%(refname)%00%(upstream:short)%00%(objectname)%00%(upstream:track)%00%(upstream:remotename)%00%(upstream:remoteref) refs/heads/main refs/remotes/main [9ms]
2024-02-01 15:24:24.903 [info] > git status -z -uall [12ms]
2024-02-01 15:24:24.935 [info] > git status -z -uall [61ms]
2024-02-01 15:24:25.172 [info] > git ls-files --stage -- /home/s6chinwe/Espresso_/espresso-web/values.yaml [10ms]
2024-02-01 15:24:25.180 [info] > git ls-files --stage -- /home/s6chinwe/Espresso_/espresso-web/templates/deployment.yaml [10ms]
2024-02-01 15:24:25.194 [info] > git cat-file -s 8e2f3bbe4d850e3a9a9073403855808e12eaf5ec [15ms]
2024-02-01 15:24:25.195 [info] > git cat-file -s 2198731b934764e247a9a5a1438732beaf138c71 [9ms]
2024-02-01 15:24:25.540 [info] > git show --textconv :Espresso_/espresso-web/values.yaml [10ms]
2024-02-01 15:24:25.543 [info] > git show --textconv :Espresso_/espresso-web/templates/deployment.yaml [4ms]
2024-02-01 15:24:25.723 [info] > git check-ignore -v -z --stdin [4ms]
2024-02-01 15:30:54.152 [info] > git config --get commit.template [10ms]
2024-02-01 15:30:54.154 [info] > git for-each-ref --format=%(refname)%00%(upstream:short)%00%(objectname)%00%(upstream:track)%00%(upstream:remotename)%00%(upstream:remoteref) refs/heads/s6chinwe refs/remotes/s6chinwe [4ms]
2024-02-01 15:30:54.226 [info] > git status -z -uall [65ms]
2024-02-01 15:30:54.300 [info] > git fetch [179ms]
2024-02-01 15:30:54.317 [info] > git config --get commit.template [7ms]
2024-02-01 15:30:54.319 [info] > git for-each-ref --format=%(refname)%00%(upstream:short)%00%(objectname)%00%(upstream:track)%00%(upstream:remotename)%00%(upstream:remoteref) refs/heads/main refs/remotes/main [4ms]
2024-02-01 15:30:54.338 [info] > git status -z -uall [11ms]
2024-02-01 15:30:54.355 [info] > git fetch [227ms]
2024-02-01 15:30:54.355 [info] From https://github.com/DEL-ORG/s6chinwe-projects
 * branch            s6chinwe   -> FETCH_HEAD
2024-02-01 15:30:54.372 [info] > git config --get commit.template [8ms]
2024-02-01 15:30:54.373 [info] > git for-each-ref --format=%(refname)%00%(upstream:short)%00%(objectname)%00%(upstream:track)%00%(upstream:remotename)%00%(upstream:remoteref) refs/heads/s6chinwe refs/remotes/s6chinwe [2ms]
2024-02-01 15:30:54.431 [info] > git status -z -uall [52ms]
2024-02-01 15:30:55.596 [info] > git config --get commit.template [8ms]
2024-02-01 15:30:55.598 [info] > git for-each-ref --format=%(refname)%00%(upstream:short)%00%(objectname)%00%(upstream:track)%00%(upstream:remotename)%00%(upstream:remoteref) refs/heads/main refs/remotes/main [3ms]
2024-02-01 15:30:55.611 [info] > git status -z -uall [6ms]
2024-02-01 15:30:55.830 [info] > git ls-files --stage -- /home/s6chinwe/Espresso_/espresso-web/values.yaml [7ms]
2024-02-01 15:30:55.838 [info] > git ls-files --stage -- /home/s6chinwe/Espresso_/espresso-web/templates/deployment.yaml [8ms]
2024-02-01 15:30:55.844 [info] > git cat-file -s 8e2f3bbe4d850e3a9a9073403855808e12eaf5ec [7ms]
2024-02-01 15:30:55.846 [info] > git cat-file -s 2198731b934764e247a9a5a1438732beaf138c71 [2ms]
2024-02-01 15:30:55.969 [info] > git show --textconv :Espresso_/espresso-web/values.yaml [7ms]
2024-02-01 15:30:55.972 [info] > git show --textconv :Espresso_/espresso-web/templates/deployment.yaml [3ms]
2024-02-01 15:30:59.248 [info] > git config --get commit.template [7ms]
2024-02-01 15:30:59.249 [info] > git for-each-ref --format=%(refname)%00%(upstream:short)%00%(objectname)%00%(upstream:track)%00%(upstream:remotename)%00%(upstream:remoteref) refs/heads/s6chinwe refs/remotes/s6chinwe [2ms]
2024-02-01 15:30:59.305 [info] > git status -z -uall [50ms]
2024-02-01 15:31:04.325 [info] > git config --get commit.template [8ms]
2024-02-01 15:31:04.326 [info] > git for-each-ref --format=%(refname)%00%(upstream:short)%00%(objectname)%00%(upstream:track)%00%(upstream:remotename)%00%(upstream:remoteref) refs/heads/s6chinwe refs/remotes/s6chinwe [2ms]
2024-02-01 15:31:04.384 [info] > git status -z -uall [51ms]
2024-02-01 15:31:09.404 [info] > git config --get commit.template [8ms]
2024-02-01 15:31:09.405 [info] > git for-each-ref --format=%(refname)%00%(upstream:short)%00%(objectname)%00%(upstream:track)%00%(upstream:remotename)%00%(upstream:remoteref) refs/heads/s6chinwe refs/remotes/s6chinwe [2ms]
2024-02-01 15:31:09.463 [info] > git status -z -uall [52ms]
2024-02-01 15:31:14.486 [info] > git config --get commit.template [8ms]
2024-02-01 15:31:14.486 [info] > git for-each-ref --format=%(refname)%00%(upstream:short)%00%(objectname)%00%(upstream:track)%00%(upstream:remotename)%00%(upstream:remoteref) refs/heads/s6chinwe refs/remotes/s6chinwe [2ms]
2024-02-01 15:31:14.536 [info] > git status -z -uall [44ms]
2024-02-01 15:40:09.481 [info] > git config --get commit.template [23ms]
2024-02-01 15:40:09.511 [info] > git for-each-ref --format=%(refname)%00%(upstream:short)%00%(objectname)%00%(upstream:track)%00%(upstream:remotename)%00%(upstream:remoteref) refs/heads/s6chinwe refs/remotes/s6chinwe [17ms]
2024-02-01 15:40:09.528 [info] > git config --get commit.template [49ms]
2024-02-01 15:40:09.530 [info] > git for-each-ref --format=%(refname)%00%(upstream:short)%00%(objectname)%00%(upstream:track)%00%(upstream:remotename)%00%(upstream:remoteref) refs/heads/main refs/remotes/main [22ms]
2024-02-01 15:40:09.570 [info] > git status -z -uall [20ms]
2024-02-01 15:40:09.625 [info] > git ls-files --stage -- /home/s6chinwe/Espresso_/espresso-web/values.yaml [13ms]
2024-02-01 15:40:09.638 [info] > git cat-file -s 8e2f3bbe4d850e3a9a9073403855808e12eaf5ec [1ms]
2024-02-01 15:40:09.640 [info] > git ls-files --stage -- /home/s6chinwe/Espresso_/espresso-web/templates/deployment.yaml [16ms]
2024-02-01 15:40:09.654 [info] > git cat-file -s 2198731b934764e247a9a5a1438732beaf138c71 [4ms]
2024-02-01 15:40:09.669 [info] > git fetch [240ms]
2024-02-01 15:40:09.779 [info] > git config --get commit.template [96ms]
2024-02-01 15:40:09.779 [info] > git fetch [336ms]
2024-02-01 15:40:09.779 [info] From https://github.com/DEL-ORG/s6chinwe-projects
 * branch            s6chinwe   -> FETCH_HEAD
2024-02-01 15:40:09.798 [info] > git status -z -uall [271ms] (cancelled)
2024-02-01 15:40:09.799 [info] > git config --get commit.template [8ms]
2024-02-01 15:40:09.806 [info] > git for-each-ref --format=%(refname)%00%(upstream:short)%00%(objectname)%00%(upstream:track)%00%(upstream:remotename)%00%(upstream:remoteref) refs/heads/main refs/remotes/main [9ms]
2024-02-01 15:40:09.807 [info] > git for-each-ref --format=%(refname)%00%(upstream:short)%00%(objectname)%00%(upstream:track)%00%(upstream:remotename)%00%(upstream:remoteref) refs/heads/s6chinwe refs/remotes/s6chinwe [2ms]
2024-02-01 15:40:09.837 [info] > git status -z -uall [9ms]
2024-02-01 15:40:09.886 [info] > git show --textconv :Espresso_/espresso-web/values.yaml [9ms]
2024-02-01 15:40:09.890 [info] > git show --textconv :Espresso_/espresso-web/templates/deployment.yaml [5ms]
2024-02-01 15:40:11.087 [info] > git ls-files --stage -- /home/s6chinwe/Espresso_/espresso-web/values.yaml [10ms]
2024-02-01 15:40:11.096 [info] > git ls-files --stage -- /home/s6chinwe/Espresso_/espresso-web/templates/deployment.yaml [10ms]
2024-02-01 15:40:11.106 [info] > git cat-file -s 8e2f3bbe4d850e3a9a9073403855808e12eaf5ec [11ms]
2024-02-01 15:40:11.107 [info] > git cat-file -s 2198731b934764e247a9a5a1438732beaf138c71 [2ms]
2024-02-01 15:40:11.611 [info] > git show --textconv :Espresso_/espresso-web/values.yaml [4ms]
2024-02-01 15:40:11.707 [info] > git show --textconv :Espresso_/espresso-web/templates/deployment.yaml [21ms]
2024-02-01 15:40:11.707 [info] > git show --textconv :Espresso_/espresso-web/templates/hpa.yaml [11ms]
2024-02-01 15:40:11.714 [info] > git ls-files --stage -- /home/s6chinwe/Espresso_/espresso-web/templates/hpa.yaml [8ms]
2024-02-01 15:40:11.729 [info] > git cat-file -s 1335444c5ff7830ef08754e9f0646f39cbd30207 [1ms]
2024-02-01 15:40:11.795 [info] > git status -z -uall [1981ms]
2024-02-01 15:40:14.612 [info] > git config --get commit.template [7ms]
2024-02-01 15:40:14.613 [info] > git for-each-ref --format=%(refname)%00%(upstream:short)%00%(objectname)%00%(upstream:track)%00%(upstream:remotename)%00%(upstream:remoteref) refs/heads/main refs/remotes/main [4ms]
2024-02-01 15:40:14.629 [info] > git status -z -uall [7ms]
2024-02-01 15:40:14.814 [info] > git config --get commit.template [9ms]
2024-02-01 15:40:14.815 [info] > git for-each-ref --format=%(refname)%00%(upstream:short)%00%(objectname)%00%(upstream:track)%00%(upstream:remotename)%00%(upstream:remoteref) refs/heads/s6chinwe refs/remotes/s6chinwe [2ms]
2024-02-01 15:40:16.618 [info] > git status -z -uall [1797ms]
2024-02-01 15:40:21.638 [info] > git config --get commit.template [7ms]
2024-02-01 15:40:21.638 [info] > git for-each-ref --format=%(refname)%00%(upstream:short)%00%(objectname)%00%(upstream:track)%00%(upstream:remotename)%00%(upstream:remoteref) refs/heads/s6chinwe refs/remotes/s6chinwe [1ms]
2024-02-01 15:40:23.523 [info] > git status -z -uall [1877ms]
2024-02-01 15:40:28.543 [info] > git config --get commit.template [8ms]
2024-02-01 15:40:28.544 [info] > git for-each-ref --format=%(refname)%00%(upstream:short)%00%(objectname)%00%(upstream:track)%00%(upstream:remotename)%00%(upstream:remoteref) refs/heads/s6chinwe refs/remotes/s6chinwe [1ms]
2024-02-01 15:40:30.491 [info] > git status -z -uall [1941ms]
2024-02-01 15:40:35.510 [info] > git config --get commit.template [8ms]
2024-02-01 15:40:35.511 [info] > git for-each-ref --format=%(refname)%00%(upstream:short)%00%(objectname)%00%(upstream:track)%00%(upstream:remotename)%00%(upstream:remoteref) refs/heads/s6chinwe refs/remotes/s6chinwe [2ms]
2024-02-01 15:40:37.358 [info] > git status -z -uall [1839ms]
2024-02-01 15:40:42.387 [info] > git config --get commit.template [12ms]
2024-02-01 15:40:42.387 [info] > git for-each-ref --format=%(refname)%00%(upstream:short)%00%(objectname)%00%(upstream:track)%00%(upstream:remotename)%00%(upstream:remoteref) refs/heads/s6chinwe refs/remotes/s6chinwe [2ms]
2024-02-01 15:40:44.177 [info] > git status -z -uall [1783ms]
2024-02-01 15:40:49.203 [info] > git config --get commit.template [8ms]
2024-02-01 15:40:49.204 [info] > git for-each-ref --format=%(refname)%00%(upstream:short)%00%(objectname)%00%(upstream:track)%00%(upstream:remotename)%00%(upstream:remoteref) refs/heads/s6chinwe refs/remotes/s6chinwe [3ms]
2024-02-01 15:40:51.294 [info] > git status -z -uall [2082ms]
2024-02-01 15:40:56.313 [info] > git config --get commit.template [8ms]
2024-02-01 15:40:56.314 [info] > git for-each-ref --format=%(refname)%00%(upstream:short)%00%(objectname)%00%(upstream:track)%00%(upstream:remotename)%00%(upstream:remoteref) refs/heads/s6chinwe refs/remotes/s6chinwe [2ms]
2024-02-01 15:40:58.224 [info] > git status -z -uall [1903ms]
2024-02-01 15:41:03.245 [info] > git config --get commit.template [9ms]
2024-02-01 15:41:03.245 [info] > git for-each-ref --format=%(refname)%00%(upstream:short)%00%(objectname)%00%(upstream:track)%00%(upstream:remotename)%00%(upstream:remoteref) refs/heads/s6chinwe refs/remotes/s6chinwe [2ms]
2024-02-01 15:41:05.189 [info] > git status -z -uall [1937ms]
2024-02-01 15:41:10.211 [info] > git config --get commit.template [8ms]
2024-02-01 15:41:10.212 [info] > git for-each-ref --format=%(refname)%00%(upstream:short)%00%(objectname)%00%(upstream:track)%00%(upstream:remotename)%00%(upstream:remoteref) refs/heads/s6chinwe refs/remotes/s6chinwe [2ms]
2024-02-01 15:41:12.160 [info] > git status -z -uall [1942ms]
2024-02-01 15:41:36.934 [info] > git config --get commit.template [7ms]
2024-02-01 15:41:36.935 [info] > git for-each-ref --format=%(refname)%00%(upstream:short)%00%(objectname)%00%(upstream:track)%00%(upstream:remotename)%00%(upstream:remoteref) refs/heads/s6chinwe refs/remotes/s6chinwe [2ms]
2024-02-01 15:41:38.778 [info] > git status -z -uall [1838ms]
2024-02-01 15:41:43.796 [info] > git config --get commit.template [7ms]
2024-02-01 15:41:43.797 [info] > git for-each-ref --format=%(refname)%00%(upstream:short)%00%(objectname)%00%(upstream:track)%00%(upstream:remotename)%00%(upstream:remoteref) refs/heads/s6chinwe refs/remotes/s6chinwe [2ms]
2024-02-01 15:41:45.625 [info] > git status -z -uall [1822ms]
2024-02-01 15:41:50.647 [info] > git config --get commit.template [10ms]
2024-02-01 15:41:50.648 [info] > git for-each-ref --format=%(refname)%00%(upstream:short)%00%(objectname)%00%(upstream:track)%00%(upstream:remotename)%00%(upstream:remoteref) refs/heads/s6chinwe refs/remotes/s6chinwe [4ms]
2024-02-01 15:41:52.536 [info] > git status -z -uall [1876ms]
2024-02-01 15:41:57.556 [info] > git config --get commit.template [7ms]
2024-02-01 15:41:57.557 [info] > git for-each-ref --format=%(refname)%00%(upstream:short)%00%(objectname)%00%(upstream:track)%00%(upstream:remotename)%00%(upstream:remoteref) refs/heads/s6chinwe refs/remotes/s6chinwe [2ms]
2024-02-01 15:41:59.428 [info] > git status -z -uall [1865ms]
2024-02-01 15:42:35.108 [info] > git config --get commit.template [8ms]
2024-02-01 15:42:35.109 [info] > git for-each-ref --format=%(refname)%00%(upstream:short)%00%(objectname)%00%(upstream:track)%00%(upstream:remotename)%00%(upstream:remoteref) refs/heads/s6chinwe refs/remotes/s6chinwe [2ms]
2024-02-01 15:42:36.969 [info] > git status -z -uall [1853ms]
2024-02-01 15:42:41.988 [info] > git config --get commit.template [8ms]
2024-02-01 15:42:41.990 [info] > git for-each-ref --format=%(refname)%00%(upstream:short)%00%(objectname)%00%(upstream:track)%00%(upstream:remotename)%00%(upstream:remoteref) refs/heads/s6chinwe refs/remotes/s6chinwe [3ms]
2024-02-01 15:42:43.852 [info] > git status -z -uall [1855ms]
2024-02-01 15:42:48.871 [info] > git config --get commit.template [3ms]
2024-02-01 15:42:48.881 [info] > git for-each-ref --format=%(refname)%00%(upstream:short)%00%(objectname)%00%(upstream:track)%00%(upstream:remotename)%00%(upstream:remoteref) refs/heads/s6chinwe refs/remotes/s6chinwe [2ms]
2024-02-01 15:42:50.826 [info] > git status -z -uall [1937ms]
2024-02-01 15:42:55.851 [info] > git config --get commit.template [7ms]
2024-02-01 15:42:55.851 [info] > git for-each-ref --format=%(refname)%00%(upstream:short)%00%(objectname)%00%(upstream:track)%00%(upstream:remotename)%00%(upstream:remoteref) refs/heads/s6chinwe refs/remotes/s6chinwe [2ms]
2024-02-01 15:42:57.867 [info] > git status -z -uall [2009ms]
2024-02-01 15:43:02.889 [info] > git config --get commit.template [8ms]
2024-02-01 15:43:02.889 [info] > git for-each-ref --format=%(refname)%00%(upstream:short)%00%(objectname)%00%(upstream:track)%00%(upstream:remotename)%00%(upstream:remoteref) refs/heads/s6chinwe refs/remotes/s6chinwe [1ms]
2024-02-01 15:43:04.779 [info] > git status -z -uall [1884ms]
2024-02-01 15:43:09.799 [info] > git config --get commit.template [7ms]
2024-02-01 15:43:09.800 [info] > git for-each-ref --format=%(refname)%00%(upstream:short)%00%(objectname)%00%(upstream:track)%00%(upstream:remotename)%00%(upstream:remoteref) refs/heads/s6chinwe refs/remotes/s6chinwe [2ms]
2024-02-01 15:43:10.053 [info] > git fetch [189ms]
2024-02-01 15:43:10.072 [info] > git config --get commit.template [7ms]
2024-02-01 15:43:10.074 [info] > git for-each-ref --format=%(refname)%00%(upstream:short)%00%(objectname)%00%(upstream:track)%00%(upstream:remotename)%00%(upstream:remoteref) refs/heads/main refs/remotes/main [3ms]
2024-02-01 15:43:10.091 [info] > git status -z -uall [10ms]
2024-02-01 15:43:11.343 [info] > git config --get commit.template [8ms]
2024-02-01 15:43:11.345 [info] > git for-each-ref --format=%(refname)%00%(upstream:short)%00%(objectname)%00%(upstream:track)%00%(upstream:remotename)%00%(upstream:remoteref) refs/heads/main refs/remotes/main [3ms]
2024-02-01 15:43:11.356 [info] > git status -z -uall [5ms]
2024-02-01 15:43:11.762 [info] > git status -z -uall [1956ms]
2024-02-01 15:43:11.973 [info] > git fetch [164ms]
2024-02-01 15:43:11.973 [info] From https://github.com/DEL-ORG/s6chinwe-projects
 * branch            s6chinwe   -> FETCH_HEAD
2024-02-01 15:43:11.987 [info] > git config --get commit.template [1ms]
2024-02-01 15:43:11.996 [info] > git for-each-ref --format=%(refname)%00%(upstream:short)%00%(objectname)%00%(upstream:track)%00%(upstream:remotename)%00%(upstream:remoteref) refs/heads/s6chinwe refs/remotes/s6chinwe [2ms]
2024-02-01 15:43:13.895 [info] > git status -z -uall [1892ms]
2024-02-01 15:43:16.785 [info] > git config --get commit.template [8ms]
2024-02-01 15:43:16.785 [info] > git for-each-ref --format=%(refname)%00%(upstream:short)%00%(objectname)%00%(upstream:track)%00%(upstream:remotename)%00%(upstream:remoteref) refs/heads/s6chinwe refs/remotes/s6chinwe [2ms]
2024-02-01 15:43:18.688 [info] > git status -z -uall [1896ms]
2024-02-01 15:43:23.709 [info] > git config --get commit.template [9ms]
2024-02-01 15:43:23.709 [info] > git for-each-ref --format=%(refname)%00%(upstream:short)%00%(objectname)%00%(upstream:track)%00%(upstream:remotename)%00%(upstream:remoteref) refs/heads/s6chinwe refs/remotes/s6chinwe [1ms]
2024-02-01 15:43:25.618 [info] > git status -z -uall [1898ms]
2024-02-01 15:43:30.648 [info] > git config --get commit.template [13ms]
2024-02-01 15:43:30.648 [info] > git for-each-ref --format=%(refname)%00%(upstream:short)%00%(objectname)%00%(upstream:track)%00%(upstream:remotename)%00%(upstream:remoteref) refs/heads/s6chinwe refs/remotes/s6chinwe [2ms]
2024-02-01 15:43:32.547 [info] > git status -z -uall [1889ms]
2024-02-01 15:43:37.566 [info] > git config --get commit.template [7ms]
2024-02-01 15:43:37.567 [info] > git for-each-ref --format=%(refname)%00%(upstream:short)%00%(objectname)%00%(upstream:track)%00%(upstream:remotename)%00%(upstream:remoteref) refs/heads/s6chinwe refs/remotes/s6chinwe [2ms]
2024-02-01 15:43:39.531 [info] > git status -z -uall [1956ms]
2024-02-01 15:52:02.426 [info] > git config --get commit.template [13ms]
2024-02-01 15:52:02.427 [info] > git for-each-ref --format=%(refname)%00%(upstream:short)%00%(objectname)%00%(upstream:track)%00%(upstream:remotename)%00%(upstream:remoteref) refs/heads/s6chinwe refs/remotes/s6chinwe [2ms]
2024-02-01 15:52:02.575 [info] > git fetch [173ms]
2024-02-01 15:52:02.575 [info] From https://github.com/DEL-ORG/s6chinwe-projects
 * branch            s6chinwe   -> FETCH_HEAD
2024-02-01 15:52:02.585 [info] > git status -z -uall [143ms] (cancelled)
2024-02-01 15:52:02.586 [info] > git config --get commit.template [2ms]
2024-02-01 15:52:02.595 [info] > git for-each-ref --format=%(refname)%00%(upstream:short)%00%(objectname)%00%(upstream:track)%00%(upstream:remotename)%00%(upstream:remoteref) refs/heads/s6chinwe refs/remotes/s6chinwe [2ms]
2024-02-01 15:52:02.604 [info] > git fetch [212ms]
2024-02-01 15:52:02.616 [info] > git config --get commit.template [1ms]
2024-02-01 15:52:02.626 [info] > git for-each-ref --format=%(refname)%00%(upstream:short)%00%(objectname)%00%(upstream:track)%00%(upstream:remotename)%00%(upstream:remoteref) refs/heads/main refs/remotes/main [3ms]
2024-02-01 15:52:02.645 [info] > git status -z -uall [9ms]
2024-02-01 15:52:03.913 [info] > git config --get commit.template [8ms]
2024-02-01 15:52:03.916 [info] > git for-each-ref --format=%(refname)%00%(upstream:short)%00%(objectname)%00%(upstream:track)%00%(upstream:remotename)%00%(upstream:remoteref) refs/heads/main refs/remotes/main [4ms]
2024-02-01 15:52:03.932 [info] > git status -z -uall [7ms]
2024-02-01 15:52:04.572 [info] > git status -z -uall [1968ms]
2024-02-01 15:52:07.593 [info] > git config --get commit.template [7ms]
2024-02-01 15:52:07.594 [info] > git for-each-ref --format=%(refname)%00%(upstream:short)%00%(objectname)%00%(upstream:track)%00%(upstream:remotename)%00%(upstream:remoteref) refs/heads/s6chinwe refs/remotes/s6chinwe [3ms]
2024-02-01 15:52:09.501 [info] > git status -z -uall [1901ms]
2024-02-01 15:52:14.525 [info] > git config --get commit.template [11ms]
2024-02-01 15:52:14.525 [info] > git for-each-ref --format=%(refname)%00%(upstream:short)%00%(objectname)%00%(upstream:track)%00%(upstream:remotename)%00%(upstream:remoteref) refs/heads/s6chinwe refs/remotes/s6chinwe [2ms]
2024-02-01 15:52:16.357 [info] > git status -z -uall [1824ms]
2024-02-01 15:52:21.382 [info] > git config --get commit.template [10ms]
2024-02-01 15:52:21.382 [info] > git for-each-ref --format=%(refname)%00%(upstream:short)%00%(objectname)%00%(upstream:track)%00%(upstream:remotename)%00%(upstream:remoteref) refs/heads/s6chinwe refs/remotes/s6chinwe [2ms]
2024-02-01 15:52:23.223 [info] > git status -z -uall [1834ms]
2024-02-01 15:54:55.747 [info] > git config --get commit.template [2ms]
2024-02-01 15:54:55.755 [info] > git for-each-ref --format=%(refname)%00%(upstream:short)%00%(objectname)%00%(upstream:track)%00%(upstream:remotename)%00%(upstream:remoteref) refs/heads/s6chinwe refs/remotes/s6chinwe [2ms]
2024-02-01 15:54:57.642 [info] > git status -z -uall [1881ms]
2024-02-01 15:55:02.670 [info] > git for-each-ref --format=%(refname)%00%(upstream:short)%00%(objectname)%00%(upstream:track)%00%(upstream:remotename)%00%(upstream:remoteref) refs/heads/s6chinwe refs/remotes/s6chinwe [8ms]
2024-02-01 15:55:02.671 [info] > git config --get commit.template [17ms]
2024-02-01 15:55:02.826 [info] > git fetch [157ms]
2024-02-01 15:55:02.849 [info] > git config --get commit.template [12ms]
2024-02-01 15:55:02.856 [info] > git for-each-ref --format=%(refname)%00%(upstream:short)%00%(objectname)%00%(upstream:track)%00%(upstream:remotename)%00%(upstream:remoteref) refs/heads/main refs/remotes/main [10ms]
2024-02-01 15:55:02.881 [info] > git status -z -uall [8ms]
2024-02-01 15:55:04.109 [info] > git config --get commit.template [9ms]
2024-02-01 15:55:04.111 [info] > git for-each-ref --format=%(refname)%00%(upstream:short)%00%(objectname)%00%(upstream:track)%00%(upstream:remotename)%00%(upstream:remoteref) refs/heads/main refs/remotes/main [3ms]
2024-02-01 15:55:04.126 [info] > git status -z -uall [9ms]
2024-02-01 15:55:04.613 [info] > git status -z -uall [1935ms]
2024-02-01 15:55:04.770 [info] > git fetch [146ms]
2024-02-01 15:55:04.771 [info] From https://github.com/DEL-ORG/s6chinwe-projects
 * branch            s6chinwe   -> FETCH_HEAD
2024-02-01 15:55:04.786 [info] > git config --get commit.template [8ms]
2024-02-01 15:55:04.787 [info] > git for-each-ref --format=%(refname)%00%(upstream:short)%00%(objectname)%00%(upstream:track)%00%(upstream:remotename)%00%(upstream:remoteref) refs/heads/s6chinwe refs/remotes/s6chinwe [2ms]
2024-02-01 15:55:06.672 [info] > git status -z -uall [1878ms]
2024-02-01 15:55:09.642 [info] > git config --get commit.template [8ms]
2024-02-01 15:55:09.642 [info] > git for-each-ref --format=%(refname)%00%(upstream:short)%00%(objectname)%00%(upstream:track)%00%(upstream:remotename)%00%(upstream:remoteref) refs/heads/s6chinwe refs/remotes/s6chinwe [2ms]
2024-02-01 15:55:11.511 [info] > git status -z -uall [1863ms]
2024-02-01 15:55:16.528 [info] > git config --get commit.template [7ms]
2024-02-01 15:55:16.529 [info] > git for-each-ref --format=%(refname)%00%(upstream:short)%00%(objectname)%00%(upstream:track)%00%(upstream:remotename)%00%(upstream:remoteref) refs/heads/s6chinwe refs/remotes/s6chinwe [2ms]
2024-02-01 15:55:18.402 [info] > git status -z -uall [1867ms]
2024-02-01 15:55:23.421 [info] > git config --get commit.template [6ms]
2024-02-01 15:55:23.422 [info] > git for-each-ref --format=%(refname)%00%(upstream:short)%00%(objectname)%00%(upstream:track)%00%(upstream:remotename)%00%(upstream:remoteref) refs/heads/s6chinwe refs/remotes/s6chinwe [1ms]
2024-02-01 15:55:25.297 [info] > git status -z -uall [1868ms]
2024-02-01 15:55:30.315 [info] > git config --get commit.template [8ms]
2024-02-01 15:55:30.316 [info] > git for-each-ref --format=%(refname)%00%(upstream:short)%00%(objectname)%00%(upstream:track)%00%(upstream:remotename)%00%(upstream:remoteref) refs/heads/s6chinwe refs/remotes/s6chinwe [2ms]
2024-02-01 15:55:32.212 [info] > git status -z -uall [1889ms]
2024-02-01 15:55:37.233 [info] > git config --get commit.template [8ms]
2024-02-01 15:55:37.234 [info] > git for-each-ref --format=%(refname)%00%(upstream:short)%00%(objectname)%00%(upstream:track)%00%(upstream:remotename)%00%(upstream:remoteref) refs/heads/s6chinwe refs/remotes/s6chinwe [2ms]
2024-02-01 15:55:39.072 [info] > git status -z -uall [1831ms]
2024-02-01 15:55:44.093 [info] > git config --get commit.template [9ms]
2024-02-01 15:55:44.093 [info] > git for-each-ref --format=%(refname)%00%(upstream:short)%00%(objectname)%00%(upstream:track)%00%(upstream:remotename)%00%(upstream:remoteref) refs/heads/s6chinwe refs/remotes/s6chinwe [1ms]
2024-02-01 15:55:45.938 [info] > git status -z -uall [1839ms]
2024-02-01 15:55:50.959 [info] > git config --get commit.template [9ms]
2024-02-01 15:55:50.960 [info] > git for-each-ref --format=%(refname)%00%(upstream:short)%00%(objectname)%00%(upstream:track)%00%(upstream:remotename)%00%(upstream:remoteref) refs/heads/s6chinwe refs/remotes/s6chinwe [2ms]
2024-02-01 15:55:52.793 [info] > git status -z -uall [1827ms]
2024-02-01 15:55:57.812 [info] > git config --get commit.template [7ms]
2024-02-01 15:55:57.813 [info] > git for-each-ref --format=%(refname)%00%(upstream:short)%00%(objectname)%00%(upstream:track)%00%(upstream:remotename)%00%(upstream:remoteref) refs/heads/s6chinwe refs/remotes/s6chinwe [2ms]
2024-02-01 15:55:59.632 [info] > git status -z -uall [1812ms]
2024-02-01 15:56:24.398 [info] > git config --get commit.template [8ms]
2024-02-01 15:56:24.399 [info] > git for-each-ref --format=%(refname)%00%(upstream:short)%00%(objectname)%00%(upstream:track)%00%(upstream:remotename)%00%(upstream:remoteref) refs/heads/s6chinwe refs/remotes/s6chinwe [2ms]
2024-02-01 15:56:26.263 [info] > git status -z -uall [1858ms]
2024-02-01 15:56:31.284 [info] > git config --get commit.template [9ms]
2024-02-01 15:56:31.285 [info] > git for-each-ref --format=%(refname)%00%(upstream:short)%00%(objectname)%00%(upstream:track)%00%(upstream:remotename)%00%(upstream:remoteref) refs/heads/s6chinwe refs/remotes/s6chinwe [2ms]
2024-02-01 15:56:33.120 [info] > git status -z -uall [1828ms]
2024-02-01 15:56:38.141 [info] > git config --get commit.template [9ms]
2024-02-01 15:56:38.142 [info] > git for-each-ref --format=%(refname)%00%(upstream:short)%00%(objectname)%00%(upstream:track)%00%(upstream:remotename)%00%(upstream:remoteref) refs/heads/s6chinwe refs/remotes/s6chinwe [3ms]
2024-02-01 15:56:39.998 [info] > git status -z -uall [1850ms]
2024-02-01 15:56:45.017 [info] > git config --get commit.template [6ms]
2024-02-01 15:56:45.018 [info] > git for-each-ref --format=%(refname)%00%(upstream:short)%00%(objectname)%00%(upstream:track)%00%(upstream:remotename)%00%(upstream:remoteref) refs/heads/s6chinwe refs/remotes/s6chinwe [2ms]
2024-02-01 15:56:46.847 [info] > git status -z -uall [1823ms]
2024-02-01 15:56:51.877 [info] > git config --get commit.template [13ms]
2024-02-01 15:56:51.877 [info] > git for-each-ref --format=%(refname)%00%(upstream:short)%00%(objectname)%00%(upstream:track)%00%(upstream:remotename)%00%(upstream:remoteref) refs/heads/s6chinwe refs/remotes/s6chinwe [2ms]
2024-02-01 15:56:53.802 [info] > git status -z -uall [1916ms]
2024-02-01 15:56:58.820 [info] > git config --get commit.template [7ms]
2024-02-01 15:56:58.821 [info] > git for-each-ref --format=%(refname)%00%(upstream:short)%00%(objectname)%00%(upstream:track)%00%(upstream:remotename)%00%(upstream:remoteref) refs/heads/s6chinwe refs/remotes/s6chinwe [2ms]
2024-02-01 15:57:00.815 [info] > git status -z -uall [1989ms]
2024-02-01 15:57:05.831 [info] > git config --get commit.template [0ms]
2024-02-01 15:57:05.839 [info] > git for-each-ref --format=%(refname)%00%(upstream:short)%00%(objectname)%00%(upstream:track)%00%(upstream:remotename)%00%(upstream:remoteref) refs/heads/s6chinwe refs/remotes/s6chinwe [1ms]
2024-02-01 15:57:07.650 [info] > git status -z -uall [1805ms]
2024-02-01 15:57:12.669 [info] > git config --get commit.template [8ms]
2024-02-01 15:57:12.670 [info] > git for-each-ref --format=%(refname)%00%(upstream:short)%00%(objectname)%00%(upstream:track)%00%(upstream:remotename)%00%(upstream:remoteref) refs/heads/s6chinwe refs/remotes/s6chinwe [2ms]
2024-02-01 15:57:14.484 [info] > git status -z -uall [1807ms]
2024-02-01 15:57:19.501 [info] > git config --get commit.template [6ms]
2024-02-01 15:57:19.502 [info] > git for-each-ref --format=%(refname)%00%(upstream:short)%00%(objectname)%00%(upstream:track)%00%(upstream:remotename)%00%(upstream:remoteref) refs/heads/s6chinwe refs/remotes/s6chinwe [2ms]
2024-02-01 15:57:21.351 [info] > git status -z -uall [1843ms]
2024-02-01 15:57:26.370 [info] > git config --get commit.template [7ms]
2024-02-01 15:57:26.370 [info] > git for-each-ref --format=%(refname)%00%(upstream:short)%00%(objectname)%00%(upstream:track)%00%(upstream:remotename)%00%(upstream:remoteref) refs/heads/s6chinwe refs/remotes/s6chinwe [1ms]
2024-02-01 15:57:28.106 [info] > git status -z -uall [1726ms]
2024-02-01 15:57:33.126 [info] > git config --get commit.template [9ms]
2024-02-01 15:57:33.127 [info] > git for-each-ref --format=%(refname)%00%(upstream:short)%00%(objectname)%00%(upstream:track)%00%(upstream:remotename)%00%(upstream:remoteref) refs/heads/s6chinwe refs/remotes/s6chinwe [2ms]
2024-02-01 15:57:34.993 [info] > git status -z -uall [1860ms]
2024-02-01 15:58:31.375 [info] > git config --get commit.template [12ms]
2024-02-01 15:58:31.376 [info] > git for-each-ref --format=%(refname)%00%(upstream:short)%00%(objectname)%00%(upstream:track)%00%(upstream:remotename)%00%(upstream:remoteref) refs/heads/s6chinwe refs/remotes/s6chinwe [2ms]
2024-02-01 15:58:31.529 [info] > git fetch [183ms]
2024-02-01 15:58:31.551 [info] > git config --get commit.template [11ms]
2024-02-01 15:58:31.553 [info] > git for-each-ref --format=%(refname)%00%(upstream:short)%00%(objectname)%00%(upstream:track)%00%(upstream:remotename)%00%(upstream:remoteref) refs/heads/main refs/remotes/main [4ms]
2024-02-01 15:58:31.563 [info] > git fetch [209ms]
2024-02-01 15:58:31.563 [info] From https://github.com/DEL-ORG/s6chinwe-projects
 * branch            s6chinwe   -> FETCH_HEAD
2024-02-01 15:58:31.575 [info] > git status -z -uall [187ms] (cancelled)
2024-02-01 15:58:31.576 [info] > git status -z -uall [15ms]
2024-02-01 15:58:31.589 [info] > git config --get commit.template [14ms]
2024-02-01 15:58:31.599 [info] > git for-each-ref --format=%(refname)%00%(upstream:short)%00%(objectname)%00%(upstream:track)%00%(upstream:remotename)%00%(upstream:remoteref) refs/heads/s6chinwe refs/remotes/s6chinwe [2ms]
2024-02-01 15:58:32.813 [info] > git config --get commit.template [2ms]
2024-02-01 15:58:32.822 [info] > git for-each-ref --format=%(refname)%00%(upstream:short)%00%(objectname)%00%(upstream:track)%00%(upstream:remotename)%00%(upstream:remoteref) refs/heads/main refs/remotes/main [3ms]
2024-02-01 15:58:32.839 [info] > git status -z -uall [7ms]
2024-02-01 15:58:33.570 [info] > git status -z -uall [1964ms]
2024-02-01 15:58:36.586 [info] > git config --get commit.template [10ms]
2024-02-01 15:58:36.588 [info] > git for-each-ref --format=%(refname)%00%(upstream:short)%00%(objectname)%00%(upstream:track)%00%(upstream:remotename)%00%(upstream:remoteref) refs/heads/s6chinwe refs/remotes/s6chinwe [3ms]
2024-02-01 15:58:38.484 [info] > git status -z -uall [1889ms]
2024-02-01 15:58:43.508 [info] > git config --get commit.template [8ms]
2024-02-01 15:58:43.509 [info] > git for-each-ref --format=%(refname)%00%(upstream:short)%00%(objectname)%00%(upstream:track)%00%(upstream:remotename)%00%(upstream:remoteref) refs/heads/s6chinwe refs/remotes/s6chinwe [3ms]
2024-02-01 15:58:45.348 [info] > git status -z -uall [1832ms]
2024-02-01 15:58:50.369 [info] > git config --get commit.template [7ms]
2024-02-01 15:58:50.370 [info] > git for-each-ref --format=%(refname)%00%(upstream:short)%00%(objectname)%00%(upstream:track)%00%(upstream:remotename)%00%(upstream:remoteref) refs/heads/s6chinwe refs/remotes/s6chinwe [2ms]
2024-02-01 15:58:52.176 [info] > git status -z -uall [1799ms]
2024-02-01 15:58:57.197 [info] > git config --get commit.template [8ms]
2024-02-01 15:58:57.198 [info] > git for-each-ref --format=%(refname)%00%(upstream:short)%00%(objectname)%00%(upstream:track)%00%(upstream:remotename)%00%(upstream:remoteref) refs/heads/s6chinwe refs/remotes/s6chinwe [2ms]
2024-02-01 15:58:59.062 [info] > git status -z -uall [1858ms]
2024-02-01 16:11:56.851 [info] > git for-each-ref --format=%(refname)%00%(upstream:short)%00%(objectname)%00%(upstream:track)%00%(upstream:remotename)%00%(upstream:remoteref) refs/heads/s6chinwe refs/remotes/s6chinwe [2ms]
2024-02-01 16:11:56.851 [info] > git config --get commit.template [20ms]
2024-02-01 16:11:56.996 [info] > git fetch [190ms]
2024-02-01 16:11:57.015 [info] > git config --get commit.template [9ms]
2024-02-01 16:11:57.016 [info] > git for-each-ref --format=%(refname)%00%(upstream:short)%00%(objectname)%00%(upstream:track)%00%(upstream:remotename)%00%(upstream:remoteref) refs/heads/main refs/remotes/main [2ms]
2024-02-01 16:11:57.034 [info] > git status -z -uall [9ms]
2024-02-01 16:11:57.049 [info] > git fetch [232ms]
2024-02-01 16:11:57.049 [info] From https://github.com/DEL-ORG/s6chinwe-projects
 * branch            s6chinwe   -> FETCH_HEAD
2024-02-01 16:11:57.060 [info] > git status -z -uall [198ms] (cancelled)
2024-02-01 16:11:57.062 [info] > git config --get commit.template [3ms]
2024-02-01 16:11:57.071 [info] > git for-each-ref --format=%(refname)%00%(upstream:short)%00%(objectname)%00%(upstream:track)%00%(upstream:remotename)%00%(upstream:remoteref) refs/heads/s6chinwe refs/remotes/s6chinwe [2ms]
2024-02-01 16:11:58.285 [info] > git config --get commit.template [9ms]
2024-02-01 16:11:58.287 [info] > git for-each-ref --format=%(refname)%00%(upstream:short)%00%(objectname)%00%(upstream:track)%00%(upstream:remotename)%00%(upstream:remoteref) refs/heads/main refs/remotes/main [2ms]
2024-02-01 16:11:58.300 [info] > git status -z -uall [6ms]
2024-02-01 16:11:59.020 [info] > git status -z -uall [1940ms]
2024-02-01 16:12:02.076 [info] > git config --get commit.template [11ms]
2024-02-01 16:12:02.076 [info] > git for-each-ref --format=%(refname)%00%(upstream:short)%00%(objectname)%00%(upstream:track)%00%(upstream:remotename)%00%(upstream:remoteref) refs/heads/s6chinwe refs/remotes/s6chinwe [1ms]
2024-02-01 16:12:03.966 [info] > git status -z -uall [1878ms]
2024-02-01 16:12:08.985 [info] > git config --get commit.template [7ms]
2024-02-01 16:12:08.986 [info] > git for-each-ref --format=%(refname)%00%(upstream:short)%00%(objectname)%00%(upstream:track)%00%(upstream:remotename)%00%(upstream:remoteref) refs/heads/s6chinwe refs/remotes/s6chinwe [1ms]
2024-02-01 16:12:10.883 [info] > git status -z -uall [1891ms]
2024-02-01 16:12:15.902 [info] > git config --get commit.template [6ms]
2024-02-01 16:12:15.902 [info] > git for-each-ref --format=%(refname)%00%(upstream:short)%00%(objectname)%00%(upstream:track)%00%(upstream:remotename)%00%(upstream:remoteref) refs/heads/s6chinwe refs/remotes/s6chinwe [1ms]
2024-02-01 16:12:17.764 [info] > git status -z -uall [1855ms]
2024-02-01 16:12:41.558 [info] > git config --get commit.template [8ms]
2024-02-01 16:12:41.559 [info] > git for-each-ref --format=%(refname)%00%(upstream:short)%00%(objectname)%00%(upstream:track)%00%(upstream:remotename)%00%(upstream:remoteref) refs/heads/s6chinwe refs/remotes/s6chinwe [2ms]
2024-02-01 16:12:43.423 [info] > git status -z -uall [1857ms]
