2024-02-02 09:27:24.798 [info] Extension host with pid 199438 started
2024-02-02 09:27:25.191 [info] Lock '/home/s6chinwe/.vscode-server/data/User/workspaceStorage/d70c7ea3b8057b23e5a16c462a3e7102/vscode.lock': Lock acquired.
2024-02-02 09:27:25.240 [info] ExtensionService#_doActivateExtension vscode.emmet, startup: false, activationEvent: 'onLanguage'
2024-02-02 09:27:25.241 [info] ExtensionService#_doActivateExtension vscode.tunnel-forwarding, startup: false, activationEvent: 'onTunnel'
2024-02-02 09:27:25.242 [info] ExtensionService#_doActivateExtension vscode.git-base, startup: false, activationEvent: '*', root cause: vscode.git
2024-02-02 09:27:25.543 [info] ExtensionService#_doActivateExtension vscode.git, startup: false, activationEvent: '*'
2024-02-02 09:27:25.543 [info] ExtensionService#_doActivateExtension vscode.github, startup: false, activationEvent: '*'
2024-02-02 09:27:26.148 [info] Eager extensions activated
2024-02-02 09:27:26.148 [info] ExtensionService#_doActivateExtension vscode.debug-auto-launch, startup: false, activationEvent: 'onStartupFinished'
2024-02-02 09:27:26.149 [info] ExtensionService#_doActivateExtension vscode.merge-conflict, startup: false, activationEvent: 'onStartupFinished'
2024-02-02 09:27:26.535 [warning] [Decorations] CAPPING events from decorations provider vscode.git 367
2024-02-02 09:27:26.589 [warning] [Decorations] CAPPING events from decorations provider vscode.git 367
2024-02-02 10:47:16.381 [warning] [Decorations] CAPPING events from decorations provider vscode.git 367
2024-02-02 10:47:17.652 [warning] [Decorations] CAPPING events from decorations provider vscode.git 367
2024-02-02 10:50:16.584 [warning] [Decorations] CAPPING events from decorations provider vscode.git 367
2024-02-02 10:50:17.811 [warning] [Decorations] CAPPING events from decorations provider vscode.git 367
2024-02-02 10:53:16.807 [warning] [Decorations] CAPPING events from decorations provider vscode.git 367
2024-02-02 10:53:18.031 [warning] [Decorations] CAPPING events from decorations provider vscode.git 367
2024-02-02 10:56:17.003 [warning] [Decorations] CAPPING events from decorations provider vscode.git 367
2024-02-02 10:56:18.226 [warning] [Decorations] CAPPING events from decorations provider vscode.git 367
2024-02-02 10:59:17.201 [warning] [Decorations] CAPPING events from decorations provider vscode.git 367
2024-02-02 10:59:18.424 [warning] [Decorations] CAPPING events from decorations provider vscode.git 367
2024-02-02 11:02:17.408 [warning] [Decorations] CAPPING events from decorations provider vscode.git 367
2024-02-02 11:02:18.631 [warning] [Decorations] CAPPING events from decorations provider vscode.git 367
2024-02-02 11:11:52.478 [warning] [Decorations] CAPPING events from decorations provider vscode.git 367
2024-02-02 11:11:53.785 [warning] [Decorations] CAPPING events from decorations provider vscode.git 367
