2024-01-21 23:01:26.157 [info] Extension host with pid 4023330 started
2024-01-21 23:01:26.171 [info] Lock '/home/s6chinwe/.vscode-server/data/User/workspaceStorage/265f34e7d57f32cf8761dd18fd195d9d/vscode.lock': Lock acquired.
2024-01-21 23:01:26.464 [info] ExtensionService#_doActivateExtension vscode.git-base, startup: false, activationEvent: '*', root cause: vscode.git
2024-01-21 23:01:26.465 [info] ExtensionService#_doActivateExtension vscode.emmet, startup: false, activationEvent: 'onLanguage'
2024-01-21 23:01:26.648 [info] ExtensionService#_doActivateExtension vscode.git, startup: false, activationEvent: '*'
2024-01-21 23:01:26.648 [info] ExtensionService#_doActivateExtension vscode.github, startup: false, activationEvent: '*'
2024-01-21 23:01:28.053 [info] Eager extensions activated
2024-01-21 23:01:28.053 [info] ExtensionService#_doActivateExtension vscode.debug-auto-launch, startup: false, activationEvent: 'onStartupFinished'
2024-01-21 23:01:28.054 [info] ExtensionService#_doActivateExtension vscode.merge-conflict, startup: false, activationEvent: 'onStartupFinished'
2024-01-21 23:01:28.232 [warning] [Decorations] CAPPING events from decorations provider vscode.git 367
2024-01-21 23:01:28.408 [warning] [Decorations] CAPPING events from decorations provider vscode.git 367
2024-01-21 23:02:04.473 [warning] [Decorations] CAPPING events from decorations provider vscode.git 367
2024-01-21 23:02:05.713 [warning] [Decorations] CAPPING events from decorations provider vscode.git 367
2024-01-21 23:05:04.686 [warning] [Decorations] CAPPING events from decorations provider vscode.git 367
2024-01-21 23:05:05.895 [warning] [Decorations] CAPPING events from decorations provider vscode.git 367
2024-01-21 23:26:50.157 [warning] [Decorations] CAPPING events from decorations provider vscode.git 367
2024-01-21 23:26:51.366 [warning] [Decorations] CAPPING events from decorations provider vscode.git 367
2024-01-21 23:29:50.352 [warning] [Decorations] CAPPING events from decorations provider vscode.git 367
2024-01-21 23:29:51.551 [warning] [Decorations] CAPPING events from decorations provider vscode.git 367
2024-01-21 23:32:50.534 [warning] [Decorations] CAPPING events from decorations provider vscode.git 367
2024-01-21 23:32:51.734 [warning] [Decorations] CAPPING events from decorations provider vscode.git 367
2024-01-21 23:35:50.728 [warning] [Decorations] CAPPING events from decorations provider vscode.git 367
2024-01-21 23:35:51.926 [warning] [Decorations] CAPPING events from decorations provider vscode.git 367
2024-01-21 23:38:50.927 [warning] [Decorations] CAPPING events from decorations provider vscode.git 367
2024-01-21 23:38:52.131 [warning] [Decorations] CAPPING events from decorations provider vscode.git 367
2024-01-21 23:52:39.299 [warning] [Decorations] CAPPING events from decorations provider vscode.git 367
2024-01-21 23:52:41.044 [warning] [Decorations] CAPPING events from decorations provider vscode.git 367
2024-01-21 23:56:51.209 [warning] [Decorations] CAPPING events from decorations provider vscode.git 367
2024-01-21 23:56:52.405 [warning] [Decorations] CAPPING events from decorations provider vscode.git 367
2024-01-21 23:59:51.421 [warning] [Decorations] CAPPING events from decorations provider vscode.git 367
2024-01-21 23:59:52.644 [warning] [Decorations] CAPPING events from decorations provider vscode.git 367
2024-01-22 00:02:51.629 [warning] [Decorations] CAPPING events from decorations provider vscode.git 367
2024-01-22 00:02:52.826 [warning] [Decorations] CAPPING events from decorations provider vscode.git 367
2024-01-22 00:05:51.827 [warning] [Decorations] CAPPING events from decorations provider vscode.git 367
2024-01-22 00:05:53.046 [warning] [Decorations] CAPPING events from decorations provider vscode.git 367
2024-01-22 00:08:52.032 [warning] [Decorations] CAPPING events from decorations provider vscode.git 367
2024-01-22 00:08:53.224 [warning] [Decorations] CAPPING events from decorations provider vscode.git 367
2024-01-22 01:47:26.805 [info] ExtensionService#_doActivateExtension vscode.npm, startup: false, activationEvent: 'onTerminalQuickFixRequest:ms-vscode.npm-command'
2024-01-22 02:13:55.373 [error] Error: read ECONNRESET
	at TCP.onStreamRead (node:internal/stream_base_commons:217:20)
2024-01-22 05:50:06.979 [error] Error: read ECONNRESET
	at TCP.onStreamRead (node:internal/stream_base_commons:217:20)
2024-01-22 07:50:53.000 [error] Error: read ECONNRESET
	at TCP.onStreamRead (node:internal/stream_base_commons:217:20)
2024-01-22 09:26:02.238 [warning] [Decorations] CAPPING events from decorations provider vscode.git 367
2024-01-22 09:26:02.431 [warning] [Decorations] CAPPING events from decorations provider vscode.git 367
2024-01-22 09:26:07.276 [warning] [Decorations] CAPPING events from decorations provider vscode.git 367
2024-01-22 09:31:26.835 [warning] [Decorations] CAPPING events from decorations provider vscode.git 367
2024-01-22 09:31:28.048 [warning] [Decorations] CAPPING events from decorations provider vscode.git 367
2024-01-22 09:34:27.039 [warning] [Decorations] CAPPING events from decorations provider vscode.git 367
2024-01-22 09:34:28.243 [warning] [Decorations] CAPPING events from decorations provider vscode.git 367
2024-01-22 09:37:27.259 [warning] [Decorations] CAPPING events from decorations provider vscode.git 367
2024-01-22 09:37:28.467 [warning] [Decorations] CAPPING events from decorations provider vscode.git 367
2024-01-22 09:40:27.470 [warning] [Decorations] CAPPING events from decorations provider vscode.git 367
2024-01-22 09:40:28.667 [warning] [Decorations] CAPPING events from decorations provider vscode.git 367
2024-01-22 09:43:27.673 [warning] [Decorations] CAPPING events from decorations provider vscode.git 367
2024-01-22 09:43:28.876 [warning] [Decorations] CAPPING events from decorations provider vscode.git 367
2024-01-22 09:46:27.875 [warning] [Decorations] CAPPING events from decorations provider vscode.git 367
2024-01-22 09:46:29.093 [warning] [Decorations] CAPPING events from decorations provider vscode.git 367
2024-01-22 09:49:28.090 [warning] [Decorations] CAPPING events from decorations provider vscode.git 367
2024-01-22 09:49:29.291 [warning] [Decorations] CAPPING events from decorations provider vscode.git 367
2024-01-22 09:52:28.340 [warning] [Decorations] CAPPING events from decorations provider vscode.git 367
2024-01-22 09:52:29.567 [warning] [Decorations] CAPPING events from decorations provider vscode.git 367
2024-01-22 09:55:29.547 [warning] [Decorations] CAPPING events from decorations provider vscode.git 367
2024-01-22 09:55:30.735 [warning] [Decorations] CAPPING events from decorations provider vscode.git 367
2024-01-22 10:00:41.960 [warning] [Decorations] CAPPING events from decorations provider vscode.git 367
2024-01-22 10:00:43.271 [warning] [Decorations] CAPPING events from decorations provider vscode.git 367
2024-01-22 10:03:45.645 [warning] [Decorations] CAPPING events from decorations provider vscode.git 367
2024-01-22 10:03:46.842 [warning] [Decorations] CAPPING events from decorations provider vscode.git 367
2024-01-22 10:06:45.862 [warning] [Decorations] CAPPING events from decorations provider vscode.git 367
2024-01-22 10:06:47.058 [warning] [Decorations] CAPPING events from decorations provider vscode.git 367
2024-01-22 10:09:46.140 [warning] [Decorations] CAPPING events from decorations provider vscode.git 367
2024-01-22 10:09:47.346 [warning] [Decorations] CAPPING events from decorations provider vscode.git 367
2024-01-22 10:15:44.139 [warning] [Decorations] CAPPING events from decorations provider vscode.git 367
2024-01-22 10:15:45.335 [warning] [Decorations] CAPPING events from decorations provider vscode.git 367
2024-01-22 10:18:44.341 [warning] [Decorations] CAPPING events from decorations provider vscode.git 367
2024-01-22 10:18:45.537 [warning] [Decorations] CAPPING events from decorations provider vscode.git 367
2024-01-22 10:21:44.565 [warning] [Decorations] CAPPING events from decorations provider vscode.git 367
2024-01-22 10:21:45.761 [warning] [Decorations] CAPPING events from decorations provider vscode.git 367
2024-01-22 10:25:03.041 [warning] [Decorations] CAPPING events from decorations provider vscode.git 367
2024-01-22 10:25:04.381 [warning] [Decorations] CAPPING events from decorations provider vscode.git 367
2024-01-22 10:28:03.267 [warning] [Decorations] CAPPING events from decorations provider vscode.git 367
2024-01-22 10:28:04.477 [warning] [Decorations] CAPPING events from decorations provider vscode.git 367
2024-01-22 10:31:03.522 [warning] [Decorations] CAPPING events from decorations provider vscode.git 367
2024-01-22 10:31:04.723 [warning] [Decorations] CAPPING events from decorations provider vscode.git 367
2024-01-22 10:37:50.100 [warning] [Decorations] CAPPING events from decorations provider vscode.git 367
2024-01-22 10:37:51.303 [warning] [Decorations] CAPPING events from decorations provider vscode.git 367
2024-01-22 10:55:04.742 [warning] [Decorations] CAPPING events from decorations provider vscode.git 367
2024-01-22 10:55:05.932 [warning] [Decorations] CAPPING events from decorations provider vscode.git 367
2024-01-22 10:59:35.712 [warning] [Decorations] CAPPING events from decorations provider vscode.git 367
2024-01-22 10:59:36.928 [warning] [Decorations] CAPPING events from decorations provider vscode.git 367
2024-01-22 11:02:35.924 [warning] [Decorations] CAPPING events from decorations provider vscode.git 367
2024-01-22 11:02:37.149 [warning] [Decorations] CAPPING events from decorations provider vscode.git 367
2024-01-22 11:06:08.442 [warning] [Decorations] CAPPING events from decorations provider vscode.git 367
2024-01-22 11:06:09.640 [warning] [Decorations] CAPPING events from decorations provider vscode.git 367
2024-01-22 11:09:08.697 [warning] [Decorations] CAPPING events from decorations provider vscode.git 367
2024-01-22 11:09:09.924 [warning] [Decorations] CAPPING events from decorations provider vscode.git 367
2024-01-22 11:12:08.931 [warning] [Decorations] CAPPING events from decorations provider vscode.git 367
2024-01-22 11:12:10.158 [warning] [Decorations] CAPPING events from decorations provider vscode.git 367
2024-01-22 11:15:09.142 [warning] [Decorations] CAPPING events from decorations provider vscode.git 367
2024-01-22 11:15:10.333 [warning] [Decorations] CAPPING events from decorations provider vscode.git 367
2024-01-22 11:19:10.879 [warning] [Decorations] CAPPING events from decorations provider vscode.git 367
2024-01-22 11:19:12.098 [warning] [Decorations] CAPPING events from decorations provider vscode.git 367
2024-01-22 11:22:11.132 [warning] [Decorations] CAPPING events from decorations provider vscode.git 367
2024-01-22 11:22:12.365 [warning] [Decorations] CAPPING events from decorations provider vscode.git 367
2024-01-22 11:25:11.608 [warning] [Decorations] CAPPING events from decorations provider vscode.git 367
2024-01-22 11:25:13.041 [warning] [Decorations] CAPPING events from decorations provider vscode.git 367
2024-01-22 11:28:11.833 [warning] [Decorations] CAPPING events from decorations provider vscode.git 367
2024-01-22 11:28:13.027 [warning] [Decorations] CAPPING events from decorations provider vscode.git 367
2024-01-22 11:31:12.049 [warning] [Decorations] CAPPING events from decorations provider vscode.git 367
2024-01-22 11:31:14.308 [warning] [Decorations] CAPPING events from decorations provider vscode.git 367
2024-01-22 11:34:12.289 [warning] [Decorations] CAPPING events from decorations provider vscode.git 367
2024-01-22 11:34:13.547 [warning] [Decorations] CAPPING events from decorations provider vscode.git 367
2024-01-22 11:37:12.506 [warning] [Decorations] CAPPING events from decorations provider vscode.git 367
2024-01-22 11:37:13.725 [warning] [Decorations] CAPPING events from decorations provider vscode.git 367
2024-01-22 11:40:12.930 [warning] [Decorations] CAPPING events from decorations provider vscode.git 367
2024-01-22 11:40:14.124 [warning] [Decorations] CAPPING events from decorations provider vscode.git 367
2024-01-22 11:43:16.601 [warning] [Decorations] CAPPING events from decorations provider vscode.git 367
2024-01-22 11:43:17.812 [warning] [Decorations] CAPPING events from decorations provider vscode.git 367
2024-01-22 11:46:16.810 [warning] [Decorations] CAPPING events from decorations provider vscode.git 367
2024-01-22 11:46:18.013 [warning] [Decorations] CAPPING events from decorations provider vscode.git 367
2024-01-22 11:52:07.954 [warning] [Decorations] CAPPING events from decorations provider vscode.git 367
2024-01-22 11:52:09.152 [warning] [Decorations] CAPPING events from decorations provider vscode.git 367
2024-01-22 11:56:28.062 [warning] [Decorations] CAPPING events from decorations provider vscode.git 367
2024-01-22 11:56:30.062 [warning] [Decorations] CAPPING events from decorations provider vscode.git 367
2024-01-22 11:59:28.280 [warning] [Decorations] CAPPING events from decorations provider vscode.git 367
2024-01-22 11:59:29.476 [warning] [Decorations] CAPPING events from decorations provider vscode.git 367
2024-01-22 12:02:28.483 [warning] [Decorations] CAPPING events from decorations provider vscode.git 367
2024-01-22 12:02:29.678 [warning] [Decorations] CAPPING events from decorations provider vscode.git 367
2024-01-22 12:05:28.715 [warning] [Decorations] CAPPING events from decorations provider vscode.git 367
2024-01-22 12:05:29.917 [warning] [Decorations] CAPPING events from decorations provider vscode.git 367
2024-01-22 12:08:28.918 [warning] [Decorations] CAPPING events from decorations provider vscode.git 367
2024-01-22 12:08:30.975 [warning] [Decorations] CAPPING events from decorations provider vscode.git 367
2024-01-22 12:11:29.158 [warning] [Decorations] CAPPING events from decorations provider vscode.git 367
2024-01-22 12:11:30.366 [warning] [Decorations] CAPPING events from decorations provider vscode.git 367
2024-01-22 12:14:29.371 [warning] [Decorations] CAPPING events from decorations provider vscode.git 367
2024-01-22 12:14:30.568 [warning] [Decorations] CAPPING events from decorations provider vscode.git 367
2024-01-22 12:17:29.597 [warning] [Decorations] CAPPING events from decorations provider vscode.git 367
2024-01-22 12:17:30.809 [warning] [Decorations] CAPPING events from decorations provider vscode.git 367
2024-01-22 12:20:29.818 [warning] [Decorations] CAPPING events from decorations provider vscode.git 367
2024-01-22 12:20:31.022 [warning] [Decorations] CAPPING events from decorations provider vscode.git 367
2024-01-22 12:23:58.243 [warning] [Decorations] CAPPING events from decorations provider vscode.git 367
2024-01-22 12:23:59.505 [warning] [Decorations] CAPPING events from decorations provider vscode.git 367
2024-01-22 12:26:58.483 [warning] [Decorations] CAPPING events from decorations provider vscode.git 367
2024-01-22 12:26:59.681 [warning] [Decorations] CAPPING events from decorations provider vscode.git 367
2024-01-22 12:29:58.681 [warning] [Decorations] CAPPING events from decorations provider vscode.git 367
2024-01-22 12:29:59.889 [warning] [Decorations] CAPPING events from decorations provider vscode.git 367
2024-01-22 12:32:58.896 [warning] [Decorations] CAPPING events from decorations provider vscode.git 367
2024-01-22 12:33:00.320 [warning] [Decorations] CAPPING events from decorations provider vscode.git 367
2024-01-22 12:35:59.113 [warning] [Decorations] CAPPING events from decorations provider vscode.git 367
2024-01-22 12:36:00.324 [warning] [Decorations] CAPPING events from decorations provider vscode.git 367
2024-01-22 12:38:59.323 [warning] [Decorations] CAPPING events from decorations provider vscode.git 367
2024-01-22 12:39:00.517 [warning] [Decorations] CAPPING events from decorations provider vscode.git 367
2024-01-22 12:41:59.526 [warning] [Decorations] CAPPING events from decorations provider vscode.git 367
2024-01-22 12:42:00.723 [warning] [Decorations] CAPPING events from decorations provider vscode.git 367
2024-01-22 12:45:15.068 [warning] [Decorations] CAPPING events from decorations provider vscode.git 367
2024-01-22 12:45:16.272 [warning] [Decorations] CAPPING events from decorations provider vscode.git 367
2024-01-22 14:46:05.732 [error] Error: read ECONNRESET
	at TCP.onStreamRead (node:internal/stream_base_commons:217:20)
2024-01-22 19:25:15.441 [info] Extension host terminating: renderer disconnected for too long (1)
2024-01-22 19:25:15.442 [info] Lock '/home/s6chinwe/.vscode-server/data/User/workspaceStorage/265f34e7d57f32cf8761dd18fd195d9d/vscode.lock': Marking the lockfile as scheduled to be released in 6000 ms.
2024-01-22 19:25:15.488 [error] Canceled: Canceled
	at new g (/home/s6chinwe/.vscode-server/bin/0ee08df0cf4527e40edc9aa28f4b5bd38bbff2b2/out/vs/workbench/api/node/extensionHostProcess.js:141:110274)
	at u.U (/home/s6chinwe/.vscode-server/bin/0ee08df0cf4527e40edc9aa28f4b5bd38bbff2b2/out/vs/workbench/api/node/extensionHostProcess.js:150:10866)
	at P.<computed>.j.charCodeAt.P.<computed> (/home/s6chinwe/.vscode-server/bin/0ee08df0cf4527e40edc9aa28f4b5bd38bbff2b2/out/vs/workbench/api/node/extensionHostProcess.js:150:8317)
	at d.g (/home/s6chinwe/.vscode-server/bin/0ee08df0cf4527e40edc9aa28f4b5bd38bbff2b2/out/vs/workbench/api/node/extensionHostProcess.js:141:139555)
	at d.executeCommand (/home/s6chinwe/.vscode-server/bin/0ee08df0cf4527e40edc9aa28f4b5bd38bbff2b2/out/vs/workbench/api/node/extensionHostProcess.js:141:138993)
	at b.registerCommand.description (/home/s6chinwe/.vscode-server/bin/0ee08df0cf4527e40edc9aa28f4b5bd38bbff2b2/out/vs/workbench/api/node/extensionHostProcess.js:141:138317)
	at d.h (/home/s6chinwe/.vscode-server/bin/0ee08df0cf4527e40edc9aa28f4b5bd38bbff2b2/out/vs/workbench/api/node/extensionHostProcess.js:141:140094)
	at d.g (/home/s6chinwe/.vscode-server/bin/0ee08df0cf4527e40edc9aa28f4b5bd38bbff2b2/out/vs/workbench/api/node/extensionHostProcess.js:141:139086)
	at d.executeCommand (/home/s6chinwe/.vscode-server/bin/0ee08df0cf4527e40edc9aa28f4b5bd38bbff2b2/out/vs/workbench/api/node/extensionHostProcess.js:141:138993)
	at Object.executeCommand (/home/s6chinwe/.vscode-server/bin/0ee08df0cf4527e40edc9aa28f4b5bd38bbff2b2/out/vs/workbench/api/node/extensionHostProcess.js:158:21333)
	at f.I [as value] (/home/s6chinwe/.vscode-server/bin/0ee08df0cf4527e40edc9aa28f4b5bd38bbff2b2/extensions/git/dist/main.js:2:924696)
	at n.y (/home/s6chinwe/.vscode-server/bin/0ee08df0cf4527e40edc9aa28f4b5bd38bbff2b2/out/vs/workbench/api/node/extensionHostProcess.js:80:1902)
	at n.z (/home/s6chinwe/.vscode-server/bin/0ee08df0cf4527e40edc9aa28f4b5bd38bbff2b2/out/vs/workbench/api/node/extensionHostProcess.js:80:1972)
	at n.fire (/home/s6chinwe/.vscode-server/bin/0ee08df0cf4527e40edc9aa28f4b5bd38bbff2b2/out/vs/workbench/api/node/extensionHostProcess.js:80:2188)
	at Object.m [as dispose] (/home/s6chinwe/.vscode-server/bin/0ee08df0cf4527e40edc9aa28f4b5bd38bbff2b2/extensions/git/dist/main.js:2:940613)
	at /home/s6chinwe/.vscode-server/bin/0ee08df0cf4527e40edc9aa28f4b5bd38bbff2b2/extensions/git/dist/main.js:2:945566
	at Array.forEach (<anonymous>)
	at p.dispose (/home/s6chinwe/.vscode-server/bin/0ee08df0cf4527e40edc9aa28f4b5bd38bbff2b2/extensions/git/dist/main.js:2:945552)
	at l.<anonymous> (/home/s6chinwe/.vscode-server/bin/0ee08df0cf4527e40edc9aa28f4b5bd38bbff2b2/out/vs/workbench/api/node/extensionHostProcess.js:137:3620)
	at l.dispose (/home/s6chinwe/.vscode-server/bin/0ee08df0cf4527e40edc9aa28f4b5bd38bbff2b2/out/vs/workbench/api/node/extensionHostProcess.js:137:3717)
	at l.<anonymous> (/home/s6chinwe/.vscode-server/bin/0ee08df0cf4527e40edc9aa28f4b5bd38bbff2b2/extensions/git/dist/main.js:2:926708)
	at l.dispose (/home/s6chinwe/.vscode-server/bin/0ee08df0cf4527e40edc9aa28f4b5bd38bbff2b2/out/vs/workbench/api/node/extensionHostProcess.js:137:3717)
	at s (/home/s6chinwe/.vscode-server/bin/0ee08df0cf4527e40edc9aa28f4b5bd38bbff2b2/out/vs/workbench/api/node/extensionHostProcess.js:30:754)
	at f.cb (/home/s6chinwe/.vscode-server/bin/0ee08df0cf4527e40edc9aa28f4b5bd38bbff2b2/out/vs/workbench/api/node/extensionHostProcess.js:154:9873)
	at /home/s6chinwe/.vscode-server/bin/0ee08df0cf4527e40edc9aa28f4b5bd38bbff2b2/out/vs/workbench/api/node/extensionHostProcess.js:154:7808
	at Array.map (<anonymous>)
	at f.Y (/home/s6chinwe/.vscode-server/bin/0ee08df0cf4527e40edc9aa28f4b5bd38bbff2b2/out/vs/workbench/api/node/extensionHostProcess.js:154:7795)
	at f.terminate (/home/s6chinwe/.vscode-server/bin/0ee08df0cf4527e40edc9aa28f4b5bd38bbff2b2/out/vs/workbench/api/node/extensionHostProcess.js:154:8068)
	at s.terminate (/home/s6chinwe/.vscode-server/bin/0ee08df0cf4527e40edc9aa28f4b5bd38bbff2b2/out/vs/workbench/api/node/extensionHostProcess.js:158:1513)
	at a (/home/s6chinwe/.vscode-server/bin/0ee08df0cf4527e40edc9aa28f4b5bd38bbff2b2/out/vs/workbench/api/node/extensionHostProcess.js:171:9802)
	at N.a (/home/s6chinwe/.vscode-server/bin/0ee08df0cf4527e40edc9aa28f4b5bd38bbff2b2/out/vs/workbench/api/node/extensionHostProcess.js:171:6532)
	at N.h (/home/s6chinwe/.vscode-server/bin/0ee08df0cf4527e40edc9aa28f4b5bd38bbff2b2/out/vs/workbench/api/node/extensionHostProcess.js:97:20057)
	at listOnTimeout (node:internal/timers:569:17)
	at process.processTimers (node:internal/timers:512:7) setContext undefined
2024-01-22 19:25:15.489 [error] Canceled: Canceled
	at new g (/home/s6chinwe/.vscode-server/bin/0ee08df0cf4527e40edc9aa28f4b5bd38bbff2b2/out/vs/workbench/api/node/extensionHostProcess.js:141:110274)
	at u.U (/home/s6chinwe/.vscode-server/bin/0ee08df0cf4527e40edc9aa28f4b5bd38bbff2b2/out/vs/workbench/api/node/extensionHostProcess.js:150:10866)
	at P.<computed>.j.charCodeAt.P.<computed> (/home/s6chinwe/.vscode-server/bin/0ee08df0cf4527e40edc9aa28f4b5bd38bbff2b2/out/vs/workbench/api/node/extensionHostProcess.js:150:8317)
	at d.g (/home/s6chinwe/.vscode-server/bin/0ee08df0cf4527e40edc9aa28f4b5bd38bbff2b2/out/vs/workbench/api/node/extensionHostProcess.js:141:139555)
	at d.executeCommand (/home/s6chinwe/.vscode-server/bin/0ee08df0cf4527e40edc9aa28f4b5bd38bbff2b2/out/vs/workbench/api/node/extensionHostProcess.js:141:138993)
	at b.registerCommand.description (/home/s6chinwe/.vscode-server/bin/0ee08df0cf4527e40edc9aa28f4b5bd38bbff2b2/out/vs/workbench/api/node/extensionHostProcess.js:141:138317)
	at d.h (/home/s6chinwe/.vscode-server/bin/0ee08df0cf4527e40edc9aa28f4b5bd38bbff2b2/out/vs/workbench/api/node/extensionHostProcess.js:141:140094)
	at d.g (/home/s6chinwe/.vscode-server/bin/0ee08df0cf4527e40edc9aa28f4b5bd38bbff2b2/out/vs/workbench/api/node/extensionHostProcess.js:141:139086)
	at d.executeCommand (/home/s6chinwe/.vscode-server/bin/0ee08df0cf4527e40edc9aa28f4b5bd38bbff2b2/out/vs/workbench/api/node/extensionHostProcess.js:141:138993)
	at Object.executeCommand (/home/s6chinwe/.vscode-server/bin/0ee08df0cf4527e40edc9aa28f4b5bd38bbff2b2/out/vs/workbench/api/node/extensionHostProcess.js:158:21333)
	at set b [as b] (/home/s6chinwe/.vscode-server/bin/0ee08df0cf4527e40edc9aa28f4b5bd38bbff2b2/extensions/github/dist/extension.js:2:322364)
	at /home/s6chinwe/.vscode-server/bin/0ee08df0cf4527e40edc9aa28f4b5bd38bbff2b2/extensions/github/dist/extension.js:2:323005
	at f.value (/home/s6chinwe/.vscode-server/bin/0ee08df0cf4527e40edc9aa28f4b5bd38bbff2b2/extensions/git/dist/main.js:2:1016450)
	at n.y (/home/s6chinwe/.vscode-server/bin/0ee08df0cf4527e40edc9aa28f4b5bd38bbff2b2/out/vs/workbench/api/node/extensionHostProcess.js:80:1902)
	at n.z (/home/s6chinwe/.vscode-server/bin/0ee08df0cf4527e40edc9aa28f4b5bd38bbff2b2/out/vs/workbench/api/node/extensionHostProcess.js:80:1972)
	at n.fire (/home/s6chinwe/.vscode-server/bin/0ee08df0cf4527e40edc9aa28f4b5bd38bbff2b2/out/vs/workbench/api/node/extensionHostProcess.js:80:2188)
	at Object.m [as dispose] (/home/s6chinwe/.vscode-server/bin/0ee08df0cf4527e40edc9aa28f4b5bd38bbff2b2/extensions/git/dist/main.js:2:940613)
	at /home/s6chinwe/.vscode-server/bin/0ee08df0cf4527e40edc9aa28f4b5bd38bbff2b2/extensions/git/dist/main.js:2:945566
	at Array.forEach (<anonymous>)
	at p.dispose (/home/s6chinwe/.vscode-server/bin/0ee08df0cf4527e40edc9aa28f4b5bd38bbff2b2/extensions/git/dist/main.js:2:945552)
	at l.<anonymous> (/home/s6chinwe/.vscode-server/bin/0ee08df0cf4527e40edc9aa28f4b5bd38bbff2b2/out/vs/workbench/api/node/extensionHostProcess.js:137:3620)
	at l.dispose (/home/s6chinwe/.vscode-server/bin/0ee08df0cf4527e40edc9aa28f4b5bd38bbff2b2/out/vs/workbench/api/node/extensionHostProcess.js:137:3717)
	at l.<anonymous> (/home/s6chinwe/.vscode-server/bin/0ee08df0cf4527e40edc9aa28f4b5bd38bbff2b2/extensions/git/dist/main.js:2:926708)
	at l.dispose (/home/s6chinwe/.vscode-server/bin/0ee08df0cf4527e40edc9aa28f4b5bd38bbff2b2/out/vs/workbench/api/node/extensionHostProcess.js:137:3717)
	at s (/home/s6chinwe/.vscode-server/bin/0ee08df0cf4527e40edc9aa28f4b5bd38bbff2b2/out/vs/workbench/api/node/extensionHostProcess.js:30:754)
	at f.cb (/home/s6chinwe/.vscode-server/bin/0ee08df0cf4527e40edc9aa28f4b5bd38bbff2b2/out/vs/workbench/api/node/extensionHostProcess.js:154:9873)
	at /home/s6chinwe/.vscode-server/bin/0ee08df0cf4527e40edc9aa28f4b5bd38bbff2b2/out/vs/workbench/api/node/extensionHostProcess.js:154:7808
	at Array.map (<anonymous>)
	at f.Y (/home/s6chinwe/.vscode-server/bin/0ee08df0cf4527e40edc9aa28f4b5bd38bbff2b2/out/vs/workbench/api/node/extensionHostProcess.js:154:7795)
	at f.terminate (/home/s6chinwe/.vscode-server/bin/0ee08df0cf4527e40edc9aa28f4b5bd38bbff2b2/out/vs/workbench/api/node/extensionHostProcess.js:154:8068)
	at s.terminate (/home/s6chinwe/.vscode-server/bin/0ee08df0cf4527e40edc9aa28f4b5bd38bbff2b2/out/vs/workbench/api/node/extensionHostProcess.js:158:1513)
	at a (/home/s6chinwe/.vscode-server/bin/0ee08df0cf4527e40edc9aa28f4b5bd38bbff2b2/out/vs/workbench/api/node/extensionHostProcess.js:171:9802)
	at N.a (/home/s6chinwe/.vscode-server/bin/0ee08df0cf4527e40edc9aa28f4b5bd38bbff2b2/out/vs/workbench/api/node/extensionHostProcess.js:171:6532)
	at N.h (/home/s6chinwe/.vscode-server/bin/0ee08df0cf4527e40edc9aa28f4b5bd38bbff2b2/out/vs/workbench/api/node/extensionHostProcess.js:97:20057)
	at listOnTimeout (node:internal/timers:569:17)
	at process.processTimers (node:internal/timers:512:7) setContext undefined
2024-01-22 19:25:15.489 [info] Extension host with pid 4023330 exiting with code 0
