2024-01-25 11:57:49.607 [info] Log level: Info
2024-01-25 11:57:49.607 [info] Validating found git in: "git"
2024-01-25 11:57:49.607 [info] Using git "2.34.1" from "git"
2024-01-25 11:57:49.607 [info] > git rev-parse --show-toplevel [69ms]
2024-01-25 11:57:49.607 [info] > git rev-parse --git-dir --git-common-dir [2ms]
2024-01-25 11:57:49.607 [info] Open repository: /home/s6chinwe
2024-01-25 11:57:49.607 [info] > git config --get commit.template [8ms]
2024-01-25 11:57:49.607 [info] > git fetch [22ms]
2024-01-25 11:57:49.607 [info] > git rev-parse --show-toplevel [13ms]
2024-01-25 11:57:49.607 [info] fatal: detected dubious ownership in repository at '/home/s6chinwe/espresso/S6-PROJECTS'
To add an exception for this directory, call:

	git config --global --add safe.directory /home/s6chinwe/espresso/S6-PROJECTS
2024-01-25 11:57:49.607 [info] No remotes found in the git config file.
2024-01-25 11:57:49.607 [info] > git config --get commit.template [11ms]
2024-01-25 11:57:49.607 [info] > git for-each-ref --format=%(refname)%00%(upstream:short)%00%(objectname)%00%(upstream:track)%00%(upstream:remotename)%00%(upstream:remoteref) refs/heads/s6chinwe refs/remotes/s6chinwe [4ms]
2024-01-25 11:57:49.607 [info] No remotes found in the git config file.
2024-01-25 11:57:49.607 [info] > git config --get commit.template [8ms]
2024-01-25 11:57:49.607 [info] > git for-each-ref --format=%(refname)%00%(upstream:short)%00%(objectname)%00%(upstream:track)%00%(upstream:remotename)%00%(upstream:remoteref) refs/heads/s6chinwe refs/remotes/s6chinwe [13ms]
2024-01-25 11:57:49.607 [info] > git rev-parse --show-toplevel [5ms]
2024-01-25 11:57:49.607 [info] No remotes found in the git config file.
2024-01-25 11:57:49.607 [info] > git for-each-ref --format=%(refname)%00%(upstream:short)%00%(objectname)%00%(upstream:track)%00%(upstream:remotename)%00%(upstream:remoteref) refs/heads/s6chinwe refs/remotes/s6chinwe [3ms]
2024-01-25 11:57:49.607 [info] > git status -z -uall [48ms]
2024-01-25 11:57:50.174 [info] > git check-ignore -v -z --stdin [3ms]
2024-01-25 11:57:53.355 [info] No remotes found in the git config file.
2024-01-25 11:57:53.356 [info] > git config --get commit.template [8ms]
2024-01-25 11:57:53.357 [info] > git for-each-ref --format=%(refname)%00%(upstream:short)%00%(objectname)%00%(upstream:track)%00%(upstream:remotename)%00%(upstream:remoteref) refs/heads/s6chinwe refs/remotes/s6chinwe [2ms]
2024-01-25 11:57:53.403 [info] > git status -z -uall [40ms]
2024-01-25 11:57:58.425 [info] No remotes found in the git config file.
2024-01-25 11:57:58.426 [info] > git config --get commit.template [6ms]
2024-01-25 11:57:58.427 [info] > git for-each-ref --format=%(refname)%00%(upstream:short)%00%(objectname)%00%(upstream:track)%00%(upstream:remotename)%00%(upstream:remoteref) refs/heads/s6chinwe refs/remotes/s6chinwe [3ms]
2024-01-25 11:57:58.476 [info] > git status -z -uall [43ms]
2024-01-25 11:58:02.502 [info] > git check-ignore -v -z --stdin [4ms]
2024-01-25 11:58:03.498 [info] No remotes found in the git config file.
2024-01-25 11:58:03.499 [info] > git config --get commit.template [7ms]
2024-01-25 11:58:03.500 [info] > git for-each-ref --format=%(refname)%00%(upstream:short)%00%(objectname)%00%(upstream:track)%00%(upstream:remotename)%00%(upstream:remoteref) refs/heads/s6chinwe refs/remotes/s6chinwe [2ms]
2024-01-25 11:58:03.547 [info] > git status -z -uall [40ms]
2024-01-25 11:58:08.568 [info] No remotes found in the git config file.
2024-01-25 11:58:08.569 [info] > git config --get commit.template [8ms]
2024-01-25 11:58:08.570 [info] > git for-each-ref --format=%(refname)%00%(upstream:short)%00%(objectname)%00%(upstream:track)%00%(upstream:remotename)%00%(upstream:remoteref) refs/heads/s6chinwe refs/remotes/s6chinwe [1ms]
2024-01-25 11:58:08.617 [info] > git status -z -uall [41ms]
2024-01-25 11:58:13.637 [info] No remotes found in the git config file.
2024-01-25 11:58:13.639 [info] > git config --get commit.template [7ms]
2024-01-25 11:58:13.639 [info] > git for-each-ref --format=%(refname)%00%(upstream:short)%00%(objectname)%00%(upstream:track)%00%(upstream:remotename)%00%(upstream:remoteref) refs/heads/s6chinwe refs/remotes/s6chinwe [2ms]
2024-01-25 11:58:13.694 [info] > git status -z -uall [48ms]
2024-01-25 11:58:18.718 [info] No remotes found in the git config file.
2024-01-25 11:58:18.719 [info] > git for-each-ref --format=%(refname)%00%(upstream:short)%00%(objectname)%00%(upstream:track)%00%(upstream:remotename)%00%(upstream:remoteref) refs/heads/s6chinwe refs/remotes/s6chinwe [3ms]
2024-01-25 11:58:18.720 [info] > git config --get commit.template [9ms]
2024-01-25 11:58:18.766 [info] > git status -z -uall [39ms]
2024-01-25 11:58:23.789 [info] No remotes found in the git config file.
2024-01-25 11:58:23.790 [info] > git config --get commit.template [7ms]
2024-01-25 11:58:23.791 [info] > git for-each-ref --format=%(refname)%00%(upstream:short)%00%(objectname)%00%(upstream:track)%00%(upstream:remotename)%00%(upstream:remoteref) refs/heads/s6chinwe refs/remotes/s6chinwe [1ms]
2024-01-25 11:58:23.836 [info] > git status -z -uall [38ms]
2024-01-25 11:58:28.856 [info] No remotes found in the git config file.
2024-01-25 11:58:28.857 [info] > git config --get commit.template [8ms]
2024-01-25 11:58:28.857 [info] > git for-each-ref --format=%(refname)%00%(upstream:short)%00%(objectname)%00%(upstream:track)%00%(upstream:remotename)%00%(upstream:remoteref) refs/heads/s6chinwe refs/remotes/s6chinwe [2ms]
2024-01-25 11:58:28.900 [info] > git status -z -uall [38ms]
2024-01-25 11:58:33.923 [info] No remotes found in the git config file.
2024-01-25 11:58:33.924 [info] > git config --get commit.template [11ms]
2024-01-25 11:58:33.925 [info] > git for-each-ref --format=%(refname)%00%(upstream:short)%00%(objectname)%00%(upstream:track)%00%(upstream:remotename)%00%(upstream:remoteref) refs/heads/s6chinwe refs/remotes/s6chinwe [2ms]
2024-01-25 11:58:33.972 [info] > git status -z -uall [41ms]
2024-01-25 11:58:38.993 [info] No remotes found in the git config file.
2024-01-25 11:58:38.994 [info] > git config --get commit.template [7ms]
2024-01-25 11:58:38.995 [info] > git for-each-ref --format=%(refname)%00%(upstream:short)%00%(objectname)%00%(upstream:track)%00%(upstream:remotename)%00%(upstream:remoteref) refs/heads/s6chinwe refs/remotes/s6chinwe [1ms]
2024-01-25 11:58:39.039 [info] > git status -z -uall [38ms]
2024-01-25 11:58:44.055 [info] No remotes found in the git config file.
2024-01-25 11:58:44.061 [info] > git config --get commit.template [7ms]
2024-01-25 11:58:44.062 [info] > git for-each-ref --format=%(refname)%00%(upstream:short)%00%(objectname)%00%(upstream:track)%00%(upstream:remotename)%00%(upstream:remoteref) refs/heads/s6chinwe refs/remotes/s6chinwe [2ms]
2024-01-25 11:58:44.107 [info] > git status -z -uall [40ms]
2024-01-25 11:58:49.127 [info] No remotes found in the git config file.
2024-01-25 11:58:49.130 [info] > git config --get commit.template [9ms]
2024-01-25 11:58:49.130 [info] > git for-each-ref --format=%(refname)%00%(upstream:short)%00%(objectname)%00%(upstream:track)%00%(upstream:remotename)%00%(upstream:remoteref) refs/heads/s6chinwe refs/remotes/s6chinwe [4ms]
2024-01-25 11:58:49.178 [info] > git status -z -uall [41ms]
2024-01-25 11:58:54.199 [info] No remotes found in the git config file.
2024-01-25 11:58:54.200 [info] > git config --get commit.template [8ms]
2024-01-25 11:58:54.202 [info] > git for-each-ref --format=%(refname)%00%(upstream:short)%00%(objectname)%00%(upstream:track)%00%(upstream:remotename)%00%(upstream:remoteref) refs/heads/s6chinwe refs/remotes/s6chinwe [4ms]
2024-01-25 11:58:54.246 [info] > git status -z -uall [37ms]
2024-01-25 11:58:59.266 [info] No remotes found in the git config file.
2024-01-25 11:58:59.268 [info] > git config --get commit.template [6ms]
2024-01-25 11:58:59.268 [info] > git for-each-ref --format=%(refname)%00%(upstream:short)%00%(objectname)%00%(upstream:track)%00%(upstream:remotename)%00%(upstream:remoteref) refs/heads/s6chinwe refs/remotes/s6chinwe [2ms]
2024-01-25 11:58:59.313 [info] > git status -z -uall [39ms]
2024-01-25 11:59:02.471 [info] > git check-ignore -v -z --stdin [3ms]
2024-01-25 11:59:04.333 [info] No remotes found in the git config file.
2024-01-25 11:59:04.334 [info] > git config --get commit.template [7ms]
2024-01-25 11:59:04.334 [info] > git for-each-ref --format=%(refname)%00%(upstream:short)%00%(objectname)%00%(upstream:track)%00%(upstream:remotename)%00%(upstream:remoteref) refs/heads/s6chinwe refs/remotes/s6chinwe [2ms]
2024-01-25 11:59:04.373 [info] > git status -z -uall [34ms]
2024-01-25 11:59:09.392 [info] No remotes found in the git config file.
2024-01-25 11:59:09.393 [info] > git config --get commit.template [6ms]
2024-01-25 11:59:09.394 [info] > git for-each-ref --format=%(refname)%00%(upstream:short)%00%(objectname)%00%(upstream:track)%00%(upstream:remotename)%00%(upstream:remoteref) refs/heads/s6chinwe refs/remotes/s6chinwe [2ms]
2024-01-25 11:59:09.433 [info] > git status -z -uall [34ms]
2024-01-25 11:59:14.454 [info] No remotes found in the git config file.
2024-01-25 11:59:14.455 [info] > git config --get commit.template [9ms]
2024-01-25 11:59:14.456 [info] > git for-each-ref --format=%(refname)%00%(upstream:short)%00%(objectname)%00%(upstream:track)%00%(upstream:remotename)%00%(upstream:remoteref) refs/heads/s6chinwe refs/remotes/s6chinwe [3ms]
2024-01-25 11:59:14.494 [info] > git status -z -uall [33ms]
2024-01-25 11:59:19.515 [info] No remotes found in the git config file.
2024-01-25 11:59:19.516 [info] > git config --get commit.template [7ms]
2024-01-25 11:59:19.516 [info] > git for-each-ref --format=%(refname)%00%(upstream:short)%00%(objectname)%00%(upstream:track)%00%(upstream:remotename)%00%(upstream:remoteref) refs/heads/s6chinwe refs/remotes/s6chinwe [2ms]
2024-01-25 11:59:19.556 [info] > git status -z -uall [34ms]
2024-01-25 11:59:24.577 [info] No remotes found in the git config file.
2024-01-25 11:59:24.579 [info] > git config --get commit.template [7ms]
2024-01-25 11:59:24.579 [info] > git for-each-ref --format=%(refname)%00%(upstream:short)%00%(objectname)%00%(upstream:track)%00%(upstream:remotename)%00%(upstream:remoteref) refs/heads/s6chinwe refs/remotes/s6chinwe [2ms]
2024-01-25 11:59:24.620 [info] > git status -z -uall [35ms]
2024-01-25 11:59:29.640 [info] No remotes found in the git config file.
2024-01-25 11:59:29.642 [info] > git config --get commit.template [7ms]
2024-01-25 11:59:29.642 [info] > git for-each-ref --format=%(refname)%00%(upstream:short)%00%(objectname)%00%(upstream:track)%00%(upstream:remotename)%00%(upstream:remoteref) refs/heads/s6chinwe refs/remotes/s6chinwe [2ms]
2024-01-25 11:59:29.683 [info] > git status -z -uall [35ms]
2024-01-25 11:59:34.703 [info] No remotes found in the git config file.
2024-01-25 11:59:34.704 [info] > git config --get commit.template [7ms]
2024-01-25 11:59:34.705 [info] > git for-each-ref --format=%(refname)%00%(upstream:short)%00%(objectname)%00%(upstream:track)%00%(upstream:remotename)%00%(upstream:remoteref) refs/heads/s6chinwe refs/remotes/s6chinwe [2ms]
2024-01-25 11:59:34.746 [info] > git status -z -uall [36ms]
2024-01-25 11:59:39.768 [info] No remotes found in the git config file.
2024-01-25 11:59:39.770 [info] > git config --get commit.template [8ms]
2024-01-25 11:59:39.770 [info] > git for-each-ref --format=%(refname)%00%(upstream:short)%00%(objectname)%00%(upstream:track)%00%(upstream:remotename)%00%(upstream:remoteref) refs/heads/s6chinwe refs/remotes/s6chinwe [3ms]
2024-01-25 11:59:39.810 [info] > git status -z -uall [35ms]
2024-01-25 11:59:44.830 [info] No remotes found in the git config file.
2024-01-25 11:59:44.833 [info] > git config --get commit.template [8ms]
2024-01-25 11:59:44.833 [info] > git for-each-ref --format=%(refname)%00%(upstream:short)%00%(objectname)%00%(upstream:track)%00%(upstream:remotename)%00%(upstream:remoteref) refs/heads/s6chinwe refs/remotes/s6chinwe [3ms]
2024-01-25 11:59:44.882 [info] > git status -z -uall [42ms]
2024-01-25 11:59:49.903 [info] No remotes found in the git config file.
2024-01-25 11:59:49.904 [info] > git config --get commit.template [8ms]
2024-01-25 11:59:49.905 [info] > git for-each-ref --format=%(refname)%00%(upstream:short)%00%(objectname)%00%(upstream:track)%00%(upstream:remotename)%00%(upstream:remoteref) refs/heads/s6chinwe refs/remotes/s6chinwe [1ms]
2024-01-25 11:59:49.945 [info] > git status -z -uall [35ms]
2024-01-25 11:59:54.968 [info] No remotes found in the git config file.
2024-01-25 11:59:54.969 [info] > git config --get commit.template [8ms]
2024-01-25 11:59:54.969 [info] > git for-each-ref --format=%(refname)%00%(upstream:short)%00%(objectname)%00%(upstream:track)%00%(upstream:remotename)%00%(upstream:remoteref) refs/heads/s6chinwe refs/remotes/s6chinwe [1ms]
2024-01-25 11:59:55.010 [info] > git status -z -uall [35ms]
2024-01-25 12:00:00.032 [info] No remotes found in the git config file.
2024-01-25 12:00:00.033 [info] > git config --get commit.template [8ms]
2024-01-25 12:00:00.033 [info] > git for-each-ref --format=%(refname)%00%(upstream:short)%00%(objectname)%00%(upstream:track)%00%(upstream:remotename)%00%(upstream:remoteref) refs/heads/s6chinwe refs/remotes/s6chinwe [1ms]
2024-01-25 12:00:00.071 [info] > git status -z -uall [33ms]
2024-01-25 12:00:05.096 [info] No remotes found in the git config file.
2024-01-25 12:00:05.098 [info] > git config --get commit.template [7ms]
2024-01-25 12:00:05.098 [info] > git for-each-ref --format=%(refname)%00%(upstream:short)%00%(objectname)%00%(upstream:track)%00%(upstream:remotename)%00%(upstream:remoteref) refs/heads/s6chinwe refs/remotes/s6chinwe [2ms]
2024-01-25 12:00:05.137 [info] > git status -z -uall [33ms]
2024-01-25 12:00:10.156 [info] > git config --get commit.template [2ms]
2024-01-25 12:00:10.164 [info] No remotes found in the git config file.
2024-01-25 12:00:10.166 [info] > git for-each-ref --format=%(refname)%00%(upstream:short)%00%(objectname)%00%(upstream:track)%00%(upstream:remotename)%00%(upstream:remoteref) refs/heads/s6chinwe refs/remotes/s6chinwe [2ms]
2024-01-25 12:00:10.214 [info] > git status -z -uall [40ms]
2024-01-25 12:00:15.233 [info] No remotes found in the git config file.
2024-01-25 12:00:15.235 [info] > git config --get commit.template [7ms]
2024-01-25 12:00:15.235 [info] > git for-each-ref --format=%(refname)%00%(upstream:short)%00%(objectname)%00%(upstream:track)%00%(upstream:remotename)%00%(upstream:remoteref) refs/heads/s6chinwe refs/remotes/s6chinwe [2ms]
2024-01-25 12:00:15.273 [info] > git status -z -uall [33ms]
2024-01-25 12:00:20.295 [info] No remotes found in the git config file.
2024-01-25 12:00:20.296 [info] > git config --get commit.template [8ms]
2024-01-25 12:00:20.297 [info] > git for-each-ref --format=%(refname)%00%(upstream:short)%00%(objectname)%00%(upstream:track)%00%(upstream:remotename)%00%(upstream:remoteref) refs/heads/s6chinwe refs/remotes/s6chinwe [3ms]
2024-01-25 12:00:20.342 [info] > git status -z -uall [37ms]
2024-01-25 12:00:25.362 [info] No remotes found in the git config file.
2024-01-25 12:00:25.363 [info] > git config --get commit.template [8ms]
2024-01-25 12:00:25.364 [info] > git for-each-ref --format=%(refname)%00%(upstream:short)%00%(objectname)%00%(upstream:track)%00%(upstream:remotename)%00%(upstream:remoteref) refs/heads/s6chinwe refs/remotes/s6chinwe [3ms]
2024-01-25 12:00:25.408 [info] > git status -z -uall [37ms]
2024-01-25 12:00:30.432 [info] No remotes found in the git config file.
2024-01-25 12:00:30.434 [info] > git config --get commit.template [8ms]
2024-01-25 12:00:30.434 [info] > git for-each-ref --format=%(refname)%00%(upstream:short)%00%(objectname)%00%(upstream:track)%00%(upstream:remotename)%00%(upstream:remoteref) refs/heads/s6chinwe refs/remotes/s6chinwe [3ms]
2024-01-25 12:00:30.478 [info] > git status -z -uall [37ms]
2024-01-25 12:00:35.504 [info] No remotes found in the git config file.
2024-01-25 12:00:35.504 [info] > git config --get commit.template [8ms]
2024-01-25 12:00:35.505 [info] > git for-each-ref --format=%(refname)%00%(upstream:short)%00%(objectname)%00%(upstream:track)%00%(upstream:remotename)%00%(upstream:remoteref) refs/heads/s6chinwe refs/remotes/s6chinwe [2ms]
2024-01-25 12:00:35.543 [info] > git status -z -uall [31ms]
2024-01-25 12:00:40.563 [info] No remotes found in the git config file.
2024-01-25 12:00:40.564 [info] > git config --get commit.template [6ms]
2024-01-25 12:00:40.565 [info] > git for-each-ref --format=%(refname)%00%(upstream:short)%00%(objectname)%00%(upstream:track)%00%(upstream:remotename)%00%(upstream:remoteref) refs/heads/s6chinwe refs/remotes/s6chinwe [3ms]
2024-01-25 12:00:40.606 [info] > git status -z -uall [35ms]
2024-01-25 12:00:45.627 [info] No remotes found in the git config file.
2024-01-25 12:00:45.629 [info] > git config --get commit.template [7ms]
2024-01-25 12:00:45.629 [info] > git for-each-ref --format=%(refname)%00%(upstream:short)%00%(objectname)%00%(upstream:track)%00%(upstream:remotename)%00%(upstream:remoteref) refs/heads/s6chinwe refs/remotes/s6chinwe [2ms]
2024-01-25 12:00:45.667 [info] > git status -z -uall [33ms]
2024-01-25 12:00:49.528 [info] > git fetch [6ms]
2024-01-25 12:00:49.542 [info] No remotes found in the git config file.
2024-01-25 12:00:49.543 [info] > git config --get commit.template [8ms]
2024-01-25 12:00:49.544 [info] > git for-each-ref --format=%(refname)%00%(upstream:short)%00%(objectname)%00%(upstream:track)%00%(upstream:remotename)%00%(upstream:remoteref) refs/heads/s6chinwe refs/remotes/s6chinwe [3ms]
2024-01-25 12:00:49.586 [info] > git status -z -uall [37ms]
2024-01-25 12:00:50.688 [info] No remotes found in the git config file.
2024-01-25 12:00:50.689 [info] > git config --get commit.template [7ms]
2024-01-25 12:00:50.690 [info] > git for-each-ref --format=%(refname)%00%(upstream:short)%00%(objectname)%00%(upstream:track)%00%(upstream:remotename)%00%(upstream:remoteref) refs/heads/s6chinwe refs/remotes/s6chinwe [1ms]
2024-01-25 12:00:50.731 [info] > git status -z -uall [36ms]
2024-01-25 12:00:55.751 [info] No remotes found in the git config file.
2024-01-25 12:00:55.752 [info] > git config --get commit.template [6ms]
2024-01-25 12:00:55.754 [info] > git for-each-ref --format=%(refname)%00%(upstream:short)%00%(objectname)%00%(upstream:track)%00%(upstream:remotename)%00%(upstream:remoteref) refs/heads/s6chinwe refs/remotes/s6chinwe [2ms]
2024-01-25 12:00:55.793 [info] > git status -z -uall [34ms]
2024-01-25 12:01:00.813 [info] No remotes found in the git config file.
2024-01-25 12:01:00.814 [info] > git config --get commit.template [8ms]
2024-01-25 12:01:00.814 [info] > git for-each-ref --format=%(refname)%00%(upstream:short)%00%(objectname)%00%(upstream:track)%00%(upstream:remotename)%00%(upstream:remoteref) refs/heads/s6chinwe refs/remotes/s6chinwe [2ms]
2024-01-25 12:01:00.858 [info] > git status -z -uall [38ms]
2024-01-25 12:01:05.879 [info] No remotes found in the git config file.
2024-01-25 12:01:05.880 [info] > git config --get commit.template [7ms]
2024-01-25 12:01:05.880 [info] > git for-each-ref --format=%(refname)%00%(upstream:short)%00%(objectname)%00%(upstream:track)%00%(upstream:remotename)%00%(upstream:remoteref) refs/heads/s6chinwe refs/remotes/s6chinwe [2ms]
2024-01-25 12:01:05.928 [info] > git status -z -uall [42ms]
2024-01-25 12:01:10.950 [info] No remotes found in the git config file.
2024-01-25 12:01:10.955 [info] > git config --get commit.template [12ms]
2024-01-25 12:01:10.955 [info] > git for-each-ref --format=%(refname)%00%(upstream:short)%00%(objectname)%00%(upstream:track)%00%(upstream:remotename)%00%(upstream:remoteref) refs/heads/s6chinwe refs/remotes/s6chinwe [5ms]
2024-01-25 12:01:11.011 [info] > git status -z -uall [47ms]
2024-01-25 12:01:16.034 [info] No remotes found in the git config file.
2024-01-25 12:01:16.035 [info] > git config --get commit.template [8ms]
2024-01-25 12:01:16.037 [info] > git for-each-ref --format=%(refname)%00%(upstream:short)%00%(objectname)%00%(upstream:track)%00%(upstream:remotename)%00%(upstream:remoteref) refs/heads/s6chinwe refs/remotes/s6chinwe [3ms]
2024-01-25 12:01:16.081 [info] > git status -z -uall [36ms]
