2024-01-25 12:02:01.889 [info] Log level: Info
2024-01-25 12:02:01.889 [info] Validating found git in: "git"
2024-01-25 12:02:01.889 [info] Using git "2.34.1" from "git"
2024-01-25 12:02:01.889 [info] > git rev-parse --show-toplevel [3ms]
2024-01-25 12:02:01.889 [info] > git rev-parse --git-dir --git-common-dir [3ms]
2024-01-25 12:02:01.889 [info] Open repository: /home/s6chinwe
2024-01-25 12:02:01.889 [info] > git rev-parse --show-toplevel [11ms]
2024-01-25 12:02:01.889 [info] fatal: detected dubious ownership in repository at '/home/s6chinwe/Espresso_/S6-PROJECTS'
To add an exception for this directory, call:

	git config --global --add safe.directory /home/s6chinwe/Espresso_/S6-PROJECTS
2024-01-25 12:02:01.889 [info] > git config --get commit.template [19ms]
2024-01-25 12:02:01.889 [info] > git fetch [30ms]
2024-01-25 12:02:01.889 [info] No remotes found in the git config file.
2024-01-25 12:02:01.889 [info] > git for-each-ref --format=%(refname)%00%(upstream:short)%00%(objectname)%00%(upstream:track)%00%(upstream:remotename)%00%(upstream:remoteref) refs/heads/s6chinwe refs/remotes/s6chinwe [12ms]
2024-01-25 12:02:01.889 [info] > git config --get commit.template [25ms]
2024-01-25 12:02:01.889 [info] No remotes found in the git config file.
2024-01-25 12:02:01.890 [info] > git rev-parse --show-toplevel [23ms]
2024-01-25 12:02:01.890 [info] > git config --get commit.template [9ms]
2024-01-25 12:02:01.890 [info] > git for-each-ref --format=%(refname)%00%(upstream:short)%00%(objectname)%00%(upstream:track)%00%(upstream:remotename)%00%(upstream:remoteref) refs/heads/s6chinwe refs/remotes/s6chinwe [15ms]
2024-01-25 12:02:01.890 [info] No remotes found in the git config file.
2024-01-25 12:02:01.890 [info] > git for-each-ref --format=%(refname)%00%(upstream:short)%00%(objectname)%00%(upstream:track)%00%(upstream:remotename)%00%(upstream:remoteref) refs/heads/s6chinwe refs/remotes/s6chinwe [4ms]
2024-01-25 12:02:01.917 [info] > git status -z -uall [57ms]
2024-01-25 12:02:02.470 [info] > git check-ignore -v -z --stdin [7ms]
2024-01-25 12:02:04.723 [info] No remotes found in the git config file.
2024-01-25 12:02:04.724 [info] > git config --get commit.template [7ms]
2024-01-25 12:02:04.724 [info] > git for-each-ref --format=%(refname)%00%(upstream:short)%00%(objectname)%00%(upstream:track)%00%(upstream:remotename)%00%(upstream:remoteref) refs/heads/s6chinwe refs/remotes/s6chinwe [2ms]
2024-01-25 12:02:04.770 [info] > git status -z -uall [40ms]
2024-01-25 12:02:09.789 [info] No remotes found in the git config file.
2024-01-25 12:02:09.796 [info] > git config --get commit.template [7ms]
2024-01-25 12:02:09.797 [info] > git for-each-ref --format=%(refname)%00%(upstream:short)%00%(objectname)%00%(upstream:track)%00%(upstream:remotename)%00%(upstream:remoteref) refs/heads/s6chinwe refs/remotes/s6chinwe [2ms]
2024-01-25 12:02:09.845 [info] > git status -z -uall [41ms]
2024-01-25 12:02:13.956 [info] > git config --global --add safe.directory /home/s6chinwe/Espresso_/S6-PROJECTS [2ms]
2024-01-25 12:02:13.965 [info] > git rev-parse --show-toplevel [1ms]
2024-01-25 12:02:13.973 [info] > git rev-parse --git-dir --git-common-dir [1ms]
2024-01-25 12:02:13.989 [info] Open repository: /home/s6chinwe/Espresso_/S6-PROJECTS
2024-01-25 12:02:14.001 [info] > git fetch [13ms]
2024-01-25 12:02:14.001 [info] error: cannot open .git/FETCH_HEAD: Permission denied
2024-01-25 12:02:14.011 [info] > git config --get commit.template [11ms]
2024-01-25 12:02:14.018 [info] > git config --get commit.template [8ms]
2024-01-25 12:02:14.028 [info] > git for-each-ref --format=%(refname)%00%(upstream:short)%00%(objectname)%00%(upstream:track)%00%(upstream:remotename)%00%(upstream:remoteref) refs/heads/main refs/remotes/main [12ms]
2024-01-25 12:02:14.039 [info] > git for-each-ref --format=%(refname)%00%(upstream:short)%00%(objectname)%00%(upstream:track)%00%(upstream:remotename)%00%(upstream:remoteref) refs/heads/main refs/remotes/main [15ms]
2024-01-25 12:02:14.057 [info] > git config --get commit.template [8ms]
2024-01-25 12:02:14.061 [info] > git for-each-ref --format=%(refname)%00%(upstream:short)%00%(objectname)%00%(upstream:track)%00%(upstream:remotename)%00%(upstream:remoteref) refs/heads/main refs/remotes/main [5ms]
2024-01-25 12:02:14.078 [info] > git status -z -uall [8ms]
2024-01-25 12:02:14.628 [info] > git check-ignore -v -z --stdin [14ms]
2024-01-25 12:02:14.629 [info] > git check-ignore -v -z --stdin [5ms]
2024-01-25 12:02:14.880 [info] No remotes found in the git config file.
2024-01-25 12:02:14.881 [info] > git config --get commit.template [13ms]
2024-01-25 12:02:14.882 [info] > git for-each-ref --format=%(refname)%00%(upstream:short)%00%(objectname)%00%(upstream:track)%00%(upstream:remotename)%00%(upstream:remoteref) refs/heads/s6chinwe refs/remotes/s6chinwe [2ms]
2024-01-25 12:02:14.926 [info] > git status -z -uall [35ms]
2024-01-25 12:02:19.955 [info] No remotes found in the git config file.
2024-01-25 12:02:19.956 [info] > git config --get commit.template [11ms]
2024-01-25 12:02:19.957 [info] > git for-each-ref --format=%(refname)%00%(upstream:short)%00%(objectname)%00%(upstream:track)%00%(upstream:remotename)%00%(upstream:remoteref) refs/heads/s6chinwe refs/remotes/s6chinwe [3ms]
2024-01-25 12:02:20.001 [info] > git status -z -uall [36ms]
2024-01-25 12:02:23.581 [info] > git check-ignore -v -z --stdin [3ms]
2024-01-25 12:02:25.028 [info] No remotes found in the git config file.
2024-01-25 12:02:25.028 [info] > git config --get commit.template [9ms]
2024-01-25 12:02:25.029 [info] > git for-each-ref --format=%(refname)%00%(upstream:short)%00%(objectname)%00%(upstream:track)%00%(upstream:remotename)%00%(upstream:remoteref) refs/heads/s6chinwe refs/remotes/s6chinwe [2ms]
2024-01-25 12:02:25.077 [info] > git status -z -uall [38ms]
2024-01-25 12:02:26.585 [info] > git check-ignore -v -z --stdin [4ms]
2024-01-25 12:02:30.103 [info] No remotes found in the git config file.
2024-01-25 12:02:30.118 [info] > git config --get commit.template [17ms]
2024-01-25 12:02:30.120 [info] > git for-each-ref --format=%(refname)%00%(upstream:short)%00%(objectname)%00%(upstream:track)%00%(upstream:remotename)%00%(upstream:remoteref) refs/heads/s6chinwe refs/remotes/s6chinwe [2ms]
2024-01-25 12:02:30.180 [info] > git status -z -uall [47ms]
2024-01-25 12:02:35.205 [info] No remotes found in the git config file.
2024-01-25 12:02:35.206 [info] > git config --get commit.template [10ms]
2024-01-25 12:02:35.207 [info] > git for-each-ref --format=%(refname)%00%(upstream:short)%00%(objectname)%00%(upstream:track)%00%(upstream:remotename)%00%(upstream:remoteref) refs/heads/s6chinwe refs/remotes/s6chinwe [2ms]
2024-01-25 12:02:35.252 [info] > git status -z -uall [38ms]
2024-01-25 12:02:40.275 [info] > git config --get commit.template [4ms]
2024-01-25 12:02:40.283 [info] No remotes found in the git config file.
2024-01-25 12:02:40.285 [info] > git for-each-ref --format=%(refname)%00%(upstream:short)%00%(objectname)%00%(upstream:track)%00%(upstream:remotename)%00%(upstream:remoteref) refs/heads/s6chinwe refs/remotes/s6chinwe [2ms]
2024-01-25 12:02:40.328 [info] > git status -z -uall [37ms]
2024-01-25 12:02:45.355 [info] No remotes found in the git config file.
2024-01-25 12:02:45.356 [info] > git config --get commit.template [9ms]
2024-01-25 12:02:45.357 [info] > git for-each-ref --format=%(refname)%00%(upstream:short)%00%(objectname)%00%(upstream:track)%00%(upstream:remotename)%00%(upstream:remoteref) refs/heads/s6chinwe refs/remotes/s6chinwe [2ms]
2024-01-25 12:02:45.409 [info] > git status -z -uall [45ms]
2024-01-25 12:02:50.432 [info] No remotes found in the git config file.
2024-01-25 12:02:50.433 [info] > git config --get commit.template [8ms]
2024-01-25 12:02:50.435 [info] > git for-each-ref --format=%(refname)%00%(upstream:short)%00%(objectname)%00%(upstream:track)%00%(upstream:remotename)%00%(upstream:remoteref) refs/heads/s6chinwe refs/remotes/s6chinwe [2ms]
2024-01-25 12:02:50.478 [info] > git status -z -uall [36ms]
2024-01-25 12:02:55.503 [info] No remotes found in the git config file.
2024-01-25 12:02:55.503 [info] > git config --get commit.template [7ms]
2024-01-25 12:02:55.504 [info] > git for-each-ref --format=%(refname)%00%(upstream:short)%00%(objectname)%00%(upstream:track)%00%(upstream:remotename)%00%(upstream:remoteref) refs/heads/s6chinwe refs/remotes/s6chinwe [3ms]
2024-01-25 12:02:55.545 [info] > git status -z -uall [34ms]
2024-01-25 12:03:00.568 [info] No remotes found in the git config file.
2024-01-25 12:03:00.569 [info] > git config --get commit.template [9ms]
2024-01-25 12:03:00.570 [info] > git for-each-ref --format=%(refname)%00%(upstream:short)%00%(objectname)%00%(upstream:track)%00%(upstream:remotename)%00%(upstream:remoteref) refs/heads/s6chinwe refs/remotes/s6chinwe [1ms]
2024-01-25 12:03:00.614 [info] > git status -z -uall [37ms]
2024-01-25 12:03:05.635 [info] No remotes found in the git config file.
2024-01-25 12:03:05.636 [info] > git config --get commit.template [8ms]
2024-01-25 12:03:05.636 [info] > git for-each-ref --format=%(refname)%00%(upstream:short)%00%(objectname)%00%(upstream:track)%00%(upstream:remotename)%00%(upstream:remoteref) refs/heads/s6chinwe refs/remotes/s6chinwe [2ms]
2024-01-25 12:03:05.691 [info] > git status -z -uall [42ms]
2024-01-25 12:03:08.130 [info] > git show --textconv :Espresso_/espress-shop-review/values.yaml [11ms]
2024-01-25 12:03:08.133 [info] > git ls-files --stage -- /home/s6chinwe/Espresso_/espress-shop-review/values.yaml [6ms]
2024-01-25 12:03:10.713 [info] No remotes found in the git config file.
2024-01-25 12:03:10.715 [info] > git config --get commit.template [8ms]
2024-01-25 12:03:10.715 [info] > git for-each-ref --format=%(refname)%00%(upstream:short)%00%(objectname)%00%(upstream:track)%00%(upstream:remotename)%00%(upstream:remoteref) refs/heads/s6chinwe refs/remotes/s6chinwe [2ms]
2024-01-25 12:03:10.763 [info] > git status -z -uall [39ms]
2024-01-25 12:03:15.786 [info] No remotes found in the git config file.
2024-01-25 12:03:15.788 [info] > git config --get commit.template [7ms]
2024-01-25 12:03:15.788 [info] > git for-each-ref --format=%(refname)%00%(upstream:short)%00%(objectname)%00%(upstream:track)%00%(upstream:remotename)%00%(upstream:remoteref) refs/heads/s6chinwe refs/remotes/s6chinwe [2ms]
2024-01-25 12:03:15.828 [info] > git status -z -uall [34ms]
2024-01-25 12:03:20.850 [info] No remotes found in the git config file.
2024-01-25 12:03:20.851 [info] > git config --get commit.template [8ms]
2024-01-25 12:03:20.852 [info] > git for-each-ref --format=%(refname)%00%(upstream:short)%00%(objectname)%00%(upstream:track)%00%(upstream:remotename)%00%(upstream:remoteref) refs/heads/s6chinwe refs/remotes/s6chinwe [2ms]
2024-01-25 12:03:20.896 [info] > git status -z -uall [37ms]
2024-01-25 12:03:25.920 [info] No remotes found in the git config file.
2024-01-25 12:03:25.921 [info] > git config --get commit.template [9ms]
2024-01-25 12:03:25.922 [info] > git for-each-ref --format=%(refname)%00%(upstream:short)%00%(objectname)%00%(upstream:track)%00%(upstream:remotename)%00%(upstream:remoteref) refs/heads/s6chinwe refs/remotes/s6chinwe [2ms]
2024-01-25 12:03:25.964 [info] > git status -z -uall [36ms]
2024-01-25 12:03:30.988 [info] No remotes found in the git config file.
2024-01-25 12:03:30.989 [info] > git config --get commit.template [8ms]
2024-01-25 12:03:30.990 [info] > git for-each-ref --format=%(refname)%00%(upstream:short)%00%(objectname)%00%(upstream:track)%00%(upstream:remotename)%00%(upstream:remoteref) refs/heads/s6chinwe refs/remotes/s6chinwe [2ms]
2024-01-25 12:03:31.030 [info] > git status -z -uall [35ms]
2024-01-25 12:03:36.056 [info] No remotes found in the git config file.
2024-01-25 12:03:36.057 [info] > git config --get commit.template [8ms]
2024-01-25 12:03:36.058 [info] > git for-each-ref --format=%(refname)%00%(upstream:short)%00%(objectname)%00%(upstream:track)%00%(upstream:remotename)%00%(upstream:remoteref) refs/heads/s6chinwe refs/remotes/s6chinwe [2ms]
2024-01-25 12:03:36.102 [info] > git status -z -uall [38ms]
2024-01-25 12:03:41.127 [info] No remotes found in the git config file.
2024-01-25 12:03:41.128 [info] > git config --get commit.template [9ms]
2024-01-25 12:03:41.129 [info] > git for-each-ref --format=%(refname)%00%(upstream:short)%00%(objectname)%00%(upstream:track)%00%(upstream:remotename)%00%(upstream:remoteref) refs/heads/s6chinwe refs/remotes/s6chinwe [2ms]
2024-01-25 12:03:41.173 [info] > git status -z -uall [37ms]
2024-01-25 12:03:42.983 [info] > git config --get commit.template [8ms]
2024-01-25 12:03:42.983 [info] > git for-each-ref --format=%(refname)%00%(upstream:short)%00%(objectname)%00%(upstream:track)%00%(upstream:remotename)%00%(upstream:remoteref) refs/heads/main refs/remotes/main [2ms]
2024-01-25 12:03:42.996 [info] > git status -z -uall [5ms]
2024-01-25 12:03:46.199 [info] No remotes found in the git config file.
2024-01-25 12:03:46.200 [info] > git config --get commit.template [8ms]
2024-01-25 12:03:46.200 [info] > git for-each-ref --format=%(refname)%00%(upstream:short)%00%(objectname)%00%(upstream:track)%00%(upstream:remotename)%00%(upstream:remoteref) refs/heads/s6chinwe refs/remotes/s6chinwe [2ms]
2024-01-25 12:03:46.245 [info] > git status -z -uall [37ms]
2024-01-25 12:03:51.269 [info] No remotes found in the git config file.
2024-01-25 12:03:51.271 [info] > git config --get commit.template [8ms]
2024-01-25 12:03:51.271 [info] > git for-each-ref --format=%(refname)%00%(upstream:short)%00%(objectname)%00%(upstream:track)%00%(upstream:remotename)%00%(upstream:remoteref) refs/heads/s6chinwe refs/remotes/s6chinwe [3ms]
2024-01-25 12:03:51.314 [info] > git status -z -uall [35ms]
2024-01-25 12:03:56.336 [info] No remotes found in the git config file.
2024-01-25 12:03:56.337 [info] > git config --get commit.template [7ms]
2024-01-25 12:03:56.337 [info] > git for-each-ref --format=%(refname)%00%(upstream:short)%00%(objectname)%00%(upstream:track)%00%(upstream:remotename)%00%(upstream:remoteref) refs/heads/s6chinwe refs/remotes/s6chinwe [2ms]
2024-01-25 12:03:56.384 [info] > git status -z -uall [37ms]
2024-01-25 12:04:01.407 [info] No remotes found in the git config file.
2024-01-25 12:04:01.408 [info] > git config --get commit.template [8ms]
2024-01-25 12:04:01.408 [info] > git for-each-ref --format=%(refname)%00%(upstream:short)%00%(objectname)%00%(upstream:track)%00%(upstream:remotename)%00%(upstream:remoteref) refs/heads/s6chinwe refs/remotes/s6chinwe [2ms]
2024-01-25 12:04:01.451 [info] > git status -z -uall [36ms]
2024-01-25 12:04:22.222 [info] No remotes found in the git config file.
2024-01-25 12:04:22.223 [info] > git config --get commit.template [13ms]
2024-01-25 12:04:22.224 [info] > git for-each-ref --format=%(refname)%00%(upstream:short)%00%(objectname)%00%(upstream:track)%00%(upstream:remotename)%00%(upstream:remoteref) refs/heads/s6chinwe refs/remotes/s6chinwe [3ms]
2024-01-25 12:04:22.270 [info] > git status -z -uall [39ms]
2024-01-25 12:04:27.295 [info] No remotes found in the git config file.
2024-01-25 12:04:27.296 [info] > git config --get commit.template [9ms]
2024-01-25 12:04:27.296 [info] > git for-each-ref --format=%(refname)%00%(upstream:short)%00%(objectname)%00%(upstream:track)%00%(upstream:remotename)%00%(upstream:remoteref) refs/heads/s6chinwe refs/remotes/s6chinwe [2ms]
2024-01-25 12:04:27.346 [info] > git status -z -uall [42ms]
2024-01-25 12:04:32.371 [info] No remotes found in the git config file.
2024-01-25 12:04:32.372 [info] > git config --get commit.template [8ms]
2024-01-25 12:04:32.373 [info] > git for-each-ref --format=%(refname)%00%(upstream:short)%00%(objectname)%00%(upstream:track)%00%(upstream:remotename)%00%(upstream:remoteref) refs/heads/s6chinwe refs/remotes/s6chinwe [2ms]
2024-01-25 12:04:32.418 [info] > git status -z -uall [38ms]
2024-01-25 12:04:38.765 [info] No remotes found in the git config file.
2024-01-25 12:04:38.766 [info] > git config --get commit.template [9ms]
2024-01-25 12:04:38.768 [info] > git for-each-ref --format=%(refname)%00%(upstream:short)%00%(objectname)%00%(upstream:track)%00%(upstream:remotename)%00%(upstream:remoteref) refs/heads/s6chinwe refs/remotes/s6chinwe [3ms]
2024-01-25 12:04:38.812 [info] > git status -z -uall [37ms]
2024-01-25 12:04:43.830 [info] No remotes found in the git config file.
2024-01-25 12:04:43.838 [info] > git config --get commit.template [9ms]
2024-01-25 12:04:43.839 [info] > git for-each-ref --format=%(refname)%00%(upstream:short)%00%(objectname)%00%(upstream:track)%00%(upstream:remotename)%00%(upstream:remoteref) refs/heads/s6chinwe refs/remotes/s6chinwe [2ms]
2024-01-25 12:04:43.888 [info] > git status -z -uall [42ms]
2024-01-25 12:04:48.909 [info] No remotes found in the git config file.
2024-01-25 12:04:48.916 [info] > git config --get commit.template [8ms]
2024-01-25 12:04:48.916 [info] > git for-each-ref --format=%(refname)%00%(upstream:short)%00%(objectname)%00%(upstream:track)%00%(upstream:remotename)%00%(upstream:remoteref) refs/heads/s6chinwe refs/remotes/s6chinwe [1ms]
2024-01-25 12:04:48.961 [info] > git status -z -uall [38ms]
2024-01-25 12:04:53.979 [info] > git config --get commit.template [2ms]
2024-01-25 12:04:53.986 [info] No remotes found in the git config file.
2024-01-25 12:04:53.988 [info] > git for-each-ref --format=%(refname)%00%(upstream:short)%00%(objectname)%00%(upstream:track)%00%(upstream:remotename)%00%(upstream:remoteref) refs/heads/s6chinwe refs/remotes/s6chinwe [2ms]
2024-01-25 12:04:54.035 [info] > git status -z -uall [39ms]
2024-01-25 12:05:21.673 [info] > git fetch [27ms]
2024-01-25 12:05:21.684 [info] > git config --get commit.template [15ms]
2024-01-25 12:05:21.685 [info] > git config --get commit.template [3ms]
2024-01-25 12:05:21.693 [info] No remotes found in the git config file.
2024-01-25 12:05:21.700 [info] No remotes found in the git config file.
2024-01-25 12:05:21.702 [info] > git for-each-ref --format=%(refname)%00%(upstream:short)%00%(objectname)%00%(upstream:track)%00%(upstream:remotename)%00%(upstream:remoteref) refs/heads/s6chinwe refs/remotes/s6chinwe [9ms]
2024-01-25 12:05:21.705 [info] > git for-each-ref --format=%(refname)%00%(upstream:short)%00%(objectname)%00%(upstream:track)%00%(upstream:remotename)%00%(upstream:remoteref) refs/heads/s6chinwe refs/remotes/s6chinwe [5ms]
2024-01-25 12:05:21.749 [info] > git status -z -uall [38ms]
2024-01-25 12:05:21.830 [info] > git fetch [177ms]
2024-01-25 12:05:21.846 [info] > git config --get commit.template [7ms]
2024-01-25 12:05:21.848 [info] > git for-each-ref --format=%(refname)%00%(upstream:short)%00%(objectname)%00%(upstream:track)%00%(upstream:remotename)%00%(upstream:remoteref) refs/heads/main refs/remotes/main [2ms]
2024-01-25 12:05:21.878 [info] > git status -z -uall [24ms]
2024-01-25 12:05:23.097 [info] > git config --get commit.template [7ms]
2024-01-25 12:05:23.098 [info] > git for-each-ref --format=%(refname)%00%(upstream:short)%00%(objectname)%00%(upstream:track)%00%(upstream:remotename)%00%(upstream:remoteref) refs/heads/main refs/remotes/main [2ms]
2024-01-25 12:05:23.111 [info] > git status -z -uall [6ms]
2024-01-25 12:05:23.336 [info] > git ls-files --stage -- /home/s6chinwe/Espresso_/espress-shop-review/values.yaml [17ms]
2024-01-25 12:05:23.413 [info] > git show --textconv :Espresso_/espress-shop-review/values.yaml [2ms]
2024-01-25 12:05:26.721 [info] No remotes found in the git config file.
2024-01-25 12:05:26.722 [info] > git config --get commit.template [9ms]
2024-01-25 12:05:26.722 [info] > git for-each-ref --format=%(refname)%00%(upstream:short)%00%(objectname)%00%(upstream:track)%00%(upstream:remotename)%00%(upstream:remoteref) refs/heads/s6chinwe refs/remotes/s6chinwe [1ms]
2024-01-25 12:05:26.775 [info] > git status -z -uall [47ms]
2024-01-25 12:05:31.798 [info] No remotes found in the git config file.
2024-01-25 12:05:31.799 [info] > git config --get commit.template [8ms]
2024-01-25 12:05:31.800 [info] > git for-each-ref --format=%(refname)%00%(upstream:short)%00%(objectname)%00%(upstream:track)%00%(upstream:remotename)%00%(upstream:remoteref) refs/heads/s6chinwe refs/remotes/s6chinwe [2ms]
2024-01-25 12:05:31.844 [info] > git status -z -uall [38ms]
2024-01-25 12:05:36.865 [info] No remotes found in the git config file.
2024-01-25 12:05:36.871 [info] > git config --get commit.template [7ms]
2024-01-25 12:05:36.872 [info] > git for-each-ref --format=%(refname)%00%(upstream:short)%00%(objectname)%00%(upstream:track)%00%(upstream:remotename)%00%(upstream:remoteref) refs/heads/s6chinwe refs/remotes/s6chinwe [2ms]
2024-01-25 12:05:36.913 [info] > git status -z -uall [35ms]
2024-01-25 12:05:41.934 [info] No remotes found in the git config file.
2024-01-25 12:05:41.935 [info] > git config --get commit.template [8ms]
2024-01-25 12:05:41.936 [info] > git for-each-ref --format=%(refname)%00%(upstream:short)%00%(objectname)%00%(upstream:track)%00%(upstream:remotename)%00%(upstream:remoteref) refs/heads/s6chinwe refs/remotes/s6chinwe [3ms]
2024-01-25 12:05:41.977 [info] > git status -z -uall [34ms]
2024-01-25 12:05:46.998 [info] No remotes found in the git config file.
2024-01-25 12:05:46.999 [info] > git config --get commit.template [8ms]
2024-01-25 12:05:47.000 [info] > git for-each-ref --format=%(refname)%00%(upstream:short)%00%(objectname)%00%(upstream:track)%00%(upstream:remotename)%00%(upstream:remoteref) refs/heads/s6chinwe refs/remotes/s6chinwe [2ms]
2024-01-25 12:05:47.040 [info] > git status -z -uall [35ms]
2024-01-25 12:05:52.066 [info] No remotes found in the git config file.
2024-01-25 12:05:52.067 [info] > git config --get commit.template [10ms]
2024-01-25 12:05:52.068 [info] > git for-each-ref --format=%(refname)%00%(upstream:short)%00%(objectname)%00%(upstream:track)%00%(upstream:remotename)%00%(upstream:remoteref) refs/heads/s6chinwe refs/remotes/s6chinwe [3ms]
2024-01-25 12:05:52.112 [info] > git status -z -uall [36ms]
2024-01-25 12:06:02.668 [info] No remotes found in the git config file.
2024-01-25 12:06:02.669 [info] > git config --get commit.template [7ms]
2024-01-25 12:06:02.670 [info] > git for-each-ref --format=%(refname)%00%(upstream:short)%00%(objectname)%00%(upstream:track)%00%(upstream:remotename)%00%(upstream:remoteref) refs/heads/s6chinwe refs/remotes/s6chinwe [2ms]
2024-01-25 12:06:02.713 [info] > git status -z -uall [37ms]
2024-01-25 12:06:07.735 [info] No remotes found in the git config file.
2024-01-25 12:06:07.736 [info] > git config --get commit.template [7ms]
2024-01-25 12:06:07.737 [info] > git for-each-ref --format=%(refname)%00%(upstream:short)%00%(objectname)%00%(upstream:track)%00%(upstream:remotename)%00%(upstream:remoteref) refs/heads/s6chinwe refs/remotes/s6chinwe [2ms]
2024-01-25 12:06:07.778 [info] > git status -z -uall [35ms]
2024-01-25 12:06:12.799 [info] No remotes found in the git config file.
2024-01-25 12:06:12.801 [info] > git config --get commit.template [7ms]
2024-01-25 12:06:12.801 [info] > git for-each-ref --format=%(refname)%00%(upstream:short)%00%(objectname)%00%(upstream:track)%00%(upstream:remotename)%00%(upstream:remoteref) refs/heads/s6chinwe refs/remotes/s6chinwe [2ms]
2024-01-25 12:06:12.840 [info] > git status -z -uall [33ms]
2024-01-25 12:06:17.860 [info] > git config --get commit.template [2ms]
2024-01-25 12:06:17.866 [info] No remotes found in the git config file.
2024-01-25 12:06:17.867 [info] > git for-each-ref --format=%(refname)%00%(upstream:short)%00%(objectname)%00%(upstream:track)%00%(upstream:remotename)%00%(upstream:remoteref) refs/heads/s6chinwe refs/remotes/s6chinwe [2ms]
2024-01-25 12:06:17.907 [info] > git status -z -uall [34ms]
2024-01-25 12:06:22.928 [info] No remotes found in the git config file.
2024-01-25 12:06:22.929 [info] > git config --get commit.template [7ms]
2024-01-25 12:06:22.929 [info] > git for-each-ref --format=%(refname)%00%(upstream:short)%00%(objectname)%00%(upstream:track)%00%(upstream:remotename)%00%(upstream:remoteref) refs/heads/s6chinwe refs/remotes/s6chinwe [2ms]
2024-01-25 12:06:22.969 [info] > git status -z -uall [34ms]
2024-01-25 12:06:27.989 [info] No remotes found in the git config file.
2024-01-25 12:06:27.989 [info] > git config --get commit.template [7ms]
2024-01-25 12:06:27.991 [info] > git for-each-ref --format=%(refname)%00%(upstream:short)%00%(objectname)%00%(upstream:track)%00%(upstream:remotename)%00%(upstream:remoteref) refs/heads/s6chinwe refs/remotes/s6chinwe [2ms]
2024-01-25 12:06:28.035 [info] > git status -z -uall [37ms]
2024-01-25 12:06:33.057 [info] No remotes found in the git config file.
2024-01-25 12:06:33.058 [info] > git config --get commit.template [7ms]
2024-01-25 12:06:33.059 [info] > git for-each-ref --format=%(refname)%00%(upstream:short)%00%(objectname)%00%(upstream:track)%00%(upstream:remotename)%00%(upstream:remoteref) refs/heads/s6chinwe refs/remotes/s6chinwe [2ms]
2024-01-25 12:06:33.104 [info] > git status -z -uall [37ms]
2024-01-25 12:09:23.545 [info] > git fetch [21ms]
2024-01-25 12:09:23.553 [info] > git config --get commit.template [10ms]
2024-01-25 12:09:23.559 [info] No remotes found in the git config file.
2024-01-25 12:09:23.560 [info] > git config --get commit.template [8ms]
2024-01-25 12:09:23.566 [info] No remotes found in the git config file.
2024-01-25 12:09:23.567 [info] > git for-each-ref --format=%(refname)%00%(upstream:short)%00%(objectname)%00%(upstream:track)%00%(upstream:remotename)%00%(upstream:remoteref) refs/heads/s6chinwe refs/remotes/s6chinwe [8ms]
2024-01-25 12:09:23.568 [info] > git for-each-ref --format=%(refname)%00%(upstream:short)%00%(objectname)%00%(upstream:track)%00%(upstream:remotename)%00%(upstream:remoteref) refs/heads/s6chinwe refs/remotes/s6chinwe [2ms]
2024-01-25 12:09:23.610 [info] > git status -z -uall [37ms]
2024-01-25 12:09:23.702 [info] > git fetch [168ms]
2024-01-25 12:09:23.733 [info] > git config --get commit.template [23ms]
2024-01-25 12:09:23.743 [info] > git for-each-ref --format=%(refname)%00%(upstream:short)%00%(objectname)%00%(upstream:track)%00%(upstream:remotename)%00%(upstream:remoteref) refs/heads/main refs/remotes/main [3ms]
2024-01-25 12:09:23.756 [info] > git status -z -uall [6ms]
2024-01-25 12:09:24.980 [info] > git config --get commit.template [8ms]
2024-01-25 12:09:24.981 [info] > git for-each-ref --format=%(refname)%00%(upstream:short)%00%(objectname)%00%(upstream:track)%00%(upstream:remotename)%00%(upstream:remoteref) refs/heads/main refs/remotes/main [3ms]
2024-01-25 12:09:24.995 [info] > git status -z -uall [5ms]
2024-01-25 12:09:25.185 [info] > git ls-files --stage -- /home/s6chinwe/Espresso_/espress-shop-review/values.yaml [12ms]
2024-01-25 12:09:25.263 [info] > git show --textconv :Espresso_/espress-shop-review/values.yaml [3ms]
2024-01-25 12:09:26.998 [info] > git show --textconv :Espresso_/espress-shop-review/templates/deployment.yaml [8ms]
2024-01-25 12:09:27.001 [info] > git ls-files --stage -- /home/s6chinwe/Espresso_/espress-shop-review/templates/deployment.yaml [4ms]
2024-01-25 12:09:28.578 [info] No remotes found in the git config file.
2024-01-25 12:09:28.585 [info] > git config --get commit.template [8ms]
2024-01-25 12:09:28.586 [info] > git for-each-ref --format=%(refname)%00%(upstream:short)%00%(objectname)%00%(upstream:track)%00%(upstream:remotename)%00%(upstream:remoteref) refs/heads/s6chinwe refs/remotes/s6chinwe [1ms]
2024-01-25 12:09:28.633 [info] > git status -z -uall [38ms]
2024-01-25 12:09:33.648 [info] No remotes found in the git config file.
2024-01-25 12:09:33.655 [info] > git config --get commit.template [8ms]
2024-01-25 12:09:33.656 [info] > git for-each-ref --format=%(refname)%00%(upstream:short)%00%(objectname)%00%(upstream:track)%00%(upstream:remotename)%00%(upstream:remoteref) refs/heads/s6chinwe refs/remotes/s6chinwe [1ms]
2024-01-25 12:09:33.698 [info] > git status -z -uall [36ms]
2024-01-25 12:09:38.719 [info] No remotes found in the git config file.
2024-01-25 12:09:38.720 [info] > git config --get commit.template [8ms]
2024-01-25 12:09:38.720 [info] > git for-each-ref --format=%(refname)%00%(upstream:short)%00%(objectname)%00%(upstream:track)%00%(upstream:remotename)%00%(upstream:remoteref) refs/heads/s6chinwe refs/remotes/s6chinwe [1ms]
2024-01-25 12:09:38.762 [info] > git status -z -uall [34ms]
2024-01-25 12:09:43.787 [info] No remotes found in the git config file.
2024-01-25 12:09:43.789 [info] > git config --get commit.template [8ms]
2024-01-25 12:09:43.789 [info] > git for-each-ref --format=%(refname)%00%(upstream:short)%00%(objectname)%00%(upstream:track)%00%(upstream:remotename)%00%(upstream:remoteref) refs/heads/s6chinwe refs/remotes/s6chinwe [2ms]
2024-01-25 12:09:43.834 [info] > git status -z -uall [37ms]
2024-01-25 12:09:48.857 [info] No remotes found in the git config file.
2024-01-25 12:09:48.859 [info] > git config --get commit.template [8ms]
2024-01-25 12:09:48.859 [info] > git for-each-ref --format=%(refname)%00%(upstream:short)%00%(objectname)%00%(upstream:track)%00%(upstream:remotename)%00%(upstream:remoteref) refs/heads/s6chinwe refs/remotes/s6chinwe [3ms]
2024-01-25 12:09:48.899 [info] > git status -z -uall [34ms]
2024-01-25 12:09:53.921 [info] No remotes found in the git config file.
2024-01-25 12:09:53.922 [info] > git config --get commit.template [8ms]
2024-01-25 12:09:53.922 [info] > git for-each-ref --format=%(refname)%00%(upstream:short)%00%(objectname)%00%(upstream:track)%00%(upstream:remotename)%00%(upstream:remoteref) refs/heads/s6chinwe refs/remotes/s6chinwe [2ms]
2024-01-25 12:09:53.963 [info] > git status -z -uall [35ms]
2024-01-25 12:09:58.984 [info] No remotes found in the git config file.
2024-01-25 12:09:58.986 [info] > git config --get commit.template [8ms]
2024-01-25 12:09:58.986 [info] > git for-each-ref --format=%(refname)%00%(upstream:short)%00%(objectname)%00%(upstream:track)%00%(upstream:remotename)%00%(upstream:remoteref) refs/heads/s6chinwe refs/remotes/s6chinwe [2ms]
2024-01-25 12:09:59.024 [info] > git status -z -uall [32ms]
2024-01-25 12:10:04.049 [info] No remotes found in the git config file.
2024-01-25 12:10:04.051 [info] > git config --get commit.template [11ms]
2024-01-25 12:10:04.052 [info] > git for-each-ref --format=%(refname)%00%(upstream:short)%00%(objectname)%00%(upstream:track)%00%(upstream:remotename)%00%(upstream:remoteref) refs/heads/s6chinwe refs/remotes/s6chinwe [3ms]
2024-01-25 12:10:04.093 [info] > git status -z -uall [35ms]
2024-01-25 12:10:09.116 [info] No remotes found in the git config file.
2024-01-25 12:10:09.118 [info] > git config --get commit.template [8ms]
2024-01-25 12:10:09.118 [info] > git for-each-ref --format=%(refname)%00%(upstream:short)%00%(objectname)%00%(upstream:track)%00%(upstream:remotename)%00%(upstream:remoteref) refs/heads/s6chinwe refs/remotes/s6chinwe [2ms]
2024-01-25 12:10:09.161 [info] > git status -z -uall [34ms]
2024-01-25 12:10:14.191 [info] No remotes found in the git config file.
2024-01-25 12:10:14.192 [info] > git config --get commit.template [12ms]
2024-01-25 12:10:14.192 [info] > git for-each-ref --format=%(refname)%00%(upstream:short)%00%(objectname)%00%(upstream:track)%00%(upstream:remotename)%00%(upstream:remoteref) refs/heads/s6chinwe refs/remotes/s6chinwe [2ms]
2024-01-25 12:10:14.235 [info] > git status -z -uall [36ms]
2024-01-25 12:10:19.258 [info] No remotes found in the git config file.
2024-01-25 12:10:19.259 [info] > git config --get commit.template [8ms]
2024-01-25 12:10:19.260 [info] > git for-each-ref --format=%(refname)%00%(upstream:short)%00%(objectname)%00%(upstream:track)%00%(upstream:remotename)%00%(upstream:remoteref) refs/heads/s6chinwe refs/remotes/s6chinwe [2ms]
2024-01-25 12:10:19.303 [info] > git status -z -uall [36ms]
2024-01-25 12:10:24.324 [info] No remotes found in the git config file.
2024-01-25 12:10:24.325 [info] > git config --get commit.template [8ms]
2024-01-25 12:10:24.326 [info] > git for-each-ref --format=%(refname)%00%(upstream:short)%00%(objectname)%00%(upstream:track)%00%(upstream:remotename)%00%(upstream:remoteref) refs/heads/s6chinwe refs/remotes/s6chinwe [2ms]
2024-01-25 12:10:24.368 [info] > git status -z -uall [36ms]
2024-01-25 12:10:29.392 [info] No remotes found in the git config file.
2024-01-25 12:10:29.393 [info] > git config --get commit.template [9ms]
2024-01-25 12:10:29.394 [info] > git for-each-ref --format=%(refname)%00%(upstream:short)%00%(objectname)%00%(upstream:track)%00%(upstream:remotename)%00%(upstream:remoteref) refs/heads/s6chinwe refs/remotes/s6chinwe [3ms]
2024-01-25 12:10:29.444 [info] > git status -z -uall [38ms]
2024-01-25 12:10:34.468 [info] No remotes found in the git config file.
2024-01-25 12:10:34.469 [info] > git config --get commit.template [10ms]
2024-01-25 12:10:34.469 [info] > git for-each-ref --format=%(refname)%00%(upstream:short)%00%(objectname)%00%(upstream:track)%00%(upstream:remotename)%00%(upstream:remoteref) refs/heads/s6chinwe refs/remotes/s6chinwe [2ms]
2024-01-25 12:10:34.513 [info] > git status -z -uall [36ms]
2024-01-25 12:10:39.538 [info] No remotes found in the git config file.
2024-01-25 12:10:39.540 [info] > git config --get commit.template [9ms]
2024-01-25 12:10:39.540 [info] > git for-each-ref --format=%(refname)%00%(upstream:short)%00%(objectname)%00%(upstream:track)%00%(upstream:remotename)%00%(upstream:remoteref) refs/heads/s6chinwe refs/remotes/s6chinwe [2ms]
2024-01-25 12:10:39.578 [info] > git status -z -uall [32ms]
2024-01-25 12:10:44.603 [info] No remotes found in the git config file.
2024-01-25 12:10:44.605 [info] > git config --get commit.template [10ms]
2024-01-25 12:10:44.605 [info] > git for-each-ref --format=%(refname)%00%(upstream:short)%00%(objectname)%00%(upstream:track)%00%(upstream:remotename)%00%(upstream:remoteref) refs/heads/s6chinwe refs/remotes/s6chinwe [2ms]
2024-01-25 12:10:44.645 [info] > git status -z -uall [32ms]
2024-01-25 12:10:49.667 [info] No remotes found in the git config file.
2024-01-25 12:10:49.668 [info] > git config --get commit.template [8ms]
2024-01-25 12:10:49.669 [info] > git for-each-ref --format=%(refname)%00%(upstream:short)%00%(objectname)%00%(upstream:track)%00%(upstream:remotename)%00%(upstream:remoteref) refs/heads/s6chinwe refs/remotes/s6chinwe [3ms]
2024-01-25 12:10:49.712 [info] > git status -z -uall [37ms]
2024-01-25 12:10:54.734 [info] No remotes found in the git config file.
2024-01-25 12:10:54.736 [info] > git config --get commit.template [9ms]
2024-01-25 12:10:54.737 [info] > git for-each-ref --format=%(refname)%00%(upstream:short)%00%(objectname)%00%(upstream:track)%00%(upstream:remotename)%00%(upstream:remoteref) refs/heads/s6chinwe refs/remotes/s6chinwe [2ms]
2024-01-25 12:10:54.779 [info] > git status -z -uall [36ms]
2024-01-25 12:10:59.803 [info] No remotes found in the git config file.
2024-01-25 12:10:59.804 [info] > git config --get commit.template [8ms]
2024-01-25 12:10:59.805 [info] > git for-each-ref --format=%(refname)%00%(upstream:short)%00%(objectname)%00%(upstream:track)%00%(upstream:remotename)%00%(upstream:remoteref) refs/heads/s6chinwe refs/remotes/s6chinwe [2ms]
2024-01-25 12:10:59.851 [info] > git status -z -uall [38ms]
2024-01-25 12:11:04.882 [info] No remotes found in the git config file.
2024-01-25 12:11:04.884 [info] > git config --get commit.template [14ms]
2024-01-25 12:11:04.884 [info] > git for-each-ref --format=%(refname)%00%(upstream:short)%00%(objectname)%00%(upstream:track)%00%(upstream:remotename)%00%(upstream:remoteref) refs/heads/s6chinwe refs/remotes/s6chinwe [2ms]
2024-01-25 12:11:04.936 [info] > git status -z -uall [40ms]
2024-01-25 12:11:07.580 [info] > git show --textconv :Espresso_/espress-shop-review/templates/hpa.yaml [9ms]
2024-01-25 12:11:07.582 [info] > git ls-files --stage -- /home/s6chinwe/Espresso_/espress-shop-review/templates/hpa.yaml [3ms]
2024-01-25 12:11:09.966 [info] No remotes found in the git config file.
2024-01-25 12:11:09.966 [info] > git for-each-ref --format=%(refname)%00%(upstream:short)%00%(objectname)%00%(upstream:track)%00%(upstream:remotename)%00%(upstream:remoteref) refs/heads/s6chinwe refs/remotes/s6chinwe [2ms]
2024-01-25 12:11:09.967 [info] > git config --get commit.template [11ms]
2024-01-25 12:11:10.012 [info] > git status -z -uall [39ms]
2024-01-25 12:11:14.073 [info] > git show --textconv :Espresso_/espress-shop-review/templates/deployment.yaml [9ms]
2024-01-25 12:11:14.076 [info] > git ls-files --stage -- /home/s6chinwe/Espresso_/espress-shop-review/templates/deployment.yaml [4ms]
2024-01-25 12:11:15.033 [info] No remotes found in the git config file.
2024-01-25 12:11:15.034 [info] > git config --get commit.template [8ms]
2024-01-25 12:11:15.034 [info] > git for-each-ref --format=%(refname)%00%(upstream:short)%00%(objectname)%00%(upstream:track)%00%(upstream:remotename)%00%(upstream:remoteref) refs/heads/s6chinwe refs/remotes/s6chinwe [2ms]
2024-01-25 12:11:15.082 [info] > git status -z -uall [41ms]
2024-01-25 12:11:20.105 [info] No remotes found in the git config file.
2024-01-25 12:11:20.106 [info] > git config --get commit.template [9ms]
2024-01-25 12:11:20.106 [info] > git for-each-ref --format=%(refname)%00%(upstream:short)%00%(objectname)%00%(upstream:track)%00%(upstream:remotename)%00%(upstream:remoteref) refs/heads/s6chinwe refs/remotes/s6chinwe [2ms]
2024-01-25 12:11:20.147 [info] > git status -z -uall [34ms]
2024-01-25 12:11:25.169 [info] No remotes found in the git config file.
2024-01-25 12:11:25.170 [info] > git config --get commit.template [8ms]
2024-01-25 12:11:25.171 [info] > git for-each-ref --format=%(refname)%00%(upstream:short)%00%(objectname)%00%(upstream:track)%00%(upstream:remotename)%00%(upstream:remoteref) refs/heads/s6chinwe refs/remotes/s6chinwe [3ms]
2024-01-25 12:11:25.217 [info] > git status -z -uall [41ms]
2024-01-25 12:11:30.244 [info] No remotes found in the git config file.
2024-01-25 12:11:30.245 [info] > git config --get commit.template [13ms]
2024-01-25 12:11:30.246 [info] > git for-each-ref --format=%(refname)%00%(upstream:short)%00%(objectname)%00%(upstream:track)%00%(upstream:remotename)%00%(upstream:remoteref) refs/heads/s6chinwe refs/remotes/s6chinwe [3ms]
2024-01-25 12:11:30.295 [info] > git status -z -uall [42ms]
2024-01-25 12:11:35.318 [info] No remotes found in the git config file.
2024-01-25 12:11:35.320 [info] > git config --get commit.template [9ms]
2024-01-25 12:11:35.320 [info] > git for-each-ref --format=%(refname)%00%(upstream:short)%00%(objectname)%00%(upstream:track)%00%(upstream:remotename)%00%(upstream:remoteref) refs/heads/s6chinwe refs/remotes/s6chinwe [3ms]
2024-01-25 12:11:35.362 [info] > git status -z -uall [35ms]
2024-01-25 12:11:40.386 [info] No remotes found in the git config file.
2024-01-25 12:11:40.388 [info] > git config --get commit.template [8ms]
2024-01-25 12:11:40.388 [info] > git for-each-ref --format=%(refname)%00%(upstream:short)%00%(objectname)%00%(upstream:track)%00%(upstream:remotename)%00%(upstream:remoteref) refs/heads/s6chinwe refs/remotes/s6chinwe [2ms]
2024-01-25 12:11:40.433 [info] > git status -z -uall [38ms]
2024-01-25 12:11:45.457 [info] No remotes found in the git config file.
2024-01-25 12:11:45.458 [info] > git config --get commit.template [8ms]
2024-01-25 12:11:45.458 [info] > git for-each-ref --format=%(refname)%00%(upstream:short)%00%(objectname)%00%(upstream:track)%00%(upstream:remotename)%00%(upstream:remoteref) refs/heads/s6chinwe refs/remotes/s6chinwe [2ms]
2024-01-25 12:11:45.503 [info] > git status -z -uall [38ms]
2024-01-25 12:11:50.529 [info] No remotes found in the git config file.
2024-01-25 12:11:50.530 [info] > git config --get commit.template [8ms]
2024-01-25 12:11:50.531 [info] > git for-each-ref --format=%(refname)%00%(upstream:short)%00%(objectname)%00%(upstream:track)%00%(upstream:remotename)%00%(upstream:remoteref) refs/heads/s6chinwe refs/remotes/s6chinwe [3ms]
2024-01-25 12:11:50.587 [info] > git status -z -uall [37ms]
2024-01-25 12:11:55.611 [info] No remotes found in the git config file.
2024-01-25 12:11:55.612 [info] > git for-each-ref --format=%(refname)%00%(upstream:short)%00%(objectname)%00%(upstream:track)%00%(upstream:remotename)%00%(upstream:remoteref) refs/heads/s6chinwe refs/remotes/s6chinwe [3ms]
2024-01-25 12:11:55.612 [info] > git config --get commit.template [11ms]
2024-01-25 12:11:55.654 [info] > git status -z -uall [36ms]
2024-01-25 12:12:00.677 [info] No remotes found in the git config file.
2024-01-25 12:12:00.679 [info] > git config --get commit.template [9ms]
2024-01-25 12:12:00.679 [info] > git for-each-ref --format=%(refname)%00%(upstream:short)%00%(objectname)%00%(upstream:track)%00%(upstream:remotename)%00%(upstream:remoteref) refs/heads/s6chinwe refs/remotes/s6chinwe [2ms]
2024-01-25 12:12:00.725 [info] > git status -z -uall [39ms]
2024-01-25 12:12:05.748 [info] No remotes found in the git config file.
2024-01-25 12:12:05.750 [info] > git config --get commit.template [9ms]
2024-01-25 12:12:05.750 [info] > git for-each-ref --format=%(refname)%00%(upstream:short)%00%(objectname)%00%(upstream:track)%00%(upstream:remotename)%00%(upstream:remoteref) refs/heads/s6chinwe refs/remotes/s6chinwe [2ms]
2024-01-25 12:12:05.796 [info] > git status -z -uall [38ms]
2024-01-25 12:12:10.819 [info] No remotes found in the git config file.
2024-01-25 12:12:10.820 [info] > git config --get commit.template [8ms]
2024-01-25 12:12:10.821 [info] > git for-each-ref --format=%(refname)%00%(upstream:short)%00%(objectname)%00%(upstream:track)%00%(upstream:remotename)%00%(upstream:remoteref) refs/heads/s6chinwe refs/remotes/s6chinwe [2ms]
2024-01-25 12:12:10.867 [info] > git status -z -uall [39ms]
2024-01-25 12:12:15.888 [info] No remotes found in the git config file.
2024-01-25 12:12:15.890 [info] > git config --get commit.template [7ms]
2024-01-25 12:12:15.890 [info] > git for-each-ref --format=%(refname)%00%(upstream:short)%00%(objectname)%00%(upstream:track)%00%(upstream:remotename)%00%(upstream:remoteref) refs/heads/s6chinwe refs/remotes/s6chinwe [2ms]
2024-01-25 12:12:15.929 [info] > git status -z -uall [33ms]
2024-01-25 12:12:20.953 [info] No remotes found in the git config file.
2024-01-25 12:12:20.954 [info] > git config --get commit.template [7ms]
2024-01-25 12:12:20.955 [info] > git for-each-ref --format=%(refname)%00%(upstream:short)%00%(objectname)%00%(upstream:track)%00%(upstream:remotename)%00%(upstream:remoteref) refs/heads/s6chinwe refs/remotes/s6chinwe [2ms]
2024-01-25 12:12:20.996 [info] > git status -z -uall [35ms]
2024-01-25 12:12:23.632 [info] > git fetch [7ms]
2024-01-25 12:12:23.646 [info] No remotes found in the git config file.
2024-01-25 12:12:23.647 [info] > git config --get commit.template [7ms]
2024-01-25 12:12:23.648 [info] > git for-each-ref --format=%(refname)%00%(upstream:short)%00%(objectname)%00%(upstream:track)%00%(upstream:remotename)%00%(upstream:remoteref) refs/heads/s6chinwe refs/remotes/s6chinwe [2ms]
2024-01-25 12:12:23.688 [info] > git status -z -uall [34ms]
2024-01-25 12:12:23.936 [info] > git fetch [159ms]
2024-01-25 12:12:23.950 [info] > git config --get commit.template [7ms]
2024-01-25 12:12:23.952 [info] > git for-each-ref --format=%(refname)%00%(upstream:short)%00%(objectname)%00%(upstream:track)%00%(upstream:remotename)%00%(upstream:remoteref) refs/heads/main refs/remotes/main [3ms]
2024-01-25 12:12:23.967 [info] > git status -z -uall [8ms]
2024-01-25 12:12:25.182 [info] > git config --get commit.template [7ms]
2024-01-25 12:12:25.183 [info] > git for-each-ref --format=%(refname)%00%(upstream:short)%00%(objectname)%00%(upstream:track)%00%(upstream:remotename)%00%(upstream:remoteref) refs/heads/main refs/remotes/main [2ms]
2024-01-25 12:12:25.199 [info] > git status -z -uall [5ms]
2024-01-25 12:12:25.377 [info] > git ls-files --stage -- /home/s6chinwe/Espresso_/espress-shop-review/values.yaml [8ms]
2024-01-25 12:12:25.379 [info] > git ls-files --stage -- /home/s6chinwe/Espresso_/espress-shop-review/templates/deployment.yaml [3ms]
2024-01-25 12:12:25.504 [info] > git show --textconv :Espresso_/espress-shop-review/values.yaml [8ms]
2024-01-25 12:12:25.506 [info] > git show --textconv :Espresso_/espress-shop-review/templates/deployment.yaml [3ms]
2024-01-25 12:12:26.015 [info] > git config --get commit.template [3ms]
2024-01-25 12:12:26.039 [info] No remotes found in the git config file.
2024-01-25 12:12:26.059 [info] > git for-each-ref --format=%(refname)%00%(upstream:short)%00%(objectname)%00%(upstream:track)%00%(upstream:remotename)%00%(upstream:remoteref) refs/heads/s6chinwe refs/remotes/s6chinwe [21ms]
2024-01-25 12:12:26.111 [info] > git status -z -uall [41ms]
2024-01-25 12:12:31.133 [info] No remotes found in the git config file.
2024-01-25 12:12:31.135 [info] > git config --get commit.template [9ms]
2024-01-25 12:12:31.136 [info] > git for-each-ref --format=%(refname)%00%(upstream:short)%00%(objectname)%00%(upstream:track)%00%(upstream:remotename)%00%(upstream:remoteref) refs/heads/s6chinwe refs/remotes/s6chinwe [3ms]
2024-01-25 12:12:31.179 [info] > git status -z -uall [37ms]
2024-01-25 12:12:36.202 [info] No remotes found in the git config file.
2024-01-25 12:12:36.203 [info] > git config --get commit.template [8ms]
2024-01-25 12:12:36.204 [info] > git for-each-ref --format=%(refname)%00%(upstream:short)%00%(objectname)%00%(upstream:track)%00%(upstream:remotename)%00%(upstream:remoteref) refs/heads/s6chinwe refs/remotes/s6chinwe [2ms]
2024-01-25 12:12:36.249 [info] > git status -z -uall [36ms]
2024-01-25 12:12:41.266 [info] > git config --get commit.template [3ms]
2024-01-25 12:12:41.275 [info] No remotes found in the git config file.
2024-01-25 12:12:41.277 [info] > git for-each-ref --format=%(refname)%00%(upstream:short)%00%(objectname)%00%(upstream:track)%00%(upstream:remotename)%00%(upstream:remoteref) refs/heads/s6chinwe refs/remotes/s6chinwe [2ms]
2024-01-25 12:12:41.321 [info] > git status -z -uall [38ms]
2024-01-25 12:12:46.342 [info] No remotes found in the git config file.
2024-01-25 12:12:46.343 [info] > git config --get commit.template [8ms]
2024-01-25 12:12:46.344 [info] > git for-each-ref --format=%(refname)%00%(upstream:short)%00%(objectname)%00%(upstream:track)%00%(upstream:remotename)%00%(upstream:remoteref) refs/heads/s6chinwe refs/remotes/s6chinwe [3ms]
2024-01-25 12:12:46.386 [info] > git status -z -uall [35ms]
2024-01-25 12:12:51.408 [info] No remotes found in the git config file.
2024-01-25 12:12:51.410 [info] > git config --get commit.template [9ms]
2024-01-25 12:12:51.411 [info] > git for-each-ref --format=%(refname)%00%(upstream:short)%00%(objectname)%00%(upstream:track)%00%(upstream:remotename)%00%(upstream:remoteref) refs/heads/s6chinwe refs/remotes/s6chinwe [3ms]
2024-01-25 12:12:51.450 [info] > git status -z -uall [34ms]
2024-01-25 12:12:56.470 [info] No remotes found in the git config file.
2024-01-25 12:12:56.472 [info] > git config --get commit.template [7ms]
2024-01-25 12:12:56.472 [info] > git for-each-ref --format=%(refname)%00%(upstream:short)%00%(objectname)%00%(upstream:track)%00%(upstream:remotename)%00%(upstream:remoteref) refs/heads/s6chinwe refs/remotes/s6chinwe [2ms]
2024-01-25 12:12:56.514 [info] > git status -z -uall [35ms]
2024-01-25 12:13:01.533 [info] > git config --get commit.template [5ms]
2024-01-25 12:13:01.541 [info] No remotes found in the git config file.
2024-01-25 12:13:01.543 [info] > git for-each-ref --format=%(refname)%00%(upstream:short)%00%(objectname)%00%(upstream:track)%00%(upstream:remotename)%00%(upstream:remoteref) refs/heads/s6chinwe refs/remotes/s6chinwe [2ms]
2024-01-25 12:13:01.587 [info] > git status -z -uall [35ms]
2024-01-25 12:13:06.616 [info] No remotes found in the git config file.
2024-01-25 12:13:06.618 [info] > git config --get commit.template [14ms]
2024-01-25 12:13:06.620 [info] > git for-each-ref --format=%(refname)%00%(upstream:short)%00%(objectname)%00%(upstream:track)%00%(upstream:remotename)%00%(upstream:remoteref) refs/heads/s6chinwe refs/remotes/s6chinwe [4ms]
2024-01-25 12:13:06.667 [info] > git status -z -uall [38ms]
2024-01-25 12:13:38.380 [info] > git config --get commit.template [2ms]
2024-01-25 12:13:38.380 [info] No remotes found in the git config file.
2024-01-25 12:13:38.388 [info] > git for-each-ref --format=%(refname)%00%(upstream:short)%00%(objectname)%00%(upstream:track)%00%(upstream:remotename)%00%(upstream:remoteref) refs/heads/s6chinwe refs/remotes/s6chinwe [1ms]
2024-01-25 12:13:38.427 [info] > git status -z -uall [34ms]
2024-01-25 12:13:43.458 [info] No remotes found in the git config file.
2024-01-25 12:13:43.459 [info] > git config --get commit.template [12ms]
2024-01-25 12:13:43.459 [info] > git for-each-ref --format=%(refname)%00%(upstream:short)%00%(objectname)%00%(upstream:track)%00%(upstream:remotename)%00%(upstream:remoteref) refs/heads/s6chinwe refs/remotes/s6chinwe [2ms]
2024-01-25 12:13:43.499 [info] > git status -z -uall [32ms]
2024-01-25 12:13:48.520 [info] No remotes found in the git config file.
2024-01-25 12:13:48.521 [info] > git config --get commit.template [7ms]
2024-01-25 12:13:48.522 [info] > git for-each-ref --format=%(refname)%00%(upstream:short)%00%(objectname)%00%(upstream:track)%00%(upstream:remotename)%00%(upstream:remoteref) refs/heads/s6chinwe refs/remotes/s6chinwe [2ms]
2024-01-25 12:13:48.561 [info] > git status -z -uall [34ms]
2024-01-25 12:13:53.583 [info] No remotes found in the git config file.
2024-01-25 12:13:53.584 [info] > git config --get commit.template [7ms]
2024-01-25 12:13:53.584 [info] > git for-each-ref --format=%(refname)%00%(upstream:short)%00%(objectname)%00%(upstream:track)%00%(upstream:remotename)%00%(upstream:remoteref) refs/heads/s6chinwe refs/remotes/s6chinwe [2ms]
2024-01-25 12:13:53.625 [info] > git status -z -uall [35ms]
2024-01-25 12:13:58.651 [info] No remotes found in the git config file.
2024-01-25 12:13:58.652 [info] > git config --get commit.template [8ms]
2024-01-25 12:13:58.653 [info] > git for-each-ref --format=%(refname)%00%(upstream:short)%00%(objectname)%00%(upstream:track)%00%(upstream:remotename)%00%(upstream:remoteref) refs/heads/s6chinwe refs/remotes/s6chinwe [2ms]
2024-01-25 12:13:58.696 [info] > git status -z -uall [38ms]
2024-01-25 12:14:03.718 [info] > git config --get commit.template [8ms]
2024-01-25 12:14:03.719 [info] No remotes found in the git config file.
2024-01-25 12:14:03.719 [info] > git for-each-ref --format=%(refname)%00%(upstream:short)%00%(objectname)%00%(upstream:track)%00%(upstream:remotename)%00%(upstream:remoteref) refs/heads/s6chinwe refs/remotes/s6chinwe [2ms]
2024-01-25 12:14:03.760 [info] > git status -z -uall [33ms]
2024-01-25 12:14:08.783 [info] No remotes found in the git config file.
2024-01-25 12:14:08.784 [info] > git config --get commit.template [8ms]
2024-01-25 12:14:08.784 [info] > git for-each-ref --format=%(refname)%00%(upstream:short)%00%(objectname)%00%(upstream:track)%00%(upstream:remotename)%00%(upstream:remoteref) refs/heads/s6chinwe refs/remotes/s6chinwe [1ms]
2024-01-25 12:14:08.830 [info] > git status -z -uall [38ms]
2024-01-25 12:14:13.847 [info] > git config --get commit.template [0ms]
2024-01-25 12:14:13.852 [info] No remotes found in the git config file.
2024-01-25 12:14:13.853 [info] > git for-each-ref --format=%(refname)%00%(upstream:short)%00%(objectname)%00%(upstream:track)%00%(upstream:remotename)%00%(upstream:remoteref) refs/heads/s6chinwe refs/remotes/s6chinwe [1ms]
2024-01-25 12:14:13.893 [info] > git status -z -uall [33ms]
2024-01-25 12:14:18.914 [info] No remotes found in the git config file.
2024-01-25 12:14:18.915 [info] > git config --get commit.template [7ms]
2024-01-25 12:14:18.916 [info] > git for-each-ref --format=%(refname)%00%(upstream:short)%00%(objectname)%00%(upstream:track)%00%(upstream:remotename)%00%(upstream:remoteref) refs/heads/s6chinwe refs/remotes/s6chinwe [2ms]
2024-01-25 12:14:18.959 [info] > git status -z -uall [35ms]
2024-01-25 12:14:23.980 [info] No remotes found in the git config file.
2024-01-25 12:14:23.981 [info] > git config --get commit.template [8ms]
2024-01-25 12:14:23.981 [info] > git for-each-ref --format=%(refname)%00%(upstream:short)%00%(objectname)%00%(upstream:track)%00%(upstream:remotename)%00%(upstream:remoteref) refs/heads/s6chinwe refs/remotes/s6chinwe [2ms]
2024-01-25 12:14:24.021 [info] > git status -z -uall [34ms]
2024-01-25 12:14:29.048 [info] No remotes found in the git config file.
2024-01-25 12:14:29.049 [info] > git for-each-ref --format=%(refname)%00%(upstream:short)%00%(objectname)%00%(upstream:track)%00%(upstream:remotename)%00%(upstream:remoteref) refs/heads/s6chinwe refs/remotes/s6chinwe [1ms]
2024-01-25 12:14:29.050 [info] > git config --get commit.template [8ms]
2024-01-25 12:14:29.092 [info] > git status -z -uall [35ms]
2024-01-25 12:14:34.115 [info] No remotes found in the git config file.
2024-01-25 12:14:34.116 [info] > git config --get commit.template [8ms]
2024-01-25 12:14:34.117 [info] > git for-each-ref --format=%(refname)%00%(upstream:short)%00%(objectname)%00%(upstream:track)%00%(upstream:remotename)%00%(upstream:remoteref) refs/heads/s6chinwe refs/remotes/s6chinwe [2ms]
2024-01-25 12:14:34.165 [info] > git status -z -uall [41ms]
2024-01-25 12:14:39.185 [info] > git config --get commit.template [2ms]
2024-01-25 12:14:39.192 [info] No remotes found in the git config file.
2024-01-25 12:14:39.194 [info] > git for-each-ref --format=%(refname)%00%(upstream:short)%00%(objectname)%00%(upstream:track)%00%(upstream:remotename)%00%(upstream:remoteref) refs/heads/s6chinwe refs/remotes/s6chinwe [2ms]
2024-01-25 12:14:39.235 [info] > git status -z -uall [36ms]
2024-01-25 12:14:44.258 [info] No remotes found in the git config file.
2024-01-25 12:14:44.259 [info] > git config --get commit.template [8ms]
2024-01-25 12:14:44.259 [info] > git for-each-ref --format=%(refname)%00%(upstream:short)%00%(objectname)%00%(upstream:track)%00%(upstream:remotename)%00%(upstream:remoteref) refs/heads/s6chinwe refs/remotes/s6chinwe [2ms]
2024-01-25 12:14:44.305 [info] > git status -z -uall [39ms]
2024-01-25 12:14:49.330 [info] No remotes found in the git config file.
2024-01-25 12:14:49.330 [info] > git config --get commit.template [9ms]
2024-01-25 12:14:49.331 [info] > git for-each-ref --format=%(refname)%00%(upstream:short)%00%(objectname)%00%(upstream:track)%00%(upstream:remotename)%00%(upstream:remoteref) refs/heads/s6chinwe refs/remotes/s6chinwe [3ms]
2024-01-25 12:14:49.379 [info] > git status -z -uall [41ms]
2024-01-25 12:14:54.401 [info] > git config --get commit.template [2ms]
2024-01-25 12:14:54.409 [info] No remotes found in the git config file.
2024-01-25 12:14:54.410 [info] > git for-each-ref --format=%(refname)%00%(upstream:short)%00%(objectname)%00%(upstream:track)%00%(upstream:remotename)%00%(upstream:remoteref) refs/heads/s6chinwe refs/remotes/s6chinwe [2ms]
2024-01-25 12:14:54.450 [info] > git status -z -uall [33ms]
2024-01-25 12:14:59.474 [info] No remotes found in the git config file.
2024-01-25 12:14:59.476 [info] > git config --get commit.template [10ms]
2024-01-25 12:14:59.476 [info] > git for-each-ref --format=%(refname)%00%(upstream:short)%00%(objectname)%00%(upstream:track)%00%(upstream:remotename)%00%(upstream:remoteref) refs/heads/s6chinwe refs/remotes/s6chinwe [3ms]
2024-01-25 12:14:59.518 [info] > git status -z -uall [36ms]
2024-01-25 12:15:04.541 [info] No remotes found in the git config file.
2024-01-25 12:15:04.542 [info] > git for-each-ref --format=%(refname)%00%(upstream:short)%00%(objectname)%00%(upstream:track)%00%(upstream:remotename)%00%(upstream:remoteref) refs/heads/s6chinwe refs/remotes/s6chinwe [2ms]
2024-01-25 12:15:04.543 [info] > git config --get commit.template [10ms]
2024-01-25 12:15:04.588 [info] > git status -z -uall [39ms]
2024-01-25 12:15:09.611 [info] No remotes found in the git config file.
2024-01-25 12:15:09.612 [info] > git config --get commit.template [8ms]
2024-01-25 12:15:09.613 [info] > git for-each-ref --format=%(refname)%00%(upstream:short)%00%(objectname)%00%(upstream:track)%00%(upstream:remotename)%00%(upstream:remoteref) refs/heads/s6chinwe refs/remotes/s6chinwe [2ms]
2024-01-25 12:15:09.651 [info] > git status -z -uall [32ms]
2024-01-25 12:15:14.676 [info] No remotes found in the git config file.
2024-01-25 12:15:14.678 [info] > git config --get commit.template [8ms]
2024-01-25 12:15:14.678 [info] > git for-each-ref --format=%(refname)%00%(upstream:short)%00%(objectname)%00%(upstream:track)%00%(upstream:remotename)%00%(upstream:remoteref) refs/heads/s6chinwe refs/remotes/s6chinwe [2ms]
2024-01-25 12:15:14.719 [info] > git status -z -uall [35ms]
2024-01-25 12:15:19.739 [info] No remotes found in the git config file.
2024-01-25 12:15:19.745 [info] > git config --get commit.template [8ms]
2024-01-25 12:15:19.746 [info] > git for-each-ref --format=%(refname)%00%(upstream:short)%00%(objectname)%00%(upstream:track)%00%(upstream:remotename)%00%(upstream:remoteref) refs/heads/s6chinwe refs/remotes/s6chinwe [1ms]
2024-01-25 12:15:19.788 [info] > git status -z -uall [33ms]
2024-01-25 12:15:23.708 [info] > git fetch [6ms]
2024-01-25 12:15:23.721 [info] No remotes found in the git config file.
2024-01-25 12:15:23.722 [info] > git config --get commit.template [7ms]
2024-01-25 12:15:23.722 [info] > git for-each-ref --format=%(refname)%00%(upstream:short)%00%(objectname)%00%(upstream:track)%00%(upstream:remotename)%00%(upstream:remoteref) refs/heads/s6chinwe refs/remotes/s6chinwe [1ms]
2024-01-25 12:15:23.766 [info] > git status -z -uall [38ms]
2024-01-25 12:15:24.155 [info] > git fetch [164ms]
2024-01-25 12:15:24.170 [info] > git config --get commit.template [7ms]
2024-01-25 12:15:24.171 [info] > git for-each-ref --format=%(refname)%00%(upstream:short)%00%(objectname)%00%(upstream:track)%00%(upstream:remotename)%00%(upstream:remoteref) refs/heads/main refs/remotes/main [2ms]
2024-01-25 12:15:24.184 [info] > git status -z -uall [5ms]
2024-01-25 12:15:24.810 [info] No remotes found in the git config file.
2024-01-25 12:15:24.811 [info] > git config --get commit.template [9ms]
2024-01-25 12:15:24.812 [info] > git for-each-ref --format=%(refname)%00%(upstream:short)%00%(objectname)%00%(upstream:track)%00%(upstream:remotename)%00%(upstream:remoteref) refs/heads/s6chinwe refs/remotes/s6chinwe [3ms]
2024-01-25 12:15:24.856 [info] > git status -z -uall [35ms]
2024-01-25 12:15:25.417 [info] > git config --get commit.template [7ms]
2024-01-25 12:15:25.418 [info] > git for-each-ref --format=%(refname)%00%(upstream:short)%00%(objectname)%00%(upstream:track)%00%(upstream:remotename)%00%(upstream:remoteref) refs/heads/main refs/remotes/main [2ms]
2024-01-25 12:15:25.430 [info] > git status -z -uall [5ms]
2024-01-25 12:15:25.598 [info] > git ls-files --stage -- /home/s6chinwe/Espresso_/espress-shop-review/values.yaml [7ms]
2024-01-25 12:15:25.600 [info] > git ls-files --stage -- /home/s6chinwe/Espresso_/espress-shop-review/templates/deployment.yaml [3ms]
2024-01-25 12:15:25.682 [info] > git show --textconv :Espresso_/espress-shop-review/values.yaml [13ms]
2024-01-25 12:15:25.684 [info] > git show --textconv :Espresso_/espress-shop-review/templates/deployment.yaml [3ms]
2024-01-25 12:15:29.879 [info] No remotes found in the git config file.
2024-01-25 12:15:29.879 [info] > git config --get commit.template [8ms]
2024-01-25 12:15:29.880 [info] > git for-each-ref --format=%(refname)%00%(upstream:short)%00%(objectname)%00%(upstream:track)%00%(upstream:remotename)%00%(upstream:remoteref) refs/heads/s6chinwe refs/remotes/s6chinwe [2ms]
2024-01-25 12:15:29.925 [info] > git status -z -uall [38ms]
2024-01-25 12:15:34.946 [info] No remotes found in the git config file.
2024-01-25 12:15:34.947 [info] > git config --get commit.template [8ms]
2024-01-25 12:15:34.948 [info] > git for-each-ref --format=%(refname)%00%(upstream:short)%00%(objectname)%00%(upstream:track)%00%(upstream:remotename)%00%(upstream:remoteref) refs/heads/s6chinwe refs/remotes/s6chinwe [2ms]
2024-01-25 12:15:34.991 [info] > git status -z -uall [37ms]
2024-01-25 12:15:40.018 [info] No remotes found in the git config file.
2024-01-25 12:15:40.020 [info] > git config --get commit.template [9ms]
2024-01-25 12:15:40.020 [info] > git for-each-ref --format=%(refname)%00%(upstream:short)%00%(objectname)%00%(upstream:track)%00%(upstream:remotename)%00%(upstream:remoteref) refs/heads/s6chinwe refs/remotes/s6chinwe [2ms]
2024-01-25 12:15:40.068 [info] > git status -z -uall [37ms]
2024-01-25 12:15:45.094 [info] No remotes found in the git config file.
2024-01-25 12:15:45.095 [info] > git config --get commit.template [9ms]
2024-01-25 12:15:45.095 [info] > git for-each-ref --format=%(refname)%00%(upstream:short)%00%(objectname)%00%(upstream:track)%00%(upstream:remotename)%00%(upstream:remoteref) refs/heads/s6chinwe refs/remotes/s6chinwe [2ms]
2024-01-25 12:15:45.141 [info] > git status -z -uall [37ms]
2024-01-25 12:15:50.157 [info] No remotes found in the git config file.
2024-01-25 12:15:50.167 [info] > git config --get commit.template [10ms]
2024-01-25 12:15:50.167 [info] > git for-each-ref --format=%(refname)%00%(upstream:short)%00%(objectname)%00%(upstream:track)%00%(upstream:remotename)%00%(upstream:remoteref) refs/heads/s6chinwe refs/remotes/s6chinwe [2ms]
2024-01-25 12:15:50.211 [info] > git status -z -uall [37ms]
2024-01-25 12:15:55.233 [info] No remotes found in the git config file.
2024-01-25 12:15:55.234 [info] > git config --get commit.template [8ms]
2024-01-25 12:15:55.235 [info] > git for-each-ref --format=%(refname)%00%(upstream:short)%00%(objectname)%00%(upstream:track)%00%(upstream:remotename)%00%(upstream:remoteref) refs/heads/s6chinwe refs/remotes/s6chinwe [2ms]
2024-01-25 12:15:55.279 [info] > git status -z -uall [37ms]
2024-01-25 12:16:00.307 [info] No remotes found in the git config file.
2024-01-25 12:16:00.309 [info] > git config --get commit.template [8ms]
2024-01-25 12:16:00.309 [info] > git for-each-ref --format=%(refname)%00%(upstream:short)%00%(objectname)%00%(upstream:track)%00%(upstream:remotename)%00%(upstream:remoteref) refs/heads/s6chinwe refs/remotes/s6chinwe [2ms]
2024-01-25 12:16:00.350 [info] > git status -z -uall [35ms]
2024-01-25 12:16:05.376 [info] No remotes found in the git config file.
2024-01-25 12:16:05.377 [info] > git config --get commit.template [8ms]
2024-01-25 12:16:05.377 [info] > git for-each-ref --format=%(refname)%00%(upstream:short)%00%(objectname)%00%(upstream:track)%00%(upstream:remotename)%00%(upstream:remoteref) refs/heads/s6chinwe refs/remotes/s6chinwe [3ms]
2024-01-25 12:16:05.416 [info] > git status -z -uall [33ms]
2024-01-25 12:16:10.438 [info] No remotes found in the git config file.
2024-01-25 12:16:10.440 [info] > git config --get commit.template [8ms]
2024-01-25 12:16:10.440 [info] > git for-each-ref --format=%(refname)%00%(upstream:short)%00%(objectname)%00%(upstream:track)%00%(upstream:remotename)%00%(upstream:remoteref) refs/heads/s6chinwe refs/remotes/s6chinwe [3ms]
2024-01-25 12:16:10.486 [info] > git status -z -uall [40ms]
2024-01-25 12:16:15.514 [info] No remotes found in the git config file.
2024-01-25 12:16:15.515 [info] > git config --get commit.template [11ms]
2024-01-25 12:16:15.515 [info] > git for-each-ref --format=%(refname)%00%(upstream:short)%00%(objectname)%00%(upstream:track)%00%(upstream:remotename)%00%(upstream:remoteref) refs/heads/s6chinwe refs/remotes/s6chinwe [2ms]
2024-01-25 12:16:15.558 [info] > git status -z -uall [36ms]
2024-01-25 12:16:20.580 [info] No remotes found in the git config file.
2024-01-25 12:16:20.581 [info] > git config --get commit.template [8ms]
2024-01-25 12:16:20.582 [info] > git for-each-ref --format=%(refname)%00%(upstream:short)%00%(objectname)%00%(upstream:track)%00%(upstream:remotename)%00%(upstream:remoteref) refs/heads/s6chinwe refs/remotes/s6chinwe [1ms]
2024-01-25 12:16:20.632 [info] > git status -z -uall [43ms]
2024-01-25 12:16:25.657 [info] No remotes found in the git config file.
2024-01-25 12:16:25.658 [info] > git config --get commit.template [9ms]
2024-01-25 12:16:25.659 [info] > git for-each-ref --format=%(refname)%00%(upstream:short)%00%(objectname)%00%(upstream:track)%00%(upstream:remotename)%00%(upstream:remoteref) refs/heads/s6chinwe refs/remotes/s6chinwe [2ms]
2024-01-25 12:16:25.702 [info] > git status -z -uall [37ms]
2024-01-25 12:16:30.723 [info] > git config --get commit.template [1ms]
2024-01-25 12:16:30.730 [info] No remotes found in the git config file.
2024-01-25 12:16:30.732 [info] > git for-each-ref --format=%(refname)%00%(upstream:short)%00%(objectname)%00%(upstream:track)%00%(upstream:remotename)%00%(upstream:remoteref) refs/heads/s6chinwe refs/remotes/s6chinwe [2ms]
2024-01-25 12:16:30.777 [info] > git status -z -uall [35ms]
2024-01-25 12:16:35.805 [info] No remotes found in the git config file.
2024-01-25 12:16:35.807 [info] > git config --get commit.template [13ms]
2024-01-25 12:16:35.807 [info] > git for-each-ref --format=%(refname)%00%(upstream:short)%00%(objectname)%00%(upstream:track)%00%(upstream:remotename)%00%(upstream:remoteref) refs/heads/s6chinwe refs/remotes/s6chinwe [2ms]
2024-01-25 12:16:35.853 [info] > git status -z -uall [38ms]
2024-01-25 12:16:40.879 [info] No remotes found in the git config file.
2024-01-25 12:16:40.880 [info] > git config --get commit.template [11ms]
2024-01-25 12:16:40.881 [info] > git for-each-ref --format=%(refname)%00%(upstream:short)%00%(objectname)%00%(upstream:track)%00%(upstream:remotename)%00%(upstream:remoteref) refs/heads/s6chinwe refs/remotes/s6chinwe [3ms]
2024-01-25 12:16:40.925 [info] > git status -z -uall [36ms]
2024-01-25 12:16:45.951 [info] No remotes found in the git config file.
2024-01-25 12:16:45.953 [info] > git config --get commit.template [12ms]
2024-01-25 12:16:45.954 [info] > git for-each-ref --format=%(refname)%00%(upstream:short)%00%(objectname)%00%(upstream:track)%00%(upstream:remotename)%00%(upstream:remoteref) refs/heads/s6chinwe refs/remotes/s6chinwe [3ms]
2024-01-25 12:16:45.996 [info] > git status -z -uall [35ms]
2024-01-25 12:16:51.020 [info] No remotes found in the git config file.
2024-01-25 12:16:51.021 [info] > git config --get commit.template [8ms]
2024-01-25 12:16:51.021 [info] > git for-each-ref --format=%(refname)%00%(upstream:short)%00%(objectname)%00%(upstream:track)%00%(upstream:remotename)%00%(upstream:remoteref) refs/heads/s6chinwe refs/remotes/s6chinwe [1ms]
2024-01-25 12:16:51.065 [info] > git status -z -uall [38ms]
2024-01-25 12:16:56.090 [info] No remotes found in the git config file.
2024-01-25 12:16:56.091 [info] > git config --get commit.template [8ms]
2024-01-25 12:16:56.092 [info] > git for-each-ref --format=%(refname)%00%(upstream:short)%00%(objectname)%00%(upstream:track)%00%(upstream:remotename)%00%(upstream:remoteref) refs/heads/s6chinwe refs/remotes/s6chinwe [2ms]
2024-01-25 12:16:56.134 [info] > git status -z -uall [35ms]
2024-01-25 12:17:01.159 [info] No remotes found in the git config file.
2024-01-25 12:17:01.160 [info] > git config --get commit.template [9ms]
2024-01-25 12:17:01.161 [info] > git for-each-ref --format=%(refname)%00%(upstream:short)%00%(objectname)%00%(upstream:track)%00%(upstream:remotename)%00%(upstream:remoteref) refs/heads/s6chinwe refs/remotes/s6chinwe [3ms]
2024-01-25 12:17:01.204 [info] > git status -z -uall [37ms]
2024-01-25 12:17:06.232 [info] No remotes found in the git config file.
2024-01-25 12:17:06.234 [info] > git config --get commit.template [15ms]
2024-01-25 12:17:06.235 [info] > git for-each-ref --format=%(refname)%00%(upstream:short)%00%(objectname)%00%(upstream:track)%00%(upstream:remotename)%00%(upstream:remoteref) refs/heads/s6chinwe refs/remotes/s6chinwe [4ms]
2024-01-25 12:17:06.277 [info] > git status -z -uall [35ms]
2024-01-25 12:17:11.300 [info] No remotes found in the git config file.
2024-01-25 12:17:11.302 [info] > git config --get commit.template [8ms]
2024-01-25 12:17:11.302 [info] > git for-each-ref --format=%(refname)%00%(upstream:short)%00%(objectname)%00%(upstream:track)%00%(upstream:remotename)%00%(upstream:remoteref) refs/heads/s6chinwe refs/remotes/s6chinwe [2ms]
2024-01-25 12:17:11.348 [info] > git status -z -uall [39ms]
2024-01-25 12:17:16.371 [info] No remotes found in the git config file.
2024-01-25 12:17:16.372 [info] > git config --get commit.template [8ms]
2024-01-25 12:17:16.373 [info] > git for-each-ref --format=%(refname)%00%(upstream:short)%00%(objectname)%00%(upstream:track)%00%(upstream:remotename)%00%(upstream:remoteref) refs/heads/s6chinwe refs/remotes/s6chinwe [3ms]
2024-01-25 12:17:16.420 [info] > git status -z -uall [41ms]
2024-01-25 12:17:21.443 [info] No remotes found in the git config file.
2024-01-25 12:17:21.444 [info] > git config --get commit.template [7ms]
2024-01-25 12:17:21.444 [info] > git for-each-ref --format=%(refname)%00%(upstream:short)%00%(objectname)%00%(upstream:track)%00%(upstream:remotename)%00%(upstream:remoteref) refs/heads/s6chinwe refs/remotes/s6chinwe [2ms]
2024-01-25 12:17:21.485 [info] > git status -z -uall [34ms]
2024-01-25 12:17:26.508 [info] No remotes found in the git config file.
2024-01-25 12:17:26.509 [info] > git config --get commit.template [7ms]
2024-01-25 12:17:26.509 [info] > git for-each-ref --format=%(refname)%00%(upstream:short)%00%(objectname)%00%(upstream:track)%00%(upstream:remotename)%00%(upstream:remoteref) refs/heads/s6chinwe refs/remotes/s6chinwe [2ms]
2024-01-25 12:17:26.550 [info] > git status -z -uall [35ms]
2024-01-25 12:17:31.572 [info] No remotes found in the git config file.
2024-01-25 12:17:31.573 [info] > git config --get commit.template [7ms]
2024-01-25 12:17:31.574 [info] > git for-each-ref --format=%(refname)%00%(upstream:short)%00%(objectname)%00%(upstream:track)%00%(upstream:remotename)%00%(upstream:remoteref) refs/heads/s6chinwe refs/remotes/s6chinwe [2ms]
2024-01-25 12:17:31.614 [info] > git status -z -uall [34ms]
2024-01-25 12:17:36.637 [info] No remotes found in the git config file.
2024-01-25 12:17:36.638 [info] > git config --get commit.template [8ms]
2024-01-25 12:17:36.638 [info] > git for-each-ref --format=%(refname)%00%(upstream:short)%00%(objectname)%00%(upstream:track)%00%(upstream:remotename)%00%(upstream:remoteref) refs/heads/s6chinwe refs/remotes/s6chinwe [2ms]
2024-01-25 12:17:36.679 [info] > git status -z -uall [35ms]
2024-01-25 12:17:41.701 [info] No remotes found in the git config file.
2024-01-25 12:17:41.702 [info] > git config --get commit.template [8ms]
2024-01-25 12:17:41.703 [info] > git for-each-ref --format=%(refname)%00%(upstream:short)%00%(objectname)%00%(upstream:track)%00%(upstream:remotename)%00%(upstream:remoteref) refs/heads/s6chinwe refs/remotes/s6chinwe [3ms]
2024-01-25 12:17:41.740 [info] > git status -z -uall [32ms]
2024-01-25 12:17:46.761 [info] No remotes found in the git config file.
2024-01-25 12:17:46.762 [info] > git config --get commit.template [8ms]
2024-01-25 12:17:46.762 [info] > git for-each-ref --format=%(refname)%00%(upstream:short)%00%(objectname)%00%(upstream:track)%00%(upstream:remotename)%00%(upstream:remoteref) refs/heads/s6chinwe refs/remotes/s6chinwe [1ms]
2024-01-25 12:17:46.800 [info] > git status -z -uall [32ms]
2024-01-25 12:17:51.823 [info] No remotes found in the git config file.
2024-01-25 12:17:51.824 [info] > git config --get commit.template [7ms]
2024-01-25 12:17:51.825 [info] > git for-each-ref --format=%(refname)%00%(upstream:short)%00%(objectname)%00%(upstream:track)%00%(upstream:remotename)%00%(upstream:remoteref) refs/heads/s6chinwe refs/remotes/s6chinwe [2ms]
2024-01-25 12:17:51.864 [info] > git status -z -uall [33ms]
2024-01-25 12:17:56.885 [info] No remotes found in the git config file.
2024-01-25 12:17:56.886 [info] > git config --get commit.template [7ms]
2024-01-25 12:17:56.887 [info] > git for-each-ref --format=%(refname)%00%(upstream:short)%00%(objectname)%00%(upstream:track)%00%(upstream:remotename)%00%(upstream:remoteref) refs/heads/s6chinwe refs/remotes/s6chinwe [1ms]
2024-01-25 12:17:56.929 [info] > git status -z -uall [35ms]
2024-01-25 12:18:01.957 [info] No remotes found in the git config file.
2024-01-25 12:18:01.958 [info] > git config --get commit.template [9ms]
2024-01-25 12:18:01.959 [info] > git for-each-ref --format=%(refname)%00%(upstream:short)%00%(objectname)%00%(upstream:track)%00%(upstream:remotename)%00%(upstream:remoteref) refs/heads/s6chinwe refs/remotes/s6chinwe [2ms]
2024-01-25 12:18:02.000 [info] > git status -z -uall [34ms]
2024-01-25 12:18:07.023 [info] No remotes found in the git config file.
2024-01-25 12:18:07.024 [info] > git config --get commit.template [7ms]
2024-01-25 12:18:07.025 [info] > git for-each-ref --format=%(refname)%00%(upstream:short)%00%(objectname)%00%(upstream:track)%00%(upstream:remotename)%00%(upstream:remoteref) refs/heads/s6chinwe refs/remotes/s6chinwe [2ms]
2024-01-25 12:18:07.073 [info] > git status -z -uall [38ms]
2024-01-25 12:18:12.095 [info] No remotes found in the git config file.
2024-01-25 12:18:12.097 [info] > git config --get commit.template [8ms]
2024-01-25 12:18:12.097 [info] > git for-each-ref --format=%(refname)%00%(upstream:short)%00%(objectname)%00%(upstream:track)%00%(upstream:remotename)%00%(upstream:remoteref) refs/heads/s6chinwe refs/remotes/s6chinwe [2ms]
2024-01-25 12:18:12.146 [info] > git status -z -uall [42ms]
2024-01-25 12:18:17.173 [info] No remotes found in the git config file.
2024-01-25 12:18:17.174 [info] > git config --get commit.template [9ms]
2024-01-25 12:18:17.174 [info] > git for-each-ref --format=%(refname)%00%(upstream:short)%00%(objectname)%00%(upstream:track)%00%(upstream:remotename)%00%(upstream:remoteref) refs/heads/s6chinwe refs/remotes/s6chinwe [2ms]
2024-01-25 12:18:17.223 [info] > git status -z -uall [42ms]
2024-01-25 12:18:22.239 [info] No remotes found in the git config file.
2024-01-25 12:18:22.249 [info] > git config --get commit.template [10ms]
2024-01-25 12:18:22.249 [info] > git for-each-ref --format=%(refname)%00%(upstream:short)%00%(objectname)%00%(upstream:track)%00%(upstream:remotename)%00%(upstream:remoteref) refs/heads/s6chinwe refs/remotes/s6chinwe [1ms]
2024-01-25 12:18:22.291 [info] > git status -z -uall [35ms]
2024-01-25 12:18:23.791 [info] > git fetch [11ms]
2024-01-25 12:18:23.807 [info] No remotes found in the git config file.
2024-01-25 12:18:23.807 [info] > git config --get commit.template [7ms]
2024-01-25 12:18:23.808 [info] > git for-each-ref --format=%(refname)%00%(upstream:short)%00%(objectname)%00%(upstream:track)%00%(upstream:remotename)%00%(upstream:remoteref) refs/heads/s6chinwe refs/remotes/s6chinwe [2ms]
2024-01-25 12:18:23.850 [info] > git status -z -uall [37ms]
2024-01-25 12:18:24.361 [info] > git fetch [158ms]
2024-01-25 12:18:24.377 [info] > git config --get commit.template [8ms]
2024-01-25 12:18:24.378 [info] > git for-each-ref --format=%(refname)%00%(upstream:short)%00%(objectname)%00%(upstream:track)%00%(upstream:remotename)%00%(upstream:remoteref) refs/heads/main refs/remotes/main [2ms]
2024-01-25 12:18:24.389 [info] > git status -z -uall [4ms]
2024-01-25 12:18:25.601 [info] > git config --get commit.template [7ms]
2024-01-25 12:18:25.602 [info] > git for-each-ref --format=%(refname)%00%(upstream:short)%00%(objectname)%00%(upstream:track)%00%(upstream:remotename)%00%(upstream:remoteref) refs/heads/main refs/remotes/main [2ms]
2024-01-25 12:18:25.613 [info] > git status -z -uall [5ms]
2024-01-25 12:18:25.783 [info] > git ls-files --stage -- /home/s6chinwe/Espresso_/espress-shop-review/values.yaml [7ms]
2024-01-25 12:18:25.785 [info] > git ls-files --stage -- /home/s6chinwe/Espresso_/espress-shop-review/templates/deployment.yaml [3ms]
2024-01-25 12:18:25.865 [info] > git show --textconv :Espresso_/espress-shop-review/values.yaml [8ms]
2024-01-25 12:18:25.867 [info] > git show --textconv :Espresso_/espress-shop-review/templates/deployment.yaml [3ms]
2024-01-25 12:18:27.310 [info] No remotes found in the git config file.
2024-01-25 12:18:27.317 [info] > git config --get commit.template [7ms]
2024-01-25 12:18:27.318 [info] > git for-each-ref --format=%(refname)%00%(upstream:short)%00%(objectname)%00%(upstream:track)%00%(upstream:remotename)%00%(upstream:remoteref) refs/heads/s6chinwe refs/remotes/s6chinwe [1ms]
2024-01-25 12:18:27.359 [info] > git status -z -uall [35ms]
2024-01-25 12:18:32.382 [info] No remotes found in the git config file.
2024-01-25 12:18:32.383 [info] > git config --get commit.template [10ms]
2024-01-25 12:18:32.383 [info] > git for-each-ref --format=%(refname)%00%(upstream:short)%00%(objectname)%00%(upstream:track)%00%(upstream:remotename)%00%(upstream:remoteref) refs/heads/s6chinwe refs/remotes/s6chinwe [2ms]
2024-01-25 12:18:32.428 [info] > git status -z -uall [37ms]
2024-01-25 12:18:37.449 [info] No remotes found in the git config file.
2024-01-25 12:18:37.451 [info] > git config --get commit.template [7ms]
2024-01-25 12:18:37.451 [info] > git for-each-ref --format=%(refname)%00%(upstream:short)%00%(objectname)%00%(upstream:track)%00%(upstream:remotename)%00%(upstream:remoteref) refs/heads/s6chinwe refs/remotes/s6chinwe [2ms]
2024-01-25 12:18:37.501 [info] > git status -z -uall [38ms]
2024-01-25 12:18:42.520 [info] No remotes found in the git config file.
2024-01-25 12:18:42.527 [info] > git config --get commit.template [9ms]
2024-01-25 12:18:42.528 [info] > git for-each-ref --format=%(refname)%00%(upstream:short)%00%(objectname)%00%(upstream:track)%00%(upstream:remotename)%00%(upstream:remoteref) refs/heads/s6chinwe refs/remotes/s6chinwe [2ms]
2024-01-25 12:18:42.574 [info] > git status -z -uall [37ms]
2024-01-25 12:18:47.596 [info] No remotes found in the git config file.
2024-01-25 12:18:47.597 [info] > git config --get commit.template [8ms]
2024-01-25 12:18:47.598 [info] > git for-each-ref --format=%(refname)%00%(upstream:short)%00%(objectname)%00%(upstream:track)%00%(upstream:remotename)%00%(upstream:remoteref) refs/heads/s6chinwe refs/remotes/s6chinwe [2ms]
2024-01-25 12:18:47.641 [info] > git status -z -uall [37ms]
2024-01-25 12:18:52.665 [info] No remotes found in the git config file.
2024-01-25 12:18:52.666 [info] > git config --get commit.template [9ms]
2024-01-25 12:18:52.667 [info] > git for-each-ref --format=%(refname)%00%(upstream:short)%00%(objectname)%00%(upstream:track)%00%(upstream:remotename)%00%(upstream:remoteref) refs/heads/s6chinwe refs/remotes/s6chinwe [3ms]
2024-01-25 12:18:52.710 [info] > git status -z -uall [37ms]
2024-01-25 12:18:57.726 [info] No remotes found in the git config file.
2024-01-25 12:18:57.734 [info] > git config --get commit.template [7ms]
2024-01-25 12:18:57.734 [info] > git for-each-ref --format=%(refname)%00%(upstream:short)%00%(objectname)%00%(upstream:track)%00%(upstream:remotename)%00%(upstream:remoteref) refs/heads/s6chinwe refs/remotes/s6chinwe [2ms]
2024-01-25 12:18:57.778 [info] > git status -z -uall [36ms]
2024-01-25 12:19:02.802 [info] No remotes found in the git config file.
2024-01-25 12:19:02.803 [info] > git config --get commit.template [8ms]
2024-01-25 12:19:02.804 [info] > git for-each-ref --format=%(refname)%00%(upstream:short)%00%(objectname)%00%(upstream:track)%00%(upstream:remotename)%00%(upstream:remoteref) refs/heads/s6chinwe refs/remotes/s6chinwe [2ms]
2024-01-25 12:19:02.848 [info] > git status -z -uall [38ms]
2024-01-25 12:19:07.872 [info] No remotes found in the git config file.
2024-01-25 12:19:07.873 [info] > git config --get commit.template [9ms]
2024-01-25 12:19:07.873 [info] > git for-each-ref --format=%(refname)%00%(upstream:short)%00%(objectname)%00%(upstream:track)%00%(upstream:remotename)%00%(upstream:remoteref) refs/heads/s6chinwe refs/remotes/s6chinwe [2ms]
2024-01-25 12:19:07.919 [info] > git status -z -uall [36ms]
2024-01-25 12:19:12.943 [info] No remotes found in the git config file.
2024-01-25 12:19:12.944 [info] > git config --get commit.template [9ms]
2024-01-25 12:19:12.945 [info] > git for-each-ref --format=%(refname)%00%(upstream:short)%00%(objectname)%00%(upstream:track)%00%(upstream:remotename)%00%(upstream:remoteref) refs/heads/s6chinwe refs/remotes/s6chinwe [2ms]
2024-01-25 12:19:12.992 [info] > git status -z -uall [37ms]
2024-01-25 12:19:18.016 [info] No remotes found in the git config file.
2024-01-25 12:19:18.017 [info] > git config --get commit.template [8ms]
2024-01-25 12:19:18.021 [info] > git for-each-ref --format=%(refname)%00%(upstream:short)%00%(objectname)%00%(upstream:track)%00%(upstream:remotename)%00%(upstream:remoteref) refs/heads/s6chinwe refs/remotes/s6chinwe [6ms]
2024-01-25 12:19:18.066 [info] > git status -z -uall [37ms]
2024-01-25 12:19:23.093 [info] No remotes found in the git config file.
2024-01-25 12:19:23.094 [info] > git config --get commit.template [11ms]
2024-01-25 12:19:23.095 [info] > git for-each-ref --format=%(refname)%00%(upstream:short)%00%(objectname)%00%(upstream:track)%00%(upstream:remotename)%00%(upstream:remoteref) refs/heads/s6chinwe refs/remotes/s6chinwe [3ms]
2024-01-25 12:19:23.141 [info] > git status -z -uall [37ms]
2024-01-25 12:19:28.161 [info] No remotes found in the git config file.
2024-01-25 12:19:28.162 [info] > git config --get commit.template [7ms]
2024-01-25 12:19:28.163 [info] > git for-each-ref --format=%(refname)%00%(upstream:short)%00%(objectname)%00%(upstream:track)%00%(upstream:remotename)%00%(upstream:remoteref) refs/heads/s6chinwe refs/remotes/s6chinwe [2ms]
2024-01-25 12:19:28.209 [info] > git status -z -uall [38ms]
2024-01-25 12:19:33.237 [info] No remotes found in the git config file.
2024-01-25 12:19:33.239 [info] > git config --get commit.template [14ms]
2024-01-25 12:19:33.239 [info] > git for-each-ref --format=%(refname)%00%(upstream:short)%00%(objectname)%00%(upstream:track)%00%(upstream:remotename)%00%(upstream:remoteref) refs/heads/s6chinwe refs/remotes/s6chinwe [3ms]
2024-01-25 12:19:33.289 [info] > git status -z -uall [42ms]
2024-01-25 12:19:38.313 [info] No remotes found in the git config file.
2024-01-25 12:19:38.315 [info] > git config --get commit.template [10ms]
2024-01-25 12:19:38.316 [info] > git for-each-ref --format=%(refname)%00%(upstream:short)%00%(objectname)%00%(upstream:track)%00%(upstream:remotename)%00%(upstream:remoteref) refs/heads/s6chinwe refs/remotes/s6chinwe [3ms]
2024-01-25 12:19:38.360 [info] > git status -z -uall [37ms]
2024-01-25 12:19:43.384 [info] No remotes found in the git config file.
2024-01-25 12:19:43.385 [info] > git config --get commit.template [9ms]
2024-01-25 12:19:43.385 [info] > git for-each-ref --format=%(refname)%00%(upstream:short)%00%(objectname)%00%(upstream:track)%00%(upstream:remotename)%00%(upstream:remoteref) refs/heads/s6chinwe refs/remotes/s6chinwe [2ms]
2024-01-25 12:19:43.430 [info] > git status -z -uall [37ms]
2024-01-25 12:19:48.457 [info] No remotes found in the git config file.
2024-01-25 12:19:48.458 [info] > git config --get commit.template [10ms]
2024-01-25 12:19:48.459 [info] > git for-each-ref --format=%(refname)%00%(upstream:short)%00%(objectname)%00%(upstream:track)%00%(upstream:remotename)%00%(upstream:remoteref) refs/heads/s6chinwe refs/remotes/s6chinwe [2ms]
2024-01-25 12:19:48.508 [info] > git status -z -uall [40ms]
2024-01-25 12:19:53.527 [info] > git config --get commit.template [1ms]
2024-01-25 12:19:53.533 [info] No remotes found in the git config file.
2024-01-25 12:19:53.535 [info] > git for-each-ref --format=%(refname)%00%(upstream:short)%00%(objectname)%00%(upstream:track)%00%(upstream:remotename)%00%(upstream:remoteref) refs/heads/s6chinwe refs/remotes/s6chinwe [2ms]
2024-01-25 12:19:53.580 [info] > git status -z -uall [36ms]
2024-01-25 12:19:58.597 [info] No remotes found in the git config file.
2024-01-25 12:19:58.604 [info] > git config --get commit.template [7ms]
2024-01-25 12:19:58.604 [info] > git for-each-ref --format=%(refname)%00%(upstream:short)%00%(objectname)%00%(upstream:track)%00%(upstream:remotename)%00%(upstream:remoteref) refs/heads/s6chinwe refs/remotes/s6chinwe [1ms]
2024-01-25 12:19:58.644 [info] > git status -z -uall [34ms]
2024-01-25 12:20:03.667 [info] No remotes found in the git config file.
2024-01-25 12:20:03.668 [info] > git config --get commit.template [8ms]
2024-01-25 12:20:03.670 [info] > git for-each-ref --format=%(refname)%00%(upstream:short)%00%(objectname)%00%(upstream:track)%00%(upstream:remotename)%00%(upstream:remoteref) refs/heads/s6chinwe refs/remotes/s6chinwe [2ms]
2024-01-25 12:20:03.717 [info] > git status -z -uall [37ms]
