2024-01-31 19:25:07.405 [info] Extension host with pid 66827 started
2024-01-31 19:25:07.421 [info] Lock '/home/s6chinwe/.vscode-server/data/User/workspaceStorage/d70c7ea3b8057b23e5a16c462a3e7102/vscode.lock': Lock acquired.
2024-01-31 19:25:07.864 [info] ExtensionService#_doActivateExtension vscode.emmet, startup: false, activationEvent: 'onLanguage'
2024-01-31 19:25:07.865 [info] ExtensionService#_doActivateExtension vscode.git-base, startup: false, activationEvent: '*', root cause: vscode.git
2024-01-31 19:25:08.088 [info] ExtensionService#_doActivateExtension vscode.git, startup: false, activationEvent: '*'
2024-01-31 19:25:08.089 [info] ExtensionService#_doActivateExtension vscode.github, startup: false, activationEvent: '*'
2024-01-31 19:25:08.708 [info] Eager extensions activated
2024-01-31 19:25:08.708 [info] ExtensionService#_doActivateExtension vscode.debug-auto-launch, startup: false, activationEvent: 'onStartupFinished'
2024-01-31 19:25:08.709 [info] ExtensionService#_doActivateExtension vscode.merge-conflict, startup: false, activationEvent: 'onStartupFinished'
2024-01-31 19:25:09.005 [warning] [Decorations] CAPPING events from decorations provider vscode.git 367
2024-01-31 19:25:09.086 [warning] [Decorations] CAPPING events from decorations provider vscode.git 367
2024-01-31 19:25:09.901 [warning] [Decorations] CAPPING events from decorations provider vscode.git 367
2024-01-31 19:25:11.659 [warning] [Decorations] CAPPING events from decorations provider vscode.git 367
2024-01-31 19:28:10.126 [warning] [Decorations] CAPPING events from decorations provider vscode.git 367
2024-01-31 19:28:11.369 [warning] [Decorations] CAPPING events from decorations provider vscode.git 367
2024-01-31 19:31:18.696 [warning] [Decorations] CAPPING events from decorations provider vscode.git 367
2024-01-31 19:31:20.000 [warning] [Decorations] CAPPING events from decorations provider vscode.git 367
2024-01-31 19:34:18.893 [warning] [Decorations] CAPPING events from decorations provider vscode.git 367
2024-01-31 19:34:20.135 [warning] [Decorations] CAPPING events from decorations provider vscode.git 367
2024-01-31 20:18:18.903 [warning] [Decorations] CAPPING events from decorations provider vscode.git 367
2024-01-31 20:18:20.159 [warning] [Decorations] CAPPING events from decorations provider vscode.git 367
2024-01-31 20:21:19.105 [warning] [Decorations] CAPPING events from decorations provider vscode.git 367
2024-01-31 20:21:20.340 [warning] [Decorations] CAPPING events from decorations provider vscode.git 367
2024-01-31 20:26:56.082 [warning] [Decorations] CAPPING events from decorations provider vscode.git 367
2024-01-31 20:26:57.329 [warning] [Decorations] CAPPING events from decorations provider vscode.git 367
2024-01-31 20:29:56.330 [warning] [Decorations] CAPPING events from decorations provider vscode.git 367
2024-01-31 20:29:57.572 [warning] [Decorations] CAPPING events from decorations provider vscode.git 367
2024-01-31 20:32:56.578 [warning] [Decorations] CAPPING events from decorations provider vscode.git 367
2024-01-31 20:32:57.805 [warning] [Decorations] CAPPING events from decorations provider vscode.git 367
2024-01-31 20:35:56.785 [warning] [Decorations] CAPPING events from decorations provider vscode.git 367
2024-01-31 20:35:58.017 [warning] [Decorations] CAPPING events from decorations provider vscode.git 367
2024-01-31 20:57:07.585 [warning] [Decorations] CAPPING events from decorations provider vscode.git 367
2024-01-31 20:57:08.856 [warning] [Decorations] CAPPING events from decorations provider vscode.git 367
2024-01-31 21:00:07.789 [warning] [Decorations] CAPPING events from decorations provider vscode.git 367
2024-01-31 21:00:09.278 [warning] [Decorations] CAPPING events from decorations provider vscode.git 367
2024-01-31 21:14:16.889 [warning] [Decorations] CAPPING events from decorations provider vscode.git 367
2024-01-31 21:14:18.122 [warning] [Decorations] CAPPING events from decorations provider vscode.git 367
2024-01-31 22:12:46.142 [warning] [Decorations] CAPPING events from decorations provider vscode.git 367
2024-01-31 22:12:46.229 [warning] [Decorations] CAPPING events from decorations provider vscode.git 367
2024-01-31 22:12:51.188 [warning] [Decorations] CAPPING events from decorations provider vscode.git 367
2024-01-31 22:17:41.853 [warning] [Decorations] CAPPING events from decorations provider vscode.git 367
2024-01-31 22:17:43.141 [warning] [Decorations] CAPPING events from decorations provider vscode.git 367
2024-01-31 22:20:42.076 [warning] [Decorations] CAPPING events from decorations provider vscode.git 367
2024-01-31 22:20:43.401 [warning] [Decorations] CAPPING events from decorations provider vscode.git 367
2024-01-31 22:23:58.858 [warning] [Decorations] CAPPING events from decorations provider vscode.git 367
2024-01-31 22:24:00.104 [warning] [Decorations] CAPPING events from decorations provider vscode.git 367
2024-01-31 22:27:10.625 [warning] [Decorations] CAPPING events from decorations provider vscode.git 367
2024-01-31 22:27:11.863 [warning] [Decorations] CAPPING events from decorations provider vscode.git 367
2024-01-31 22:31:07.554 [warning] [Decorations] CAPPING events from decorations provider vscode.git 367
2024-01-31 22:31:08.786 [warning] [Decorations] CAPPING events from decorations provider vscode.git 367
2024-01-31 22:33:41.872 [warning] [Decorations] CAPPING events from decorations provider vscode.git 367
2024-01-31 22:33:46.910 [warning] [Decorations] CAPPING events from decorations provider vscode.git 367
2024-01-31 22:34:07.774 [warning] [Decorations] CAPPING events from decorations provider vscode.git 367
2024-01-31 22:34:09.010 [warning] [Decorations] CAPPING events from decorations provider vscode.git 367
2024-01-31 22:35:01.149 [info] ExtensionService#_doActivateExtension vscode.tunnel-forwarding, startup: false, activationEvent: 'onTunnel'
2024-01-31 22:37:07.973 [warning] [Decorations] CAPPING events from decorations provider vscode.git 367
2024-01-31 22:37:09.222 [warning] [Decorations] CAPPING events from decorations provider vscode.git 367
2024-01-31 22:41:10.146 [warning] [Decorations] CAPPING events from decorations provider vscode.git 367
2024-01-31 22:41:11.392 [warning] [Decorations] CAPPING events from decorations provider vscode.git 367
2024-01-31 22:44:42.549 [warning] [Decorations] CAPPING events from decorations provider vscode.git 367
2024-01-31 22:44:43.777 [warning] [Decorations] CAPPING events from decorations provider vscode.git 367
2024-01-31 23:25:44.453 [warning] [Decorations] CAPPING events from decorations provider vscode.git 367
2024-01-31 23:25:45.915 [warning] [Decorations] CAPPING events from decorations provider vscode.git 367
2024-01-31 23:29:38.016 [warning] [Decorations] CAPPING events from decorations provider vscode.git 367
2024-01-31 23:29:39.266 [warning] [Decorations] CAPPING events from decorations provider vscode.git 367
2024-02-01 02:08:26.511 [warning] [Decorations] CAPPING events from decorations provider vscode.git 367
2024-02-01 02:08:26.672 [warning] [Decorations] CAPPING events from decorations provider vscode.git 367
2024-02-01 02:08:31.573 [warning] [Decorations] CAPPING events from decorations provider vscode.git 367
2024-02-01 02:11:26.878 [warning] [Decorations] CAPPING events from decorations provider vscode.git 367
2024-02-01 02:11:28.126 [warning] [Decorations] CAPPING events from decorations provider vscode.git 367
2024-02-01 02:14:58.111 [warning] [Decorations] CAPPING events from decorations provider vscode.git 367
2024-02-01 02:14:59.358 [warning] [Decorations] CAPPING events from decorations provider vscode.git 367
2024-02-01 02:17:10.558 [warning] [Decorations] CAPPING events from decorations provider vscode.git 367
2024-02-01 02:17:49.458 [warning] [Decorations] CAPPING events from decorations provider vscode.git 367
2024-02-01 02:17:58.434 [warning] [Decorations] CAPPING events from decorations provider vscode.git 367
2024-02-01 02:17:59.779 [warning] [Decorations] CAPPING events from decorations provider vscode.git 367
2024-02-01 02:21:00.438 [warning] [Decorations] CAPPING events from decorations provider vscode.git 367
2024-02-01 02:21:01.685 [warning] [Decorations] CAPPING events from decorations provider vscode.git 367
2024-02-01 02:24:00.649 [warning] [Decorations] CAPPING events from decorations provider vscode.git 367
2024-02-01 02:24:01.888 [warning] [Decorations] CAPPING events from decorations provider vscode.git 367
2024-02-01 02:27:54.709 [warning] [Decorations] CAPPING events from decorations provider vscode.git 367
2024-02-01 02:27:55.938 [warning] [Decorations] CAPPING events from decorations provider vscode.git 367
2024-02-01 02:30:54.977 [warning] [Decorations] CAPPING events from decorations provider vscode.git 367
2024-02-01 02:30:56.215 [warning] [Decorations] CAPPING events from decorations provider vscode.git 367
2024-02-01 02:33:55.192 [warning] [Decorations] CAPPING events from decorations provider vscode.git 367
2024-02-01 02:33:56.606 [warning] [Decorations] CAPPING events from decorations provider vscode.git 367
2024-02-01 02:41:56.307 [warning] [Decorations] CAPPING events from decorations provider vscode.git 367
2024-02-01 02:41:57.542 [warning] [Decorations] CAPPING events from decorations provider vscode.git 367
2024-02-01 04:54:08.133 [info] Extension host terminating: renderer disconnected for too long (2)
2024-02-01 04:54:08.134 [info] Lock '/home/s6chinwe/.vscode-server/data/User/workspaceStorage/d70c7ea3b8057b23e5a16c462a3e7102/vscode.lock': Marking the lockfile as scheduled to be released in 6000 ms.
2024-02-01 04:54:08.176 [error] Canceled: Canceled
	at new g (/home/s6chinwe/.vscode-server/bin/8b3775030ed1a69b13e4f4c628c612102e30a681/out/vs/workbench/api/node/extensionHostProcess.js:141:110274)
	at u.U (/home/s6chinwe/.vscode-server/bin/8b3775030ed1a69b13e4f4c628c612102e30a681/out/vs/workbench/api/node/extensionHostProcess.js:150:10866)
	at P.<computed>.j.charCodeAt.P.<computed> (/home/s6chinwe/.vscode-server/bin/8b3775030ed1a69b13e4f4c628c612102e30a681/out/vs/workbench/api/node/extensionHostProcess.js:150:8317)
	at d.g (/home/s6chinwe/.vscode-server/bin/8b3775030ed1a69b13e4f4c628c612102e30a681/out/vs/workbench/api/node/extensionHostProcess.js:141:139555)
	at d.executeCommand (/home/s6chinwe/.vscode-server/bin/8b3775030ed1a69b13e4f4c628c612102e30a681/out/vs/workbench/api/node/extensionHostProcess.js:141:138993)
	at b.registerCommand.description (/home/s6chinwe/.vscode-server/bin/8b3775030ed1a69b13e4f4c628c612102e30a681/out/vs/workbench/api/node/extensionHostProcess.js:141:138317)
	at d.h (/home/s6chinwe/.vscode-server/bin/8b3775030ed1a69b13e4f4c628c612102e30a681/out/vs/workbench/api/node/extensionHostProcess.js:141:140094)
	at d.g (/home/s6chinwe/.vscode-server/bin/8b3775030ed1a69b13e4f4c628c612102e30a681/out/vs/workbench/api/node/extensionHostProcess.js:141:139086)
	at d.executeCommand (/home/s6chinwe/.vscode-server/bin/8b3775030ed1a69b13e4f4c628c612102e30a681/out/vs/workbench/api/node/extensionHostProcess.js:141:138993)
	at Object.executeCommand (/home/s6chinwe/.vscode-server/bin/8b3775030ed1a69b13e4f4c628c612102e30a681/out/vs/workbench/api/node/extensionHostProcess.js:158:21333)
	at f.I [as value] (/home/s6chinwe/.vscode-server/bin/8b3775030ed1a69b13e4f4c628c612102e30a681/extensions/git/dist/main.js:2:924696)
	at n.y (/home/s6chinwe/.vscode-server/bin/8b3775030ed1a69b13e4f4c628c612102e30a681/out/vs/workbench/api/node/extensionHostProcess.js:80:1902)
	at n.z (/home/s6chinwe/.vscode-server/bin/8b3775030ed1a69b13e4f4c628c612102e30a681/out/vs/workbench/api/node/extensionHostProcess.js:80:1972)
	at n.fire (/home/s6chinwe/.vscode-server/bin/8b3775030ed1a69b13e4f4c628c612102e30a681/out/vs/workbench/api/node/extensionHostProcess.js:80:2188)
	at Object.m [as dispose] (/home/s6chinwe/.vscode-server/bin/8b3775030ed1a69b13e4f4c628c612102e30a681/extensions/git/dist/main.js:2:940613)
	at /home/s6chinwe/.vscode-server/bin/8b3775030ed1a69b13e4f4c628c612102e30a681/extensions/git/dist/main.js:2:945566
	at Array.forEach (<anonymous>)
	at p.dispose (/home/s6chinwe/.vscode-server/bin/8b3775030ed1a69b13e4f4c628c612102e30a681/extensions/git/dist/main.js:2:945552)
	at l.<anonymous> (/home/s6chinwe/.vscode-server/bin/8b3775030ed1a69b13e4f4c628c612102e30a681/out/vs/workbench/api/node/extensionHostProcess.js:137:3620)
	at l.dispose (/home/s6chinwe/.vscode-server/bin/8b3775030ed1a69b13e4f4c628c612102e30a681/out/vs/workbench/api/node/extensionHostProcess.js:137:3717)
	at l.<anonymous> (/home/s6chinwe/.vscode-server/bin/8b3775030ed1a69b13e4f4c628c612102e30a681/extensions/git/dist/main.js:2:926708)
	at l.dispose (/home/s6chinwe/.vscode-server/bin/8b3775030ed1a69b13e4f4c628c612102e30a681/out/vs/workbench/api/node/extensionHostProcess.js:137:3717)
	at s (/home/s6chinwe/.vscode-server/bin/8b3775030ed1a69b13e4f4c628c612102e30a681/out/vs/workbench/api/node/extensionHostProcess.js:30:754)
	at f.cb (/home/s6chinwe/.vscode-server/bin/8b3775030ed1a69b13e4f4c628c612102e30a681/out/vs/workbench/api/node/extensionHostProcess.js:154:9873)
	at /home/s6chinwe/.vscode-server/bin/8b3775030ed1a69b13e4f4c628c612102e30a681/out/vs/workbench/api/node/extensionHostProcess.js:154:7808
	at Array.map (<anonymous>)
	at f.Y (/home/s6chinwe/.vscode-server/bin/8b3775030ed1a69b13e4f4c628c612102e30a681/out/vs/workbench/api/node/extensionHostProcess.js:154:7795)
	at f.terminate (/home/s6chinwe/.vscode-server/bin/8b3775030ed1a69b13e4f4c628c612102e30a681/out/vs/workbench/api/node/extensionHostProcess.js:154:8068)
	at s.terminate (/home/s6chinwe/.vscode-server/bin/8b3775030ed1a69b13e4f4c628c612102e30a681/out/vs/workbench/api/node/extensionHostProcess.js:158:1513)
	at a (/home/s6chinwe/.vscode-server/bin/8b3775030ed1a69b13e4f4c628c612102e30a681/out/vs/workbench/api/node/extensionHostProcess.js:171:9802)
	at N.a (/home/s6chinwe/.vscode-server/bin/8b3775030ed1a69b13e4f4c628c612102e30a681/out/vs/workbench/api/node/extensionHostProcess.js:171:6595)
	at N.h (/home/s6chinwe/.vscode-server/bin/8b3775030ed1a69b13e4f4c628c612102e30a681/out/vs/workbench/api/node/extensionHostProcess.js:97:20057)
	at listOnTimeout (node:internal/timers:569:17)
	at process.processTimers (node:internal/timers:512:7) setContext undefined
2024-02-01 04:54:08.177 [error] Canceled: Canceled
	at new g (/home/s6chinwe/.vscode-server/bin/8b3775030ed1a69b13e4f4c628c612102e30a681/out/vs/workbench/api/node/extensionHostProcess.js:141:110274)
	at u.U (/home/s6chinwe/.vscode-server/bin/8b3775030ed1a69b13e4f4c628c612102e30a681/out/vs/workbench/api/node/extensionHostProcess.js:150:10866)
	at P.<computed>.j.charCodeAt.P.<computed> (/home/s6chinwe/.vscode-server/bin/8b3775030ed1a69b13e4f4c628c612102e30a681/out/vs/workbench/api/node/extensionHostProcess.js:150:8317)
	at d.g (/home/s6chinwe/.vscode-server/bin/8b3775030ed1a69b13e4f4c628c612102e30a681/out/vs/workbench/api/node/extensionHostProcess.js:141:139555)
	at d.executeCommand (/home/s6chinwe/.vscode-server/bin/8b3775030ed1a69b13e4f4c628c612102e30a681/out/vs/workbench/api/node/extensionHostProcess.js:141:138993)
	at b.registerCommand.description (/home/s6chinwe/.vscode-server/bin/8b3775030ed1a69b13e4f4c628c612102e30a681/out/vs/workbench/api/node/extensionHostProcess.js:141:138317)
	at d.h (/home/s6chinwe/.vscode-server/bin/8b3775030ed1a69b13e4f4c628c612102e30a681/out/vs/workbench/api/node/extensionHostProcess.js:141:140094)
	at d.g (/home/s6chinwe/.vscode-server/bin/8b3775030ed1a69b13e4f4c628c612102e30a681/out/vs/workbench/api/node/extensionHostProcess.js:141:139086)
	at d.executeCommand (/home/s6chinwe/.vscode-server/bin/8b3775030ed1a69b13e4f4c628c612102e30a681/out/vs/workbench/api/node/extensionHostProcess.js:141:138993)
	at Object.executeCommand (/home/s6chinwe/.vscode-server/bin/8b3775030ed1a69b13e4f4c628c612102e30a681/out/vs/workbench/api/node/extensionHostProcess.js:158:21333)
	at set b [as b] (/home/s6chinwe/.vscode-server/bin/8b3775030ed1a69b13e4f4c628c612102e30a681/extensions/github/dist/extension.js:2:322364)
	at /home/s6chinwe/.vscode-server/bin/8b3775030ed1a69b13e4f4c628c612102e30a681/extensions/github/dist/extension.js:2:323005
	at f.value (/home/s6chinwe/.vscode-server/bin/8b3775030ed1a69b13e4f4c628c612102e30a681/extensions/git/dist/main.js:2:1016450)
	at n.y (/home/s6chinwe/.vscode-server/bin/8b3775030ed1a69b13e4f4c628c612102e30a681/out/vs/workbench/api/node/extensionHostProcess.js:80:1902)
	at n.z (/home/s6chinwe/.vscode-server/bin/8b3775030ed1a69b13e4f4c628c612102e30a681/out/vs/workbench/api/node/extensionHostProcess.js:80:1972)
	at n.fire (/home/s6chinwe/.vscode-server/bin/8b3775030ed1a69b13e4f4c628c612102e30a681/out/vs/workbench/api/node/extensionHostProcess.js:80:2188)
	at Object.m [as dispose] (/home/s6chinwe/.vscode-server/bin/8b3775030ed1a69b13e4f4c628c612102e30a681/extensions/git/dist/main.js:2:940613)
	at /home/s6chinwe/.vscode-server/bin/8b3775030ed1a69b13e4f4c628c612102e30a681/extensions/git/dist/main.js:2:945566
	at Array.forEach (<anonymous>)
	at p.dispose (/home/s6chinwe/.vscode-server/bin/8b3775030ed1a69b13e4f4c628c612102e30a681/extensions/git/dist/main.js:2:945552)
	at l.<anonymous> (/home/s6chinwe/.vscode-server/bin/8b3775030ed1a69b13e4f4c628c612102e30a681/out/vs/workbench/api/node/extensionHostProcess.js:137:3620)
	at l.dispose (/home/s6chinwe/.vscode-server/bin/8b3775030ed1a69b13e4f4c628c612102e30a681/out/vs/workbench/api/node/extensionHostProcess.js:137:3717)
	at l.<anonymous> (/home/s6chinwe/.vscode-server/bin/8b3775030ed1a69b13e4f4c628c612102e30a681/extensions/git/dist/main.js:2:926708)
	at l.dispose (/home/s6chinwe/.vscode-server/bin/8b3775030ed1a69b13e4f4c628c612102e30a681/out/vs/workbench/api/node/extensionHostProcess.js:137:3717)
	at s (/home/s6chinwe/.vscode-server/bin/8b3775030ed1a69b13e4f4c628c612102e30a681/out/vs/workbench/api/node/extensionHostProcess.js:30:754)
	at f.cb (/home/s6chinwe/.vscode-server/bin/8b3775030ed1a69b13e4f4c628c612102e30a681/out/vs/workbench/api/node/extensionHostProcess.js:154:9873)
	at /home/s6chinwe/.vscode-server/bin/8b3775030ed1a69b13e4f4c628c612102e30a681/out/vs/workbench/api/node/extensionHostProcess.js:154:7808
	at Array.map (<anonymous>)
	at f.Y (/home/s6chinwe/.vscode-server/bin/8b3775030ed1a69b13e4f4c628c612102e30a681/out/vs/workbench/api/node/extensionHostProcess.js:154:7795)
	at f.terminate (/home/s6chinwe/.vscode-server/bin/8b3775030ed1a69b13e4f4c628c612102e30a681/out/vs/workbench/api/node/extensionHostProcess.js:154:8068)
	at s.terminate (/home/s6chinwe/.vscode-server/bin/8b3775030ed1a69b13e4f4c628c612102e30a681/out/vs/workbench/api/node/extensionHostProcess.js:158:1513)
	at a (/home/s6chinwe/.vscode-server/bin/8b3775030ed1a69b13e4f4c628c612102e30a681/out/vs/workbench/api/node/extensionHostProcess.js:171:9802)
	at N.a (/home/s6chinwe/.vscode-server/bin/8b3775030ed1a69b13e4f4c628c612102e30a681/out/vs/workbench/api/node/extensionHostProcess.js:171:6595)
	at N.h (/home/s6chinwe/.vscode-server/bin/8b3775030ed1a69b13e4f4c628c612102e30a681/out/vs/workbench/api/node/extensionHostProcess.js:97:20057)
	at listOnTimeout (node:internal/timers:569:17)
	at process.processTimers (node:internal/timers:512:7) setContext undefined
2024-02-01 04:54:08.177 [error] Canceled: Canceled
	at new g (/home/s6chinwe/.vscode-server/bin/8b3775030ed1a69b13e4f4c628c612102e30a681/out/vs/workbench/api/node/extensionHostProcess.js:141:110274)
	at u.U (/home/s6chinwe/.vscode-server/bin/8b3775030ed1a69b13e4f4c628c612102e30a681/out/vs/workbench/api/node/extensionHostProcess.js:150:10866)
	at P.<computed>.j.charCodeAt.P.<computed> (/home/s6chinwe/.vscode-server/bin/8b3775030ed1a69b13e4f4c628c612102e30a681/out/vs/workbench/api/node/extensionHostProcess.js:150:8317)
	at d.g (/home/s6chinwe/.vscode-server/bin/8b3775030ed1a69b13e4f4c628c612102e30a681/out/vs/workbench/api/node/extensionHostProcess.js:141:139555)
	at d.executeCommand (/home/s6chinwe/.vscode-server/bin/8b3775030ed1a69b13e4f4c628c612102e30a681/out/vs/workbench/api/node/extensionHostProcess.js:141:138993)
	at b.registerCommand.description (/home/s6chinwe/.vscode-server/bin/8b3775030ed1a69b13e4f4c628c612102e30a681/out/vs/workbench/api/node/extensionHostProcess.js:141:138317)
	at d.h (/home/s6chinwe/.vscode-server/bin/8b3775030ed1a69b13e4f4c628c612102e30a681/out/vs/workbench/api/node/extensionHostProcess.js:141:140094)
	at d.g (/home/s6chinwe/.vscode-server/bin/8b3775030ed1a69b13e4f4c628c612102e30a681/out/vs/workbench/api/node/extensionHostProcess.js:141:139086)
	at d.executeCommand (/home/s6chinwe/.vscode-server/bin/8b3775030ed1a69b13e4f4c628c612102e30a681/out/vs/workbench/api/node/extensionHostProcess.js:141:138993)
	at Object.executeCommand (/home/s6chinwe/.vscode-server/bin/8b3775030ed1a69b13e4f4c628c612102e30a681/out/vs/workbench/api/node/extensionHostProcess.js:158:21333)
	at f.I [as value] (/home/s6chinwe/.vscode-server/bin/8b3775030ed1a69b13e4f4c628c612102e30a681/extensions/git/dist/main.js:2:924696)
	at n.y (/home/s6chinwe/.vscode-server/bin/8b3775030ed1a69b13e4f4c628c612102e30a681/out/vs/workbench/api/node/extensionHostProcess.js:80:1902)
	at n.z (/home/s6chinwe/.vscode-server/bin/8b3775030ed1a69b13e4f4c628c612102e30a681/out/vs/workbench/api/node/extensionHostProcess.js:80:1972)
	at n.fire (/home/s6chinwe/.vscode-server/bin/8b3775030ed1a69b13e4f4c628c612102e30a681/out/vs/workbench/api/node/extensionHostProcess.js:80:2188)
	at Object.m [as dispose] (/home/s6chinwe/.vscode-server/bin/8b3775030ed1a69b13e4f4c628c612102e30a681/extensions/git/dist/main.js:2:940613)
	at /home/s6chinwe/.vscode-server/bin/8b3775030ed1a69b13e4f4c628c612102e30a681/extensions/git/dist/main.js:2:945566
	at Array.forEach (<anonymous>)
	at p.dispose (/home/s6chinwe/.vscode-server/bin/8b3775030ed1a69b13e4f4c628c612102e30a681/extensions/git/dist/main.js:2:945552)
	at l.<anonymous> (/home/s6chinwe/.vscode-server/bin/8b3775030ed1a69b13e4f4c628c612102e30a681/out/vs/workbench/api/node/extensionHostProcess.js:137:3620)
	at l.dispose (/home/s6chinwe/.vscode-server/bin/8b3775030ed1a69b13e4f4c628c612102e30a681/out/vs/workbench/api/node/extensionHostProcess.js:137:3717)
	at l.<anonymous> (/home/s6chinwe/.vscode-server/bin/8b3775030ed1a69b13e4f4c628c612102e30a681/extensions/git/dist/main.js:2:926708)
	at l.dispose (/home/s6chinwe/.vscode-server/bin/8b3775030ed1a69b13e4f4c628c612102e30a681/out/vs/workbench/api/node/extensionHostProcess.js:137:3717)
	at s (/home/s6chinwe/.vscode-server/bin/8b3775030ed1a69b13e4f4c628c612102e30a681/out/vs/workbench/api/node/extensionHostProcess.js:30:754)
	at f.cb (/home/s6chinwe/.vscode-server/bin/8b3775030ed1a69b13e4f4c628c612102e30a681/out/vs/workbench/api/node/extensionHostProcess.js:154:9873)
	at /home/s6chinwe/.vscode-server/bin/8b3775030ed1a69b13e4f4c628c612102e30a681/out/vs/workbench/api/node/extensionHostProcess.js:154:7808
	at Array.map (<anonymous>)
	at f.Y (/home/s6chinwe/.vscode-server/bin/8b3775030ed1a69b13e4f4c628c612102e30a681/out/vs/workbench/api/node/extensionHostProcess.js:154:7795)
	at f.terminate (/home/s6chinwe/.vscode-server/bin/8b3775030ed1a69b13e4f4c628c612102e30a681/out/vs/workbench/api/node/extensionHostProcess.js:154:8068)
	at s.terminate (/home/s6chinwe/.vscode-server/bin/8b3775030ed1a69b13e4f4c628c612102e30a681/out/vs/workbench/api/node/extensionHostProcess.js:158:1513)
	at a (/home/s6chinwe/.vscode-server/bin/8b3775030ed1a69b13e4f4c628c612102e30a681/out/vs/workbench/api/node/extensionHostProcess.js:171:9802)
	at N.a (/home/s6chinwe/.vscode-server/bin/8b3775030ed1a69b13e4f4c628c612102e30a681/out/vs/workbench/api/node/extensionHostProcess.js:171:6595)
	at N.h (/home/s6chinwe/.vscode-server/bin/8b3775030ed1a69b13e4f4c628c612102e30a681/out/vs/workbench/api/node/extensionHostProcess.js:97:20057)
	at listOnTimeout (node:internal/timers:569:17)
	at process.processTimers (node:internal/timers:512:7) setContext undefined
2024-02-01 04:54:08.177 [error] Canceled: Canceled
	at new g (/home/s6chinwe/.vscode-server/bin/8b3775030ed1a69b13e4f4c628c612102e30a681/out/vs/workbench/api/node/extensionHostProcess.js:141:110274)
	at u.U (/home/s6chinwe/.vscode-server/bin/8b3775030ed1a69b13e4f4c628c612102e30a681/out/vs/workbench/api/node/extensionHostProcess.js:150:10866)
	at P.<computed>.j.charCodeAt.P.<computed> (/home/s6chinwe/.vscode-server/bin/8b3775030ed1a69b13e4f4c628c612102e30a681/out/vs/workbench/api/node/extensionHostProcess.js:150:8317)
	at d.g (/home/s6chinwe/.vscode-server/bin/8b3775030ed1a69b13e4f4c628c612102e30a681/out/vs/workbench/api/node/extensionHostProcess.js:141:139555)
	at d.executeCommand (/home/s6chinwe/.vscode-server/bin/8b3775030ed1a69b13e4f4c628c612102e30a681/out/vs/workbench/api/node/extensionHostProcess.js:141:138993)
	at b.registerCommand.description (/home/s6chinwe/.vscode-server/bin/8b3775030ed1a69b13e4f4c628c612102e30a681/out/vs/workbench/api/node/extensionHostProcess.js:141:138317)
	at d.h (/home/s6chinwe/.vscode-server/bin/8b3775030ed1a69b13e4f4c628c612102e30a681/out/vs/workbench/api/node/extensionHostProcess.js:141:140094)
	at d.g (/home/s6chinwe/.vscode-server/bin/8b3775030ed1a69b13e4f4c628c612102e30a681/out/vs/workbench/api/node/extensionHostProcess.js:141:139086)
	at d.executeCommand (/home/s6chinwe/.vscode-server/bin/8b3775030ed1a69b13e4f4c628c612102e30a681/out/vs/workbench/api/node/extensionHostProcess.js:141:138993)
	at Object.executeCommand (/home/s6chinwe/.vscode-server/bin/8b3775030ed1a69b13e4f4c628c612102e30a681/out/vs/workbench/api/node/extensionHostProcess.js:158:21333)
	at set b [as b] (/home/s6chinwe/.vscode-server/bin/8b3775030ed1a69b13e4f4c628c612102e30a681/extensions/github/dist/extension.js:2:322364)
	at /home/s6chinwe/.vscode-server/bin/8b3775030ed1a69b13e4f4c628c612102e30a681/extensions/github/dist/extension.js:2:323005
	at f.value (/home/s6chinwe/.vscode-server/bin/8b3775030ed1a69b13e4f4c628c612102e30a681/extensions/git/dist/main.js:2:1016450)
	at n.y (/home/s6chinwe/.vscode-server/bin/8b3775030ed1a69b13e4f4c628c612102e30a681/out/vs/workbench/api/node/extensionHostProcess.js:80:1902)
	at n.z (/home/s6chinwe/.vscode-server/bin/8b3775030ed1a69b13e4f4c628c612102e30a681/out/vs/workbench/api/node/extensionHostProcess.js:80:1972)
	at n.fire (/home/s6chinwe/.vscode-server/bin/8b3775030ed1a69b13e4f4c628c612102e30a681/out/vs/workbench/api/node/extensionHostProcess.js:80:2188)
	at Object.m [as dispose] (/home/s6chinwe/.vscode-server/bin/8b3775030ed1a69b13e4f4c628c612102e30a681/extensions/git/dist/main.js:2:940613)
	at /home/s6chinwe/.vscode-server/bin/8b3775030ed1a69b13e4f4c628c612102e30a681/extensions/git/dist/main.js:2:945566
	at Array.forEach (<anonymous>)
	at p.dispose (/home/s6chinwe/.vscode-server/bin/8b3775030ed1a69b13e4f4c628c612102e30a681/extensions/git/dist/main.js:2:945552)
	at l.<anonymous> (/home/s6chinwe/.vscode-server/bin/8b3775030ed1a69b13e4f4c628c612102e30a681/out/vs/workbench/api/node/extensionHostProcess.js:137:3620)
	at l.dispose (/home/s6chinwe/.vscode-server/bin/8b3775030ed1a69b13e4f4c628c612102e30a681/out/vs/workbench/api/node/extensionHostProcess.js:137:3717)
	at l.<anonymous> (/home/s6chinwe/.vscode-server/bin/8b3775030ed1a69b13e4f4c628c612102e30a681/extensions/git/dist/main.js:2:926708)
	at l.dispose (/home/s6chinwe/.vscode-server/bin/8b3775030ed1a69b13e4f4c628c612102e30a681/out/vs/workbench/api/node/extensionHostProcess.js:137:3717)
	at s (/home/s6chinwe/.vscode-server/bin/8b3775030ed1a69b13e4f4c628c612102e30a681/out/vs/workbench/api/node/extensionHostProcess.js:30:754)
	at f.cb (/home/s6chinwe/.vscode-server/bin/8b3775030ed1a69b13e4f4c628c612102e30a681/out/vs/workbench/api/node/extensionHostProcess.js:154:9873)
	at /home/s6chinwe/.vscode-server/bin/8b3775030ed1a69b13e4f4c628c612102e30a681/out/vs/workbench/api/node/extensionHostProcess.js:154:7808
	at Array.map (<anonymous>)
	at f.Y (/home/s6chinwe/.vscode-server/bin/8b3775030ed1a69b13e4f4c628c612102e30a681/out/vs/workbench/api/node/extensionHostProcess.js:154:7795)
	at f.terminate (/home/s6chinwe/.vscode-server/bin/8b3775030ed1a69b13e4f4c628c612102e30a681/out/vs/workbench/api/node/extensionHostProcess.js:154:8068)
	at s.terminate (/home/s6chinwe/.vscode-server/bin/8b3775030ed1a69b13e4f4c628c612102e30a681/out/vs/workbench/api/node/extensionHostProcess.js:158:1513)
	at a (/home/s6chinwe/.vscode-server/bin/8b3775030ed1a69b13e4f4c628c612102e30a681/out/vs/workbench/api/node/extensionHostProcess.js:171:9802)
	at N.a (/home/s6chinwe/.vscode-server/bin/8b3775030ed1a69b13e4f4c628c612102e30a681/out/vs/workbench/api/node/extensionHostProcess.js:171:6595)
	at N.h (/home/s6chinwe/.vscode-server/bin/8b3775030ed1a69b13e4f4c628c612102e30a681/out/vs/workbench/api/node/extensionHostProcess.js:97:20057)
	at listOnTimeout (node:internal/timers:569:17)
	at process.processTimers (node:internal/timers:512:7) setContext undefined
2024-02-01 04:54:08.178 [info] Extension host with pid 66827 exiting with code 0
2024-02-01 09:05:34.902 [info] Extension host with pid 362857 started
2024-02-01 09:05:34.928 [info] Lock '/home/s6chinwe/.vscode-server/data/User/workspaceStorage/d70c7ea3b8057b23e5a16c462a3e7102/vscode.lock': Lock acquired.
2024-02-01 09:05:35.071 [info] ExtensionService#_doActivateExtension vscode.emmet, startup: false, activationEvent: 'onLanguage'
2024-02-01 09:05:35.073 [info] ExtensionService#_doActivateExtension vscode.git-base, startup: false, activationEvent: '*', root cause: vscode.git
2024-02-01 09:05:35.074 [info] ExtensionService#_doActivateExtension vscode.tunnel-forwarding, startup: false, activationEvent: 'onTunnel'
2024-02-01 09:05:35.074 [info] ExtensionService#_doActivateExtension vscode.npm, startup: false, activationEvent: 'onTerminalQuickFixRequest:ms-vscode.npm-command'
2024-02-01 09:05:35.276 [info] ExtensionService#_doActivateExtension vscode.git, startup: false, activationEvent: '*'
2024-02-01 09:05:35.277 [info] ExtensionService#_doActivateExtension vscode.github, startup: false, activationEvent: '*'
2024-02-01 09:05:35.890 [warning] [Decorations] CAPPING events from decorations provider vscode.git 367
2024-02-01 09:05:35.935 [info] Eager extensions activated
2024-02-01 09:05:35.935 [info] ExtensionService#_doActivateExtension vscode.debug-auto-launch, startup: false, activationEvent: 'onStartupFinished'
2024-02-01 09:05:35.936 [info] ExtensionService#_doActivateExtension vscode.merge-conflict, startup: false, activationEvent: 'onStartupFinished'
2024-02-01 09:05:36.185 [warning] [Decorations] CAPPING events from decorations provider vscode.git 367
2024-02-01 10:19:38.796 [warning] [Decorations] CAPPING events from decorations provider vscode.git 367
2024-02-01 10:19:40.556 [warning] [Decorations] CAPPING events from decorations provider vscode.git 367
2024-02-01 10:23:08.276 [warning] [Decorations] CAPPING events from decorations provider vscode.git 367
2024-02-01 10:23:09.516 [warning] [Decorations] CAPPING events from decorations provider vscode.git 367
2024-02-01 10:29:40.035 [warning] [Decorations] CAPPING events from decorations provider vscode.git 367
2024-02-01 10:29:41.269 [warning] [Decorations] CAPPING events from decorations provider vscode.git 367
2024-02-01 10:45:16.119 [warning] [Decorations] CAPPING events from decorations provider vscode.git 367
2024-02-01 10:45:17.370 [warning] [Decorations] CAPPING events from decorations provider vscode.git 367
2024-02-01 10:52:07.685 [warning] [Decorations] CAPPING events from decorations provider vscode.git 367
2024-02-01 10:52:08.934 [warning] [Decorations] CAPPING events from decorations provider vscode.git 367
2024-02-01 11:00:15.269 [warning] [Decorations] CAPPING events from decorations provider vscode.git 367
2024-02-01 11:00:16.527 [warning] [Decorations] CAPPING events from decorations provider vscode.git 367
2024-02-01 11:03:15.682 [warning] [Decorations] CAPPING events from decorations provider vscode.git 367
2024-02-01 11:03:16.910 [warning] [Decorations] CAPPING events from decorations provider vscode.git 367
2024-02-01 11:19:05.233 [warning] [Decorations] CAPPING events from decorations provider vscode.git 367
2024-02-01 11:19:06.485 [warning] [Decorations] CAPPING events from decorations provider vscode.git 367
2024-02-01 11:23:49.552 [warning] [Decorations] CAPPING events from decorations provider vscode.git 367
2024-02-01 11:23:50.786 [warning] [Decorations] CAPPING events from decorations provider vscode.git 367
2024-02-01 11:28:58.889 [warning] [Decorations] CAPPING events from decorations provider vscode.git 367
2024-02-01 11:29:00.178 [warning] [Decorations] CAPPING events from decorations provider vscode.git 367
2024-02-01 11:35:06.971 [warning] [Decorations] CAPPING events from decorations provider vscode.git 367
2024-02-01 11:35:08.207 [warning] [Decorations] CAPPING events from decorations provider vscode.git 367
2024-02-01 11:41:31.932 [warning] [Decorations] CAPPING events from decorations provider vscode.git 367
2024-02-01 11:41:33.178 [warning] [Decorations] CAPPING events from decorations provider vscode.git 367
2024-02-01 11:57:22.668 [warning] [Decorations] CAPPING events from decorations provider vscode.git 367
2024-02-01 11:57:23.913 [warning] [Decorations] CAPPING events from decorations provider vscode.git 367
2024-02-01 12:00:27.930 [warning] [Decorations] CAPPING events from decorations provider vscode.git 367
2024-02-01 12:00:29.179 [warning] [Decorations] CAPPING events from decorations provider vscode.git 367
2024-02-01 12:03:28.147 [warning] [Decorations] CAPPING events from decorations provider vscode.git 367
2024-02-01 12:03:29.388 [warning] [Decorations] CAPPING events from decorations provider vscode.git 367
2024-02-01 12:06:28.378 [warning] [Decorations] CAPPING events from decorations provider vscode.git 367
2024-02-01 12:06:29.609 [warning] [Decorations] CAPPING events from decorations provider vscode.git 367
