2024-01-23 18:04:15.309 [info] Extension host with pid 632464 started
2024-01-23 18:04:15.332 [info] Lock '/home/s6chinwe/.vscode-server/data/User/workspaceStorage/265f34e7d57f32cf8761dd18fd195d9d/vscode.lock': Lock acquired.
2024-01-23 18:04:15.605 [info] ExtensionService#_doActivateExtension vscode.git-base, startup: false, activationEvent: '*', root cause: vscode.git
2024-01-23 18:04:15.607 [info] ExtensionService#_doActivateExtension vscode.emmet, startup: false, activationEvent: 'onLanguage'
2024-01-23 18:04:15.744 [info] ExtensionService#_doActivateExtension vscode.git, startup: false, activationEvent: '*'
2024-01-23 18:04:15.744 [info] ExtensionService#_doActivateExtension vscode.github, startup: false, activationEvent: '*'
2024-01-23 18:04:16.268 [info] Eager extensions activated
2024-01-23 18:04:16.268 [info] ExtensionService#_doActivateExtension vscode.debug-auto-launch, startup: false, activationEvent: 'onStartupFinished'
2024-01-23 18:04:16.269 [info] ExtensionService#_doActivateExtension vscode.merge-conflict, startup: false, activationEvent: 'onStartupFinished'
2024-01-23 18:04:16.515 [warning] [Decorations] CAPPING events from decorations provider vscode.git 367
2024-01-23 18:04:16.573 [warning] [Decorations] CAPPING events from decorations provider vscode.git 367
2024-01-23 18:15:17.922 [warning] [Decorations] CAPPING events from decorations provider vscode.git 367
2024-01-23 18:15:19.857 [warning] [Decorations] CAPPING events from decorations provider vscode.git 367
2024-01-23 18:18:18.151 [warning] [Decorations] CAPPING events from decorations provider vscode.git 367
2024-01-23 18:18:19.384 [warning] [Decorations] CAPPING events from decorations provider vscode.git 367
2024-01-23 18:21:18.372 [warning] [Decorations] CAPPING events from decorations provider vscode.git 367
2024-01-23 18:21:19.584 [warning] [Decorations] CAPPING events from decorations provider vscode.git 367
2024-01-23 18:24:18.645 [warning] [Decorations] CAPPING events from decorations provider vscode.git 367
2024-01-23 18:24:19.873 [warning] [Decorations] CAPPING events from decorations provider vscode.git 367
2024-01-23 18:27:18.895 [warning] [Decorations] CAPPING events from decorations provider vscode.git 367
2024-01-23 18:27:20.181 [warning] [Decorations] CAPPING events from decorations provider vscode.git 367
2024-01-23 18:30:19.132 [warning] [Decorations] CAPPING events from decorations provider vscode.git 367
2024-01-23 18:30:20.335 [warning] [Decorations] CAPPING events from decorations provider vscode.git 367
2024-01-23 18:33:19.353 [warning] [Decorations] CAPPING events from decorations provider vscode.git 367
2024-01-23 18:33:20.559 [warning] [Decorations] CAPPING events from decorations provider vscode.git 367
2024-01-23 18:36:19.571 [warning] [Decorations] CAPPING events from decorations provider vscode.git 367
2024-01-23 18:36:20.776 [warning] [Decorations] CAPPING events from decorations provider vscode.git 367
2024-01-23 18:39:19.783 [warning] [Decorations] CAPPING events from decorations provider vscode.git 367
2024-01-23 18:39:20.979 [warning] [Decorations] CAPPING events from decorations provider vscode.git 367
2024-01-23 18:42:20.000 [warning] [Decorations] CAPPING events from decorations provider vscode.git 367
2024-01-23 18:42:21.198 [warning] [Decorations] CAPPING events from decorations provider vscode.git 367
2024-01-23 18:45:20.206 [warning] [Decorations] CAPPING events from decorations provider vscode.git 367
2024-01-23 18:45:21.407 [warning] [Decorations] CAPPING events from decorations provider vscode.git 367
2024-01-23 18:48:33.432 [warning] [Decorations] CAPPING events from decorations provider vscode.git 367
2024-01-23 18:48:34.634 [warning] [Decorations] CAPPING events from decorations provider vscode.git 367
2024-01-23 18:52:16.766 [warning] [Decorations] CAPPING events from decorations provider vscode.git 367
2024-01-23 18:52:18.562 [warning] [Decorations] CAPPING events from decorations provider vscode.git 367
2024-01-23 18:55:16.962 [warning] [Decorations] CAPPING events from decorations provider vscode.git 367
2024-01-23 18:55:18.167 [warning] [Decorations] CAPPING events from decorations provider vscode.git 367
2024-01-23 18:58:17.183 [warning] [Decorations] CAPPING events from decorations provider vscode.git 367
2024-01-23 18:58:18.381 [warning] [Decorations] CAPPING events from decorations provider vscode.git 367
2024-01-23 19:01:17.404 [warning] [Decorations] CAPPING events from decorations provider vscode.git 367
2024-01-23 19:01:18.608 [warning] [Decorations] CAPPING events from decorations provider vscode.git 367
2024-01-23 19:04:17.624 [warning] [Decorations] CAPPING events from decorations provider vscode.git 367
2024-01-23 19:04:18.872 [warning] [Decorations] CAPPING events from decorations provider vscode.git 367
2024-01-23 19:07:17.849 [warning] [Decorations] CAPPING events from decorations provider vscode.git 367
2024-01-23 19:07:19.048 [warning] [Decorations] CAPPING events from decorations provider vscode.git 367
2024-01-23 19:10:18.060 [warning] [Decorations] CAPPING events from decorations provider vscode.git 367
2024-01-23 19:10:19.253 [warning] [Decorations] CAPPING events from decorations provider vscode.git 367
2024-01-23 19:14:14.293 [warning] [Decorations] CAPPING events from decorations provider vscode.git 367
2024-01-23 19:14:15.489 [warning] [Decorations] CAPPING events from decorations provider vscode.git 367
2024-01-23 19:46:36.139 [info] ExtensionService#_doActivateExtension vscode.npm, startup: false, activationEvent: 'onTerminalQuickFixRequest:ms-vscode.npm-command'
2024-01-23 20:11:55.600 [error] Error: read ECONNRESET
	at TCP.onStreamRead (node:internal/stream_base_commons:217:20)
2024-01-23 20:29:20.741 [error] Error: read ECONNRESET
	at TCP.onStreamRead (node:internal/stream_base_commons:217:20)
2024-01-23 21:59:58.659 [warning] [Decorations] CAPPING events from decorations provider vscode.git 367
2024-01-23 22:00:00.027 [warning] [Decorations] CAPPING events from decorations provider vscode.git 367
2024-01-23 22:03:50.552 [warning] [Decorations] CAPPING events from decorations provider vscode.git 367
2024-01-23 22:03:51.764 [warning] [Decorations] CAPPING events from decorations provider vscode.git 367
2024-01-23 22:06:51.791 [warning] [Decorations] CAPPING events from decorations provider vscode.git 367
2024-01-23 22:06:52.927 [warning] [Decorations] CAPPING events from decorations provider vscode.git 367
2024-01-23 22:09:52.015 [warning] [Decorations] CAPPING events from decorations provider vscode.git 367
2024-01-23 22:09:53.218 [warning] [Decorations] CAPPING events from decorations provider vscode.git 367
2024-01-23 22:12:52.226 [warning] [Decorations] CAPPING events from decorations provider vscode.git 367
2024-01-23 22:12:53.424 [warning] [Decorations] CAPPING events from decorations provider vscode.git 367
2024-01-23 22:16:03.546 [warning] [Decorations] CAPPING events from decorations provider vscode.git 367
2024-01-23 22:16:04.764 [warning] [Decorations] CAPPING events from decorations provider vscode.git 367
2024-01-23 22:19:03.755 [warning] [Decorations] CAPPING events from decorations provider vscode.git 367
2024-01-23 22:19:04.959 [warning] [Decorations] CAPPING events from decorations provider vscode.git 367
2024-01-23 22:24:04.324 [warning] [Decorations] CAPPING events from decorations provider vscode.git 367
2024-01-23 22:24:05.529 [warning] [Decorations] CAPPING events from decorations provider vscode.git 367
2024-01-23 22:27:04.541 [warning] [Decorations] CAPPING events from decorations provider vscode.git 367
2024-01-23 22:27:05.741 [warning] [Decorations] CAPPING events from decorations provider vscode.git 367
2024-01-23 22:30:04.769 [warning] [Decorations] CAPPING events from decorations provider vscode.git 367
2024-01-23 22:30:05.966 [warning] [Decorations] CAPPING events from decorations provider vscode.git 367
2024-01-23 22:33:44.323 [warning] [Decorations] CAPPING events from decorations provider vscode.git 367
2024-01-23 22:33:45.536 [warning] [Decorations] CAPPING events from decorations provider vscode.git 367
2024-01-23 22:38:39.348 [warning] [Decorations] CAPPING events from decorations provider vscode.git 367
2024-01-23 22:38:40.623 [warning] [Decorations] CAPPING events from decorations provider vscode.git 367
2024-01-23 22:41:52.220 [warning] [Decorations] CAPPING events from decorations provider vscode.git 367
2024-01-23 22:41:53.420 [warning] [Decorations] CAPPING events from decorations provider vscode.git 367
2024-01-23 22:45:04.674 [warning] [Decorations] CAPPING events from decorations provider vscode.git 367
2024-01-23 22:45:05.877 [warning] [Decorations] CAPPING events from decorations provider vscode.git 367
2024-01-23 22:48:04.907 [warning] [Decorations] CAPPING events from decorations provider vscode.git 367
2024-01-23 22:48:06.108 [warning] [Decorations] CAPPING events from decorations provider vscode.git 367
2024-01-23 22:53:22.483 [warning] [Decorations] CAPPING events from decorations provider vscode.git 367
2024-01-23 22:53:23.683 [warning] [Decorations] CAPPING events from decorations provider vscode.git 367
2024-01-23 22:56:39.300 [warning] [Decorations] CAPPING events from decorations provider vscode.git 367
2024-01-23 22:56:40.503 [warning] [Decorations] CAPPING events from decorations provider vscode.git 367
2024-01-23 22:59:39.513 [warning] [Decorations] CAPPING events from decorations provider vscode.git 367
2024-01-23 22:59:40.710 [warning] [Decorations] CAPPING events from decorations provider vscode.git 367
2024-01-23 23:02:39.740 [warning] [Decorations] CAPPING events from decorations provider vscode.git 367
2024-01-23 23:02:40.944 [warning] [Decorations] CAPPING events from decorations provider vscode.git 367
2024-01-23 23:09:54.296 [warning] [Decorations] CAPPING events from decorations provider vscode.git 367
2024-01-23 23:09:55.493 [warning] [Decorations] CAPPING events from decorations provider vscode.git 367
2024-01-23 23:20:13.771 [warning] [Decorations] CAPPING events from decorations provider vscode.git 367
2024-01-23 23:20:14.987 [warning] [Decorations] CAPPING events from decorations provider vscode.git 367
2024-01-24 00:45:47.550 [error] Error: read ECONNRESET
	at TCP.onStreamRead (node:internal/stream_base_commons:217:20)
2024-01-24 00:52:40.007 [warning] [Decorations] CAPPING events from decorations provider vscode.git 367
2024-01-24 00:52:41.289 [warning] [Decorations] CAPPING events from decorations provider vscode.git 367
2024-01-24 01:01:24.114 [warning] [Decorations] CAPPING events from decorations provider vscode.git 367
2024-01-24 01:01:25.320 [warning] [Decorations] CAPPING events from decorations provider vscode.git 367
2024-01-24 01:07:19.181 [warning] [Decorations] CAPPING events from decorations provider vscode.git 367
2024-01-24 01:07:20.402 [warning] [Decorations] CAPPING events from decorations provider vscode.git 367
2024-01-24 01:10:19.394 [warning] [Decorations] CAPPING events from decorations provider vscode.git 367
2024-01-24 01:10:20.601 [warning] [Decorations] CAPPING events from decorations provider vscode.git 367
2024-01-24 01:13:19.604 [warning] [Decorations] CAPPING events from decorations provider vscode.git 367
2024-01-24 01:13:20.805 [warning] [Decorations] CAPPING events from decorations provider vscode.git 367
2024-01-24 01:16:19.838 [warning] [Decorations] CAPPING events from decorations provider vscode.git 367
2024-01-24 01:16:21.032 [warning] [Decorations] CAPPING events from decorations provider vscode.git 367
2024-01-24 01:19:42.737 [warning] [Decorations] CAPPING events from decorations provider vscode.git 367
2024-01-24 01:19:44.597 [warning] [Decorations] CAPPING events from decorations provider vscode.git 367
2024-01-24 01:22:53.150 [warning] [Decorations] CAPPING events from decorations provider vscode.git 367
2024-01-24 01:22:55.114 [warning] [Decorations] CAPPING events from decorations provider vscode.git 367
2024-01-24 01:25:53.357 [warning] [Decorations] CAPPING events from decorations provider vscode.git 367
2024-01-24 01:25:55.292 [warning] [Decorations] CAPPING events from decorations provider vscode.git 367
2024-01-24 01:29:02.158 [warning] [Decorations] CAPPING events from decorations provider vscode.git 367
2024-01-24 01:29:03.732 [warning] [Decorations] CAPPING events from decorations provider vscode.git 367
2024-01-24 01:32:02.389 [warning] [Decorations] CAPPING events from decorations provider vscode.git 367
2024-01-24 01:32:03.600 [warning] [Decorations] CAPPING events from decorations provider vscode.git 367
2024-01-24 01:50:37.925 [warning] [Decorations] CAPPING events from decorations provider vscode.git 367
2024-01-24 01:50:39.585 [warning] [Decorations] CAPPING events from decorations provider vscode.git 367
2024-01-24 01:53:47.598 [warning] [Decorations] CAPPING events from decorations provider vscode.git 367
2024-01-24 01:53:49.067 [warning] [Decorations] CAPPING events from decorations provider vscode.git 367
2024-01-24 01:56:47.828 [warning] [Decorations] CAPPING events from decorations provider vscode.git 367
2024-01-24 01:56:49.222 [warning] [Decorations] CAPPING events from decorations provider vscode.git 367
2024-01-24 02:00:41.175 [warning] [Decorations] CAPPING events from decorations provider vscode.git 367
2024-01-24 02:00:43.065 [warning] [Decorations] CAPPING events from decorations provider vscode.git 367
2024-01-24 02:03:41.409 [warning] [Decorations] CAPPING events from decorations provider vscode.git 367
2024-01-24 02:03:42.599 [warning] [Decorations] CAPPING events from decorations provider vscode.git 367
2024-01-24 02:19:27.302 [warning] [Decorations] CAPPING events from decorations provider vscode.git 367
2024-01-24 02:19:28.556 [warning] [Decorations] CAPPING events from decorations provider vscode.git 367
2024-01-24 02:33:29.484 [warning] [Decorations] CAPPING events from decorations provider vscode.git 367
2024-01-24 02:33:29.699 [warning] [Decorations] CAPPING events from decorations provider vscode.git 367
2024-01-24 02:33:34.530 [warning] [Decorations] CAPPING events from decorations provider vscode.git 367
2024-01-24 02:46:37.206 [warning] [Decorations] CAPPING events from decorations provider vscode.git 367
2024-01-24 02:46:38.575 [warning] [Decorations] CAPPING events from decorations provider vscode.git 367
2024-01-24 02:49:37.514 [warning] [Decorations] CAPPING events from decorations provider vscode.git 367
2024-01-24 02:49:38.966 [warning] [Decorations] CAPPING events from decorations provider vscode.git 367
2024-01-24 02:54:03.147 [warning] [Decorations] CAPPING events from decorations provider vscode.git 367
2024-01-24 02:54:04.562 [warning] [Decorations] CAPPING events from decorations provider vscode.git 367
2024-01-24 02:57:03.437 [warning] [Decorations] CAPPING events from decorations provider vscode.git 367
2024-01-24 02:57:04.662 [warning] [Decorations] CAPPING events from decorations provider vscode.git 367
2024-01-24 03:11:25.784 [warning] [Decorations] CAPPING events from decorations provider vscode.git 367
2024-01-24 03:11:27.033 [warning] [Decorations] CAPPING events from decorations provider vscode.git 367
2024-01-24 03:14:25.997 [warning] [Decorations] CAPPING events from decorations provider vscode.git 367
2024-01-24 03:14:27.205 [warning] [Decorations] CAPPING events from decorations provider vscode.git 367
2024-01-24 03:17:52.256 [warning] [Decorations] CAPPING events from decorations provider vscode.git 367
2024-01-24 03:17:53.459 [warning] [Decorations] CAPPING events from decorations provider vscode.git 367
2024-01-24 03:20:52.461 [warning] [Decorations] CAPPING events from decorations provider vscode.git 367
2024-01-24 03:20:53.659 [warning] [Decorations] CAPPING events from decorations provider vscode.git 367
2024-01-24 03:23:52.711 [warning] [Decorations] CAPPING events from decorations provider vscode.git 367
2024-01-24 03:23:53.910 [warning] [Decorations] CAPPING events from decorations provider vscode.git 367
2024-01-24 07:23:43.297 [info] Extension host terminating: renderer disconnected for too long (1)
2024-01-24 07:23:43.299 [info] Lock '/home/s6chinwe/.vscode-server/data/User/workspaceStorage/265f34e7d57f32cf8761dd18fd195d9d/vscode.lock': Marking the lockfile as scheduled to be released in 6000 ms.
2024-01-24 07:23:43.350 [error] Canceled: Canceled
	at new g (/home/s6chinwe/.vscode-server/bin/0ee08df0cf4527e40edc9aa28f4b5bd38bbff2b2/out/vs/workbench/api/node/extensionHostProcess.js:141:110274)
	at u.U (/home/s6chinwe/.vscode-server/bin/0ee08df0cf4527e40edc9aa28f4b5bd38bbff2b2/out/vs/workbench/api/node/extensionHostProcess.js:150:10866)
	at P.<computed>.j.charCodeAt.P.<computed> (/home/s6chinwe/.vscode-server/bin/0ee08df0cf4527e40edc9aa28f4b5bd38bbff2b2/out/vs/workbench/api/node/extensionHostProcess.js:150:8317)
	at d.g (/home/s6chinwe/.vscode-server/bin/0ee08df0cf4527e40edc9aa28f4b5bd38bbff2b2/out/vs/workbench/api/node/extensionHostProcess.js:141:139555)
	at d.executeCommand (/home/s6chinwe/.vscode-server/bin/0ee08df0cf4527e40edc9aa28f4b5bd38bbff2b2/out/vs/workbench/api/node/extensionHostProcess.js:141:138993)
	at b.registerCommand.description (/home/s6chinwe/.vscode-server/bin/0ee08df0cf4527e40edc9aa28f4b5bd38bbff2b2/out/vs/workbench/api/node/extensionHostProcess.js:141:138317)
	at d.h (/home/s6chinwe/.vscode-server/bin/0ee08df0cf4527e40edc9aa28f4b5bd38bbff2b2/out/vs/workbench/api/node/extensionHostProcess.js:141:140094)
	at d.g (/home/s6chinwe/.vscode-server/bin/0ee08df0cf4527e40edc9aa28f4b5bd38bbff2b2/out/vs/workbench/api/node/extensionHostProcess.js:141:139086)
	at d.executeCommand (/home/s6chinwe/.vscode-server/bin/0ee08df0cf4527e40edc9aa28f4b5bd38bbff2b2/out/vs/workbench/api/node/extensionHostProcess.js:141:138993)
	at Object.executeCommand (/home/s6chinwe/.vscode-server/bin/0ee08df0cf4527e40edc9aa28f4b5bd38bbff2b2/out/vs/workbench/api/node/extensionHostProcess.js:158:21333)
	at f.I [as value] (/home/s6chinwe/.vscode-server/bin/0ee08df0cf4527e40edc9aa28f4b5bd38bbff2b2/extensions/git/dist/main.js:2:924696)
	at n.y (/home/s6chinwe/.vscode-server/bin/0ee08df0cf4527e40edc9aa28f4b5bd38bbff2b2/out/vs/workbench/api/node/extensionHostProcess.js:80:1902)
	at n.z (/home/s6chinwe/.vscode-server/bin/0ee08df0cf4527e40edc9aa28f4b5bd38bbff2b2/out/vs/workbench/api/node/extensionHostProcess.js:80:1972)
	at n.fire (/home/s6chinwe/.vscode-server/bin/0ee08df0cf4527e40edc9aa28f4b5bd38bbff2b2/out/vs/workbench/api/node/extensionHostProcess.js:80:2188)
	at Object.m [as dispose] (/home/s6chinwe/.vscode-server/bin/0ee08df0cf4527e40edc9aa28f4b5bd38bbff2b2/extensions/git/dist/main.js:2:940613)
	at /home/s6chinwe/.vscode-server/bin/0ee08df0cf4527e40edc9aa28f4b5bd38bbff2b2/extensions/git/dist/main.js:2:945566
	at Array.forEach (<anonymous>)
	at p.dispose (/home/s6chinwe/.vscode-server/bin/0ee08df0cf4527e40edc9aa28f4b5bd38bbff2b2/extensions/git/dist/main.js:2:945552)
	at l.<anonymous> (/home/s6chinwe/.vscode-server/bin/0ee08df0cf4527e40edc9aa28f4b5bd38bbff2b2/out/vs/workbench/api/node/extensionHostProcess.js:137:3620)
	at l.dispose (/home/s6chinwe/.vscode-server/bin/0ee08df0cf4527e40edc9aa28f4b5bd38bbff2b2/out/vs/workbench/api/node/extensionHostProcess.js:137:3717)
	at l.<anonymous> (/home/s6chinwe/.vscode-server/bin/0ee08df0cf4527e40edc9aa28f4b5bd38bbff2b2/extensions/git/dist/main.js:2:926708)
	at l.dispose (/home/s6chinwe/.vscode-server/bin/0ee08df0cf4527e40edc9aa28f4b5bd38bbff2b2/out/vs/workbench/api/node/extensionHostProcess.js:137:3717)
	at s (/home/s6chinwe/.vscode-server/bin/0ee08df0cf4527e40edc9aa28f4b5bd38bbff2b2/out/vs/workbench/api/node/extensionHostProcess.js:30:754)
	at f.cb (/home/s6chinwe/.vscode-server/bin/0ee08df0cf4527e40edc9aa28f4b5bd38bbff2b2/out/vs/workbench/api/node/extensionHostProcess.js:154:9873)
	at /home/s6chinwe/.vscode-server/bin/0ee08df0cf4527e40edc9aa28f4b5bd38bbff2b2/out/vs/workbench/api/node/extensionHostProcess.js:154:7808
	at Array.map (<anonymous>)
	at f.Y (/home/s6chinwe/.vscode-server/bin/0ee08df0cf4527e40edc9aa28f4b5bd38bbff2b2/out/vs/workbench/api/node/extensionHostProcess.js:154:7795)
	at f.terminate (/home/s6chinwe/.vscode-server/bin/0ee08df0cf4527e40edc9aa28f4b5bd38bbff2b2/out/vs/workbench/api/node/extensionHostProcess.js:154:8068)
	at s.terminate (/home/s6chinwe/.vscode-server/bin/0ee08df0cf4527e40edc9aa28f4b5bd38bbff2b2/out/vs/workbench/api/node/extensionHostProcess.js:158:1513)
	at a (/home/s6chinwe/.vscode-server/bin/0ee08df0cf4527e40edc9aa28f4b5bd38bbff2b2/out/vs/workbench/api/node/extensionHostProcess.js:171:9802)
	at N.a (/home/s6chinwe/.vscode-server/bin/0ee08df0cf4527e40edc9aa28f4b5bd38bbff2b2/out/vs/workbench/api/node/extensionHostProcess.js:171:6532)
	at N.h (/home/s6chinwe/.vscode-server/bin/0ee08df0cf4527e40edc9aa28f4b5bd38bbff2b2/out/vs/workbench/api/node/extensionHostProcess.js:97:20057)
	at listOnTimeout (node:internal/timers:569:17)
	at process.processTimers (node:internal/timers:512:7) setContext undefined
2024-01-24 07:23:43.352 [error] Canceled: Canceled
	at new g (/home/s6chinwe/.vscode-server/bin/0ee08df0cf4527e40edc9aa28f4b5bd38bbff2b2/out/vs/workbench/api/node/extensionHostProcess.js:141:110274)
	at u.U (/home/s6chinwe/.vscode-server/bin/0ee08df0cf4527e40edc9aa28f4b5bd38bbff2b2/out/vs/workbench/api/node/extensionHostProcess.js:150:10866)
	at P.<computed>.j.charCodeAt.P.<computed> (/home/s6chinwe/.vscode-server/bin/0ee08df0cf4527e40edc9aa28f4b5bd38bbff2b2/out/vs/workbench/api/node/extensionHostProcess.js:150:8317)
	at d.g (/home/s6chinwe/.vscode-server/bin/0ee08df0cf4527e40edc9aa28f4b5bd38bbff2b2/out/vs/workbench/api/node/extensionHostProcess.js:141:139555)
	at d.executeCommand (/home/s6chinwe/.vscode-server/bin/0ee08df0cf4527e40edc9aa28f4b5bd38bbff2b2/out/vs/workbench/api/node/extensionHostProcess.js:141:138993)
	at b.registerCommand.description (/home/s6chinwe/.vscode-server/bin/0ee08df0cf4527e40edc9aa28f4b5bd38bbff2b2/out/vs/workbench/api/node/extensionHostProcess.js:141:138317)
	at d.h (/home/s6chinwe/.vscode-server/bin/0ee08df0cf4527e40edc9aa28f4b5bd38bbff2b2/out/vs/workbench/api/node/extensionHostProcess.js:141:140094)
	at d.g (/home/s6chinwe/.vscode-server/bin/0ee08df0cf4527e40edc9aa28f4b5bd38bbff2b2/out/vs/workbench/api/node/extensionHostProcess.js:141:139086)
	at d.executeCommand (/home/s6chinwe/.vscode-server/bin/0ee08df0cf4527e40edc9aa28f4b5bd38bbff2b2/out/vs/workbench/api/node/extensionHostProcess.js:141:138993)
	at Object.executeCommand (/home/s6chinwe/.vscode-server/bin/0ee08df0cf4527e40edc9aa28f4b5bd38bbff2b2/out/vs/workbench/api/node/extensionHostProcess.js:158:21333)
	at set b [as b] (/home/s6chinwe/.vscode-server/bin/0ee08df0cf4527e40edc9aa28f4b5bd38bbff2b2/extensions/github/dist/extension.js:2:322364)
	at /home/s6chinwe/.vscode-server/bin/0ee08df0cf4527e40edc9aa28f4b5bd38bbff2b2/extensions/github/dist/extension.js:2:323005
	at f.value (/home/s6chinwe/.vscode-server/bin/0ee08df0cf4527e40edc9aa28f4b5bd38bbff2b2/extensions/git/dist/main.js:2:1016450)
	at n.y (/home/s6chinwe/.vscode-server/bin/0ee08df0cf4527e40edc9aa28f4b5bd38bbff2b2/out/vs/workbench/api/node/extensionHostProcess.js:80:1902)
	at n.z (/home/s6chinwe/.vscode-server/bin/0ee08df0cf4527e40edc9aa28f4b5bd38bbff2b2/out/vs/workbench/api/node/extensionHostProcess.js:80:1972)
	at n.fire (/home/s6chinwe/.vscode-server/bin/0ee08df0cf4527e40edc9aa28f4b5bd38bbff2b2/out/vs/workbench/api/node/extensionHostProcess.js:80:2188)
	at Object.m [as dispose] (/home/s6chinwe/.vscode-server/bin/0ee08df0cf4527e40edc9aa28f4b5bd38bbff2b2/extensions/git/dist/main.js:2:940613)
	at /home/s6chinwe/.vscode-server/bin/0ee08df0cf4527e40edc9aa28f4b5bd38bbff2b2/extensions/git/dist/main.js:2:945566
	at Array.forEach (<anonymous>)
	at p.dispose (/home/s6chinwe/.vscode-server/bin/0ee08df0cf4527e40edc9aa28f4b5bd38bbff2b2/extensions/git/dist/main.js:2:945552)
	at l.<anonymous> (/home/s6chinwe/.vscode-server/bin/0ee08df0cf4527e40edc9aa28f4b5bd38bbff2b2/out/vs/workbench/api/node/extensionHostProcess.js:137:3620)
	at l.dispose (/home/s6chinwe/.vscode-server/bin/0ee08df0cf4527e40edc9aa28f4b5bd38bbff2b2/out/vs/workbench/api/node/extensionHostProcess.js:137:3717)
	at l.<anonymous> (/home/s6chinwe/.vscode-server/bin/0ee08df0cf4527e40edc9aa28f4b5bd38bbff2b2/extensions/git/dist/main.js:2:926708)
	at l.dispose (/home/s6chinwe/.vscode-server/bin/0ee08df0cf4527e40edc9aa28f4b5bd38bbff2b2/out/vs/workbench/api/node/extensionHostProcess.js:137:3717)
	at s (/home/s6chinwe/.vscode-server/bin/0ee08df0cf4527e40edc9aa28f4b5bd38bbff2b2/out/vs/workbench/api/node/extensionHostProcess.js:30:754)
	at f.cb (/home/s6chinwe/.vscode-server/bin/0ee08df0cf4527e40edc9aa28f4b5bd38bbff2b2/out/vs/workbench/api/node/extensionHostProcess.js:154:9873)
	at /home/s6chinwe/.vscode-server/bin/0ee08df0cf4527e40edc9aa28f4b5bd38bbff2b2/out/vs/workbench/api/node/extensionHostProcess.js:154:7808
	at Array.map (<anonymous>)
	at f.Y (/home/s6chinwe/.vscode-server/bin/0ee08df0cf4527e40edc9aa28f4b5bd38bbff2b2/out/vs/workbench/api/node/extensionHostProcess.js:154:7795)
	at f.terminate (/home/s6chinwe/.vscode-server/bin/0ee08df0cf4527e40edc9aa28f4b5bd38bbff2b2/out/vs/workbench/api/node/extensionHostProcess.js:154:8068)
	at s.terminate (/home/s6chinwe/.vscode-server/bin/0ee08df0cf4527e40edc9aa28f4b5bd38bbff2b2/out/vs/workbench/api/node/extensionHostProcess.js:158:1513)
	at a (/home/s6chinwe/.vscode-server/bin/0ee08df0cf4527e40edc9aa28f4b5bd38bbff2b2/out/vs/workbench/api/node/extensionHostProcess.js:171:9802)
	at N.a (/home/s6chinwe/.vscode-server/bin/0ee08df0cf4527e40edc9aa28f4b5bd38bbff2b2/out/vs/workbench/api/node/extensionHostProcess.js:171:6532)
	at N.h (/home/s6chinwe/.vscode-server/bin/0ee08df0cf4527e40edc9aa28f4b5bd38bbff2b2/out/vs/workbench/api/node/extensionHostProcess.js:97:20057)
	at listOnTimeout (node:internal/timers:569:17)
	at process.processTimers (node:internal/timers:512:7) setContext undefined
2024-01-24 07:23:43.352 [info] Extension host with pid 632464 exiting with code 0
