2024-01-25 11:20:27.057 [info] Log level: Info
2024-01-25 11:20:27.057 [info] Validating found git in: "git"
2024-01-25 11:20:27.057 [info] Using git "2.34.1" from "git"
2024-01-25 11:20:27.057 [info] > git rev-parse --show-toplevel [36ms]
2024-01-25 11:20:27.057 [info] > git rev-parse --git-dir --git-common-dir [2ms]
2024-01-25 11:20:27.057 [info] Open repository: /home/s6chinwe/s6chinwe-espresso-app
2024-01-25 11:20:27.057 [info] > git fetch [20ms]
2024-01-25 11:20:27.057 [info] > git rev-parse --show-toplevel [10ms]
2024-01-25 11:20:27.057 [info] > git config --get commit.template [20ms]
2024-01-25 11:20:27.057 [info] > git config --get commit.template [8ms]
2024-01-25 11:20:27.057 [info] No remotes found in the git config file.
2024-01-25 11:20:27.057 [info] No remotes found in the git config file.
2024-01-25 11:20:27.057 [info] > git for-each-ref --format=%(refname)%00%(upstream:short)%00%(objectname)%00%(upstream:track)%00%(upstream:remotename)%00%(upstream:remoteref) refs/heads/main refs/remotes/main [8ms]
2024-01-25 11:20:27.057 [info] > git for-each-ref --format=%(refname)%00%(upstream:short)%00%(objectname)%00%(upstream:track)%00%(upstream:remotename)%00%(upstream:remoteref) refs/heads/main refs/remotes/main [11ms]
2024-01-25 11:20:27.057 [info] > git config --get commit.template [4ms]
2024-01-25 11:20:27.057 [info] No remotes found in the git config file.
2024-01-25 11:20:27.057 [info] > git for-each-ref --format=%(refname)%00%(upstream:short)%00%(objectname)%00%(upstream:track)%00%(upstream:remotename)%00%(upstream:remoteref) refs/heads/main refs/remotes/main [2ms]
2024-01-25 11:20:27.057 [info] > git status -z -uall [2ms]
2024-01-25 11:20:32.430 [info] No remotes found in the git config file.
2024-01-25 11:20:32.438 [info] > git for-each-ref --format=%(refname)%00%(upstream:short)%00%(objectname)%00%(upstream:track)%00%(upstream:remotename)%00%(upstream:remoteref) refs/heads/main refs/remotes/main [1ms]
2024-01-25 11:20:32.440 [info] > git config --get commit.template [11ms]
2024-01-25 11:20:32.450 [info] > git status -z -uall [2ms]
2024-01-25 11:20:37.157 [info] > git check-ignore -v -z --stdin [2ms]
2024-01-25 11:20:43.589 [info] > git check-ignore -v -z --stdin [2ms]
2024-01-25 11:20:46.824 [info] > git check-ignore -v -z --stdin [1ms]
2024-01-25 11:20:50.372 [info] > git check-ignore -v -z --stdin [2ms]
2024-01-25 11:21:13.860 [info] > git show --textconv :README.md [10ms]
2024-01-25 11:21:13.862 [info] > git ls-files --stage -- /home/s6chinwe/s6chinwe-espresso-app/README.md [3ms]
2024-01-25 11:21:13.871 [info] > git cat-file -s 7f8b4aef242764640f3b6bedfdd181f06aca1669 [2ms]
