2024-01-25 11:16:22.793 [info] Log level: Info
2024-01-25 11:16:22.793 [info] Validating found git in: "git"
2024-01-25 11:16:22.793 [info] Using git "2.34.1" from "git"
2024-01-25 11:16:22.793 [info] > git rev-parse --show-toplevel [3ms]
2024-01-25 11:16:22.793 [info] > git rev-parse --git-dir --git-common-dir [2ms]
2024-01-25 11:16:22.793 [info] Open repository: /home/s6chinwe/S6-PROJECTS
2024-01-25 11:16:22.793 [info] > git config --get commit.template [8ms]
2024-01-25 11:16:22.793 [info] > git rev-parse --show-toplevel [6ms]
2024-01-25 11:16:22.793 [info] > git for-each-ref --format=%(refname)%00%(upstream:short)%00%(objectname)%00%(upstream:track)%00%(upstream:remotename)%00%(upstream:remoteref) refs/heads/main refs/remotes/main [4ms]
2024-01-25 11:16:22.793 [warning] ENOENT: no such file or directory, open '/home/s6chinwe/S6-PROJECTS/.git/refs/remotes/origin/main'
2024-01-25 11:16:22.793 [info] > git rev-parse refs/remotes/origin/main [1ms]
2024-01-25 11:16:22.793 [info] > git status -z -uall [8ms]
2024-01-25 11:16:22.793 [info] > git config --get commit.template [2ms]
2024-01-25 11:16:22.793 [info] > git for-each-ref --format=%(refname)%00%(upstream:short)%00%(objectname)%00%(upstream:track)%00%(upstream:remotename)%00%(upstream:remoteref) refs/heads/main refs/remotes/main [3ms]
2024-01-25 11:16:22.793 [warning] ENOENT: no such file or directory, open '/home/s6chinwe/S6-PROJECTS/.git/refs/remotes/origin/main'
2024-01-25 11:16:22.793 [info] > git rev-parse refs/remotes/origin/main [1ms]
2024-01-25 11:16:22.793 [info] > git status -z -uall [5ms]
2024-01-25 11:16:22.793 [info] > git fetch [492ms]
2024-01-25 11:16:22.793 [info] From https://github.com/DEL-ORG/S6-PROJECTS
   298e3e1..d07782d  main       -> origin/main
 * [new branch]      s5emile    -> origin/s5emile
2024-01-25 11:16:22.793 [info] > git config --get commit.template [8ms]
2024-01-25 11:16:22.793 [info] > git for-each-ref --format=%(refname)%00%(upstream:short)%00%(objectname)%00%(upstream:track)%00%(upstream:remotename)%00%(upstream:remoteref) refs/heads/main refs/remotes/main [6ms]
2024-01-25 11:16:22.793 [info] > git status -z -uall [7ms]
2024-01-25 11:16:23.784 [info] > git check-ignore -v -z --stdin [2ms]
2024-01-25 11:16:27.788 [info] > git config --get commit.template [7ms]
2024-01-25 11:16:27.789 [info] > git for-each-ref --format=%(refname)%00%(upstream:short)%00%(objectname)%00%(upstream:track)%00%(upstream:remotename)%00%(upstream:remoteref) refs/heads/main refs/remotes/main [3ms]
2024-01-25 11:16:27.802 [info] > git status -z -uall [5ms]
2024-01-25 11:16:31.478 [info] > git check-ignore -v -z --stdin [2ms]
2024-01-25 11:16:34.675 [info] > git check-ignore -v -z --stdin [1ms]
2024-01-25 11:16:50.505 [info] > git check-ignore -v -z --stdin [1ms]
