2024-01-25 11:13:42.328 [info] Log level: Info
2024-01-25 11:13:42.328 [info] Validating found git in: "git"
2024-01-25 11:13:42.328 [info] Using git "2.34.1" from "git"
2024-01-25 11:13:42.328 [info] > git rev-parse --show-toplevel [2ms]
2024-01-25 11:13:42.328 [info] > git rev-parse --git-dir --git-common-dir [2ms]
2024-01-25 11:13:42.328 [info] Open repository: /home/s6chinwe/s6chinwe-espresso-app
2024-01-25 11:13:42.328 [info] > git fetch [16ms]
2024-01-25 11:13:42.328 [info] > git rev-parse --show-toplevel [9ms]
2024-01-25 11:13:42.328 [info] > git config --get commit.template [20ms]
2024-01-25 11:13:42.328 [info] > git config --get commit.template [9ms]
2024-01-25 11:13:42.328 [info] No remotes found in the git config file.
2024-01-25 11:13:42.328 [info] No remotes found in the git config file.
2024-01-25 11:13:42.328 [info] > git for-each-ref --format=%(refname)%00%(upstream:short)%00%(objectname)%00%(upstream:track)%00%(upstream:remotename)%00%(upstream:remoteref) refs/heads/main refs/remotes/main [8ms]
2024-01-25 11:13:42.328 [info] > git for-each-ref --format=%(refname)%00%(upstream:short)%00%(objectname)%00%(upstream:track)%00%(upstream:remotename)%00%(upstream:remoteref) refs/heads/main refs/remotes/main [19ms]
2024-01-25 11:13:42.328 [info] > git config --get commit.template [11ms]
2024-01-25 11:13:42.328 [info] No remotes found in the git config file.
2024-01-25 11:13:42.328 [info] > git for-each-ref --format=%(refname)%00%(upstream:short)%00%(objectname)%00%(upstream:track)%00%(upstream:remotename)%00%(upstream:remoteref) refs/heads/main refs/remotes/main [4ms]
2024-01-25 11:13:42.328 [info] > git status -z -uall [8ms]
2024-01-25 11:13:42.993 [info] > git check-ignore -v -z --stdin [1ms]
2024-01-25 11:13:45.306 [info] No remotes found in the git config file.
2024-01-25 11:13:45.307 [info] > git config --get commit.template [8ms]
2024-01-25 11:13:45.309 [info] > git for-each-ref --format=%(refname)%00%(upstream:short)%00%(objectname)%00%(upstream:track)%00%(upstream:remotename)%00%(upstream:remoteref) refs/heads/main refs/remotes/main [3ms]
2024-01-25 11:13:45.316 [info] > git status -z -uall [2ms]
2024-01-25 11:13:48.265 [info] > git check-ignore -v -z --stdin [1ms]
2024-01-25 11:13:50.662 [info] > git check-ignore -v -z --stdin [2ms]
2024-01-25 11:14:01.855 [info] > git check-ignore -v -z --stdin [1ms]
2024-01-25 11:14:05.496 [info] > git check-ignore -v -z --stdin [1ms]
