2024-01-17 14:08:20.313 [info] Log level: Info
2024-01-17 14:08:20.313 [info] Validating found git in: "git"
2024-01-17 14:08:20.313 [info] Using git "2.34.1" from "git"
2024-01-17 14:08:20.313 [info] > git rev-parse --show-toplevel [12ms]
2024-01-17 14:08:20.313 [info] fatal: not a git repository (or any of the parent directories): .git
2024-01-17 14:08:20.313 [info] > git rev-parse --show-toplevel [1ms]
2024-01-17 14:08:20.313 [info] fatal: detected dubious ownership in repository at '/home/s6chinwe/espressor/S6-PROJECTS'
To add an exception for this directory, call:

	git config --global --add safe.directory /home/s6chinwe/espressor/S6-PROJECTS
2024-01-17 14:08:20.313 [info] > git rev-parse --show-toplevel [2ms]
2024-01-17 14:08:20.313 [info] fatal: not a git repository (or any of the parent directories): .git
2024-01-17 14:40:49.923 [info] > git rev-parse --show-toplevel [3ms]
2024-01-17 14:40:49.923 [info] fatal: not a git repository (or any of the parent directories): .git
2024-01-17 15:14:57.248 [info] > git rev-parse --show-toplevel [1ms]
2024-01-17 15:14:57.248 [info] fatal: not a git repository (or any of the parent directories): .git
2024-01-17 15:33:53.109 [info] > git rev-parse --show-toplevel [2ms]
2024-01-17 15:33:53.109 [info] fatal: not a git repository (or any of the parent directories): .git
2024-01-17 15:53:14.381 [info] > git rev-parse --show-toplevel [1ms]
2024-01-17 15:53:14.381 [info] fatal: not a git repository (or any of the parent directories): .git
2024-01-17 16:09:35.920 [info] > git rev-parse --show-toplevel [2ms]
2024-01-17 16:09:35.920 [info] fatal: not a git repository (or any of the parent directories): .git
2024-01-17 16:17:54.668 [info] > git rev-parse --show-toplevel [1ms]
2024-01-17 16:17:54.668 [info] fatal: not a git repository (or any of the parent directories): .git
2024-01-17 18:16:46.389 [info] > git rev-parse --show-toplevel [1ms]
2024-01-17 18:16:46.390 [info] fatal: not a git repository (or any of the parent directories): .git
2024-01-17 18:17:25.083 [info] > git rev-parse --show-toplevel [1ms]
2024-01-17 18:17:25.084 [info] fatal: not a git repository (or any of the parent directories): .git
2024-01-17 18:17:37.296 [info] > git rev-parse --show-toplevel [2ms]
2024-01-17 18:17:37.296 [info] fatal: not a git repository (or any of the parent directories): .git
2024-01-17 18:24:47.611 [warning] Failed to get repository realpath for: "/home/s6chinwe/espressor/S6-PROJECTS/". Error: ENOENT: no such file or directory, realpath '/home/s6chinwe/espressor/S6-PROJECTS/'
