2024-02-09 19:58:10.114 [info] Log level: Info
2024-02-09 19:58:10.114 [info] Validating found git in: "git"
2024-02-09 19:58:10.114 [info] Using git "2.34.1" from "git"
2024-02-09 19:58:10.114 [info] > git rev-parse --show-toplevel [2ms]
2024-02-09 19:58:10.114 [info] fatal: not a git repository (or any of the parent directories): .git
2024-02-09 19:58:10.114 [info] > git rev-parse --show-toplevel [1ms]
2024-02-09 19:58:10.114 [info] fatal: not a git repository (or any of the parent directories): .git
2024-02-09 19:58:10.890 [info] > git rev-parse --show-toplevel [2ms]
2024-02-09 19:58:10.890 [info] fatal: not a git repository (or any of the parent directories): .git
2024-02-09 19:58:12.686 [info] > git rev-parse --show-toplevel [1ms]
2024-02-09 19:58:12.686 [info] fatal: not a git repository (or any of the parent directories): .git
2024-02-09 19:58:12.724 [info] > git rev-parse --show-toplevel [1ms]
2024-02-09 19:58:12.724 [info] fatal: not a git repository (or any of the parent directories): .git
2024-02-09 19:58:12.791 [info] > git rev-parse --show-toplevel [3ms]
2024-02-09 19:58:12.791 [info] fatal: not a git repository (or any of the parent directories): .git
2024-02-09 19:58:12.800 [info] > git rev-parse --show-toplevel [3ms]
2024-02-09 19:58:12.800 [info] fatal: not a git repository (or any of the parent directories): .git
2024-02-09 19:58:22.337 [info] > git rev-parse --show-toplevel [2ms]
2024-02-09 19:58:22.337 [info] fatal: not a git repository (or any of the parent directories): .git
2024-02-09 19:58:35.291 [info] > git rev-parse --show-toplevel [2ms]
2024-02-09 19:58:35.291 [info] fatal: not a git repository (or any of the parent directories): .git
2024-02-09 20:04:06.091 [info] > git rev-parse --show-toplevel [1ms]
2024-02-09 20:04:06.091 [info] fatal: not a git repository (or any of the parent directories): .git
2024-02-09 20:11:14.696 [info] > git rev-parse --show-toplevel [1ms]
2024-02-09 20:11:14.696 [info] fatal: not a git repository (or any of the parent directories): .git
2024-02-09 20:24:21.152 [info] > git rev-parse --show-toplevel [1ms]
2024-02-09 20:24:21.152 [info] fatal: not a git repository (or any of the parent directories): .git
2024-02-09 20:24:21.158 [info] > git rev-parse --show-toplevel [1ms]
2024-02-09 20:24:21.158 [info] fatal: not a git repository (or any of the parent directories): .git
2024-02-09 20:25:49.697 [info] > git rev-parse --show-toplevel [1ms]
2024-02-09 20:25:49.697 [info] fatal: not a git repository (or any of the parent directories): .git
2024-02-09 20:58:23.825 [info] > git rev-parse --show-toplevel [1ms]
2024-02-09 20:58:23.825 [info] fatal: not a git repository (or any of the parent directories): .git
2024-02-09 21:02:38.638 [info] > git rev-parse --show-toplevel [1ms]
2024-02-09 21:02:38.638 [info] fatal: not a git repository (or any of the parent directories): .git
2024-02-09 21:02:38.644 [info] > git rev-parse --show-toplevel [1ms]
2024-02-09 21:02:38.644 [info] fatal: not a git repository (or any of the parent directories): .git
2024-02-09 21:07:43.295 [info] > git rev-parse --show-toplevel [1ms]
2024-02-09 21:07:43.296 [info] fatal: not a git repository (or any of the parent directories): .git
2024-02-09 21:23:39.828 [info] > git rev-parse --show-toplevel [1ms]
2024-02-09 21:23:39.828 [info] fatal: not a git repository (or any of the parent directories): .git
2024-02-09 21:30:31.548 [info] > git rev-parse --show-toplevel [1ms]
2024-02-09 21:30:31.548 [info] fatal: not a git repository (or any of the parent directories): .git
2024-02-09 21:32:48.180 [info] > git rev-parse --show-toplevel [1ms]
2024-02-09 21:32:48.180 [info] fatal: not a git repository (or any of the parent directories): .git
2024-02-09 21:32:53.994 [info] > git rev-parse --show-toplevel [1ms]
2024-02-09 21:32:53.994 [info] fatal: not a git repository (or any of the parent directories): .git
2024-02-09 21:33:32.088 [info] > git rev-parse --show-toplevel [1ms]
2024-02-09 21:33:32.088 [info] fatal: not a git repository (or any of the parent directories): .git
2024-02-09 21:34:51.605 [info] > git rev-parse --show-toplevel [2ms]
2024-02-09 21:34:51.605 [info] fatal: not a git repository (or any of the parent directories): .git
2024-02-09 21:36:35.072 [info] > git rev-parse --show-toplevel [2ms]
2024-02-09 21:36:35.072 [info] fatal: not a git repository (or any of the parent directories): .git
2024-02-09 21:37:14.433 [info] > git rev-parse --show-toplevel [2ms]
2024-02-09 21:37:14.433 [info] fatal: not a git repository (or any of the parent directories): .git
2024-02-09 21:46:53.394 [info] > git rev-parse --show-toplevel [113ms]
2024-02-09 21:46:53.394 [info] fatal: not a git repository (or any of the parent directories): .git
2024-02-09 21:47:02.234 [info] > git rev-parse --show-toplevel [2ms]
2024-02-09 21:47:02.234 [info] fatal: not a git repository (or any of the parent directories): .git
2024-02-09 21:47:02.240 [info] > git rev-parse --show-toplevel [2ms]
2024-02-09 21:47:02.240 [info] fatal: not a git repository (or any of the parent directories): .git
2024-02-09 21:48:15.634 [info] > git rev-parse --show-toplevel [2ms]
2024-02-09 21:48:15.634 [info] fatal: not a git repository (or any of the parent directories): .git
2024-02-09 21:48:15.639 [info] > git rev-parse --show-toplevel [1ms]
2024-02-09 21:48:15.639 [info] fatal: not a git repository (or any of the parent directories): .git
2024-02-09 21:48:15.645 [info] > git rev-parse --show-toplevel [1ms]
2024-02-09 21:48:15.645 [info] fatal: not a git repository (or any of the parent directories): .git
2024-02-09 21:48:29.184 [info] > git rev-parse --show-toplevel [1ms]
2024-02-09 21:48:29.184 [info] fatal: not a git repository (or any of the parent directories): .git
2024-02-09 21:48:44.103 [info] > git rev-parse --show-toplevel [1ms]
2024-02-09 21:48:44.103 [info] fatal: not a git repository (or any of the parent directories): .git
2024-02-09 21:50:54.160 [info] > git rev-parse --show-toplevel [1ms]
2024-02-09 21:50:54.160 [info] fatal: not a git repository (or any of the parent directories): .git
2024-02-09 21:57:29.219 [info] > git rev-parse --show-toplevel [2ms]
2024-02-09 21:57:29.219 [info] fatal: not a git repository (or any of the parent directories): .git
2024-02-09 21:58:28.890 [info] > git rev-parse --show-toplevel [1ms]
2024-02-09 21:58:28.890 [info] fatal: not a git repository (or any of the parent directories): .git
2024-02-09 21:59:12.796 [info] > git rev-parse --show-toplevel [1ms]
2024-02-09 21:59:12.796 [info] fatal: not a git repository (or any of the parent directories): .git
2024-02-09 21:59:15.824 [info] > git rev-parse --show-toplevel [1ms]
2024-02-09 21:59:15.824 [info] fatal: not a git repository (or any of the parent directories): .git
2024-02-09 23:56:04.245 [info] > git rev-parse --show-toplevel [1ms]
2024-02-09 23:56:04.245 [info] fatal: not a git repository (or any of the parent directories): .git
2024-02-10 00:02:53.399 [info] > git rev-parse --show-toplevel [1ms]
2024-02-10 00:02:53.399 [info] fatal: not a git repository (or any of the parent directories): .git
2024-02-10 00:02:53.405 [info] > git rev-parse --show-toplevel [1ms]
2024-02-10 00:02:53.405 [info] fatal: not a git repository (or any of the parent directories): .git
2024-02-10 00:29:11.432 [info] > git rev-parse --show-toplevel [1ms]
2024-02-10 00:29:11.432 [info] fatal: not a git repository (or any of the parent directories): .git
2024-02-10 00:29:11.739 [info] > git rev-parse --show-toplevel [1ms]
2024-02-10 00:29:11.740 [info] fatal: not a git repository (or any of the parent directories): .git
2024-02-10 00:29:11.746 [info] > git rev-parse --show-toplevel [1ms]
2024-02-10 00:29:11.746 [info] fatal: not a git repository (or any of the parent directories): .git
2024-02-10 00:31:46.656 [info] > git rev-parse --show-toplevel [2ms]
2024-02-10 00:31:46.656 [info] fatal: not a git repository (or any of the parent directories): .git
2024-02-10 00:31:46.662 [info] > git rev-parse --show-toplevel [1ms]
2024-02-10 00:31:46.662 [info] fatal: not a git repository (or any of the parent directories): .git
2024-02-10 00:31:46.667 [info] > git rev-parse --show-toplevel [1ms]
2024-02-10 00:31:46.667 [info] fatal: not a git repository (or any of the parent directories): .git
2024-02-10 00:35:29.100 [info] > git rev-parse --show-toplevel [1ms]
2024-02-10 00:35:29.100 [info] fatal: not a git repository (or any of the parent directories): .git
2024-02-10 00:35:29.107 [info] > git rev-parse --show-toplevel [1ms]
2024-02-10 00:35:29.107 [info] fatal: not a git repository (or any of the parent directories): .git
2024-02-10 00:35:29.112 [info] > git rev-parse --show-toplevel [1ms]
2024-02-10 00:35:29.112 [info] fatal: not a git repository (or any of the parent directories): .git
2024-02-10 00:35:30.352 [info] > git rev-parse --show-toplevel [1ms]
2024-02-10 00:35:30.352 [info] fatal: not a git repository (or any of the parent directories): .git
2024-02-10 00:39:15.614 [info] > git rev-parse --show-toplevel [2ms]
2024-02-10 00:39:15.614 [info] fatal: not a git repository (or any of the parent directories): .git
2024-02-10 00:39:25.413 [info] > git rev-parse --show-toplevel [1ms]
2024-02-10 00:39:25.413 [info] fatal: not a git repository (or any of the parent directories): .git
2024-02-10 00:42:35.494 [info] > git rev-parse --show-toplevel [1ms]
2024-02-10 00:42:35.494 [info] fatal: not a git repository (or any of the parent directories): .git
2024-02-10 00:42:35.501 [info] > git rev-parse --show-toplevel [1ms]
2024-02-10 00:42:35.501 [info] fatal: not a git repository (or any of the parent directories): .git
