*
* Visual Studio Code Server
*
* By using the software, you agree to
* the Visual Studio Code Server License Terms (https://aka.ms/vscode-server-license) and
* the Microsoft Privacy Statement (https://privacy.microsoft.com/en-US/privacystatement).
*
Server bound to 127.0.0.1:45711 (IPv4)
Extension host agent listening on 45711

[08:18:11] 




[08:18:11] Extension host agent started.
[08:18:11] [127.0.0.1][590d2bb2][ManagementConnection] New connection established.
[08:18:11] [127.0.0.1][06d6eb99][ExtensionHostConnection] New connection established.
[08:18:21] ExtensionHostConnection#buildUserEnvironment resolving shell environment failed Error: Unable to resolve your shell environment in a reasonable time. Please review your shell configuration and restart.
    at Timeout.<anonymous> (/home/s6chinwe/.vscode-server/bin/05047486b6df5eb8d44b2ecd70ea3bdf775fd937/out/vs/server/node/server.main.js:123:2520)
    at listOnTimeout (node:internal/timers:569:17)
    at process.processTimers (node:internal/timers:512:7)
[08:18:21] resolving shell environment failed Unable to resolve your shell environment in a reasonable time. Please review your shell configuration and restart.
[08:18:21] ptyHost was unable to resolve shell environment Error: Unable to resolve your shell environment in a reasonable time. Please review your shell configuration and restart.
    at Timeout.<anonymous> (/home/s6chinwe/.vscode-server/bin/05047486b6df5eb8d44b2ecd70ea3bdf775fd937/out/vs/server/node/server.main.js:123:2520)
    at listOnTimeout (node:internal/timers:569:17)
    at process.processTimers (node:internal/timers:512:7)
[08:18:21] ptyHost was unable to resolve shell environment Error: Unable to resolve your shell environment in a reasonable time. Please review your shell configuration and restart.
    at Timeout.<anonymous> (/home/s6chinwe/.vscode-server/bin/05047486b6df5eb8d44b2ecd70ea3bdf775fd937/out/vs/server/node/server.main.js:123:2520)
    at listOnTimeout (node:internal/timers:569:17)
    at process.processTimers (node:internal/timers:512:7)
[08:18:21] ptyHost was unable to resolve shell environment Error: Unable to resolve your shell environment in a reasonable time. Please review your shell configuration and restart.
    at Timeout.<anonymous> (/home/s6chinwe/.vscode-server/bin/05047486b6df5eb8d44b2ecd70ea3bdf775fd937/out/vs/server/node/server.main.js:123:2520)
    at listOnTimeout (node:internal/timers:569:17)
    at process.processTimers (node:internal/timers:512:7)
[08:18:21] ptyHost was unable to resolve shell environment Error: Unable to resolve your shell environment in a reasonable time. Please review your shell configuration and restart.
    at Timeout.<anonymous> (/home/s6chinwe/.vscode-server/bin/05047486b6df5eb8d44b2ecd70ea3bdf775fd937/out/vs/server/node/server.main.js:123:2520)
    at listOnTimeout (node:internal/timers:569:17)
    at process.processTimers (node:internal/timers:512:7)
[08:18:21] ptyHost was unable to resolve shell environment Error: Unable to resolve your shell environment in a reasonable time. Please review your shell configuration and restart.
    at Timeout.<anonymous> (/home/s6chinwe/.vscode-server/bin/05047486b6df5eb8d44b2ecd70ea3bdf775fd937/out/vs/server/node/server.main.js:123:2520)
    at listOnTimeout (node:internal/timers:569:17)
    at process.processTimers (node:internal/timers:512:7)
[08:18:21] ExtensionHostConnection#buildUserEnvironment resolving shell environment failed Error: Unable to resolve your shell environment in a reasonable time. Please review your shell configuration and restart.
    at Timeout.<anonymous> (/home/s6chinwe/.vscode-server/bin/05047486b6df5eb8d44b2ecd70ea3bdf775fd937/out/vs/server/node/server.main.js:123:2520)
    at listOnTimeout (node:internal/timers:569:17)
    at process.processTimers (node:internal/timers:512:7)
[08:18:21] ExtensionHostConnection#buildUserEnvironment resolving shell environment failed Error: Unable to resolve your shell environment in a reasonable time. Please review your shell configuration and restart.
    at Timeout.<anonymous> (/home/s6chinwe/.vscode-server/bin/05047486b6df5eb8d44b2ecd70ea3bdf775fd937/out/vs/server/node/server.main.js:123:2520)
    at listOnTimeout (node:internal/timers:569:17)
    at process.processTimers (node:internal/timers:512:7)
[08:18:21] ExtensionHostConnection#buildUserEnvironment resolving shell environment failed Error: Unable to resolve your shell environment in a reasonable time. Please review your shell configuration and restart.
    at Timeout.<anonymous> (/home/s6chinwe/.vscode-server/bin/05047486b6df5eb8d44b2ecd70ea3bdf775fd937/out/vs/server/node/server.main.js:123:2520)
    at listOnTimeout (node:internal/timers:569:17)
    at process.processTimers (node:internal/timers:512:7)
[08:18:21] ExtensionHostConnection#buildUserEnvironment resolving shell environment failed Error: Unable to resolve your shell environment in a reasonable time. Please review your shell configuration and restart.
    at Timeout.<anonymous> (/home/s6chinwe/.vscode-server/bin/05047486b6df5eb8d44b2ecd70ea3bdf775fd937/out/vs/server/node/server.main.js:123:2520)
    at listOnTimeout (node:internal/timers:569:17)
    at process.processTimers (node:internal/timers:512:7)
[08:18:21] [127.0.0.1][06d6eb99][ExtensionHostConnection] <2480503> Launched Extension Host Process.
[08:18:22] ptyHost was unable to resolve shell environment Error: Unable to resolve your shell environment in a reasonable time. Please review your shell configuration and restart.
    at Timeout.<anonymous> (/home/s6chinwe/.vscode-server/bin/05047486b6df5eb8d44b2ecd70ea3bdf775fd937/out/vs/server/node/server.main.js:123:2520)
    at listOnTimeout (node:internal/timers:569:17)
    at process.processTimers (node:internal/timers:512:7)
[08:18:23] ExtensionHostConnection#buildUserEnvironment resolving shell environment failed Error: Unable to resolve your shell environment in a reasonable time. Please review your shell configuration and restart.
    at Timeout.<anonymous> (/home/s6chinwe/.vscode-server/bin/05047486b6df5eb8d44b2ecd70ea3bdf775fd937/out/vs/server/node/server.main.js:123:2520)
    at listOnTimeout (node:internal/timers:569:17)
    at process.processTimers (node:internal/timers:512:7)
[08:18:26] ExtensionHostConnection#buildUserEnvironment resolving shell environment failed Error: Unable to resolve your shell environment in a reasonable time. Please review your shell configuration and restart.
    at Timeout.<anonymous> (/home/s6chinwe/.vscode-server/bin/05047486b6df5eb8d44b2ecd70ea3bdf775fd937/out/vs/server/node/server.main.js:123:2520)
    at listOnTimeout (node:internal/timers:569:17)
    at process.processTimers (node:internal/timers:512:7)
[08:19:06] [127.0.0.1][59685741][ManagementConnection] New connection established.
[08:19:06] [127.0.0.1][7323b7e7][ExtensionHostConnection] New connection established.
[08:19:06] ExtensionHostConnection#buildUserEnvironment resolving shell environment failed Error: Unable to resolve your shell environment in a reasonable time. Please review your shell configuration and restart.
    at Timeout.<anonymous> (/home/s6chinwe/.vscode-server/bin/05047486b6df5eb8d44b2ecd70ea3bdf775fd937/out/vs/server/node/server.main.js:123:2520)
    at listOnTimeout (node:internal/timers:569:17)
    at process.processTimers (node:internal/timers:512:7)
[08:19:06] [127.0.0.1][7323b7e7][ExtensionHostConnection] <2485301> Launched Extension Host Process.
[08:19:07] ptyHost was unable to resolve shell environment Error: Unable to resolve your shell environment in a reasonable time. Please review your shell configuration and restart.
    at Timeout.<anonymous> (/home/s6chinwe/.vscode-server/bin/05047486b6df5eb8d44b2ecd70ea3bdf775fd937/out/vs/server/node/server.main.js:123:2520)
    at listOnTimeout (node:internal/timers:569:17)
    at process.processTimers (node:internal/timers:512:7)
[08:19:07] ptyHost was unable to resolve shell environment Error: Unable to resolve your shell environment in a reasonable time. Please review your shell configuration and restart.
    at Timeout.<anonymous> (/home/s6chinwe/.vscode-server/bin/05047486b6df5eb8d44b2ecd70ea3bdf775fd937/out/vs/server/node/server.main.js:123:2520)
    at listOnTimeout (node:internal/timers:569:17)
    at process.processTimers (node:internal/timers:512:7)
[08:19:07] ptyHost was unable to resolve shell environment Error: Unable to resolve your shell environment in a reasonable time. Please review your shell configuration and restart.
    at Timeout.<anonymous> (/home/s6chinwe/.vscode-server/bin/05047486b6df5eb8d44b2ecd70ea3bdf775fd937/out/vs/server/node/server.main.js:123:2520)
    at listOnTimeout (node:internal/timers:569:17)
    at process.processTimers (node:internal/timers:512:7)
[08:19:12] ExtensionHostConnection#buildUserEnvironment resolving shell environment failed Error: Unable to resolve your shell environment in a reasonable time. Please review your shell configuration and restart.
    at Timeout.<anonymous> (/home/s6chinwe/.vscode-server/bin/05047486b6df5eb8d44b2ecd70ea3bdf775fd937/out/vs/server/node/server.main.js:123:2520)
    at listOnTimeout (node:internal/timers:569:17)
    at process.processTimers (node:internal/timers:512:7)
[08:19:12] ExtensionHostConnection#buildUserEnvironment resolving shell environment failed Error: Unable to resolve your shell environment in a reasonable time. Please review your shell configuration and restart.
    at Timeout.<anonymous> (/home/s6chinwe/.vscode-server/bin/05047486b6df5eb8d44b2ecd70ea3bdf775fd937/out/vs/server/node/server.main.js:123:2520)
    at listOnTimeout (node:internal/timers:569:17)
    at process.processTimers (node:internal/timers:512:7)
[08:19:12] ExtensionHostConnection#buildUserEnvironment resolving shell environment failed Error: Unable to resolve your shell environment in a reasonable time. Please review your shell configuration and restart.
    at Timeout.<anonymous> (/home/s6chinwe/.vscode-server/bin/05047486b6df5eb8d44b2ecd70ea3bdf775fd937/out/vs/server/node/server.main.js:123:2520)
    at listOnTimeout (node:internal/timers:569:17)
    at process.processTimers (node:internal/timers:512:7)
[08:19:12] ExtensionHostConnection#buildUserEnvironment resolving shell environment failed Error: Unable to resolve your shell environment in a reasonable time. Please review your shell configuration and restart.
    at Timeout.<anonymous> (/home/s6chinwe/.vscode-server/bin/05047486b6df5eb8d44b2ecd70ea3bdf775fd937/out/vs/server/node/server.main.js:123:2520)
    at listOnTimeout (node:internal/timers:569:17)
    at process.processTimers (node:internal/timers:512:7)
New EH opened, aborting shutdown
[08:23:11] New EH opened, aborting shutdown
[10:24:29] ptyHost was unable to resolve shell environment Error: Unable to resolve your shell environment in a reasonable time. Please review your shell configuration and restart.
    at Timeout.<anonymous> (/home/s6chinwe/.vscode-server/bin/05047486b6df5eb8d44b2ecd70ea3bdf775fd937/out/vs/server/node/server.main.js:123:2520)
    at listOnTimeout (node:internal/timers:569:17)
    at process.processTimers (node:internal/timers:512:7)
[10:24:29] ExtensionHostConnection#buildUserEnvironment resolving shell environment failed Error: Unable to resolve your shell environment in a reasonable time. Please review your shell configuration and restart.
    at Timeout.<anonymous> (/home/s6chinwe/.vscode-server/bin/05047486b6df5eb8d44b2ecd70ea3bdf775fd937/out/vs/server/node/server.main.js:123:2520)
    at listOnTimeout (node:internal/timers:569:17)
    at process.processTimers (node:internal/timers:512:7)
[11:05:51] [File Watcher (node.js)] Watcher shutdown because watched path got deleted
