*
* Visual Studio Code Server
*
* By using the software, you agree to
* the Visual Studio Code Server License Terms (https://aka.ms/vscode-server-license) and
* the Microsoft Privacy Statement (https://privacy.microsoft.com/en-US/privacystatement).
*
Server bound to 127.0.0.1:38847 (IPv4)
Extension host agent listening on 38847

[09:09:53] 




[09:09:53] Extension host agent started.
[09:09:53] Started initializing default profile extensions in extensions installation folder. file:///home/s6chinwe/.vscode-server/extensions
[09:09:53] Completed initializing default profile extensions in extensions installation folder. file:///home/s6chinwe/.vscode-server/extensions
[09:09:53] [127.0.0.1][a654b8b4][ManagementConnection] New connection established.
[09:09:54] [127.0.0.1][7a28a366][ExtensionHostConnection] New connection established.
[09:10:04] ExtensionHostConnection#buildUserEnvironment resolving shell environment failed Error: Unable to resolve your shell environment in a reasonable time. Please review your shell configuration and restart.
    at Timeout.<anonymous> (/home/s6chinwe/.vscode-server/bin/0ee08df0cf4527e40edc9aa28f4b5bd38bbff2b2/out/vs/server/node/server.main.js:113:2520)
    at listOnTimeout (node:internal/timers:569:17)
    at process.processTimers (node:internal/timers:512:7)
[09:10:04] resolving shell environment failed Unable to resolve your shell environment in a reasonable time. Please review your shell configuration and restart.
[09:10:04] ptyHost was unable to resolve shell environment Error: Unable to resolve your shell environment in a reasonable time. Please review your shell configuration and restart.
    at Timeout.<anonymous> (/home/s6chinwe/.vscode-server/bin/0ee08df0cf4527e40edc9aa28f4b5bd38bbff2b2/out/vs/server/node/server.main.js:113:2520)
    at listOnTimeout (node:internal/timers:569:17)
    at process.processTimers (node:internal/timers:512:7)
[09:10:04] ptyHost was unable to resolve shell environment Error: Unable to resolve your shell environment in a reasonable time. Please review your shell configuration and restart.
    at Timeout.<anonymous> (/home/s6chinwe/.vscode-server/bin/0ee08df0cf4527e40edc9aa28f4b5bd38bbff2b2/out/vs/server/node/server.main.js:113:2520)
    at listOnTimeout (node:internal/timers:569:17)
    at process.processTimers (node:internal/timers:512:7)
[09:10:04] ExtensionHostConnection#buildUserEnvironment resolving shell environment failed Error: Unable to resolve your shell environment in a reasonable time. Please review your shell configuration and restart.
    at Timeout.<anonymous> (/home/s6chinwe/.vscode-server/bin/0ee08df0cf4527e40edc9aa28f4b5bd38bbff2b2/out/vs/server/node/server.main.js:113:2520)
    at listOnTimeout (node:internal/timers:569:17)
    at process.processTimers (node:internal/timers:512:7)
[09:10:04] ExtensionHostConnection#buildUserEnvironment resolving shell environment failed Error: Unable to resolve your shell environment in a reasonable time. Please review your shell configuration and restart.
    at Timeout.<anonymous> (/home/s6chinwe/.vscode-server/bin/0ee08df0cf4527e40edc9aa28f4b5bd38bbff2b2/out/vs/server/node/server.main.js:113:2520)
    at listOnTimeout (node:internal/timers:569:17)
    at process.processTimers (node:internal/timers:512:7)
[09:10:04] ExtensionHostConnection#buildUserEnvironment resolving shell environment failed Error: Unable to resolve your shell environment in a reasonable time. Please review your shell configuration and restart.
    at Timeout.<anonymous> (/home/s6chinwe/.vscode-server/bin/0ee08df0cf4527e40edc9aa28f4b5bd38bbff2b2/out/vs/server/node/server.main.js:113:2520)
    at listOnTimeout (node:internal/timers:569:17)
    at process.processTimers (node:internal/timers:512:7)
[09:10:04] ExtensionHostConnection#buildUserEnvironment resolving shell environment failed Error: Unable to resolve your shell environment in a reasonable time. Please review your shell configuration and restart.
    at Timeout.<anonymous> (/home/s6chinwe/.vscode-server/bin/0ee08df0cf4527e40edc9aa28f4b5bd38bbff2b2/out/vs/server/node/server.main.js:113:2520)
    at listOnTimeout (node:internal/timers:569:17)
    at process.processTimers (node:internal/timers:512:7)
[09:10:04] ptyHost was unable to resolve shell environment Error: Unable to resolve your shell environment in a reasonable time. Please review your shell configuration and restart.
    at Timeout.<anonymous> (/home/s6chinwe/.vscode-server/bin/0ee08df0cf4527e40edc9aa28f4b5bd38bbff2b2/out/vs/server/node/server.main.js:113:2520)
    at listOnTimeout (node:internal/timers:569:17)
    at process.processTimers (node:internal/timers:512:7)
[09:10:04] [127.0.0.1][7a28a366][ExtensionHostConnection] <479477> Launched Extension Host Process.
[09:10:04] ptyHost was unable to resolve shell environment Error: Unable to resolve your shell environment in a reasonable time. Please review your shell configuration and restart.
    at Timeout.<anonymous> (/home/s6chinwe/.vscode-server/bin/0ee08df0cf4527e40edc9aa28f4b5bd38bbff2b2/out/vs/server/node/server.main.js:113:2520)
    at listOnTimeout (node:internal/timers:569:17)
    at process.processTimers (node:internal/timers:512:7)
rejected promise not handled within 1 second: CodeExpectedError: Could not find pty on pty host
stack trace: CodeExpectedError: Could not find pty on pty host
    at A.U (/home/s6chinwe/.vscode-server/bin/0ee08df0cf4527e40edc9aa28f4b5bd38bbff2b2/out/vs/platform/terminal/node/ptyHostMain.js:43:32377)
    at A.updateTitle (/home/s6chinwe/.vscode-server/bin/0ee08df0cf4527e40edc9aa28f4b5bd38bbff2b2/out/vs/platform/terminal/node/ptyHostMain.js:43:27509)
    at T.<computed> (/home/s6chinwe/.vscode-server/bin/0ee08df0cf4527e40edc9aa28f4b5bd38bbff2b2/out/vs/platform/terminal/node/ptyHostMain.js:43:22735)
    at Object.call (/home/s6chinwe/.vscode-server/bin/0ee08df0cf4527e40edc9aa28f4b5bd38bbff2b2/out/vs/platform/terminal/node/ptyHostMain.js:34:5041)
    at g.s (/home/s6chinwe/.vscode-server/bin/0ee08df0cf4527e40edc9aa28f4b5bd38bbff2b2/out/vs/platform/terminal/node/ptyHostMain.js:32:5153)
    at g.q (/home/s6chinwe/.vscode-server/bin/0ee08df0cf4527e40edc9aa28f4b5bd38bbff2b2/out/vs/platform/terminal/node/ptyHostMain.js:32:4662)
    at a.value (/home/s6chinwe/.vscode-server/bin/0ee08df0cf4527e40edc9aa28f4b5bd38bbff2b2/out/vs/platform/terminal/node/ptyHostMain.js:32:4064)
    at i.y (/home/s6chinwe/.vscode-server/bin/0ee08df0cf4527e40edc9aa28f4b5bd38bbff2b2/out/vs/platform/terminal/node/ptyHostMain.js:27:1906)
    at i.fire (/home/s6chinwe/.vscode-server/bin/0ee08df0cf4527e40edc9aa28f4b5bd38bbff2b2/out/vs/platform/terminal/node/ptyHostMain.js:27:2123)
    at process.ce (/home/s6chinwe/.vscode-server/bin/0ee08df0cf4527e40edc9aa28f4b5bd38bbff2b2/out/vs/platform/terminal/node/ptyHostMain.js:25:10117)
    at process.emit (node:events:513:28)
    at emit (node:internal/child_process:937:14)
    at process.processTicksAndRejections (node:internal/process/task_queues:83:21)
[09:10:06] Error [CodeExpectedError]: Could not find pty on pty host
    at A.U (/home/s6chinwe/.vscode-server/bin/0ee08df0cf4527e40edc9aa28f4b5bd38bbff2b2/out/vs/platform/terminal/node/ptyHostMain.js:43:32377)
    at A.updateTitle (/home/s6chinwe/.vscode-server/bin/0ee08df0cf4527e40edc9aa28f4b5bd38bbff2b2/out/vs/platform/terminal/node/ptyHostMain.js:43:27509)
    at T.<computed> (/home/s6chinwe/.vscode-server/bin/0ee08df0cf4527e40edc9aa28f4b5bd38bbff2b2/out/vs/platform/terminal/node/ptyHostMain.js:43:22735)
    at Object.call (/home/s6chinwe/.vscode-server/bin/0ee08df0cf4527e40edc9aa28f4b5bd38bbff2b2/out/vs/platform/terminal/node/ptyHostMain.js:34:5041)
    at g.s (/home/s6chinwe/.vscode-server/bin/0ee08df0cf4527e40edc9aa28f4b5bd38bbff2b2/out/vs/platform/terminal/node/ptyHostMain.js:32:5153)
    at g.q (/home/s6chinwe/.vscode-server/bin/0ee08df0cf4527e40edc9aa28f4b5bd38bbff2b2/out/vs/platform/terminal/node/ptyHostMain.js:32:4662)
    at a.value (/home/s6chinwe/.vscode-server/bin/0ee08df0cf4527e40edc9aa28f4b5bd38bbff2b2/out/vs/platform/terminal/node/ptyHostMain.js:32:4064)
    at i.y (/home/s6chinwe/.vscode-server/bin/0ee08df0cf4527e40edc9aa28f4b5bd38bbff2b2/out/vs/platform/terminal/node/ptyHostMain.js:27:1906)
    at i.fire (/home/s6chinwe/.vscode-server/bin/0ee08df0cf4527e40edc9aa28f4b5bd38bbff2b2/out/vs/platform/terminal/node/ptyHostMain.js:27:2123)
    at process.ce (/home/s6chinwe/.vscode-server/bin/0ee08df0cf4527e40edc9aa28f4b5bd38bbff2b2/out/vs/platform/terminal/node/ptyHostMain.js:25:10117)
    at process.emit (node:events:513:28)
    at emit (node:internal/child_process:937:14)
    at process.processTicksAndRejections (node:internal/process/task_queues:83:21)
rejected promise not handled within 1 second: CodeExpectedError: Could not find pty on pty host
stack trace: CodeExpectedError: Could not find pty on pty host
    at A.U (/home/s6chinwe/.vscode-server/bin/0ee08df0cf4527e40edc9aa28f4b5bd38bbff2b2/out/vs/platform/terminal/node/ptyHostMain.js:43:32377)
    at A.updateIcon (/home/s6chinwe/.vscode-server/bin/0ee08df0cf4527e40edc9aa28f4b5bd38bbff2b2/out/vs/platform/terminal/node/ptyHostMain.js:43:27562)
    at T.<computed> (/home/s6chinwe/.vscode-server/bin/0ee08df0cf4527e40edc9aa28f4b5bd38bbff2b2/out/vs/platform/terminal/node/ptyHostMain.js:43:22735)
    at Object.call (/home/s6chinwe/.vscode-server/bin/0ee08df0cf4527e40edc9aa28f4b5bd38bbff2b2/out/vs/platform/terminal/node/ptyHostMain.js:34:5041)
    at g.s (/home/s6chinwe/.vscode-server/bin/0ee08df0cf4527e40edc9aa28f4b5bd38bbff2b2/out/vs/platform/terminal/node/ptyHostMain.js:32:5153)
    at g.q (/home/s6chinwe/.vscode-server/bin/0ee08df0cf4527e40edc9aa28f4b5bd38bbff2b2/out/vs/platform/terminal/node/ptyHostMain.js:32:4662)
    at a.value (/home/s6chinwe/.vscode-server/bin/0ee08df0cf4527e40edc9aa28f4b5bd38bbff2b2/out/vs/platform/terminal/node/ptyHostMain.js:32:4064)
    at i.y (/home/s6chinwe/.vscode-server/bin/0ee08df0cf4527e40edc9aa28f4b5bd38bbff2b2/out/vs/platform/terminal/node/ptyHostMain.js:27:1906)
    at i.fire (/home/s6chinwe/.vscode-server/bin/0ee08df0cf4527e40edc9aa28f4b5bd38bbff2b2/out/vs/platform/terminal/node/ptyHostMain.js:27:2123)
    at process.ce (/home/s6chinwe/.vscode-server/bin/0ee08df0cf4527e40edc9aa28f4b5bd38bbff2b2/out/vs/platform/terminal/node/ptyHostMain.js:25:10117)
    at process.emit (node:events:513:28)
    at emit (node:internal/child_process:937:14)
    at process.processTicksAndRejections (node:internal/process/task_queues:83:21)
[09:10:06] Error [CodeExpectedError]: Could not find pty on pty host
    at A.U (/home/s6chinwe/.vscode-server/bin/0ee08df0cf4527e40edc9aa28f4b5bd38bbff2b2/out/vs/platform/terminal/node/ptyHostMain.js:43:32377)
    at A.updateIcon (/home/s6chinwe/.vscode-server/bin/0ee08df0cf4527e40edc9aa28f4b5bd38bbff2b2/out/vs/platform/terminal/node/ptyHostMain.js:43:27562)
    at T.<computed> (/home/s6chinwe/.vscode-server/bin/0ee08df0cf4527e40edc9aa28f4b5bd38bbff2b2/out/vs/platform/terminal/node/ptyHostMain.js:43:22735)
    at Object.call (/home/s6chinwe/.vscode-server/bin/0ee08df0cf4527e40edc9aa28f4b5bd38bbff2b2/out/vs/platform/terminal/node/ptyHostMain.js:34:5041)
    at g.s (/home/s6chinwe/.vscode-server/bin/0ee08df0cf4527e40edc9aa28f4b5bd38bbff2b2/out/vs/platform/terminal/node/ptyHostMain.js:32:5153)
    at g.q (/home/s6chinwe/.vscode-server/bin/0ee08df0cf4527e40edc9aa28f4b5bd38bbff2b2/out/vs/platform/terminal/node/ptyHostMain.js:32:4662)
    at a.value (/home/s6chinwe/.vscode-server/bin/0ee08df0cf4527e40edc9aa28f4b5bd38bbff2b2/out/vs/platform/terminal/node/ptyHostMain.js:32:4064)
    at i.y (/home/s6chinwe/.vscode-server/bin/0ee08df0cf4527e40edc9aa28f4b5bd38bbff2b2/out/vs/platform/terminal/node/ptyHostMain.js:27:1906)
    at i.fire (/home/s6chinwe/.vscode-server/bin/0ee08df0cf4527e40edc9aa28f4b5bd38bbff2b2/out/vs/platform/terminal/node/ptyHostMain.js:27:2123)
    at process.ce (/home/s6chinwe/.vscode-server/bin/0ee08df0cf4527e40edc9aa28f4b5bd38bbff2b2/out/vs/platform/terminal/node/ptyHostMain.js:25:10117)
    at process.emit (node:events:513:28)
    at emit (node:internal/child_process:937:14)
    at process.processTicksAndRejections (node:internal/process/task_queues:83:21)
[09:10:06] ptyHost was unable to resolve shell environment Error: Unable to resolve your shell environment in a reasonable time. Please review your shell configuration and restart.
    at Timeout.<anonymous> (/home/s6chinwe/.vscode-server/bin/0ee08df0cf4527e40edc9aa28f4b5bd38bbff2b2/out/vs/server/node/server.main.js:113:2520)
    at listOnTimeout (node:internal/timers:569:17)
    at process.processTimers (node:internal/timers:512:7)
[09:10:07] ExtensionHostConnection#buildUserEnvironment resolving shell environment failed Error: Unable to resolve your shell environment in a reasonable time. Please review your shell configuration and restart.
    at Timeout.<anonymous> (/home/s6chinwe/.vscode-server/bin/0ee08df0cf4527e40edc9aa28f4b5bd38bbff2b2/out/vs/server/node/server.main.js:113:2520)
    at listOnTimeout (node:internal/timers:569:17)
    at process.processTimers (node:internal/timers:512:7)
New EH opened, aborting shutdown
[09:14:53] New EH opened, aborting shutdown
[09:23:00] [127.0.0.1][a654b8b4][ManagementConnection] The client has disconnected gracefully, so the connection will be disposed.
[09:23:00] [127.0.0.1][7a28a366][ExtensionHostConnection] <479477> Extension Host Process exited with code: 0, signal: null.
Last EH closed, waiting before shutting down
[09:23:00] Last EH closed, waiting before shutting down
Got delay-shutdown request while in shutdown timeout, delaying
[09:23:39] Got delay-shutdown request while in shutdown timeout, delaying
Cancelling previous shutdown timeout
[09:23:39] Cancelling previous shutdown timeout
[09:23:40] [127.0.0.1][e1589659][ManagementConnection] New connection established.
[09:23:40] [127.0.0.1][5f491039][ExtensionHostConnection] New connection established.
[09:23:40] ExtensionHostConnection#buildUserEnvironment resolving shell environment failed Error: Unable to resolve your shell environment in a reasonable time. Please review your shell configuration and restart.
    at Timeout.<anonymous> (/home/s6chinwe/.vscode-server/bin/0ee08df0cf4527e40edc9aa28f4b5bd38bbff2b2/out/vs/server/node/server.main.js:113:2520)
    at listOnTimeout (node:internal/timers:569:17)
    at process.processTimers (node:internal/timers:512:7)
[09:23:40] [127.0.0.1][5f491039][ExtensionHostConnection] <480973> Launched Extension Host Process.
[09:23:40] ptyHost was unable to resolve shell environment Error: Unable to resolve your shell environment in a reasonable time. Please review your shell configuration and restart.
    at Timeout.<anonymous> (/home/s6chinwe/.vscode-server/bin/0ee08df0cf4527e40edc9aa28f4b5bd38bbff2b2/out/vs/server/node/server.main.js:113:2520)
    at listOnTimeout (node:internal/timers:569:17)
    at process.processTimers (node:internal/timers:512:7)
[09:23:40] ptyHost was unable to resolve shell environment Error: Unable to resolve your shell environment in a reasonable time. Please review your shell configuration and restart.
    at Timeout.<anonymous> (/home/s6chinwe/.vscode-server/bin/0ee08df0cf4527e40edc9aa28f4b5bd38bbff2b2/out/vs/server/node/server.main.js:113:2520)
    at listOnTimeout (node:internal/timers:569:17)
    at process.processTimers (node:internal/timers:512:7)
[09:23:42] ptyHost was unable to resolve shell environment Error: Unable to resolve your shell environment in a reasonable time. Please review your shell configuration and restart.
    at Timeout.<anonymous> (/home/s6chinwe/.vscode-server/bin/0ee08df0cf4527e40edc9aa28f4b5bd38bbff2b2/out/vs/server/node/server.main.js:113:2520)
    at listOnTimeout (node:internal/timers:569:17)
    at process.processTimers (node:internal/timers:512:7)
[09:23:45] ExtensionHostConnection#buildUserEnvironment resolving shell environment failed Error: Unable to resolve your shell environment in a reasonable time. Please review your shell configuration and restart.
    at Timeout.<anonymous> (/home/s6chinwe/.vscode-server/bin/0ee08df0cf4527e40edc9aa28f4b5bd38bbff2b2/out/vs/server/node/server.main.js:113:2520)
    at listOnTimeout (node:internal/timers:569:17)
    at process.processTimers (node:internal/timers:512:7)
[09:23:45] ExtensionHostConnection#buildUserEnvironment resolving shell environment failed Error: Unable to resolve your shell environment in a reasonable time. Please review your shell configuration and restart.
    at Timeout.<anonymous> (/home/s6chinwe/.vscode-server/bin/0ee08df0cf4527e40edc9aa28f4b5bd38bbff2b2/out/vs/server/node/server.main.js:113:2520)
    at listOnTimeout (node:internal/timers:569:17)
    at process.processTimers (node:internal/timers:512:7)
[09:23:45] ExtensionHostConnection#buildUserEnvironment resolving shell environment failed Error: Unable to resolve your shell environment in a reasonable time. Please review your shell configuration and restart.
    at Timeout.<anonymous> (/home/s6chinwe/.vscode-server/bin/0ee08df0cf4527e40edc9aa28f4b5bd38bbff2b2/out/vs/server/node/server.main.js:113:2520)
    at listOnTimeout (node:internal/timers:569:17)
    at process.processTimers (node:internal/timers:512:7)
[09:23:45] ExtensionHostConnection#buildUserEnvironment resolving shell environment failed Error: Unable to resolve your shell environment in a reasonable time. Please review your shell configuration and restart.
    at Timeout.<anonymous> (/home/s6chinwe/.vscode-server/bin/0ee08df0cf4527e40edc9aa28f4b5bd38bbff2b2/out/vs/server/node/server.main.js:113:2520)
    at listOnTimeout (node:internal/timers:569:17)
    at process.processTimers (node:internal/timers:512:7)
[09:23:46] ptyHost was unable to resolve shell environment Error: Unable to resolve your shell environment in a reasonable time. Please review your shell configuration and restart.
    at Timeout.<anonymous> (/home/s6chinwe/.vscode-server/bin/0ee08df0cf4527e40edc9aa28f4b5bd38bbff2b2/out/vs/server/node/server.main.js:113:2520)
    at listOnTimeout (node:internal/timers:569:17)
    at process.processTimers (node:internal/timers:512:7)
New EH opened, aborting shutdown
[09:28:39] New EH opened, aborting shutdown
[09:28:54] ptyHost was unable to resolve shell environment Error: Unable to resolve your shell environment in a reasonable time. Please review your shell configuration and restart.
    at Timeout.<anonymous> (/home/s6chinwe/.vscode-server/bin/0ee08df0cf4527e40edc9aa28f4b5bd38bbff2b2/out/vs/server/node/server.main.js:113:2520)
    at listOnTimeout (node:internal/timers:569:17)
    at process.processTimers (node:internal/timers:512:7)
[09:28:55] ExtensionHostConnection#buildUserEnvironment resolving shell environment failed Error: Unable to resolve your shell environment in a reasonable time. Please review your shell configuration and restart.
    at Timeout.<anonymous> (/home/s6chinwe/.vscode-server/bin/0ee08df0cf4527e40edc9aa28f4b5bd38bbff2b2/out/vs/server/node/server.main.js:113:2520)
    at listOnTimeout (node:internal/timers:569:17)
    at process.processTimers (node:internal/timers:512:7)
[11:07:07] [127.0.0.1][e1589659][ManagementConnection] The client has disconnected gracefully, so the connection will be disposed.
[11:07:07] [127.0.0.1][5f491039][ExtensionHostConnection] <480973> Extension Host Process exited with code: 0, signal: null.
Last EH closed, waiting before shutting down
[11:07:07] Last EH closed, waiting before shutting down
Last EH closed, shutting down
[11:12:07] Last EH closed, shutting down
