*
* Visual Studio Code Server
*
* By using the software, you agree to
* the Visual Studio Code Server License Terms (https://aka.ms/vscode-server-license) and
* the Microsoft Privacy Statement (https://privacy.microsoft.com/en-US/privacystatement).
*
Server bound to 127.0.0.1:42931 (IPv4)
Extension host agent listening on 42931

[09:27:13] 




[09:27:13] Extension host agent started.
[09:27:13] [127.0.0.1][ce412a53][ManagementConnection] New connection established.
[09:27:13] [127.0.0.1][deadd1ac][ExtensionHostConnection] New connection established.
[09:27:23] ExtensionHostConnection#buildUserEnvironment resolving shell environment failed Error: Unable to resolve your shell environment in a reasonable time. Please review your shell configuration and restart.
    at Timeout.<anonymous> (/home/s6chinwe/.vscode-server/bin/8b3775030ed1a69b13e4f4c628c612102e30a681/out/vs/server/node/server.main.js:113:2520)
    at listOnTimeout (node:internal/timers:569:17)
    at process.processTimers (node:internal/timers:512:7)
[09:27:23] resolving shell environment failed Unable to resolve your shell environment in a reasonable time. Please review your shell configuration and restart.
[09:27:23] ptyHost was unable to resolve shell environment Error: Unable to resolve your shell environment in a reasonable time. Please review your shell configuration and restart.
    at Timeout.<anonymous> (/home/s6chinwe/.vscode-server/bin/8b3775030ed1a69b13e4f4c628c612102e30a681/out/vs/server/node/server.main.js:113:2520)
    at listOnTimeout (node:internal/timers:569:17)
    at process.processTimers (node:internal/timers:512:7)
[09:27:23] ptyHost was unable to resolve shell environment Error: Unable to resolve your shell environment in a reasonable time. Please review your shell configuration and restart.
    at Timeout.<anonymous> (/home/s6chinwe/.vscode-server/bin/8b3775030ed1a69b13e4f4c628c612102e30a681/out/vs/server/node/server.main.js:113:2520)
    at listOnTimeout (node:internal/timers:569:17)
    at process.processTimers (node:internal/timers:512:7)
[09:27:23] ptyHost was unable to resolve shell environment Error: Unable to resolve your shell environment in a reasonable time. Please review your shell configuration and restart.
    at Timeout.<anonymous> (/home/s6chinwe/.vscode-server/bin/8b3775030ed1a69b13e4f4c628c612102e30a681/out/vs/server/node/server.main.js:113:2520)
    at listOnTimeout (node:internal/timers:569:17)
    at process.processTimers (node:internal/timers:512:7)
[09:27:23] ptyHost was unable to resolve shell environment Error: Unable to resolve your shell environment in a reasonable time. Please review your shell configuration and restart.
    at Timeout.<anonymous> (/home/s6chinwe/.vscode-server/bin/8b3775030ed1a69b13e4f4c628c612102e30a681/out/vs/server/node/server.main.js:113:2520)
    at listOnTimeout (node:internal/timers:569:17)
    at process.processTimers (node:internal/timers:512:7)
[09:27:23] ptyHost was unable to resolve shell environment Error: Unable to resolve your shell environment in a reasonable time. Please review your shell configuration and restart.
    at Timeout.<anonymous> (/home/s6chinwe/.vscode-server/bin/8b3775030ed1a69b13e4f4c628c612102e30a681/out/vs/server/node/server.main.js:113:2520)
    at listOnTimeout (node:internal/timers:569:17)
    at process.processTimers (node:internal/timers:512:7)
[09:27:23] ExtensionHostConnection#buildUserEnvironment resolving shell environment failed Error: Unable to resolve your shell environment in a reasonable time. Please review your shell configuration and restart.
    at Timeout.<anonymous> (/home/s6chinwe/.vscode-server/bin/8b3775030ed1a69b13e4f4c628c612102e30a681/out/vs/server/node/server.main.js:113:2520)
    at listOnTimeout (node:internal/timers:569:17)
    at process.processTimers (node:internal/timers:512:7)
[09:27:23] ExtensionHostConnection#buildUserEnvironment resolving shell environment failed Error: Unable to resolve your shell environment in a reasonable time. Please review your shell configuration and restart.
    at Timeout.<anonymous> (/home/s6chinwe/.vscode-server/bin/8b3775030ed1a69b13e4f4c628c612102e30a681/out/vs/server/node/server.main.js:113:2520)
    at listOnTimeout (node:internal/timers:569:17)
    at process.processTimers (node:internal/timers:512:7)
[09:27:23] ExtensionHostConnection#buildUserEnvironment resolving shell environment failed Error: Unable to resolve your shell environment in a reasonable time. Please review your shell configuration and restart.
    at Timeout.<anonymous> (/home/s6chinwe/.vscode-server/bin/8b3775030ed1a69b13e4f4c628c612102e30a681/out/vs/server/node/server.main.js:113:2520)
    at listOnTimeout (node:internal/timers:569:17)
    at process.processTimers (node:internal/timers:512:7)
[09:27:23] ExtensionHostConnection#buildUserEnvironment resolving shell environment failed Error: Unable to resolve your shell environment in a reasonable time. Please review your shell configuration and restart.
    at Timeout.<anonymous> (/home/s6chinwe/.vscode-server/bin/8b3775030ed1a69b13e4f4c628c612102e30a681/out/vs/server/node/server.main.js:113:2520)
    at listOnTimeout (node:internal/timers:569:17)
    at process.processTimers (node:internal/timers:512:7)
[09:27:23] ptyHost was unable to resolve shell environment Error: Unable to resolve your shell environment in a reasonable time. Please review your shell configuration and restart.
    at Timeout.<anonymous> (/home/s6chinwe/.vscode-server/bin/8b3775030ed1a69b13e4f4c628c612102e30a681/out/vs/server/node/server.main.js:113:2520)
    at listOnTimeout (node:internal/timers:569:17)
    at process.processTimers (node:internal/timers:512:7)
[09:27:23] [127.0.0.1][deadd1ac][ExtensionHostConnection] <199438> Launched Extension Host Process.
[09:27:24] ptyHost was unable to resolve shell environment Error: Unable to resolve your shell environment in a reasonable time. Please review your shell configuration and restart.
    at Timeout.<anonymous> (/home/s6chinwe/.vscode-server/bin/8b3775030ed1a69b13e4f4c628c612102e30a681/out/vs/server/node/server.main.js:113:2520)
    at listOnTimeout (node:internal/timers:569:17)
    at process.processTimers (node:internal/timers:512:7)
[09:27:28] ExtensionHostConnection#buildUserEnvironment resolving shell environment failed Error: Unable to resolve your shell environment in a reasonable time. Please review your shell configuration and restart.
    at Timeout.<anonymous> (/home/s6chinwe/.vscode-server/bin/8b3775030ed1a69b13e4f4c628c612102e30a681/out/vs/server/node/server.main.js:113:2520)
    at listOnTimeout (node:internal/timers:569:17)
    at process.processTimers (node:internal/timers:512:7)
New EH opened, aborting shutdown
[09:32:13] New EH opened, aborting shutdown
[09:40:33] [127.0.0.1][0ae82708][ManagementConnection] New connection established.
[09:40:33] [127.0.0.1][80619100][ExtensionHostConnection] New connection established.
[09:40:33] ExtensionHostConnection#buildUserEnvironment resolving shell environment failed Error: Unable to resolve your shell environment in a reasonable time. Please review your shell configuration and restart.
    at Timeout.<anonymous> (/home/s6chinwe/.vscode-server/bin/8b3775030ed1a69b13e4f4c628c612102e30a681/out/vs/server/node/server.main.js:113:2520)
    at listOnTimeout (node:internal/timers:569:17)
    at process.processTimers (node:internal/timers:512:7)
[09:40:33] [127.0.0.1][80619100][ExtensionHostConnection] <200539> Launched Extension Host Process.
[09:40:34] ptyHost was unable to resolve shell environment Error: Unable to resolve your shell environment in a reasonable time. Please review your shell configuration and restart.
    at Timeout.<anonymous> (/home/s6chinwe/.vscode-server/bin/8b3775030ed1a69b13e4f4c628c612102e30a681/out/vs/server/node/server.main.js:113:2520)
    at listOnTimeout (node:internal/timers:569:17)
    at process.processTimers (node:internal/timers:512:7)
[09:40:34] ptyHost was unable to resolve shell environment Error: Unable to resolve your shell environment in a reasonable time. Please review your shell configuration and restart.
    at Timeout.<anonymous> (/home/s6chinwe/.vscode-server/bin/8b3775030ed1a69b13e4f4c628c612102e30a681/out/vs/server/node/server.main.js:113:2520)
    at listOnTimeout (node:internal/timers:569:17)
    at process.processTimers (node:internal/timers:512:7)
[09:40:34] ptyHost was unable to resolve shell environment Error: Unable to resolve your shell environment in a reasonable time. Please review your shell configuration and restart.
    at Timeout.<anonymous> (/home/s6chinwe/.vscode-server/bin/8b3775030ed1a69b13e4f4c628c612102e30a681/out/vs/server/node/server.main.js:113:2520)
    at listOnTimeout (node:internal/timers:569:17)
    at process.processTimers (node:internal/timers:512:7)
[09:40:37] ExtensionHostConnection#buildUserEnvironment resolving shell environment failed Error: Unable to resolve your shell environment in a reasonable time. Please review your shell configuration and restart.
    at Timeout.<anonymous> (/home/s6chinwe/.vscode-server/bin/8b3775030ed1a69b13e4f4c628c612102e30a681/out/vs/server/node/server.main.js:113:2520)
    at listOnTimeout (node:internal/timers:569:17)
    at process.processTimers (node:internal/timers:512:7)
[09:40:37] ExtensionHostConnection#buildUserEnvironment resolving shell environment failed Error: Unable to resolve your shell environment in a reasonable time. Please review your shell configuration and restart.
    at Timeout.<anonymous> (/home/s6chinwe/.vscode-server/bin/8b3775030ed1a69b13e4f4c628c612102e30a681/out/vs/server/node/server.main.js:113:2520)
    at listOnTimeout (node:internal/timers:569:17)
    at process.processTimers (node:internal/timers:512:7)
[09:40:37] ExtensionHostConnection#buildUserEnvironment resolving shell environment failed Error: Unable to resolve your shell environment in a reasonable time. Please review your shell configuration and restart.
    at Timeout.<anonymous> (/home/s6chinwe/.vscode-server/bin/8b3775030ed1a69b13e4f4c628c612102e30a681/out/vs/server/node/server.main.js:113:2520)
    at listOnTimeout (node:internal/timers:569:17)
    at process.processTimers (node:internal/timers:512:7)
[09:40:37] ExtensionHostConnection#buildUserEnvironment resolving shell environment failed Error: Unable to resolve your shell environment in a reasonable time. Please review your shell configuration and restart.
    at Timeout.<anonymous> (/home/s6chinwe/.vscode-server/bin/8b3775030ed1a69b13e4f4c628c612102e30a681/out/vs/server/node/server.main.js:113:2520)
    at listOnTimeout (node:internal/timers:569:17)
    at process.processTimers (node:internal/timers:512:7)
[09:40:47] ptyHost was unable to resolve shell environment Error: Unable to resolve your shell environment in a reasonable time. Please review your shell configuration and restart.
    at Timeout.<anonymous> (/home/s6chinwe/.vscode-server/bin/8b3775030ed1a69b13e4f4c628c612102e30a681/out/vs/server/node/server.main.js:113:2520)
    at listOnTimeout (node:internal/timers:569:17)
    at process.processTimers (node:internal/timers:512:7)
[09:40:48] ExtensionHostConnection#buildUserEnvironment resolving shell environment failed Error: Unable to resolve your shell environment in a reasonable time. Please review your shell configuration and restart.
    at Timeout.<anonymous> (/home/s6chinwe/.vscode-server/bin/8b3775030ed1a69b13e4f4c628c612102e30a681/out/vs/server/node/server.main.js:113:2520)
    at listOnTimeout (node:internal/timers:569:17)
    at process.processTimers (node:internal/timers:512:7)
[10:46:59] [127.0.0.1][5b87a1a8][ManagementConnection] New connection established.
[10:46:59] [127.0.0.1][dcaeda30][ExtensionHostConnection] New connection established.
[10:46:59] ExtensionHostConnection#buildUserEnvironment resolving shell environment failed Error: Unable to resolve your shell environment in a reasonable time. Please review your shell configuration and restart.
    at Timeout.<anonymous> (/home/s6chinwe/.vscode-server/bin/8b3775030ed1a69b13e4f4c628c612102e30a681/out/vs/server/node/server.main.js:113:2520)
    at listOnTimeout (node:internal/timers:569:17)
    at process.processTimers (node:internal/timers:512:7)
[10:46:59] [127.0.0.1][dcaeda30][ExtensionHostConnection] <210270> Launched Extension Host Process.
[10:47:00] ptyHost was unable to resolve shell environment Error: Unable to resolve your shell environment in a reasonable time. Please review your shell configuration and restart.
    at Timeout.<anonymous> (/home/s6chinwe/.vscode-server/bin/8b3775030ed1a69b13e4f4c628c612102e30a681/out/vs/server/node/server.main.js:113:2520)
    at listOnTimeout (node:internal/timers:569:17)
    at process.processTimers (node:internal/timers:512:7)
[10:47:00] ptyHost was unable to resolve shell environment Error: Unable to resolve your shell environment in a reasonable time. Please review your shell configuration and restart.
    at Timeout.<anonymous> (/home/s6chinwe/.vscode-server/bin/8b3775030ed1a69b13e4f4c628c612102e30a681/out/vs/server/node/server.main.js:113:2520)
    at listOnTimeout (node:internal/timers:569:17)
    at process.processTimers (node:internal/timers:512:7)
[10:47:00] ptyHost was unable to resolve shell environment Error: Unable to resolve your shell environment in a reasonable time. Please review your shell configuration and restart.
    at Timeout.<anonymous> (/home/s6chinwe/.vscode-server/bin/8b3775030ed1a69b13e4f4c628c612102e30a681/out/vs/server/node/server.main.js:113:2520)
    at listOnTimeout (node:internal/timers:569:17)
    at process.processTimers (node:internal/timers:512:7)
[10:47:03] ExtensionHostConnection#buildUserEnvironment resolving shell environment failed Error: Unable to resolve your shell environment in a reasonable time. Please review your shell configuration and restart.
    at Timeout.<anonymous> (/home/s6chinwe/.vscode-server/bin/8b3775030ed1a69b13e4f4c628c612102e30a681/out/vs/server/node/server.main.js:113:2520)
    at listOnTimeout (node:internal/timers:569:17)
    at process.processTimers (node:internal/timers:512:7)
[10:47:03] ExtensionHostConnection#buildUserEnvironment resolving shell environment failed Error: Unable to resolve your shell environment in a reasonable time. Please review your shell configuration and restart.
    at Timeout.<anonymous> (/home/s6chinwe/.vscode-server/bin/8b3775030ed1a69b13e4f4c628c612102e30a681/out/vs/server/node/server.main.js:113:2520)
    at listOnTimeout (node:internal/timers:569:17)
    at process.processTimers (node:internal/timers:512:7)
[10:47:03] ExtensionHostConnection#buildUserEnvironment resolving shell environment failed Error: Unable to resolve your shell environment in a reasonable time. Please review your shell configuration and restart.
    at Timeout.<anonymous> (/home/s6chinwe/.vscode-server/bin/8b3775030ed1a69b13e4f4c628c612102e30a681/out/vs/server/node/server.main.js:113:2520)
    at listOnTimeout (node:internal/timers:569:17)
    at process.processTimers (node:internal/timers:512:7)
[10:47:03] ExtensionHostConnection#buildUserEnvironment resolving shell environment failed Error: Unable to resolve your shell environment in a reasonable time. Please review your shell configuration and restart.
    at Timeout.<anonymous> (/home/s6chinwe/.vscode-server/bin/8b3775030ed1a69b13e4f4c628c612102e30a681/out/vs/server/node/server.main.js:113:2520)
    at listOnTimeout (node:internal/timers:569:17)
    at process.processTimers (node:internal/timers:512:7)
[11:02:55] ptyHost was unable to resolve shell environment Error: Unable to resolve your shell environment in a reasonable time. Please review your shell configuration and restart.
    at Timeout.<anonymous> (/home/s6chinwe/.vscode-server/bin/8b3775030ed1a69b13e4f4c628c612102e30a681/out/vs/server/node/server.main.js:113:2520)
    at listOnTimeout (node:internal/timers:569:17)
    at process.processTimers (node:internal/timers:512:7)
[11:02:56] ExtensionHostConnection#buildUserEnvironment resolving shell environment failed Error: Unable to resolve your shell environment in a reasonable time. Please review your shell configuration and restart.
    at Timeout.<anonymous> (/home/s6chinwe/.vscode-server/bin/8b3775030ed1a69b13e4f4c628c612102e30a681/out/vs/server/node/server.main.js:113:2520)
    at listOnTimeout (node:internal/timers:569:17)
    at process.processTimers (node:internal/timers:512:7)
[15:57:53] Error: read ECONNRESET
    at TCP.onStreamRead (node:internal/stream_base_commons:217:20) {
  errno: -104,
  code: 'ECONNRESET',
  syscall: 'read'
}
[15:57:53] [127.0.0.1][ce412a53][ManagementConnection] The client has disconnected, will wait for reconnection 3h before disposing...
[18:28:51] [127.0.0.1][ce412a53][ManagementConnection] Another client has connected, will shorten the wait for reconnection 5m before disposing...
[18:28:51] [127.0.0.1][e4ee86e6][ManagementConnection] New connection established.
[18:28:51] [127.0.0.1][cd0065c6][ExtensionHostConnection] New connection established.
[18:28:51] ExtensionHostConnection#buildUserEnvironment resolving shell environment failed Error: Unable to resolve your shell environment in a reasonable time. Please review your shell configuration and restart.
    at Timeout.<anonymous> (/home/s6chinwe/.vscode-server/bin/8b3775030ed1a69b13e4f4c628c612102e30a681/out/vs/server/node/server.main.js:113:2520)
    at listOnTimeout (node:internal/timers:569:17)
    at process.processTimers (node:internal/timers:512:7)
[18:28:51] [127.0.0.1][cd0065c6][ExtensionHostConnection] <655768> Launched Extension Host Process.
[18:28:52] ptyHost was unable to resolve shell environment Error: Unable to resolve your shell environment in a reasonable time. Please review your shell configuration and restart.
    at Timeout.<anonymous> (/home/s6chinwe/.vscode-server/bin/8b3775030ed1a69b13e4f4c628c612102e30a681/out/vs/server/node/server.main.js:113:2520)
    at listOnTimeout (node:internal/timers:569:17)
    at process.processTimers (node:internal/timers:512:7)
[18:28:52] ptyHost was unable to resolve shell environment Error: Unable to resolve your shell environment in a reasonable time. Please review your shell configuration and restart.
    at Timeout.<anonymous> (/home/s6chinwe/.vscode-server/bin/8b3775030ed1a69b13e4f4c628c612102e30a681/out/vs/server/node/server.main.js:113:2520)
    at listOnTimeout (node:internal/timers:569:17)
    at process.processTimers (node:internal/timers:512:7)
[18:28:52] ptyHost was unable to resolve shell environment Error: Unable to resolve your shell environment in a reasonable time. Please review your shell configuration and restart.
    at Timeout.<anonymous> (/home/s6chinwe/.vscode-server/bin/8b3775030ed1a69b13e4f4c628c612102e30a681/out/vs/server/node/server.main.js:113:2520)
    at listOnTimeout (node:internal/timers:569:17)
    at process.processTimers (node:internal/timers:512:7)
[18:29:12] ExtensionHostConnection#buildUserEnvironment resolving shell environment failed Error: Unable to resolve your shell environment in a reasonable time. Please review your shell configuration and restart.
    at Timeout.<anonymous> (/home/s6chinwe/.vscode-server/bin/8b3775030ed1a69b13e4f4c628c612102e30a681/out/vs/server/node/server.main.js:113:2520)
    at listOnTimeout (node:internal/timers:569:17)
    at process.processTimers (node:internal/timers:512:7)
[18:29:12] ExtensionHostConnection#buildUserEnvironment resolving shell environment failed Error: Unable to resolve your shell environment in a reasonable time. Please review your shell configuration and restart.
    at Timeout.<anonymous> (/home/s6chinwe/.vscode-server/bin/8b3775030ed1a69b13e4f4c628c612102e30a681/out/vs/server/node/server.main.js:113:2520)
    at listOnTimeout (node:internal/timers:569:17)
    at process.processTimers (node:internal/timers:512:7)
[18:29:12] ExtensionHostConnection#buildUserEnvironment resolving shell environment failed Error: Unable to resolve your shell environment in a reasonable time. Please review your shell configuration and restart.
    at Timeout.<anonymous> (/home/s6chinwe/.vscode-server/bin/8b3775030ed1a69b13e4f4c628c612102e30a681/out/vs/server/node/server.main.js:113:2520)
    at listOnTimeout (node:internal/timers:569:17)
    at process.processTimers (node:internal/timers:512:7)
[18:29:12] ExtensionHostConnection#buildUserEnvironment resolving shell environment failed Error: Unable to resolve your shell environment in a reasonable time. Please review your shell configuration and restart.
    at Timeout.<anonymous> (/home/s6chinwe/.vscode-server/bin/8b3775030ed1a69b13e4f4c628c612102e30a681/out/vs/server/node/server.main.js:113:2520)
    at listOnTimeout (node:internal/timers:569:17)
    at process.processTimers (node:internal/timers:512:7)
[18:31:25] [127.0.0.1][93a78b72][ManagementConnection] New connection established.
[18:31:25] [127.0.0.1][4cf7e641][ExtensionHostConnection] New connection established.
[18:31:25] ExtensionHostConnection#buildUserEnvironment resolving shell environment failed Error: Unable to resolve your shell environment in a reasonable time. Please review your shell configuration and restart.
    at Timeout.<anonymous> (/home/s6chinwe/.vscode-server/bin/8b3775030ed1a69b13e4f4c628c612102e30a681/out/vs/server/node/server.main.js:113:2520)
    at listOnTimeout (node:internal/timers:569:17)
    at process.processTimers (node:internal/timers:512:7)
[18:31:25] [127.0.0.1][4cf7e641][ExtensionHostConnection] <661570> Launched Extension Host Process.
[18:31:42] ptyHost was unable to resolve shell environment Error: Unable to resolve your shell environment in a reasonable time. Please review your shell configuration and restart.
    at Timeout.<anonymous> (/home/s6chinwe/.vscode-server/bin/8b3775030ed1a69b13e4f4c628c612102e30a681/out/vs/server/node/server.main.js:113:2520)
    at listOnTimeout (node:internal/timers:569:17)
    at process.processTimers (node:internal/timers:512:7)
[18:31:42] ptyHost was unable to resolve shell environment Error: Unable to resolve your shell environment in a reasonable time. Please review your shell configuration and restart.
    at Timeout.<anonymous> (/home/s6chinwe/.vscode-server/bin/8b3775030ed1a69b13e4f4c628c612102e30a681/out/vs/server/node/server.main.js:113:2520)
    at listOnTimeout (node:internal/timers:569:17)
    at process.processTimers (node:internal/timers:512:7)
[18:31:42] ptyHost was unable to resolve shell environment Error: Unable to resolve your shell environment in a reasonable time. Please review your shell configuration and restart.
    at Timeout.<anonymous> (/home/s6chinwe/.vscode-server/bin/8b3775030ed1a69b13e4f4c628c612102e30a681/out/vs/server/node/server.main.js:113:2520)
    at listOnTimeout (node:internal/timers:569:17)
    at process.processTimers (node:internal/timers:512:7)
[18:31:50] ptyHost was unable to resolve shell environment Error: Unable to resolve your shell environment in a reasonable time. Please review your shell configuration and restart.
    at Timeout.<anonymous> (/home/s6chinwe/.vscode-server/bin/8b3775030ed1a69b13e4f4c628c612102e30a681/out/vs/server/node/server.main.js:113:2520)
    at listOnTimeout (node:internal/timers:569:17)
    at process.processTimers (node:internal/timers:512:7)
[18:31:51] ExtensionHostConnection#buildUserEnvironment resolving shell environment failed Error: Unable to resolve your shell environment in a reasonable time. Please review your shell configuration and restart.
    at Timeout.<anonymous> (/home/s6chinwe/.vscode-server/bin/8b3775030ed1a69b13e4f4c628c612102e30a681/out/vs/server/node/server.main.js:113:2520)
    at listOnTimeout (node:internal/timers:569:17)
    at process.processTimers (node:internal/timers:512:7)
[18:31:51] ExtensionHostConnection#buildUserEnvironment resolving shell environment failed Error: Unable to resolve your shell environment in a reasonable time. Please review your shell configuration and restart.
    at Timeout.<anonymous> (/home/s6chinwe/.vscode-server/bin/8b3775030ed1a69b13e4f4c628c612102e30a681/out/vs/server/node/server.main.js:113:2520)
    at listOnTimeout (node:internal/timers:569:17)
    at process.processTimers (node:internal/timers:512:7)
[18:31:51] ExtensionHostConnection#buildUserEnvironment resolving shell environment failed Error: Unable to resolve your shell environment in a reasonable time. Please review your shell configuration and restart.
    at Timeout.<anonymous> (/home/s6chinwe/.vscode-server/bin/8b3775030ed1a69b13e4f4c628c612102e30a681/out/vs/server/node/server.main.js:113:2520)
    at listOnTimeout (node:internal/timers:569:17)
    at process.processTimers (node:internal/timers:512:7)
[18:31:51] ExtensionHostConnection#buildUserEnvironment resolving shell environment failed Error: Unable to resolve your shell environment in a reasonable time. Please review your shell configuration and restart.
    at Timeout.<anonymous> (/home/s6chinwe/.vscode-server/bin/8b3775030ed1a69b13e4f4c628c612102e30a681/out/vs/server/node/server.main.js:113:2520)
    at listOnTimeout (node:internal/timers:569:17)
    at process.processTimers (node:internal/timers:512:7)
[18:31:58] ExtensionHostConnection#buildUserEnvironment resolving shell environment failed Error: Unable to resolve your shell environment in a reasonable time. Please review your shell configuration and restart.
    at Timeout.<anonymous> (/home/s6chinwe/.vscode-server/bin/8b3775030ed1a69b13e4f4c628c612102e30a681/out/vs/server/node/server.main.js:113:2520)
    at listOnTimeout (node:internal/timers:569:17)
    at process.processTimers (node:internal/timers:512:7)
rejected promise not handled within 1 second: CodeExpectedError: Could not find pty on pty host
stack trace: CodeExpectedError: Could not find pty on pty host
    at A.U (/home/s6chinwe/.vscode-server/bin/8b3775030ed1a69b13e4f4c628c612102e30a681/out/vs/platform/terminal/node/ptyHostMain.js:43:32377)
    at A.updateIcon (/home/s6chinwe/.vscode-server/bin/8b3775030ed1a69b13e4f4c628c612102e30a681/out/vs/platform/terminal/node/ptyHostMain.js:43:27562)
    at T.<computed> (/home/s6chinwe/.vscode-server/bin/8b3775030ed1a69b13e4f4c628c612102e30a681/out/vs/platform/terminal/node/ptyHostMain.js:43:22735)
    at Object.call (/home/s6chinwe/.vscode-server/bin/8b3775030ed1a69b13e4f4c628c612102e30a681/out/vs/platform/terminal/node/ptyHostMain.js:34:5041)
    at g.s (/home/s6chinwe/.vscode-server/bin/8b3775030ed1a69b13e4f4c628c612102e30a681/out/vs/platform/terminal/node/ptyHostMain.js:32:5153)
    at g.q (/home/s6chinwe/.vscode-server/bin/8b3775030ed1a69b13e4f4c628c612102e30a681/out/vs/platform/terminal/node/ptyHostMain.js:32:4662)
    at a.value (/home/s6chinwe/.vscode-server/bin/8b3775030ed1a69b13e4f4c628c612102e30a681/out/vs/platform/terminal/node/ptyHostMain.js:32:4064)
    at i.y (/home/s6chinwe/.vscode-server/bin/8b3775030ed1a69b13e4f4c628c612102e30a681/out/vs/platform/terminal/node/ptyHostMain.js:27:1906)
    at i.fire (/home/s6chinwe/.vscode-server/bin/8b3775030ed1a69b13e4f4c628c612102e30a681/out/vs/platform/terminal/node/ptyHostMain.js:27:2123)
    at process.ce (/home/s6chinwe/.vscode-server/bin/8b3775030ed1a69b13e4f4c628c612102e30a681/out/vs/platform/terminal/node/ptyHostMain.js:25:10117)
    at process.emit (node:events:513:28)
    at emit (node:internal/child_process:937:14)
    at process.processTicksAndRejections (node:internal/process/task_queues:83:21)
[18:31:58] Error [CodeExpectedError]: Could not find pty on pty host
    at A.U (/home/s6chinwe/.vscode-server/bin/8b3775030ed1a69b13e4f4c628c612102e30a681/out/vs/platform/terminal/node/ptyHostMain.js:43:32377)
    at A.updateIcon (/home/s6chinwe/.vscode-server/bin/8b3775030ed1a69b13e4f4c628c612102e30a681/out/vs/platform/terminal/node/ptyHostMain.js:43:27562)
    at T.<computed> (/home/s6chinwe/.vscode-server/bin/8b3775030ed1a69b13e4f4c628c612102e30a681/out/vs/platform/terminal/node/ptyHostMain.js:43:22735)
    at Object.call (/home/s6chinwe/.vscode-server/bin/8b3775030ed1a69b13e4f4c628c612102e30a681/out/vs/platform/terminal/node/ptyHostMain.js:34:5041)
    at g.s (/home/s6chinwe/.vscode-server/bin/8b3775030ed1a69b13e4f4c628c612102e30a681/out/vs/platform/terminal/node/ptyHostMain.js:32:5153)
    at g.q (/home/s6chinwe/.vscode-server/bin/8b3775030ed1a69b13e4f4c628c612102e30a681/out/vs/platform/terminal/node/ptyHostMain.js:32:4662)
    at a.value (/home/s6chinwe/.vscode-server/bin/8b3775030ed1a69b13e4f4c628c612102e30a681/out/vs/platform/terminal/node/ptyHostMain.js:32:4064)
    at i.y (/home/s6chinwe/.vscode-server/bin/8b3775030ed1a69b13e4f4c628c612102e30a681/out/vs/platform/terminal/node/ptyHostMain.js:27:1906)
    at i.fire (/home/s6chinwe/.vscode-server/bin/8b3775030ed1a69b13e4f4c628c612102e30a681/out/vs/platform/terminal/node/ptyHostMain.js:27:2123)
    at process.ce (/home/s6chinwe/.vscode-server/bin/8b3775030ed1a69b13e4f4c628c612102e30a681/out/vs/platform/terminal/node/ptyHostMain.js:25:10117)
    at process.emit (node:events:513:28)
    at emit (node:internal/child_process:937:14)
    at process.processTicksAndRejections (node:internal/process/task_queues:83:21)
rejected promise not handled within 1 second: CodeExpectedError: Could not find pty on pty host
stack trace: CodeExpectedError: Could not find pty on pty host
    at A.U (/home/s6chinwe/.vscode-server/bin/8b3775030ed1a69b13e4f4c628c612102e30a681/out/vs/platform/terminal/node/ptyHostMain.js:43:32377)
    at A.updateTitle (/home/s6chinwe/.vscode-server/bin/8b3775030ed1a69b13e4f4c628c612102e30a681/out/vs/platform/terminal/node/ptyHostMain.js:43:27509)
    at T.<computed> (/home/s6chinwe/.vscode-server/bin/8b3775030ed1a69b13e4f4c628c612102e30a681/out/vs/platform/terminal/node/ptyHostMain.js:43:22735)
    at Object.call (/home/s6chinwe/.vscode-server/bin/8b3775030ed1a69b13e4f4c628c612102e30a681/out/vs/platform/terminal/node/ptyHostMain.js:34:5041)
    at g.s (/home/s6chinwe/.vscode-server/bin/8b3775030ed1a69b13e4f4c628c612102e30a681/out/vs/platform/terminal/node/ptyHostMain.js:32:5153)
    at g.q (/home/s6chinwe/.vscode-server/bin/8b3775030ed1a69b13e4f4c628c612102e30a681/out/vs/platform/terminal/node/ptyHostMain.js:32:4662)
    at a.value (/home/s6chinwe/.vscode-server/bin/8b3775030ed1a69b13e4f4c628c612102e30a681/out/vs/platform/terminal/node/ptyHostMain.js:32:4064)
    at i.y (/home/s6chinwe/.vscode-server/bin/8b3775030ed1a69b13e4f4c628c612102e30a681/out/vs/platform/terminal/node/ptyHostMain.js:27:1906)
    at i.fire (/home/s6chinwe/.vscode-server/bin/8b3775030ed1a69b13e4f4c628c612102e30a681/out/vs/platform/terminal/node/ptyHostMain.js:27:2123)
    at process.ce (/home/s6chinwe/.vscode-server/bin/8b3775030ed1a69b13e4f4c628c612102e30a681/out/vs/platform/terminal/node/ptyHostMain.js:25:10117)
    at process.emit (node:events:513:28)
    at emit (node:internal/child_process:937:14)
    at process.processTicksAndRejections (node:internal/process/task_queues:83:21)
[18:31:58] Error [CodeExpectedError]: Could not find pty on pty host
    at A.U (/home/s6chinwe/.vscode-server/bin/8b3775030ed1a69b13e4f4c628c612102e30a681/out/vs/platform/terminal/node/ptyHostMain.js:43:32377)
    at A.updateTitle (/home/s6chinwe/.vscode-server/bin/8b3775030ed1a69b13e4f4c628c612102e30a681/out/vs/platform/terminal/node/ptyHostMain.js:43:27509)
    at T.<computed> (/home/s6chinwe/.vscode-server/bin/8b3775030ed1a69b13e4f4c628c612102e30a681/out/vs/platform/terminal/node/ptyHostMain.js:43:22735)
    at Object.call (/home/s6chinwe/.vscode-server/bin/8b3775030ed1a69b13e4f4c628c612102e30a681/out/vs/platform/terminal/node/ptyHostMain.js:34:5041)
    at g.s (/home/s6chinwe/.vscode-server/bin/8b3775030ed1a69b13e4f4c628c612102e30a681/out/vs/platform/terminal/node/ptyHostMain.js:32:5153)
    at g.q (/home/s6chinwe/.vscode-server/bin/8b3775030ed1a69b13e4f4c628c612102e30a681/out/vs/platform/terminal/node/ptyHostMain.js:32:4662)
    at a.value (/home/s6chinwe/.vscode-server/bin/8b3775030ed1a69b13e4f4c628c612102e30a681/out/vs/platform/terminal/node/ptyHostMain.js:32:4064)
    at i.y (/home/s6chinwe/.vscode-server/bin/8b3775030ed1a69b13e4f4c628c612102e30a681/out/vs/platform/terminal/node/ptyHostMain.js:27:1906)
    at i.fire (/home/s6chinwe/.vscode-server/bin/8b3775030ed1a69b13e4f4c628c612102e30a681/out/vs/platform/terminal/node/ptyHostMain.js:27:2123)
    at process.ce (/home/s6chinwe/.vscode-server/bin/8b3775030ed1a69b13e4f4c628c612102e30a681/out/vs/platform/terminal/node/ptyHostMain.js:25:10117)
    at process.emit (node:events:513:28)
    at emit (node:internal/child_process:937:14)
    at process.processTicksAndRejections (node:internal/process/task_queues:83:21)
[18:33:51] [127.0.0.1][ce412a53][ManagementConnection] The reconnection short grace time of 5m has expired, so the connection will be disposed.
[18:33:51] [127.0.0.1][dcaeda30][ExtensionHostConnection] <210270> Extension Host Process exited with code: 0, signal: null.
[18:33:51] [127.0.0.1][80619100][ExtensionHostConnection] <200539> Extension Host Process exited with code: 0, signal: null.
[18:33:51] [127.0.0.1][deadd1ac][ExtensionHostConnection] <199438> Extension Host Process exited with code: 0, signal: null.
[18:42:51] [127.0.0.1][93a78b72][ManagementConnection] The client has disconnected gracefully, so the connection will be disposed.
[18:42:51] [127.0.0.1][4cf7e641][ExtensionHostConnection] <661570> Extension Host Process exited with code: 0, signal: null.
[18:43:16] [127.0.0.1][25139859][ManagementConnection] New connection established.
[18:43:16] [127.0.0.1][4034d28d][ExtensionHostConnection] New connection established.
[18:43:16] ExtensionHostConnection#buildUserEnvironment resolving shell environment failed Error: Unable to resolve your shell environment in a reasonable time. Please review your shell configuration and restart.
    at Timeout.<anonymous> (/home/s6chinwe/.vscode-server/bin/8b3775030ed1a69b13e4f4c628c612102e30a681/out/vs/server/node/server.main.js:113:2520)
    at listOnTimeout (node:internal/timers:569:17)
    at process.processTimers (node:internal/timers:512:7)
[18:43:16] [127.0.0.1][4034d28d][ExtensionHostConnection] <685824> Launched Extension Host Process.
[18:43:40] ptyHost was unable to resolve shell environment Error: Unable to resolve your shell environment in a reasonable time. Please review your shell configuration and restart.
    at Timeout.<anonymous> (/home/s6chinwe/.vscode-server/bin/8b3775030ed1a69b13e4f4c628c612102e30a681/out/vs/server/node/server.main.js:113:2520)
    at listOnTimeout (node:internal/timers:569:17)
    at process.processTimers (node:internal/timers:512:7)
[18:43:40] ptyHost was unable to resolve shell environment Error: Unable to resolve your shell environment in a reasonable time. Please review your shell configuration and restart.
    at Timeout.<anonymous> (/home/s6chinwe/.vscode-server/bin/8b3775030ed1a69b13e4f4c628c612102e30a681/out/vs/server/node/server.main.js:113:2520)
    at listOnTimeout (node:internal/timers:569:17)
    at process.processTimers (node:internal/timers:512:7)
[18:43:40] ptyHost was unable to resolve shell environment Error: Unable to resolve your shell environment in a reasonable time. Please review your shell configuration and restart.
    at Timeout.<anonymous> (/home/s6chinwe/.vscode-server/bin/8b3775030ed1a69b13e4f4c628c612102e30a681/out/vs/server/node/server.main.js:113:2520)
    at listOnTimeout (node:internal/timers:569:17)
    at process.processTimers (node:internal/timers:512:7)
[18:43:42] ExtensionHostConnection#buildUserEnvironment resolving shell environment failed Error: Unable to resolve your shell environment in a reasonable time. Please review your shell configuration and restart.
    at Timeout.<anonymous> (/home/s6chinwe/.vscode-server/bin/8b3775030ed1a69b13e4f4c628c612102e30a681/out/vs/server/node/server.main.js:113:2520)
    at listOnTimeout (node:internal/timers:569:17)
    at process.processTimers (node:internal/timers:512:7)
[18:43:42] ExtensionHostConnection#buildUserEnvironment resolving shell environment failed Error: Unable to resolve your shell environment in a reasonable time. Please review your shell configuration and restart.
    at Timeout.<anonymous> (/home/s6chinwe/.vscode-server/bin/8b3775030ed1a69b13e4f4c628c612102e30a681/out/vs/server/node/server.main.js:113:2520)
    at listOnTimeout (node:internal/timers:569:17)
    at process.processTimers (node:internal/timers:512:7)
[18:43:42] ExtensionHostConnection#buildUserEnvironment resolving shell environment failed Error: Unable to resolve your shell environment in a reasonable time. Please review your shell configuration and restart.
    at Timeout.<anonymous> (/home/s6chinwe/.vscode-server/bin/8b3775030ed1a69b13e4f4c628c612102e30a681/out/vs/server/node/server.main.js:113:2520)
    at listOnTimeout (node:internal/timers:569:17)
    at process.processTimers (node:internal/timers:512:7)
[18:43:42] ExtensionHostConnection#buildUserEnvironment resolving shell environment failed Error: Unable to resolve your shell environment in a reasonable time. Please review your shell configuration and restart.
    at Timeout.<anonymous> (/home/s6chinwe/.vscode-server/bin/8b3775030ed1a69b13e4f4c628c612102e30a681/out/vs/server/node/server.main.js:113:2520)
    at listOnTimeout (node:internal/timers:569:17)
    at process.processTimers (node:internal/timers:512:7)
[18:45:07] ptyHost was unable to resolve shell environment Error: Unable to resolve your shell environment in a reasonable time. Please review your shell configuration and restart.
    at Timeout.<anonymous> (/home/s6chinwe/.vscode-server/bin/8b3775030ed1a69b13e4f4c628c612102e30a681/out/vs/server/node/server.main.js:113:2520)
    at listOnTimeout (node:internal/timers:569:17)
    at process.processTimers (node:internal/timers:512:7)
[18:45:08] ExtensionHostConnection#buildUserEnvironment resolving shell environment failed Error: Unable to resolve your shell environment in a reasonable time. Please review your shell configuration and restart.
    at Timeout.<anonymous> (/home/s6chinwe/.vscode-server/bin/8b3775030ed1a69b13e4f4c628c612102e30a681/out/vs/server/node/server.main.js:113:2520)
    at listOnTimeout (node:internal/timers:569:17)
    at process.processTimers (node:internal/timers:512:7)
