2024-01-18 09:35:25.629 [info] Log level: Info
2024-01-18 09:35:25.629 [info] Validating found git in: "git"
2024-01-18 09:35:25.629 [info] Using git "2.34.1" from "git"
2024-01-18 09:35:25.629 [info] > git rev-parse --show-toplevel [3ms]
2024-01-18 09:35:25.629 [info] fatal: not a git repository (or any of the parent directories): .git
2024-01-18 09:35:25.629 [info] > git rev-parse --show-toplevel [2ms]
2024-01-18 09:35:25.629 [info] fatal: not a git repository (or any of the parent directories): .git
2024-01-18 09:35:25.629 [info] > git rev-parse --show-toplevel [4ms]
2024-01-18 09:35:25.629 [info] fatal: not a git repository (or any of the parent directories): .git
2024-01-18 09:35:25.629 [info] > git rev-parse --show-toplevel [3ms]
2024-01-18 09:35:25.629 [info] > git rev-parse --git-dir --git-common-dir [3ms]
2024-01-18 09:35:25.629 [info] Open repository: /home/s6chinwe/espresso/S6-PROJECTS
2024-01-18 09:35:25.629 [info] > git rev-parse --show-toplevel [12ms]
2024-01-18 09:35:25.629 [info] fatal: not a git repository (or any of the parent directories): .git
2024-01-18 09:35:25.629 [info] > git config --get commit.template [23ms]
2024-01-18 09:35:25.632 [info] > git for-each-ref --format=%(refname)%00%(upstream:short)%00%(objectname)%00%(upstream:track)%00%(upstream:remotename)%00%(upstream:remoteref) refs/heads/main refs/remotes/main [5ms]
2024-01-18 09:35:25.640 [warning] ENOENT: no such file or directory, open '/home/s6chinwe/espresso/S6-PROJECTS/.git/refs/remotes/origin/main'
2024-01-18 09:35:25.642 [info] > git rev-parse refs/remotes/origin/main [2ms]
2024-01-18 09:35:25.659 [info] > git status -z -uall [9ms]
2024-01-18 09:35:25.873 [info] > git config --get commit.template [43ms]
2024-01-18 09:35:25.890 [info] > git for-each-ref --format=%(refname)%00%(upstream:short)%00%(objectname)%00%(upstream:track)%00%(upstream:remotename)%00%(upstream:remoteref) refs/heads/main refs/remotes/main [6ms]
2024-01-18 09:35:25.899 [warning] ENOENT: no such file or directory, open '/home/s6chinwe/espresso/S6-PROJECTS/.git/refs/remotes/origin/main'
2024-01-18 09:35:25.901 [info] > git rev-parse refs/remotes/origin/main [2ms]
2024-01-18 09:35:25.916 [info] > git status -z -uall [8ms]
2024-01-18 09:35:53.067 [info] > git fetch [258ms]
2024-01-18 09:35:53.067 [info] From https://github.com/DEL-ORG/S6-PROJECTS
   298e3e1..ef34fb0  main       -> origin/main
2024-01-18 09:35:53.085 [info] > git config --get commit.template [8ms]
2024-01-18 09:35:53.086 [info] > git for-each-ref --format=%(refname)%00%(upstream:short)%00%(objectname)%00%(upstream:track)%00%(upstream:remotename)%00%(upstream:remoteref) refs/heads/main refs/remotes/main [2ms]
2024-01-18 09:35:53.097 [info] > git status -z -uall [5ms]
2024-01-18 09:35:54.311 [info] > git config --get commit.template [8ms]
2024-01-18 09:35:54.312 [info] > git for-each-ref --format=%(refname)%00%(upstream:short)%00%(objectname)%00%(upstream:track)%00%(upstream:remotename)%00%(upstream:remoteref) refs/heads/main refs/remotes/main [2ms]
2024-01-18 09:35:54.324 [info] > git status -z -uall [5ms]
2024-01-18 09:37:35.325 [info] > git rev-parse --show-toplevel [2ms]
2024-01-18 09:37:35.325 [info] fatal: not a git repository (or any of the parent directories): .git
2024-01-18 09:37:35.331 [info] > git rev-parse --show-toplevel [2ms]
2024-01-18 09:37:35.331 [info] fatal: not a git repository (or any of the parent directories): .git
2024-01-18 09:37:35.338 [info] > git rev-parse --show-toplevel [1ms]
2024-01-18 09:37:35.338 [info] fatal: not a git repository (or any of the parent directories): .git
2024-01-18 09:38:53.282 [info] > git fetch [161ms]
2024-01-18 09:38:53.296 [info] > git config --get commit.template [7ms]
2024-01-18 09:38:53.297 [info] > git for-each-ref --format=%(refname)%00%(upstream:short)%00%(objectname)%00%(upstream:track)%00%(upstream:remotename)%00%(upstream:remoteref) refs/heads/main refs/remotes/main [3ms]
2024-01-18 09:38:53.310 [info] > git status -z -uall [7ms]
2024-01-18 09:38:54.517 [info] > git config --get commit.template [9ms]
2024-01-18 09:38:54.518 [info] > git for-each-ref --format=%(refname)%00%(upstream:short)%00%(objectname)%00%(upstream:track)%00%(upstream:remotename)%00%(upstream:remoteref) refs/heads/main refs/remotes/main [2ms]
2024-01-18 09:38:54.529 [info] > git status -z -uall [5ms]
2024-01-18 09:40:48.018 [info] > git rev-parse --show-toplevel [1ms]
2024-01-18 09:40:48.018 [info] fatal: not a git repository (or any of the parent directories): .git
2024-01-18 09:40:48.173 [info] > git rev-parse --show-toplevel [2ms]
2024-01-18 09:40:48.173 [info] fatal: not a git repository (or any of the parent directories): .git
2024-01-18 09:40:48.179 [info] > git rev-parse --show-toplevel [1ms]
2024-01-18 09:40:48.179 [info] fatal: not a git repository (or any of the parent directories): .git
2024-01-18 09:40:53.202 [info] > git check-ignore -v -z --stdin [2ms]
2024-01-18 09:40:54.661 [info] > git rev-parse --show-toplevel [2ms]
2024-01-18 09:40:54.661 [info] fatal: not a git repository (or any of the parent directories): .git
2024-01-18 09:40:54.759 [info] > git rev-parse --show-toplevel [2ms]
2024-01-18 09:40:54.759 [info] fatal: not a git repository (or any of the parent directories): .git
2024-01-18 09:40:54.765 [info] > git rev-parse --show-toplevel [0ms]
2024-01-18 09:40:54.765 [info] fatal: not a git repository (or any of the parent directories): .git
2024-01-18 09:41:01.058 [info] > git rev-parse --show-toplevel [1ms]
2024-01-18 09:41:01.058 [info] fatal: not a git repository (or any of the parent directories): .git
2024-01-18 09:41:01.213 [info] > git rev-parse --show-toplevel [2ms]
2024-01-18 09:41:01.213 [info] fatal: not a git repository (or any of the parent directories): .git
2024-01-18 09:41:01.222 [info] > git rev-parse --show-toplevel [1ms]
2024-01-18 09:41:01.222 [info] fatal: not a git repository (or any of the parent directories): .git
2024-01-18 09:41:14.856 [info] > git rev-parse --show-toplevel [1ms]
2024-01-18 09:41:14.856 [info] fatal: not a git repository (or any of the parent directories): .git
2024-01-18 09:41:14.945 [info] > git rev-parse --show-toplevel [2ms]
2024-01-18 09:41:14.945 [info] fatal: not a git repository (or any of the parent directories): .git
2024-01-18 09:41:14.952 [info] > git rev-parse --show-toplevel [1ms]
2024-01-18 09:41:14.952 [info] fatal: not a git repository (or any of the parent directories): .git
2024-01-18 09:41:26.685 [info] > git rev-parse --show-toplevel [2ms]
2024-01-18 09:41:26.685 [info] fatal: not a git repository (or any of the parent directories): .git
2024-01-18 09:41:26.692 [info] > git rev-parse --show-toplevel [2ms]
2024-01-18 09:41:26.692 [info] fatal: not a git repository (or any of the parent directories): .git
2024-01-18 09:41:26.698 [info] > git rev-parse --show-toplevel [1ms]
2024-01-18 09:41:26.698 [info] fatal: not a git repository (or any of the parent directories): .git
2024-01-18 09:41:32.093 [info] > git rev-parse --show-toplevel [2ms]
2024-01-18 09:41:32.093 [info] fatal: not a git repository (or any of the parent directories): .git
2024-01-18 09:41:58.622 [info] > git fetch [174ms]
2024-01-18 09:41:58.637 [info] > git config --get commit.template [7ms]
2024-01-18 09:41:58.639 [info] > git for-each-ref --format=%(refname)%00%(upstream:short)%00%(objectname)%00%(upstream:track)%00%(upstream:remotename)%00%(upstream:remoteref) refs/heads/main refs/remotes/main [3ms]
2024-01-18 09:41:58.649 [info] > git status -z -uall [5ms]
2024-01-18 09:41:59.851 [info] > git config --get commit.template [6ms]
2024-01-18 09:41:59.852 [info] > git for-each-ref --format=%(refname)%00%(upstream:short)%00%(objectname)%00%(upstream:track)%00%(upstream:remotename)%00%(upstream:remoteref) refs/heads/main refs/remotes/main [2ms]
2024-01-18 09:41:59.862 [info] > git status -z -uall [4ms]
2024-01-18 09:44:02.651 [info] > git rev-parse --show-toplevel [1ms]
2024-01-18 09:44:02.651 [info] fatal: not a git repository (or any of the parent directories): .git
2024-01-18 09:51:59.331 [info] > git rev-parse --show-toplevel [2ms]
2024-01-18 09:51:59.331 [info] fatal: not a git repository (or any of the parent directories): .git
2024-01-18 09:52:58.297 [info] > git rev-parse --show-toplevel [2ms]
2024-01-18 09:52:58.297 [info] fatal: not a git repository (or any of the parent directories): .git
2024-01-18 09:52:58.305 [info] > git rev-parse --show-toplevel [1ms]
2024-01-18 09:52:58.305 [info] fatal: not a git repository (or any of the parent directories): .git
2024-01-18 09:54:01.296 [info] > git rev-parse --show-toplevel [2ms]
2024-01-18 09:54:01.296 [info] fatal: not a git repository (or any of the parent directories): .git
2024-01-18 09:54:01.395 [info] > git rev-parse --show-toplevel [2ms]
2024-01-18 09:54:01.395 [info] fatal: not a git repository (or any of the parent directories): .git
2024-01-18 09:54:01.401 [info] > git rev-parse --show-toplevel [0ms]
2024-01-18 09:54:01.401 [info] fatal: not a git repository (or any of the parent directories): .git
2024-01-18 09:54:39.853 [info] > git fetch [154ms]
2024-01-18 09:54:39.866 [info] > git config --get commit.template [7ms]
2024-01-18 09:54:39.867 [info] > git for-each-ref --format=%(refname)%00%(upstream:short)%00%(objectname)%00%(upstream:track)%00%(upstream:remotename)%00%(upstream:remoteref) refs/heads/main refs/remotes/main [2ms]
2024-01-18 09:54:39.879 [info] > git status -z -uall [6ms]
2024-01-18 09:54:41.061 [info] > git config --get commit.template [6ms]
2024-01-18 09:54:41.063 [info] > git for-each-ref --format=%(refname)%00%(upstream:short)%00%(objectname)%00%(upstream:track)%00%(upstream:remotename)%00%(upstream:remoteref) refs/heads/main refs/remotes/main [3ms]
2024-01-18 09:54:41.074 [info] > git status -z -uall [5ms]
2024-01-18 09:56:28.546 [info] > git rev-parse --show-toplevel [2ms]
2024-01-18 09:56:28.546 [info] fatal: not a git repository (or any of the parent directories): .git
2024-01-18 09:56:28.552 [info] > git rev-parse --show-toplevel [1ms]
2024-01-18 09:56:28.553 [info] fatal: not a git repository (or any of the parent directories): .git
2024-01-18 09:56:28.560 [info] > git rev-parse --show-toplevel [2ms]
2024-01-18 09:56:28.560 [info] fatal: not a git repository (or any of the parent directories): .git
2024-01-18 09:56:50.575 [info] > git rev-parse --show-toplevel [2ms]
2024-01-18 09:56:50.575 [info] fatal: not a git repository (or any of the parent directories): .git
2024-01-18 09:57:05.703 [info] > git rev-parse --show-toplevel [3ms]
2024-01-18 09:57:05.703 [info] fatal: not a git repository (or any of the parent directories): .git
2024-01-18 09:57:40.064 [info] > git fetch [162ms]
2024-01-18 09:57:40.079 [info] > git config --get commit.template [7ms]
2024-01-18 09:57:40.081 [info] > git for-each-ref --format=%(refname)%00%(upstream:short)%00%(objectname)%00%(upstream:track)%00%(upstream:remotename)%00%(upstream:remoteref) refs/heads/main refs/remotes/main [2ms]
2024-01-18 09:57:40.093 [info] > git status -z -uall [6ms]
2024-01-18 09:57:41.362 [info] > git config --get commit.template [10ms]
2024-01-18 09:57:41.363 [info] > git for-each-ref --format=%(refname)%00%(upstream:short)%00%(objectname)%00%(upstream:track)%00%(upstream:remotename)%00%(upstream:remoteref) refs/heads/main refs/remotes/main [3ms]
2024-01-18 09:57:41.375 [info] > git status -z -uall [6ms]
2024-01-18 09:58:02.884 [info] > git rev-parse --show-toplevel [1ms]
2024-01-18 09:58:02.884 [info] fatal: not a git repository (or any of the parent directories): .git
2024-01-18 10:00:11.213 [info] > git rev-parse --show-toplevel [2ms]
2024-01-18 10:00:11.213 [info] fatal: not a git repository (or any of the parent directories): .git
2024-01-18 10:00:20.261 [info] > git rev-parse --show-toplevel [1ms]
2024-01-18 10:00:20.261 [info] fatal: not a git repository (or any of the parent directories): .git
2024-01-18 10:00:32.370 [info] > git rev-parse --show-toplevel [1ms]
2024-01-18 10:00:32.370 [info] fatal: not a git repository (or any of the parent directories): .git
2024-01-18 10:00:40.264 [info] > git fetch [150ms]
2024-01-18 10:00:40.280 [info] > git config --get commit.template [8ms]
2024-01-18 10:00:40.281 [info] > git for-each-ref --format=%(refname)%00%(upstream:short)%00%(objectname)%00%(upstream:track)%00%(upstream:remotename)%00%(upstream:remoteref) refs/heads/main refs/remotes/main [2ms]
2024-01-18 10:00:40.295 [info] > git status -z -uall [7ms]
2024-01-18 10:00:41.499 [info] > git config --get commit.template [6ms]
2024-01-18 10:00:41.500 [info] > git for-each-ref --format=%(refname)%00%(upstream:short)%00%(objectname)%00%(upstream:track)%00%(upstream:remotename)%00%(upstream:remoteref) refs/heads/main refs/remotes/main [1ms]
2024-01-18 10:00:41.511 [info] > git status -z -uall [5ms]
2024-01-18 10:03:46.600 [info] > git fetch [167ms]
2024-01-18 10:03:46.614 [info] > git config --get commit.template [7ms]
2024-01-18 10:03:46.615 [info] > git for-each-ref --format=%(refname)%00%(upstream:short)%00%(objectname)%00%(upstream:track)%00%(upstream:remotename)%00%(upstream:remoteref) refs/heads/main refs/remotes/main [2ms]
2024-01-18 10:03:46.627 [info] > git status -z -uall [5ms]
2024-01-18 10:03:47.810 [info] > git config --get commit.template [6ms]
2024-01-18 10:03:47.811 [info] > git for-each-ref --format=%(refname)%00%(upstream:short)%00%(objectname)%00%(upstream:track)%00%(upstream:remotename)%00%(upstream:remoteref) refs/heads/main refs/remotes/main [2ms]
2024-01-18 10:03:47.822 [info] > git status -z -uall [4ms]
2024-01-18 10:04:50.375 [info] > git rev-parse --show-toplevel [4ms]
2024-01-18 10:04:50.375 [info] fatal: not a git repository (or any of the parent directories): .git
2024-01-18 10:04:50.385 [info] > git rev-parse --show-toplevel [1ms]
2024-01-18 10:04:50.385 [info] fatal: not a git repository (or any of the parent directories): .git
2024-01-18 10:07:45.623 [info] > git fetch [4051ms]
2024-01-18 10:07:45.639 [info] > git config --get commit.template [8ms]
2024-01-18 10:07:45.639 [info] > git for-each-ref --format=%(refname)%00%(upstream:short)%00%(objectname)%00%(upstream:track)%00%(upstream:remotename)%00%(upstream:remoteref) refs/heads/main refs/remotes/main [2ms]
2024-01-18 10:07:46.729 [info] > git status -z -uall [1084ms]
2024-01-18 10:08:22.509 [info] > git rev-parse --show-toplevel [4ms]
2024-01-18 10:08:24.061 [info] fatal: not a git repository (or any of the parent directories): .git
2024-01-18 10:09:20.190 [info] > git rev-parse --show-toplevel [2ms]
2024-01-18 10:09:20.190 [info] fatal: not a git repository (or any of the parent directories): .git
2024-01-18 10:10:46.914 [info] > git fetch [166ms]
2024-01-18 10:10:46.927 [info] > git config --get commit.template [7ms]
2024-01-18 10:10:46.928 [info] > git for-each-ref --format=%(refname)%00%(upstream:short)%00%(objectname)%00%(upstream:track)%00%(upstream:remotename)%00%(upstream:remoteref) refs/heads/main refs/remotes/main [1ms]
2024-01-18 10:10:46.947 [info] > git status -z -uall [13ms]
2024-01-18 10:10:48.128 [info] > git config --get commit.template [7ms]
2024-01-18 10:10:48.129 [info] > git for-each-ref --format=%(refname)%00%(upstream:short)%00%(objectname)%00%(upstream:track)%00%(upstream:remotename)%00%(upstream:remoteref) refs/heads/main refs/remotes/main [3ms]
2024-01-18 10:10:48.140 [info] > git status -z -uall [6ms]
2024-01-18 10:13:20.194 [info] > git rev-parse --show-toplevel [2ms]
2024-01-18 10:13:20.194 [info] fatal: not a git repository (or any of the parent directories): .git
2024-01-18 10:13:25.712 [info] > git rev-parse --show-toplevel [2ms]
2024-01-18 10:13:25.712 [info] fatal: not a git repository (or any of the parent directories): .git
2024-01-18 10:13:53.011 [info] > git fetch [166ms]
2024-01-18 10:13:53.026 [info] > git config --get commit.template [7ms]
2024-01-18 10:13:53.027 [info] > git for-each-ref --format=%(refname)%00%(upstream:short)%00%(objectname)%00%(upstream:track)%00%(upstream:remotename)%00%(upstream:remoteref) refs/heads/main refs/remotes/main [2ms]
2024-01-18 10:13:53.039 [info] > git status -z -uall [7ms]
2024-01-18 10:13:54.317 [info] > git config --get commit.template [6ms]
2024-01-18 10:13:54.318 [info] > git for-each-ref --format=%(refname)%00%(upstream:short)%00%(objectname)%00%(upstream:track)%00%(upstream:remotename)%00%(upstream:remoteref) refs/heads/main refs/remotes/main [2ms]
2024-01-18 10:13:54.329 [info] > git status -z -uall [5ms]
2024-01-18 10:19:35.176 [info] > git fetch [150ms]
2024-01-18 10:19:35.190 [info] > git config --get commit.template [7ms]
2024-01-18 10:19:35.191 [info] > git for-each-ref --format=%(refname)%00%(upstream:short)%00%(objectname)%00%(upstream:track)%00%(upstream:remotename)%00%(upstream:remoteref) refs/heads/main refs/remotes/main [2ms]
2024-01-18 10:19:35.200 [info] > git status -z -uall [3ms]
2024-01-18 10:19:36.381 [info] > git config --get commit.template [6ms]
2024-01-18 10:19:36.383 [info] > git for-each-ref --format=%(refname)%00%(upstream:short)%00%(objectname)%00%(upstream:track)%00%(upstream:remotename)%00%(upstream:remoteref) refs/heads/main refs/remotes/main [2ms]
2024-01-18 10:19:36.392 [info] > git status -z -uall [4ms]
2024-01-18 10:22:35.383 [info] > git fetch [164ms]
2024-01-18 10:22:35.398 [info] > git config --get commit.template [8ms]
2024-01-18 10:22:35.399 [info] > git for-each-ref --format=%(refname)%00%(upstream:short)%00%(objectname)%00%(upstream:track)%00%(upstream:remotename)%00%(upstream:remoteref) refs/heads/main refs/remotes/main [2ms]
2024-01-18 10:22:35.409 [info] > git status -z -uall [5ms]
2024-01-18 10:22:36.600 [info] > git config --get commit.template [8ms]
2024-01-18 10:22:36.600 [info] > git for-each-ref --format=%(refname)%00%(upstream:short)%00%(objectname)%00%(upstream:track)%00%(upstream:remotename)%00%(upstream:remoteref) refs/heads/main refs/remotes/main [3ms]
2024-01-18 10:22:36.612 [info] > git status -z -uall [6ms]
2024-01-18 10:40:17.728 [info] > git fetch [156ms]
2024-01-18 10:40:17.742 [info] > git config --get commit.template [6ms]
2024-01-18 10:40:17.743 [info] > git for-each-ref --format=%(refname)%00%(upstream:short)%00%(objectname)%00%(upstream:track)%00%(upstream:remotename)%00%(upstream:remoteref) refs/heads/main refs/remotes/main [2ms]
2024-01-18 10:40:17.754 [info] > git status -z -uall [5ms]
2024-01-18 10:40:18.941 [info] > git config --get commit.template [6ms]
2024-01-18 10:40:18.942 [info] > git for-each-ref --format=%(refname)%00%(upstream:short)%00%(objectname)%00%(upstream:track)%00%(upstream:remotename)%00%(upstream:remoteref) refs/heads/main refs/remotes/main [2ms]
2024-01-18 10:40:18.954 [info] > git status -z -uall [5ms]
2024-01-18 12:19:13.594 [info] > git fetch [174ms]
2024-01-18 12:19:13.609 [info] > git config --get commit.template [6ms]
2024-01-18 12:19:13.610 [info] > git for-each-ref --format=%(refname)%00%(upstream:short)%00%(objectname)%00%(upstream:track)%00%(upstream:remotename)%00%(upstream:remoteref) refs/heads/main refs/remotes/main [2ms]
2024-01-18 12:19:13.623 [info] > git status -z -uall [5ms]
2024-01-18 12:19:14.818 [info] > git config --get commit.template [7ms]
2024-01-18 12:19:14.819 [info] > git for-each-ref --format=%(refname)%00%(upstream:short)%00%(objectname)%00%(upstream:track)%00%(upstream:remotename)%00%(upstream:remoteref) refs/heads/main refs/remotes/main [2ms]
2024-01-18 12:19:14.831 [info] > git status -z -uall [5ms]
2024-01-18 12:23:02.784 [info] > git config --get commit.template [1ms]
2024-01-18 12:23:02.795 [info] > git for-each-ref --format=%(refname)%00%(upstream:short)%00%(objectname)%00%(upstream:track)%00%(upstream:remotename)%00%(upstream:remoteref) refs/heads/main refs/remotes/main [4ms]
2024-01-18 12:23:02.807 [info] > git status -z -uall [6ms]
2024-01-18 12:23:02.976 [info] > git fetch [205ms]
2024-01-18 12:23:02.989 [info] > git config --get commit.template [6ms]
2024-01-18 12:23:02.991 [info] > git for-each-ref --format=%(refname)%00%(upstream:short)%00%(objectname)%00%(upstream:track)%00%(upstream:remotename)%00%(upstream:remoteref) refs/heads/main refs/remotes/main [3ms]
2024-01-18 12:23:03.004 [info] > git status -z -uall [6ms]
2024-01-18 13:03:35.885 [info] > git rev-parse --show-toplevel [1ms]
2024-01-18 13:03:35.885 [info] fatal: not a git repository (or any of the parent directories): .git
2024-01-18 13:21:42.290 [info] > git rev-parse --show-toplevel [2ms]
2024-01-18 13:21:42.290 [info] fatal: not a git repository (or any of the parent directories): .git
2024-01-18 13:38:32.860 [info] > git rev-parse --show-toplevel [1ms]
2024-01-18 13:38:32.860 [info] fatal: not a git repository (or any of the parent directories): .git
2024-01-18 13:58:44.081 [info] > git rev-parse --show-toplevel [2ms]
2024-01-18 13:58:44.081 [info] fatal: not a git repository (or any of the parent directories): .git
2024-01-18 14:19:51.144 [info] > git rev-parse --show-toplevel [2ms]
2024-01-18 14:19:51.144 [info] fatal: not a git repository (or any of the parent directories): .git
2024-01-18 14:37:09.989 [info] > git rev-parse --show-toplevel [1ms]
2024-01-18 14:37:09.989 [info] fatal: not a git repository (or any of the parent directories): .git
2024-01-18 14:54:54.677 [info] > git rev-parse --show-toplevel [2ms]
2024-01-18 14:54:54.677 [info] fatal: not a git repository (or any of the parent directories): .git
2024-01-18 15:51:53.849 [info] > git rev-parse --show-toplevel [2ms]
2024-01-18 15:51:53.849 [info] fatal: not a git repository (or any of the parent directories): .git
2024-01-18 16:33:42.545 [info] > git rev-parse --show-toplevel [1ms]
2024-01-18 16:33:42.545 [info] fatal: not a git repository (or any of the parent directories): .git
2024-01-18 16:42:55.293 [info] > git rev-parse --show-toplevel [1ms]
2024-01-18 16:42:55.293 [info] fatal: not a git repository (or any of the parent directories): .git
2024-01-18 16:50:38.979 [info] > git rev-parse --show-toplevel [1ms]
2024-01-18 16:50:38.979 [info] fatal: not a git repository (or any of the parent directories): .git
2024-01-18 17:23:40.337 [info] > git rev-parse --show-toplevel [1ms]
2024-01-18 17:23:40.337 [info] fatal: not a git repository (or any of the parent directories): .git
